{"C:\\Users\\diego.zazueta\\Desktop\\Proyectos\\Invitacion-boda\\backend\\src\\application\\dto\\ConfirmationDTO.js": {"path":"C:\\Users\\diego.zazueta\\Desktop\\Proyectos\\Invitacion-boda\\backend\\src\\application\\dto\\ConfirmationDTO.js","statementMap":{"0":{"start":{"line":21,"column":8},"end":{"line":21,"column":37}},"1":{"start":{"line":22,"column":8},"end":{"line":22,"column":47}},"2":{"start":{"line":23,"column":8},"end":{"line":23,"column":45}},"3":{"start":{"line":24,"column":8},"end":{"line":24,"column":59}},"4":{"start":{"line":25,"column":8},"end":{"line":25,"column":55}},"5":{"start":{"line":26,"column":8},"end":{"line":26,"column":31}},"6":{"start":{"line":49,"column":8},"end":{"line":51,"column":9}},"7":{"start":{"line":50,"column":12},"end":{"line":50,"column":41}},"8":{"start":{"line":52,"column":8},"end":{"line":54,"column":9}},"9":{"start":{"line":53,"column":12},"end":{"line":53,"column":51}},"10":{"start":{"line":55,"column":8},"end":{"line":57,"column":9}},"11":{"start":{"line":56,"column":12},"end":{"line":56,"column":63}},"12":{"start":{"line":58,"column":8},"end":{"line":60,"column":9}},"13":{"start":{"line":59,"column":12},"end":{"line":59,"column":59}},"14":{"start":{"line":61,"column":8},"end":{"line":63,"column":9}},"15":{"start":{"line":62,"column":12},"end":{"line":62,"column":35}},"16":{"start":{"line":67,"column":0},"end":{"line":70,"column":2}}},"fnMap":{"0":{"name":"(anonymous_0)","decl":{"start":{"line":13,"column":4},"end":{"line":13,"column":5}},"loc":{"start":{"line":20,"column":7},"end":{"line":27,"column":5}},"line":20},"1":{"name":"(anonymous_1)","decl":{"start":{"line":42,"column":4},"end":{"line":42,"column":5}},"loc":{"start":{"line":48,"column":7},"end":{"line":64,"column":5}},"line":48}},"branchMap":{"0":{"loc":{"start":{"line":49,"column":8},"end":{"line":51,"column":9}},"type":"if","locations":[{"start":{"line":49,"column":8},"end":{"line":51,"column":9}},{"start":{},"end":{}}],"line":49},"1":{"loc":{"start":{"line":52,"column":8},"end":{"line":54,"column":9}},"type":"if","locations":[{"start":{"line":52,"column":8},"end":{"line":54,"column":9}},{"start":{},"end":{}}],"line":52},"2":{"loc":{"start":{"line":55,"column":8},"end":{"line":57,"column":9}},"type":"if","locations":[{"start":{"line":55,"column":8},"end":{"line":57,"column":9}},{"start":{},"end":{}}],"line":55},"3":{"loc":{"start":{"line":58,"column":8},"end":{"line":60,"column":9}},"type":"if","locations":[{"start":{"line":58,"column":8},"end":{"line":60,"column":9}},{"start":{},"end":{}}],"line":58},"4":{"loc":{"start":{"line":61,"column":8},"end":{"line":63,"column":9}},"type":"if","locations":[{"start":{"line":61,"column":8},"end":{"line":63,"column":9}},{"start":{},"end":{}}],"line":61}},"s":{"0":0,"1":0,"2":0,"3":0,"4":0,"5":0,"6":0,"7":0,"8":0,"9":0,"10":0,"11":0,"12":0,"13":0,"14":0,"15":0,"16":0},"f":{"0":0,"1":0},"b":{"0":[0,0],"1":[0,0],"2":[0,0],"3":[0,0],"4":[0,0]}}
,"C:\\Users\\diego.zazueta\\Desktop\\Proyectos\\Invitacion-boda\\backend\\src\\application\\dto\\InvitationDTO.js": {"path":"C:\\Users\\diego.zazueta\\Desktop\\Proyectos\\Invitacion-boda\\backend\\src\\application\\dto\\InvitationDTO.js","statementMap":{"0":{"start":{"line":30,"column":8},"end":{"line":30,"column":37}},"1":{"start":{"line":31,"column":8},"end":{"line":31,"column":27}},"2":{"start":{"line":32,"column":8},"end":{"line":32,"column":45}},"3":{"start":{"line":33,"column":8},"end":{"line":33,"column":39}},"4":{"start":{"line":34,"column":8},"end":{"line":34,"column":39}},"5":{"start":{"line":35,"column":8},"end":{"line":35,"column":39}},"6":{"start":{"line":36,"column":8},"end":{"line":36,"column":39}},"7":{"start":{"line":63,"column":8},"end":{"line":65,"column":9}},"8":{"start":{"line":64,"column":12},"end":{"line":64,"column":41}},"9":{"start":{"line":66,"column":8},"end":{"line":68,"column":9}},"10":{"start":{"line":67,"column":12},"end":{"line":67,"column":31}},"11":{"start":{"line":69,"column":8},"end":{"line":71,"column":9}},"12":{"start":{"line":70,"column":12},"end":{"line":70,"column":49}},"13":{"start":{"line":72,"column":8},"end":{"line":74,"column":9}},"14":{"start":{"line":73,"column":12},"end":{"line":73,"column":43}},"15":{"start":{"line":75,"column":8},"end":{"line":77,"column":9}},"16":{"start":{"line":76,"column":12},"end":{"line":76,"column":43}},"17":{"start":{"line":78,"column":8},"end":{"line":80,"column":9}},"18":{"start":{"line":79,"column":12},"end":{"line":79,"column":43}},"19":{"start":{"line":81,"column":8},"end":{"line":83,"column":9}},"20":{"start":{"line":82,"column":12},"end":{"line":82,"column":43}},"21":{"start":{"line":87,"column":0},"end":{"line":90,"column":2}}},"fnMap":{"0":{"name":"(anonymous_0)","decl":{"start":{"line":21,"column":4},"end":{"line":21,"column":5}},"loc":{"start":{"line":29,"column":7},"end":{"line":37,"column":5}},"line":29},"1":{"name":"(anonymous_1)","decl":{"start":{"line":54,"column":4},"end":{"line":54,"column":5}},"loc":{"start":{"line":62,"column":7},"end":{"line":84,"column":5}},"line":62}},"branchMap":{"0":{"loc":{"start":{"line":63,"column":8},"end":{"line":65,"column":9}},"type":"if","locations":[{"start":{"line":63,"column":8},"end":{"line":65,"column":9}},{"start":{},"end":{}}],"line":63},"1":{"loc":{"start":{"line":66,"column":8},"end":{"line":68,"column":9}},"type":"if","locations":[{"start":{"line":66,"column":8},"end":{"line":68,"column":9}},{"start":{},"end":{}}],"line":66},"2":{"loc":{"start":{"line":69,"column":8},"end":{"line":71,"column":9}},"type":"if","locations":[{"start":{"line":69,"column":8},"end":{"line":71,"column":9}},{"start":{},"end":{}}],"line":69},"3":{"loc":{"start":{"line":72,"column":8},"end":{"line":74,"column":9}},"type":"if","locations":[{"start":{"line":72,"column":8},"end":{"line":74,"column":9}},{"start":{},"end":{}}],"line":72},"4":{"loc":{"start":{"line":75,"column":8},"end":{"line":77,"column":9}},"type":"if","locations":[{"start":{"line":75,"column":8},"end":{"line":77,"column":9}},{"start":{},"end":{}}],"line":75},"5":{"loc":{"start":{"line":78,"column":8},"end":{"line":80,"column":9}},"type":"if","locations":[{"start":{"line":78,"column":8},"end":{"line":80,"column":9}},{"start":{},"end":{}}],"line":78},"6":{"loc":{"start":{"line":81,"column":8},"end":{"line":83,"column":9}},"type":"if","locations":[{"start":{"line":81,"column":8},"end":{"line":83,"column":9}},{"start":{},"end":{}}],"line":81}},"s":{"0":0,"1":0,"2":0,"3":0,"4":0,"5":0,"6":0,"7":0,"8":0,"9":0,"10":0,"11":0,"12":0,"13":0,"14":0,"15":0,"16":0,"17":0,"18":0,"19":0,"20":0,"21":0},"f":{"0":0,"1":0},"b":{"0":[0,0],"1":[0,0],"2":[0,0],"3":[0,0],"4":[0,0],"5":[0,0],"6":[0,0]}}
,"C:\\Users\\diego.zazueta\\Desktop\\Proyectos\\Invitacion-boda\\backend\\src\\application\\usecases\\CancelConfirmationUseCase.js": {"path":"C:\\Users\\diego.zazueta\\Desktop\\Proyectos\\Invitacion-boda\\backend\\src\\application\\usecases\\CancelConfirmationUseCase.js","statementMap":{"0":{"start":{"line":7,"column":8},"end":{"line":7,"column":57}},"1":{"start":{"line":8,"column":8},"end":{"line":8,"column":61}},"2":{"start":{"line":9,"column":8},"end":{"line":9,"column":29}},"3":{"start":{"line":19,"column":29},"end":{"line":22,"column":10}},"4":{"start":{"line":24,"column":8},"end":{"line":62,"column":9}},"5":{"start":{"line":26,"column":31},"end":{"line":26,"column":89}},"6":{"start":{"line":27,"column":12},"end":{"line":29,"column":13}},"7":{"start":{"line":28,"column":16},"end":{"line":28,"column":60}},"8":{"start":{"line":32,"column":16},"end":{"line":32,"column":76}},"9":{"start":{"line":33,"column":12},"end":{"line":35,"column":13}},"10":{"start":{"line":34,"column":16},"end":{"line":34,"column":83}},"11":{"start":{"line":38,"column":12},"end":{"line":38,"column":69}},"12":{"start":{"line":41,"column":38},"end":{"line":41,"column":60}},"13":{"start":{"line":42,"column":12},"end":{"line":42,"column":86}},"14":{"start":{"line":44,"column":12},"end":{"line":44,"column":46}},"15":{"start":{"line":45,"column":12},"end":{"line":49,"column":14}},"16":{"start":{"line":51,"column":12},"end":{"line":51,"column":60}},"17":{"start":{"line":52,"column":12},"end":{"line":56,"column":15}},"18":{"start":{"line":57,"column":12},"end":{"line":61,"column":14}},"19":{"start":{"line":66,"column":0},"end":{"line":66,"column":43}}},"fnMap":{"0":{"name":"(anonymous_0)","decl":{"start":{"line":6,"column":4},"end":{"line":6,"column":5}},"loc":{"start":{"line":6,"column":70},"end":{"line":10,"column":5}},"line":6},"1":{"name":"(anonymous_1)","decl":{"start":{"line":18,"column":4},"end":{"line":18,"column":5}},"loc":{"start":{"line":18,"column":47},"end":{"line":63,"column":5}},"line":18}},"branchMap":{"0":{"loc":{"start":{"line":18,"column":34},"end":{"line":18,"column":45}},"type":"default-arg","locations":[{"start":{"line":18,"column":43},"end":{"line":18,"column":45}}],"line":18},"1":{"loc":{"start":{"line":27,"column":12},"end":{"line":29,"column":13}},"type":"if","locations":[{"start":{"line":27,"column":12},"end":{"line":29,"column":13}},{"start":{},"end":{}}],"line":27},"2":{"loc":{"start":{"line":33,"column":12},"end":{"line":35,"column":13}},"type":"if","locations":[{"start":{"line":33,"column":12},"end":{"line":35,"column":13}},{"start":{},"end":{}}],"line":33}},"s":{"0":0,"1":0,"2":0,"3":0,"4":0,"5":0,"6":0,"7":0,"8":0,"9":0,"10":0,"11":0,"12":0,"13":0,"14":0,"15":0,"16":0,"17":0,"18":0,"19":0},"f":{"0":0,"1":0},"b":{"0":[0],"1":[0,0],"2":[0,0]}}
,"C:\\Users\\diego.zazueta\\Desktop\\Proyectos\\Invitacion-boda\\backend\\src\\application\\usecases\\CreateConfirmationUseCase.js": {"path":"C:\\Users\\diego.zazueta\\Desktop\\Proyectos\\Invitacion-boda\\backend\\src\\application\\usecases\\CreateConfirmationUseCase.js","statementMap":{"0":{"start":{"line":7,"column":21},"end":{"line":7,"column":64}},"1":{"start":{"line":17,"column":8},"end":{"line":17,"column":57}},"2":{"start":{"line":18,"column":8},"end":{"line":18,"column":61}},"3":{"start":{"line":19,"column":8},"end":{"line":19,"column":51}},"4":{"start":{"line":20,"column":8},"end":{"line":20,"column":37}},"5":{"start":{"line":21,"column":8},"end":{"line":21,"column":29}},"6":{"start":{"line":31,"column":8},"end":{"line":79,"column":9}},"7":{"start":{"line":32,"column":51},"end":{"line":35,"column":13}},"8":{"start":{"line":38,"column":36},"end":{"line":38,"column":40}},"9":{"start":{"line":39,"column":12},"end":{"line":76,"column":13}},"10":{"start":{"line":40,"column":16},"end":{"line":43,"column":18}},"11":{"start":{"line":45,"column":42},"end":{"line":49,"column":17}},"12":{"start":{"line":51,"column":16},"end":{"line":55,"column":18}},"13":{"start":{"line":58,"column":16},"end":{"line":74,"column":17}},"14":{"start":{"line":59,"column":20},"end":{"line":62,"column":23}},"15":{"start":{"line":63,"column":20},"end":{"line":73,"column":21}},"16":{"start":{"line":65,"column":24},"end":{"line":67,"column":25}},"17":{"start":{"line":66,"column":28},"end":{"line":66,"column":85}},"18":{"start":{"line":69,"column":24},"end":{"line":72,"column":27}},"19":{"start":{"line":75,"column":16},"end":{"line":75,"column":33}},"20":{"start":{"line":78,"column":12},"end":{"line":78,"column":78}},"21":{"start":{"line":89,"column":8},"end":{"line":91,"column":9}},"22":{"start":{"line":90,"column":12},"end":{"line":90,"column":68}},"23":{"start":{"line":93,"column":8},"end":{"line":95,"column":9}},"24":{"start":{"line":94,"column":12},"end":{"line":94,"column":72}},"25":{"start":{"line":98,"column":8},"end":{"line":103,"column":9}},"26":{"start":{"line":102,"column":12},"end":{"line":102,"column":62}},"27":{"start":{"line":106,"column":8},"end":{"line":113,"column":9}},"28":{"start":{"line":107,"column":12},"end":{"line":112,"column":13}},"29":{"start":{"line":111,"column":16},"end":{"line":111,"column":89}},"30":{"start":{"line":116,"column":8},"end":{"line":121,"column":9}},"31":{"start":{"line":120,"column":12},"end":{"line":120,"column":75}},"32":{"start":{"line":124,"column":8},"end":{"line":129,"column":9}},"33":{"start":{"line":128,"column":12},"end":{"line":128,"column":68}},"34":{"start":{"line":138,"column":8},"end":{"line":140,"column":9}},"35":{"start":{"line":139,"column":12},"end":{"line":139,"column":77}},"36":{"start":{"line":150,"column":27},"end":{"line":150,"column":50}},"37":{"start":{"line":153,"column":8},"end":{"line":157,"column":9}},"38":{"start":{"line":154,"column":12},"end":{"line":156,"column":49}},"39":{"start":{"line":155,"column":29},"end":{"line":155,"column":79}},"40":{"start":{"line":156,"column":32},"end":{"line":156,"column":47}},"41":{"start":{"line":160,"column":8},"end":{"line":162,"column":9}},"42":{"start":{"line":161,"column":12},"end":{"line":161,"column":86}},"43":{"start":{"line":165,"column":8},"end":{"line":169,"column":9}},"44":{"start":{"line":166,"column":12},"end":{"line":168,"column":14}},"45":{"start":{"line":172,"column":8},"end":{"line":174,"column":9}},"46":{"start":{"line":173,"column":12},"end":{"line":173,"column":91}},"47":{"start":{"line":176,"column":8},"end":{"line":176,"column":26}},"48":{"start":{"line":187,"column":8},"end":{"line":189,"column":9}},"49":{"start":{"line":188,"column":12},"end":{"line":188,"column":85}},"50":{"start":{"line":192,"column":8},"end":{"line":194,"column":9}},"51":{"start":{"line":193,"column":12},"end":{"line":193,"column":79}},"52":{"start":{"line":202,"column":8},"end":{"line":207,"column":9}},"53":{"start":{"line":206,"column":12},"end":{"line":206,"column":88}},"54":{"start":{"line":210,"column":8},"end":{"line":212,"column":9}},"55":{"start":{"line":211,"column":12},"end":{"line":211,"column":74}},"56":{"start":{"line":215,"column":8},"end":{"line":217,"column":9}},"57":{"start":{"line":216,"column":12},"end":{"line":216,"column":92}},"58":{"start":{"line":227,"column":27},"end":{"line":227,"column":85}},"59":{"start":{"line":228,"column":8},"end":{"line":230,"column":9}},"60":{"start":{"line":229,"column":12},"end":{"line":229,"column":56}},"61":{"start":{"line":232,"column":8},"end":{"line":232,"column":49}},"62":{"start":{"line":234,"column":8},"end":{"line":236,"column":9}},"63":{"start":{"line":235,"column":12},"end":{"line":235,"column":69}},"64":{"start":{"line":238,"column":37},"end":{"line":238,"column":97}},"65":{"start":{"line":239,"column":8},"end":{"line":241,"column":9}},"66":{"start":{"line":240,"column":12},"end":{"line":240,"column":69}},"67":{"start":{"line":243,"column":8},"end":{"line":243,"column":26}},"68":{"start":{"line":255,"column":34},"end":{"line":264,"column":14}},"69":{"start":{"line":266,"column":8},"end":{"line":266,"column":83}},"70":{"start":{"line":268,"column":8},"end":{"line":273,"column":11}},"71":{"start":{"line":275,"column":8},"end":{"line":282,"column":9}},"72":{"start":{"line":276,"column":12},"end":{"line":281,"column":15}},"73":{"start":{"line":284,"column":8},"end":{"line":284,"column":33}},"74":{"start":{"line":295,"column":8},"end":{"line":295,"column":61}},"75":{"start":{"line":296,"column":27},"end":{"line":296,"column":79}},"76":{"start":{"line":297,"column":31},"end":{"line":297,"column":79}},"77":{"start":{"line":298,"column":8},"end":{"line":298,"column":63}},"78":{"start":{"line":299,"column":8},"end":{"line":299,"column":46}},"79":{"start":{"line":310,"column":29},"end":{"line":319,"column":10}},"80":{"start":{"line":321,"column":8},"end":{"line":321,"column":62}},"81":{"start":{"line":333,"column":8},"end":{"line":333,"column":93}},"82":{"start":{"line":345,"column":8},"end":{"line":352,"column":10}},"83":{"start":{"line":364,"column":8},"end":{"line":369,"column":11}},"84":{"start":{"line":371,"column":8},"end":{"line":375,"column":10}},"85":{"start":{"line":379,"column":0},"end":{"line":379,"column":43}}},"fnMap":{"0":{"name":"(anonymous_0)","decl":{"start":{"line":10,"column":4},"end":{"line":10,"column":5}},"loc":{"start":{"line":16,"column":6},"end":{"line":22,"column":5}},"line":16},"1":{"name":"(anonymous_1)","decl":{"start":{"line":30,"column":4},"end":{"line":30,"column":5}},"loc":{"start":{"line":30,"column":52},"end":{"line":80,"column":5}},"line":30},"2":{"name":"(anonymous_2)","decl":{"start":{"line":88,"column":4},"end":{"line":88,"column":5}},"loc":{"start":{"line":88,"column":52},"end":{"line":130,"column":5}},"line":88},"3":{"name":"(anonymous_3)","decl":{"start":{"line":137,"column":4},"end":{"line":137,"column":5}},"loc":{"start":{"line":137,"column":40},"end":{"line":141,"column":5}},"line":137},"4":{"name":"(anonymous_4)","decl":{"start":{"line":149,"column":4},"end":{"line":149,"column":5}},"loc":{"start":{"line":149,"column":48},"end":{"line":177,"column":5}},"line":149},"5":{"name":"(anonymous_5)","decl":{"start":{"line":155,"column":21},"end":{"line":155,"column":22}},"loc":{"start":{"line":155,"column":29},"end":{"line":155,"column":79}},"line":155},"6":{"name":"(anonymous_6)","decl":{"start":{"line":156,"column":24},"end":{"line":156,"column":25}},"loc":{"start":{"line":156,"column":32},"end":{"line":156,"column":47}},"line":156},"7":{"name":"(anonymous_7)","decl":{"start":{"line":185,"column":4},"end":{"line":185,"column":5}},"loc":{"start":{"line":185,"column":54},"end":{"line":218,"column":5}},"line":185},"8":{"name":"(anonymous_8)","decl":{"start":{"line":226,"column":4},"end":{"line":226,"column":5}},"loc":{"start":{"line":226,"column":52},"end":{"line":244,"column":5}},"line":226},"9":{"name":"(anonymous_9)","decl":{"start":{"line":254,"column":4},"end":{"line":254,"column":5}},"loc":{"start":{"line":254,"column":83},"end":{"line":285,"column":5}},"line":254},"10":{"name":"(anonymous_10)","decl":{"start":{"line":294,"column":4},"end":{"line":294,"column":5}},"loc":{"start":{"line":294,"column":64},"end":{"line":300,"column":5}},"line":294},"11":{"name":"(anonymous_11)","decl":{"start":{"line":309,"column":4},"end":{"line":309,"column":5}},"loc":{"start":{"line":309,"column":65},"end":{"line":322,"column":5}},"line":309},"12":{"name":"(anonymous_12)","decl":{"start":{"line":332,"column":4},"end":{"line":332,"column":5}},"loc":{"start":{"line":332,"column":74},"end":{"line":334,"column":5}},"line":332},"13":{"name":"(anonymous_13)","decl":{"start":{"line":344,"column":4},"end":{"line":344,"column":5}},"loc":{"start":{"line":344,"column":76},"end":{"line":353,"column":5}},"line":344},"14":{"name":"(anonymous_14)","decl":{"start":{"line":363,"column":4},"end":{"line":363,"column":5}},"loc":{"start":{"line":363,"column":58},"end":{"line":376,"column":5}},"line":363}},"branchMap":{"0":{"loc":{"start":{"line":58,"column":16},"end":{"line":74,"column":17}},"type":"if","locations":[{"start":{"line":58,"column":16},"end":{"line":74,"column":17}},{"start":{},"end":{}}],"line":58},"1":{"loc":{"start":{"line":65,"column":24},"end":{"line":67,"column":25}},"type":"if","locations":[{"start":{"line":65,"column":24},"end":{"line":67,"column":25}},{"start":{},"end":{}}],"line":65},"2":{"loc":{"start":{"line":89,"column":8},"end":{"line":91,"column":9}},"type":"if","locations":[{"start":{"line":89,"column":8},"end":{"line":91,"column":9}},{"start":{},"end":{}}],"line":89},"3":{"loc":{"start":{"line":89,"column":12},"end":{"line":89,"column":65}},"type":"binary-expr","locations":[{"start":{"line":89,"column":12},"end":{"line":89,"column":27}},{"start":{"line":89,"column":31},"end":{"line":89,"column":65}}],"line":89},"4":{"loc":{"start":{"line":93,"column":8},"end":{"line":95,"column":9}},"type":"if","locations":[{"start":{"line":93,"column":8},"end":{"line":95,"column":9}},{"start":{},"end":{}}],"line":93},"5":{"loc":{"start":{"line":93,"column":12},"end":{"line":93,"column":69}},"type":"binary-expr","locations":[{"start":{"line":93,"column":12},"end":{"line":93,"column":29}},{"start":{"line":93,"column":33},"end":{"line":93,"column":69}}],"line":93},"6":{"loc":{"start":{"line":98,"column":8},"end":{"line":103,"column":9}},"type":"if","locations":[{"start":{"line":98,"column":8},"end":{"line":103,"column":9}},{"start":{},"end":{}}],"line":98},"7":{"loc":{"start":{"line":99,"column":12},"end":{"line":100,"column":60}},"type":"binary-expr","locations":[{"start":{"line":99,"column":12},"end":{"line":99,"column":53}},{"start":{"line":100,"column":12},"end":{"line":100,"column":60}}],"line":99},"8":{"loc":{"start":{"line":106,"column":8},"end":{"line":113,"column":9}},"type":"if","locations":[{"start":{"line":106,"column":8},"end":{"line":113,"column":9}},{"start":{},"end":{}}],"line":106},"9":{"loc":{"start":{"line":107,"column":12},"end":{"line":112,"column":13}},"type":"if","locations":[{"start":{"line":107,"column":12},"end":{"line":112,"column":13}},{"start":{},"end":{}}],"line":107},"10":{"loc":{"start":{"line":108,"column":16},"end":{"line":109,"column":52}},"type":"binary-expr","locations":[{"start":{"line":108,"column":16},"end":{"line":108,"column":67}},{"start":{"line":109,"column":16},"end":{"line":109,"column":52}}],"line":108},"11":{"loc":{"start":{"line":116,"column":8},"end":{"line":121,"column":9}},"type":"if","locations":[{"start":{"line":116,"column":8},"end":{"line":121,"column":9}},{"start":{},"end":{}}],"line":116},"12":{"loc":{"start":{"line":117,"column":12},"end":{"line":118,"column":59}},"type":"binary-expr","locations":[{"start":{"line":117,"column":12},"end":{"line":117,"column":57}},{"start":{"line":118,"column":12},"end":{"line":118,"column":59}}],"line":117},"13":{"loc":{"start":{"line":124,"column":8},"end":{"line":129,"column":9}},"type":"if","locations":[{"start":{"line":124,"column":8},"end":{"line":129,"column":9}},{"start":{},"end":{}}],"line":124},"14":{"loc":{"start":{"line":125,"column":12},"end":{"line":126,"column":73}},"type":"binary-expr","locations":[{"start":{"line":125,"column":12},"end":{"line":125,"column":34}},{"start":{"line":126,"column":12},"end":{"line":126,"column":73}}],"line":125},"15":{"loc":{"start":{"line":138,"column":8},"end":{"line":140,"column":9}},"type":"if","locations":[{"start":{"line":138,"column":8},"end":{"line":140,"column":9}},{"start":{},"end":{}}],"line":138},"16":{"loc":{"start":{"line":153,"column":8},"end":{"line":157,"column":9}},"type":"if","locations":[{"start":{"line":153,"column":8},"end":{"line":157,"column":9}},{"start":{},"end":{}}],"line":153},"17":{"loc":{"start":{"line":160,"column":8},"end":{"line":162,"column":9}},"type":"if","locations":[{"start":{"line":160,"column":8},"end":{"line":162,"column":9}},{"start":{},"end":{}}],"line":160},"18":{"loc":{"start":{"line":165,"column":8},"end":{"line":169,"column":9}},"type":"if","locations":[{"start":{"line":165,"column":8},"end":{"line":169,"column":9}},{"start":{},"end":{}}],"line":165},"19":{"loc":{"start":{"line":172,"column":8},"end":{"line":174,"column":9}},"type":"if","locations":[{"start":{"line":172,"column":8},"end":{"line":174,"column":9}},{"start":{},"end":{}}],"line":172},"20":{"loc":{"start":{"line":187,"column":8},"end":{"line":189,"column":9}},"type":"if","locations":[{"start":{"line":187,"column":8},"end":{"line":189,"column":9}},{"start":{},"end":{}}],"line":187},"21":{"loc":{"start":{"line":187,"column":12},"end":{"line":187,"column":85}},"type":"binary-expr","locations":[{"start":{"line":187,"column":12},"end":{"line":187,"column":37}},{"start":{"line":187,"column":41},"end":{"line":187,"column":85}}],"line":187},"22":{"loc":{"start":{"line":192,"column":8},"end":{"line":194,"column":9}},"type":"if","locations":[{"start":{"line":192,"column":8},"end":{"line":194,"column":9}},{"start":{},"end":{}}],"line":192},"23":{"loc":{"start":{"line":192,"column":12},"end":{"line":192,"column":85}},"type":"binary-expr","locations":[{"start":{"line":192,"column":12},"end":{"line":192,"column":47}},{"start":{"line":192,"column":51},"end":{"line":192,"column":85}}],"line":192},"24":{"loc":{"start":{"line":202,"column":8},"end":{"line":207,"column":9}},"type":"if","locations":[{"start":{"line":202,"column":8},"end":{"line":207,"column":9}},{"start":{},"end":{}}],"line":202},"25":{"loc":{"start":{"line":203,"column":12},"end":{"line":204,"column":81}},"type":"binary-expr","locations":[{"start":{"line":203,"column":12},"end":{"line":203,"column":41}},{"start":{"line":204,"column":12},"end":{"line":204,"column":81}}],"line":203},"26":{"loc":{"start":{"line":210,"column":8},"end":{"line":212,"column":9}},"type":"if","locations":[{"start":{"line":210,"column":8},"end":{"line":212,"column":9}},{"start":{},"end":{}}],"line":210},"27":{"loc":{"start":{"line":210,"column":12},"end":{"line":210,"column":73}},"type":"binary-expr","locations":[{"start":{"line":210,"column":12},"end":{"line":210,"column":34}},{"start":{"line":210,"column":38},"end":{"line":210,"column":73}}],"line":210},"28":{"loc":{"start":{"line":215,"column":8},"end":{"line":217,"column":9}},"type":"if","locations":[{"start":{"line":215,"column":8},"end":{"line":217,"column":9}},{"start":{},"end":{}}],"line":215},"29":{"loc":{"start":{"line":215,"column":12},"end":{"line":215,"column":97}},"type":"binary-expr","locations":[{"start":{"line":215,"column":12},"end":{"line":215,"column":46}},{"start":{"line":215,"column":50},"end":{"line":215,"column":97}}],"line":215},"30":{"loc":{"start":{"line":228,"column":8},"end":{"line":230,"column":9}},"type":"if","locations":[{"start":{"line":228,"column":8},"end":{"line":230,"column":9}},{"start":{},"end":{}}],"line":228},"31":{"loc":{"start":{"line":234,"column":8},"end":{"line":236,"column":9}},"type":"if","locations":[{"start":{"line":234,"column":8},"end":{"line":236,"column":9}},{"start":{},"end":{}}],"line":234},"32":{"loc":{"start":{"line":239,"column":8},"end":{"line":241,"column":9}},"type":"if","locations":[{"start":{"line":239,"column":8},"end":{"line":241,"column":9}},{"start":{},"end":{}}],"line":239},"33":{"loc":{"start":{"line":275,"column":8},"end":{"line":282,"column":9}},"type":"if","locations":[{"start":{"line":275,"column":8},"end":{"line":282,"column":9}},{"start":{},"end":{}}],"line":275},"34":{"loc":{"start":{"line":349,"column":21},"end":{"line":351,"column":60}},"type":"cond-expr","locations":[{"start":{"line":350,"column":18},"end":{"line":350,"column":54}},{"start":{"line":351,"column":18},"end":{"line":351,"column":60}}],"line":349}},"s":{"0":0,"1":0,"2":0,"3":0,"4":0,"5":0,"6":0,"7":0,"8":0,"9":0,"10":0,"11":0,"12":0,"13":0,"14":0,"15":0,"16":0,"17":0,"18":0,"19":0,"20":0,"21":0,"22":0,"23":0,"24":0,"25":0,"26":0,"27":0,"28":0,"29":0,"30":0,"31":0,"32":0,"33":0,"34":0,"35":0,"36":0,"37":0,"38":0,"39":0,"40":0,"41":0,"42":0,"43":0,"44":0,"45":0,"46":0,"47":0,"48":0,"49":0,"50":0,"51":0,"52":0,"53":0,"54":0,"55":0,"56":0,"57":0,"58":0,"59":0,"60":0,"61":0,"62":0,"63":0,"64":0,"65":0,"66":0,"67":0,"68":0,"69":0,"70":0,"71":0,"72":0,"73":0,"74":0,"75":0,"76":0,"77":0,"78":0,"79":0,"80":0,"81":0,"82":0,"83":0,"84":0,"85":0},"f":{"0":0,"1":0,"2":0,"3":0,"4":0,"5":0,"6":0,"7":0,"8":0,"9":0,"10":0,"11":0,"12":0,"13":0,"14":0},"b":{"0":[0,0],"1":[0,0],"2":[0,0],"3":[0,0],"4":[0,0],"5":[0,0],"6":[0,0],"7":[0,0],"8":[0,0],"9":[0,0],"10":[0,0],"11":[0,0],"12":[0,0],"13":[0,0],"14":[0,0],"15":[0,0],"16":[0,0],"17":[0,0],"18":[0,0],"19":[0,0],"20":[0,0],"21":[0,0],"22":[0,0],"23":[0,0],"24":[0,0],"25":[0,0],"26":[0,0],"27":[0,0],"28":[0,0],"29":[0,0],"30":[0,0],"31":[0,0],"32":[0,0],"33":[0,0],"34":[0,0]}}
,"C:\\Users\\diego.zazueta\\Desktop\\Proyectos\\Invitacion-boda\\backend\\src\\application\\usecases\\CreateInvitationUseCase.js": {"path":"C:\\Users\\diego.zazueta\\Desktop\\Proyectos\\Invitacion-boda\\backend\\src\\application\\usecases\\CreateInvitationUseCase.js","statementMap":{"0":{"start":{"line":7,"column":19},"end":{"line":7,"column":60}},"1":{"start":{"line":11,"column":8},"end":{"line":11,"column":57}},"2":{"start":{"line":12,"column":8},"end":{"line":12,"column":51}},"3":{"start":{"line":13,"column":8},"end":{"line":13,"column":29}},"4":{"start":{"line":14,"column":8},"end":{"line":14,"column":29}},"5":{"start":{"line":23,"column":29},"end":{"line":26,"column":10}},"6":{"start":{"line":28,"column":8},"end":{"line":37,"column":9}},"7":{"start":{"line":29,"column":31},"end":{"line":29,"column":87}},"8":{"start":{"line":30,"column":36},"end":{"line":30,"column":74}},"9":{"start":{"line":32,"column":12},"end":{"line":32,"column":72}},"10":{"start":{"line":33,"column":12},"end":{"line":33,"column":63}},"11":{"start":{"line":35,"column":12},"end":{"line":35,"column":60}},"12":{"start":{"line":36,"column":12},"end":{"line":36,"column":60}},"13":{"start":{"line":47,"column":8},"end":{"line":47,"column":43}},"14":{"start":{"line":48,"column":31},"end":{"line":48,"column":65}},"15":{"start":{"line":49,"column":8},"end":{"line":49,"column":62}},"16":{"start":{"line":50,"column":8},"end":{"line":50,"column":57}},"17":{"start":{"line":51,"column":8},"end":{"line":51,"column":46}},"18":{"start":{"line":61,"column":8},"end":{"line":61,"column":58}},"19":{"start":{"line":71,"column":8},"end":{"line":75,"column":11}},"20":{"start":{"line":76,"column":8},"end":{"line":80,"column":10}},"21":{"start":{"line":89,"column":8},"end":{"line":91,"column":9}},"22":{"start":{"line":90,"column":12},"end":{"line":90,"column":66}},"23":{"start":{"line":94,"column":27},"end":{"line":94,"column":88}},"24":{"start":{"line":95,"column":8},"end":{"line":99,"column":9}},"25":{"start":{"line":96,"column":24},"end":{"line":96,"column":66}},"26":{"start":{"line":97,"column":12},"end":{"line":97,"column":44}},"27":{"start":{"line":98,"column":12},"end":{"line":98,"column":22}},"28":{"start":{"line":102,"column":8},"end":{"line":102,"column":60}},"29":{"start":{"line":105,"column":26},"end":{"line":105,"column":67}},"30":{"start":{"line":106,"column":8},"end":{"line":108,"column":9}},"31":{"start":{"line":107,"column":12},"end":{"line":107,"column":88}},"32":{"start":{"line":118,"column":27},"end":{"line":118,"column":48}},"33":{"start":{"line":122,"column":12},"end":{"line":124,"column":28}},"34":{"start":{"line":124,"column":25},"end":{"line":124,"column":28}},"35":{"start":{"line":126,"column":27},"end":{"line":130,"column":57}},"36":{"start":{"line":130,"column":34},"end":{"line":130,"column":56}},"37":{"start":{"line":132,"column":8},"end":{"line":132,"column":78}},"38":{"start":{"line":132,"column":55},"end":{"line":132,"column":76}},"39":{"start":{"line":135,"column":8},"end":{"line":141,"column":9}},"40":{"start":{"line":140,"column":12},"end":{"line":140,"column":86}},"41":{"start":{"line":144,"column":8},"end":{"line":148,"column":9}},"42":{"start":{"line":145,"column":12},"end":{"line":145,"column":63}},"43":{"start":{"line":146,"column":12},"end":{"line":146,"column":39}},"44":{"start":{"line":147,"column":12},"end":{"line":147,"column":39}},"45":{"start":{"line":152,"column":12},"end":{"line":154,"column":41}},"46":{"start":{"line":156,"column":8},"end":{"line":160,"column":9}},"47":{"start":{"line":157,"column":12},"end":{"line":159,"column":14}},"48":{"start":{"line":162,"column":8},"end":{"line":162,"column":26}},"49":{"start":{"line":172,"column":8},"end":{"line":196,"column":9}},"50":{"start":{"line":174,"column":12},"end":{"line":195,"column":13}},"51":{"start":{"line":175,"column":44},"end":{"line":175,"column":97}},"52":{"start":{"line":177,"column":44},"end":{"line":190,"column":18}},"53":{"start":{"line":178,"column":42},"end":{"line":178,"column":96}},"54":{"start":{"line":178,"column":73},"end":{"line":178,"column":95}},"55":{"start":{"line":179,"column":37},"end":{"line":179,"column":95}},"56":{"start":{"line":179,"column":72},"end":{"line":179,"column":94}},"57":{"start":{"line":184,"column":24},"end":{"line":185,"column":70}},"58":{"start":{"line":185,"column":49},"end":{"line":185,"column":69}},"59":{"start":{"line":187,"column":41},"end":{"line":187,"column":86}},"60":{"start":{"line":187,"column":65},"end":{"line":187,"column":85}},"61":{"start":{"line":189,"column":20},"end":{"line":189,"column":54}},"62":{"start":{"line":192,"column":16},"end":{"line":194,"column":17}},"63":{"start":{"line":193,"column":20},"end":{"line":193,"column":94}},"64":{"start":{"line":199,"column":8},"end":{"line":212,"column":9}},"65":{"start":{"line":200,"column":36},"end":{"line":202,"column":13}},"66":{"start":{"line":203,"column":34},"end":{"line":203,"column":79}},"67":{"start":{"line":203,"column":64},"end":{"line":203,"column":78}},"68":{"start":{"line":205,"column":12},"end":{"line":211,"column":13}},"69":{"start":{"line":206,"column":16},"end":{"line":209,"column":19}},"70":{"start":{"line":208,"column":66},"end":{"line":208,"column":74}},"71":{"start":{"line":215,"column":8},"end":{"line":244,"column":9}},"72":{"start":{"line":219,"column":37},"end":{"line":221,"column":13}},"73":{"start":{"line":222,"column":43},"end":{"line":222,"column":89}},"74":{"start":{"line":222,"column":74},"end":{"line":222,"column":88}},"75":{"start":{"line":223,"column":39},"end":{"line":226,"column":13}},"76":{"start":{"line":224,"column":30},"end":{"line":224,"column":54}},"77":{"start":{"line":228,"column":38},"end":{"line":228,"column":74}},"78":{"start":{"line":229,"column":12},"end":{"line":243,"column":13}},"79":{"start":{"line":230,"column":16},"end":{"line":239,"column":19}},"80":{"start":{"line":235,"column":76},"end":{"line":238,"column":21}},"81":{"start":{"line":240,"column":16},"end":{"line":242,"column":18}},"82":{"start":{"line":253,"column":8},"end":{"line":258,"column":9}},"83":{"start":{"line":254,"column":12},"end":{"line":257,"column":14}},"84":{"start":{"line":261,"column":8},"end":{"line":277,"column":9}},"85":{"start":{"line":262,"column":12},"end":{"line":276,"column":13}},"86":{"start":{"line":263,"column":36},"end":{"line":263,"column":96}},"87":{"start":{"line":264,"column":32},"end":{"line":264,"column":111}},"88":{"start":{"line":265,"column":16},"end":{"line":269,"column":18}},"89":{"start":{"line":271,"column":16},"end":{"line":271,"column":83}},"90":{"start":{"line":272,"column":16},"end":{"line":275,"column":18}},"91":{"start":{"line":280,"column":24},"end":{"line":284,"column":9}},"92":{"start":{"line":286,"column":36},"end":{"line":286,"column":38}},"93":{"start":{"line":287,"column":32},"end":{"line":287,"column":34}},"94":{"start":{"line":290,"column":8},"end":{"line":302,"column":9}},"95":{"start":{"line":290,"column":21},"end":{"line":290,"column":22}},"96":{"start":{"line":291,"column":12},"end":{"line":301,"column":13}},"97":{"start":{"line":292,"column":35},"end":{"line":292,"column":95}},"98":{"start":{"line":293,"column":16},"end":{"line":293,"column":53}},"99":{"start":{"line":294,"column":16},"end":{"line":294,"column":40}},"100":{"start":{"line":296,"column":16},"end":{"line":300,"column":19}},"101":{"start":{"line":305,"column":8},"end":{"line":355,"column":9}},"102":{"start":{"line":306,"column":12},"end":{"line":354,"column":13}},"103":{"start":{"line":308,"column":16},"end":{"line":342,"column":17}},"104":{"start":{"line":310,"column":24},"end":{"line":310,"column":86}},"105":{"start":{"line":313,"column":20},"end":{"line":319,"column":23}},"106":{"start":{"line":314,"column":46},"end":{"line":314,"column":66}},"107":{"start":{"line":315,"column":24},"end":{"line":318,"column":27}},"108":{"start":{"line":322,"column":20},"end":{"line":324,"column":22}},"109":{"start":{"line":325,"column":20},"end":{"line":341,"column":21}},"110":{"start":{"line":325,"column":33},"end":{"line":325,"column":34}},"111":{"start":{"line":326,"column":24},"end":{"line":340,"column":25}},"112":{"start":{"line":327,"column":45},"end":{"line":329,"column":29}},"113":{"start":{"line":330,"column":28},"end":{"line":333,"column":31}},"114":{"start":{"line":335,"column":28},"end":{"line":339,"column":31}},"115":{"start":{"line":345,"column":16},"end":{"line":345,"column":81}},"116":{"start":{"line":347,"column":16},"end":{"line":353,"column":19}},"117":{"start":{"line":348,"column":20},"end":{"line":352,"column":23}},"118":{"start":{"line":357,"column":8},"end":{"line":361,"column":11}},"119":{"start":{"line":363,"column":8},"end":{"line":363,"column":23}},"120":{"start":{"line":372,"column":28},"end":{"line":372,"column":76}},"121":{"start":{"line":373,"column":22},"end":{"line":373,"column":23}},"122":{"start":{"line":374,"column":8},"end":{"line":387,"column":9}},"123":{"start":{"line":375,"column":12},"end":{"line":386,"column":13}},"124":{"start":{"line":376,"column":29},"end":{"line":376,"column":76}},"125":{"start":{"line":377,"column":33},"end":{"line":377,"column":81}},"126":{"start":{"line":378,"column":16},"end":{"line":380,"column":17}},"127":{"start":{"line":379,"column":20},"end":{"line":379,"column":32}},"128":{"start":{"line":381,"column":16},"end":{"line":381,"column":26}},"129":{"start":{"line":383,"column":16},"end":{"line":383,"column":83}},"130":{"start":{"line":385,"column":16},"end":{"line":385,"column":72}},"131":{"start":{"line":388,"column":8},"end":{"line":388,"column":97}},"132":{"start":{"line":399,"column":8},"end":{"line":403,"column":11}},"133":{"start":{"line":405,"column":23},"end":{"line":409,"column":9}},"134":{"start":{"line":411,"column":8},"end":{"line":413,"column":9}},"135":{"start":{"line":412,"column":12},"end":{"line":412,"column":43}},"136":{"start":{"line":415,"column":8},"end":{"line":415,"column":22}},"137":{"start":{"line":419,"column":0},"end":{"line":419,"column":41}}},"fnMap":{"0":{"name":"(anonymous_0)","decl":{"start":{"line":10,"column":4},"end":{"line":10,"column":5}},"loc":{"start":{"line":10,"column":73},"end":{"line":15,"column":5}},"line":10},"1":{"name":"(anonymous_1)","decl":{"start":{"line":22,"column":4},"end":{"line":22,"column":5}},"loc":{"start":{"line":22,"column":34},"end":{"line":38,"column":5}},"line":22},"2":{"name":"(anonymous_2)","decl":{"start":{"line":46,"column":4},"end":{"line":46,"column":5}},"loc":{"start":{"line":46,"column":56},"end":{"line":52,"column":5}},"line":46},"3":{"name":"(anonymous_3)","decl":{"start":{"line":60,"column":4},"end":{"line":60,"column":5}},"loc":{"start":{"line":60,"column":38},"end":{"line":62,"column":5}},"line":60},"4":{"name":"(anonymous_4)","decl":{"start":{"line":70,"column":4},"end":{"line":70,"column":5}},"loc":{"start":{"line":70,"column":43},"end":{"line":81,"column":5}},"line":70},"5":{"name":"(anonymous_5)","decl":{"start":{"line":88,"column":4},"end":{"line":88,"column":5}},"loc":{"start":{"line":88,"column":34},"end":{"line":109,"column":5}},"line":88},"6":{"name":"(anonymous_6)","decl":{"start":{"line":117,"column":4},"end":{"line":117,"column":5}},"loc":{"start":{"line":117,"column":34},"end":{"line":163,"column":5}},"line":117},"7":{"name":"(anonymous_7)","decl":{"start":{"line":124,"column":18},"end":{"line":124,"column":19}},"loc":{"start":{"line":124,"column":25},"end":{"line":124,"column":28}},"line":124},"8":{"name":"(anonymous_8)","decl":{"start":{"line":130,"column":26},"end":{"line":130,"column":27}},"loc":{"start":{"line":130,"column":34},"end":{"line":130,"column":56}},"line":130},"9":{"name":"(anonymous_9)","decl":{"start":{"line":132,"column":47},"end":{"line":132,"column":48}},"loc":{"start":{"line":132,"column":55},"end":{"line":132,"column":76}},"line":132},"10":{"name":"(anonymous_10)","decl":{"start":{"line":170,"column":4},"end":{"line":170,"column":5}},"loc":{"start":{"line":170,"column":48},"end":{"line":245,"column":5}},"line":170},"11":{"name":"(anonymous_11)","decl":{"start":{"line":177,"column":69},"end":{"line":177,"column":70}},"loc":{"start":{"line":177,"column":83},"end":{"line":190,"column":17}},"line":177},"12":{"name":"(anonymous_12)","decl":{"start":{"line":178,"column":68},"end":{"line":178,"column":69}},"loc":{"start":{"line":178,"column":73},"end":{"line":178,"column":95}},"line":178},"13":{"name":"(anonymous_13)","decl":{"start":{"line":179,"column":67},"end":{"line":179,"column":68}},"loc":{"start":{"line":179,"column":72},"end":{"line":179,"column":94}},"line":179},"14":{"name":"(anonymous_14)","decl":{"start":{"line":185,"column":44},"end":{"line":185,"column":45}},"loc":{"start":{"line":185,"column":49},"end":{"line":185,"column":69}},"line":185},"15":{"name":"(anonymous_15)","decl":{"start":{"line":187,"column":60},"end":{"line":187,"column":61}},"loc":{"start":{"line":187,"column":65},"end":{"line":187,"column":85}},"line":187},"16":{"name":"(anonymous_16)","decl":{"start":{"line":203,"column":57},"end":{"line":203,"column":58}},"loc":{"start":{"line":203,"column":64},"end":{"line":203,"column":78}},"line":203},"17":{"name":"(anonymous_17)","decl":{"start":{"line":208,"column":59},"end":{"line":208,"column":60}},"loc":{"start":{"line":208,"column":66},"end":{"line":208,"column":74}},"line":208},"18":{"name":"(anonymous_18)","decl":{"start":{"line":222,"column":67},"end":{"line":222,"column":68}},"loc":{"start":{"line":222,"column":74},"end":{"line":222,"column":88}},"line":222},"19":{"name":"(anonymous_19)","decl":{"start":{"line":224,"column":16},"end":{"line":224,"column":17}},"loc":{"start":{"line":224,"column":30},"end":{"line":224,"column":54}},"line":224},"20":{"name":"(anonymous_20)","decl":{"start":{"line":235,"column":68},"end":{"line":235,"column":69}},"loc":{"start":{"line":235,"column":76},"end":{"line":238,"column":21}},"line":235},"21":{"name":"(anonymous_21)","decl":{"start":{"line":252,"column":4},"end":{"line":252,"column":5}},"loc":{"start":{"line":252,"column":40},"end":{"line":364,"column":5}},"line":252},"22":{"name":"(anonymous_22)","decl":{"start":{"line":313,"column":45},"end":{"line":313,"column":46}},"loc":{"start":{"line":313,"column":59},"end":{"line":319,"column":21}},"line":313},"23":{"name":"(anonymous_23)","decl":{"start":{"line":347,"column":40},"end":{"line":347,"column":41}},"loc":{"start":{"line":347,"column":57},"end":{"line":353,"column":17}},"line":347},"24":{"name":"(anonymous_24)","decl":{"start":{"line":371,"column":4},"end":{"line":371,"column":5}},"loc":{"start":{"line":371,"column":31},"end":{"line":389,"column":5}},"line":371},"25":{"name":"(anonymous_25)","decl":{"start":{"line":398,"column":4},"end":{"line":398,"column":5}},"loc":{"start":{"line":398,"column":40},"end":{"line":416,"column":5}},"line":398}},"branchMap":{"0":{"loc":{"start":{"line":89,"column":8},"end":{"line":91,"column":9}},"type":"if","locations":[{"start":{"line":89,"column":8},"end":{"line":91,"column":9}},{"start":{},"end":{}}],"line":89},"1":{"loc":{"start":{"line":95,"column":8},"end":{"line":99,"column":9}},"type":"if","locations":[{"start":{"line":95,"column":8},"end":{"line":99,"column":9}},{"start":{},"end":{}}],"line":95},"2":{"loc":{"start":{"line":106,"column":8},"end":{"line":108,"column":9}},"type":"if","locations":[{"start":{"line":106,"column":8},"end":{"line":108,"column":9}},{"start":{},"end":{}}],"line":106},"3":{"loc":{"start":{"line":122,"column":12},"end":{"line":124,"column":28}},"type":"cond-expr","locations":[{"start":{"line":123,"column":18},"end":{"line":123,"column":84}},{"start":{"line":124,"column":18},"end":{"line":124,"column":28}}],"line":122},"4":{"loc":{"start":{"line":122,"column":12},"end":{"line":122,"column":97}},"type":"binary-expr","locations":[{"start":{"line":122,"column":12},"end":{"line":122,"column":34}},{"start":{"line":122,"column":38},"end":{"line":122,"column":97}}],"line":122},"5":{"loc":{"start":{"line":126,"column":27},"end":{"line":130,"column":57}},"type":"cond-expr","locations":[{"start":{"line":127,"column":14},"end":{"line":127,"column":35}},{"start":{"line":128,"column":14},"end":{"line":130,"column":57}}],"line":126},"6":{"loc":{"start":{"line":135,"column":8},"end":{"line":141,"column":9}},"type":"if","locations":[{"start":{"line":135,"column":8},"end":{"line":141,"column":9}},{"start":{},"end":{}}],"line":135},"7":{"loc":{"start":{"line":136,"column":12},"end":{"line":138,"column":70}},"type":"binary-expr","locations":[{"start":{"line":136,"column":12},"end":{"line":136,"column":28}},{"start":{"line":137,"column":12},"end":{"line":137,"column":34}},{"start":{"line":138,"column":12},"end":{"line":138,"column":70}}],"line":136},"8":{"loc":{"start":{"line":144,"column":8},"end":{"line":148,"column":9}},"type":"if","locations":[{"start":{"line":144,"column":8},"end":{"line":148,"column":9}},{"start":{},"end":{}}],"line":144},"9":{"loc":{"start":{"line":144,"column":12},"end":{"line":144,"column":89}},"type":"binary-expr","locations":[{"start":{"line":144,"column":12},"end":{"line":144,"column":35}},{"start":{"line":144,"column":39},"end":{"line":144,"column":62}},{"start":{"line":144,"column":66},"end":{"line":144,"column":89}}],"line":144},"10":{"loc":{"start":{"line":152,"column":13},"end":{"line":152,"column":40}},"type":"binary-expr","locations":[{"start":{"line":152,"column":13},"end":{"line":152,"column":35}},{"start":{"line":152,"column":39},"end":{"line":152,"column":40}}],"line":152},"11":{"loc":{"start":{"line":153,"column":13},"end":{"line":153,"column":40}},"type":"binary-expr","locations":[{"start":{"line":153,"column":13},"end":{"line":153,"column":35}},{"start":{"line":153,"column":39},"end":{"line":153,"column":40}}],"line":153},"12":{"loc":{"start":{"line":154,"column":13},"end":{"line":154,"column":40}},"type":"binary-expr","locations":[{"start":{"line":154,"column":13},"end":{"line":154,"column":35}},{"start":{"line":154,"column":39},"end":{"line":154,"column":40}}],"line":154},"13":{"loc":{"start":{"line":156,"column":8},"end":{"line":160,"column":9}},"type":"if","locations":[{"start":{"line":156,"column":8},"end":{"line":160,"column":9}},{"start":{},"end":{}}],"line":156},"14":{"loc":{"start":{"line":172,"column":8},"end":{"line":196,"column":9}},"type":"if","locations":[{"start":{"line":172,"column":8},"end":{"line":196,"column":9}},{"start":{},"end":{}}],"line":172},"15":{"loc":{"start":{"line":184,"column":24},"end":{"line":185,"column":70}},"type":"binary-expr","locations":[{"start":{"line":184,"column":24},"end":{"line":184,"column":64}},{"start":{"line":185,"column":24},"end":{"line":185,"column":70}}],"line":184},"16":{"loc":{"start":{"line":189,"column":27},"end":{"line":189,"column":53}},"type":"binary-expr","locations":[{"start":{"line":189,"column":27},"end":{"line":189,"column":37}},{"start":{"line":189,"column":41},"end":{"line":189,"column":53}}],"line":189},"17":{"loc":{"start":{"line":192,"column":16},"end":{"line":194,"column":17}},"type":"if","locations":[{"start":{"line":192,"column":16},"end":{"line":194,"column":17}},{"start":{},"end":{}}],"line":192},"18":{"loc":{"start":{"line":192,"column":20},"end":{"line":192,"column":73}},"type":"binary-expr","locations":[{"start":{"line":192,"column":20},"end":{"line":192,"column":39}},{"start":{"line":192,"column":43},"end":{"line":192,"column":73}}],"line":192},"19":{"loc":{"start":{"line":199,"column":8},"end":{"line":212,"column":9}},"type":"if","locations":[{"start":{"line":199,"column":8},"end":{"line":212,"column":9}},{"start":{},"end":{}}],"line":199},"20":{"loc":{"start":{"line":199,"column":12},"end":{"line":199,"column":95}},"type":"binary-expr","locations":[{"start":{"line":199,"column":12},"end":{"line":199,"column":32}},{"start":{"line":199,"column":36},"end":{"line":199,"column":95}}],"line":199},"21":{"loc":{"start":{"line":205,"column":12},"end":{"line":211,"column":13}},"type":"if","locations":[{"start":{"line":205,"column":12},"end":{"line":211,"column":13}},{"start":{},"end":{}}],"line":205},"22":{"loc":{"start":{"line":215,"column":8},"end":{"line":244,"column":9}},"type":"if","locations":[{"start":{"line":215,"column":8},"end":{"line":244,"column":9}},{"start":{},"end":{}}],"line":215},"23":{"loc":{"start":{"line":216,"column":12},"end":{"line":217,"column":71}},"type":"binary-expr","locations":[{"start":{"line":216,"column":12},"end":{"line":216,"column":38}},{"start":{"line":217,"column":12},"end":{"line":217,"column":71}}],"line":216},"24":{"loc":{"start":{"line":229,"column":12},"end":{"line":243,"column":13}},"type":"if","locations":[{"start":{"line":229,"column":12},"end":{"line":243,"column":13}},{"start":{},"end":{}}],"line":229},"25":{"loc":{"start":{"line":253,"column":8},"end":{"line":258,"column":9}},"type":"if","locations":[{"start":{"line":253,"column":8},"end":{"line":258,"column":9}},{"start":{},"end":{}}],"line":253},"26":{"loc":{"start":{"line":253,"column":12},"end":{"line":253,"column":75}},"type":"binary-expr","locations":[{"start":{"line":253,"column":12},"end":{"line":253,"column":43}},{"start":{"line":253,"column":47},"end":{"line":253,"column":75}}],"line":253},"27":{"loc":{"start":{"line":261,"column":8},"end":{"line":277,"column":9}},"type":"if","locations":[{"start":{"line":261,"column":8},"end":{"line":277,"column":9}},{"start":{},"end":{}}],"line":261},"28":{"loc":{"start":{"line":305,"column":8},"end":{"line":355,"column":9}},"type":"if","locations":[{"start":{"line":305,"column":8},"end":{"line":355,"column":9}},{"start":{},"end":{}}],"line":305},"29":{"loc":{"start":{"line":308,"column":16},"end":{"line":342,"column":17}},"type":"if","locations":[{"start":{"line":308,"column":16},"end":{"line":342,"column":17}},{"start":{"line":320,"column":23},"end":{"line":342,"column":17}}],"line":308},"30":{"loc":{"start":{"line":378,"column":16},"end":{"line":380,"column":17}},"type":"if","locations":[{"start":{"line":378,"column":16},"end":{"line":380,"column":17}},{"start":{},"end":{}}],"line":378},"31":{"loc":{"start":{"line":407,"column":19},"end":{"line":407,"column":62}},"type":"binary-expr","locations":[{"start":{"line":407,"column":19},"end":{"line":407,"column":32}},{"start":{"line":407,"column":36},"end":{"line":407,"column":62}}],"line":407},"32":{"loc":{"start":{"line":411,"column":8},"end":{"line":413,"column":9}},"type":"if","locations":[{"start":{"line":411,"column":8},"end":{"line":413,"column":9}},{"start":{},"end":{}}],"line":411}},"s":{"0":0,"1":0,"2":0,"3":0,"4":0,"5":0,"6":0,"7":0,"8":0,"9":0,"10":0,"11":0,"12":0,"13":0,"14":0,"15":0,"16":0,"17":0,"18":0,"19":0,"20":0,"21":0,"22":0,"23":0,"24":0,"25":0,"26":0,"27":0,"28":0,"29":0,"30":0,"31":0,"32":0,"33":0,"34":0,"35":0,"36":0,"37":0,"38":0,"39":0,"40":0,"41":0,"42":0,"43":0,"44":0,"45":0,"46":0,"47":0,"48":0,"49":0,"50":0,"51":0,"52":0,"53":0,"54":0,"55":0,"56":0,"57":0,"58":0,"59":0,"60":0,"61":0,"62":0,"63":0,"64":0,"65":0,"66":0,"67":0,"68":0,"69":0,"70":0,"71":0,"72":0,"73":0,"74":0,"75":0,"76":0,"77":0,"78":0,"79":0,"80":0,"81":0,"82":0,"83":0,"84":0,"85":0,"86":0,"87":0,"88":0,"89":0,"90":0,"91":0,"92":0,"93":0,"94":0,"95":0,"96":0,"97":0,"98":0,"99":0,"100":0,"101":0,"102":0,"103":0,"104":0,"105":0,"106":0,"107":0,"108":0,"109":0,"110":0,"111":0,"112":0,"113":0,"114":0,"115":0,"116":0,"117":0,"118":0,"119":0,"120":0,"121":0,"122":0,"123":0,"124":0,"125":0,"126":0,"127":0,"128":0,"129":0,"130":0,"131":0,"132":0,"133":0,"134":0,"135":0,"136":0,"137":0},"f":{"0":0,"1":0,"2":0,"3":0,"4":0,"5":0,"6":0,"7":0,"8":0,"9":0,"10":0,"11":0,"12":0,"13":0,"14":0,"15":0,"16":0,"17":0,"18":0,"19":0,"20":0,"21":0,"22":0,"23":0,"24":0,"25":0},"b":{"0":[0,0],"1":[0,0],"2":[0,0],"3":[0,0],"4":[0,0],"5":[0,0],"6":[0,0],"7":[0,0,0],"8":[0,0],"9":[0,0,0],"10":[0,0],"11":[0,0],"12":[0,0],"13":[0,0],"14":[0,0],"15":[0,0],"16":[0,0],"17":[0,0],"18":[0,0],"19":[0,0],"20":[0,0],"21":[0,0],"22":[0,0],"23":[0,0],"24":[0,0],"25":[0,0],"26":[0,0],"27":[0,0],"28":[0,0],"29":[0,0],"30":[0,0],"31":[0,0],"32":[0,0]}}
,"C:\\Users\\diego.zazueta\\Desktop\\Proyectos\\Invitacion-boda\\backend\\src\\application\\usecases\\DeleteInvitationUseCase.js": {"path":"C:\\Users\\diego.zazueta\\Desktop\\Proyectos\\Invitacion-boda\\backend\\src\\application\\usecases\\DeleteInvitationUseCase.js","statementMap":{"0":{"start":{"line":1,"column":26},"end":{"line":1,"column":78}},"1":{"start":{"line":9,"column":8},"end":{"line":9,"column":57}},"2":{"start":{"line":10,"column":8},"end":{"line":10,"column":29}},"3":{"start":{"line":23,"column":29},"end":{"line":27,"column":10}},"4":{"start":{"line":29,"column":8},"end":{"line":56,"column":9}},"5":{"start":{"line":31,"column":31},"end":{"line":31,"column":79}},"6":{"start":{"line":33,"column":12},"end":{"line":35,"column":13}},"7":{"start":{"line":34,"column":16},"end":{"line":34,"column":64}},"8":{"start":{"line":39,"column":12},"end":{"line":39,"column":51}},"9":{"start":{"line":42,"column":38},"end":{"line":42,"column":94}},"10":{"start":{"line":44,"column":12},"end":{"line":44,"column":44}},"11":{"start":{"line":46,"column":12},"end":{"line":46,"column":48}},"12":{"start":{"line":48,"column":12},"end":{"line":48,"column":60}},"13":{"start":{"line":49,"column":12},"end":{"line":53,"column":15}},"14":{"start":{"line":55,"column":12},"end":{"line":55,"column":24}},"15":{"start":{"line":60,"column":0},"end":{"line":60,"column":41}}},"fnMap":{"0":{"name":"(anonymous_0)","decl":{"start":{"line":8,"column":4},"end":{"line":8,"column":5}},"loc":{"start":{"line":8,"column":46},"end":{"line":11,"column":5}},"line":8},"1":{"name":"(anonymous_1)","decl":{"start":{"line":22,"column":4},"end":{"line":22,"column":5}},"loc":{"start":{"line":22,"column":60},"end":{"line":57,"column":5}},"line":22}},"branchMap":{"0":{"loc":{"start":{"line":22,"column":24},"end":{"line":22,"column":45}},"type":"default-arg","locations":[{"start":{"line":22,"column":38},"end":{"line":22,"column":45}}],"line":22},"1":{"loc":{"start":{"line":22,"column":47},"end":{"line":22,"column":58}},"type":"default-arg","locations":[{"start":{"line":22,"column":56},"end":{"line":22,"column":58}}],"line":22},"2":{"loc":{"start":{"line":33,"column":12},"end":{"line":35,"column":13}},"type":"if","locations":[{"start":{"line":33,"column":12},"end":{"line":35,"column":13}},{"start":{},"end":{}}],"line":33}},"s":{"0":0,"1":0,"2":0,"3":0,"4":0,"5":0,"6":0,"7":0,"8":0,"9":0,"10":0,"11":0,"12":0,"13":0,"14":0,"15":0},"f":{"0":0,"1":0},"b":{"0":[0],"1":[0],"2":[0,0]}}
,"C:\\Users\\diego.zazueta\\Desktop\\Proyectos\\Invitacion-boda\\backend\\src\\application\\usecases\\ExportConfirmationsUseCase.js": {"path":"C:\\Users\\diego.zazueta\\Desktop\\Proyectos\\Invitacion-boda\\backend\\src\\application\\usecases\\ExportConfirmationsUseCase.js","statementMap":{"0":{"start":{"line":8,"column":8},"end":{"line":8,"column":61}},"1":{"start":{"line":9,"column":8},"end":{"line":9,"column":29}},"2":{"start":{"line":13,"column":29},"end":{"line":13,"column":90}},"3":{"start":{"line":15,"column":8},"end":{"line":48,"column":9}},"4":{"start":{"line":16,"column":12},"end":{"line":22,"column":13}},"5":{"start":{"line":17,"column":16},"end":{"line":17,"column":75}},"6":{"start":{"line":18,"column":16},"end":{"line":21,"column":18}},"7":{"start":{"line":24,"column":27},"end":{"line":24,"column":78}},"8":{"start":{"line":26,"column":12},"end":{"line":26,"column":79}},"9":{"start":{"line":28,"column":12},"end":{"line":34,"column":14}},"10":{"start":{"line":36,"column":12},"end":{"line":36,"column":60}},"11":{"start":{"line":38,"column":12},"end":{"line":42,"column":15}},"12":{"start":{"line":44,"column":12},"end":{"line":47,"column":14}},"13":{"start":{"line":52,"column":0},"end":{"line":52,"column":44}}},"fnMap":{"0":{"name":"(anonymous_0)","decl":{"start":{"line":7,"column":4},"end":{"line":7,"column":5}},"loc":{"start":{"line":7,"column":48},"end":{"line":10,"column":5}},"line":7},"1":{"name":"(anonymous_1)","decl":{"start":{"line":12,"column":4},"end":{"line":12,"column":5}},"loc":{"start":{"line":12,"column":34},"end":{"line":49,"column":5}},"line":12}},"branchMap":{"0":{"loc":{"start":{"line":12,"column":18},"end":{"line":12,"column":32}},"type":"default-arg","locations":[{"start":{"line":12,"column":27},"end":{"line":12,"column":32}}],"line":12},"1":{"loc":{"start":{"line":16,"column":12},"end":{"line":22,"column":13}},"type":"if","locations":[{"start":{"line":16,"column":12},"end":{"line":22,"column":13}},{"start":{},"end":{}}],"line":16}},"s":{"0":0,"1":0,"2":0,"3":0,"4":0,"5":0,"6":0,"7":0,"8":0,"9":0,"10":0,"11":0,"12":0,"13":0},"f":{"0":0,"1":0},"b":{"0":[0],"1":[0,0]}}
,"C:\\Users\\diego.zazueta\\Desktop\\Proyectos\\Invitacion-boda\\backend\\src\\application\\usecases\\ExportInvitationsUseCase.js": {"path":"C:\\Users\\diego.zazueta\\Desktop\\Proyectos\\Invitacion-boda\\backend\\src\\application\\usecases\\ExportInvitationsUseCase.js","statementMap":{"0":{"start":{"line":8,"column":8},"end":{"line":8,"column":57}},"1":{"start":{"line":9,"column":8},"end":{"line":9,"column":29}},"2":{"start":{"line":13,"column":29},"end":{"line":13,"column":88}},"3":{"start":{"line":15,"column":8},"end":{"line":43,"column":9}},"4":{"start":{"line":16,"column":27},"end":{"line":16,"column":70}},"5":{"start":{"line":18,"column":12},"end":{"line":21,"column":15}},"6":{"start":{"line":23,"column":12},"end":{"line":29,"column":14}},"7":{"start":{"line":31,"column":12},"end":{"line":31,"column":60}},"8":{"start":{"line":33,"column":12},"end":{"line":37,"column":15}},"9":{"start":{"line":39,"column":12},"end":{"line":42,"column":14}},"10":{"start":{"line":47,"column":0},"end":{"line":47,"column":42}}},"fnMap":{"0":{"name":"(anonymous_0)","decl":{"start":{"line":7,"column":4},"end":{"line":7,"column":5}},"loc":{"start":{"line":7,"column":46},"end":{"line":10,"column":5}},"line":7},"1":{"name":"(anonymous_1)","decl":{"start":{"line":12,"column":4},"end":{"line":12,"column":5}},"loc":{"start":{"line":12,"column":35},"end":{"line":44,"column":5}},"line":12}},"branchMap":{"0":{"loc":{"start":{"line":12,"column":18},"end":{"line":12,"column":33}},"type":"default-arg","locations":[{"start":{"line":12,"column":27},"end":{"line":12,"column":33}}],"line":12}},"s":{"0":0,"1":0,"2":0,"3":0,"4":0,"5":0,"6":0,"7":0,"8":0,"9":0,"10":0},"f":{"0":0,"1":0},"b":{"0":[0]}}
,"C:\\Users\\diego.zazueta\\Desktop\\Proyectos\\Invitacion-boda\\backend\\src\\application\\usecases\\GetConfirmationStatsUseCase.js": {"path":"C:\\Users\\diego.zazueta\\Desktop\\Proyectos\\Invitacion-boda\\backend\\src\\application\\usecases\\GetConfirmationStatsUseCase.js","statementMap":{"0":{"start":{"line":8,"column":8},"end":{"line":8,"column":61}},"1":{"start":{"line":9,"column":8},"end":{"line":9,"column":57}},"2":{"start":{"line":10,"column":8},"end":{"line":10,"column":29}},"3":{"start":{"line":20,"column":8},"end":{"line":22,"column":9}},"4":{"start":{"line":21,"column":12},"end":{"line":21,"column":66}},"5":{"start":{"line":25,"column":30},"end":{"line":25,"column":73}},"6":{"start":{"line":29,"column":8},"end":{"line":37,"column":9}},"7":{"start":{"line":30,"column":12},"end":{"line":30,"column":89}},"8":{"start":{"line":32,"column":40},"end":{"line":35,"column":13}},"9":{"start":{"line":36,"column":12},"end":{"line":36,"column":78}},"10":{"start":{"line":36,"column":67},"end":{"line":36,"column":75}},"11":{"start":{"line":40,"column":8},"end":{"line":40,"column":75}},"12":{"start":{"line":40,"column":44},"end":{"line":40,"column":73}},"13":{"start":{"line":48,"column":29},"end":{"line":48,"column":79}},"14":{"start":{"line":50,"column":8},"end":{"line":141,"column":9}},"15":{"start":{"line":52,"column":36},"end":{"line":52,"column":78}},"16":{"start":{"line":55,"column":34},"end":{"line":55,"column":70}},"17":{"start":{"line":58,"column":44},"end":{"line":60,"column":20}},"18":{"start":{"line":59,"column":16},"end":{"line":59,"column":45}},"19":{"start":{"line":61,"column":33},"end":{"line":61,"column":87}},"20":{"start":{"line":61,"column":62},"end":{"line":61,"column":79}},"21":{"start":{"line":62,"column":30},"end":{"line":62,"column":82}},"22":{"start":{"line":62,"column":59},"end":{"line":62,"column":74}},"23":{"start":{"line":65,"column":26},"end":{"line":119,"column":13}},"24":{"start":{"line":121,"column":12},"end":{"line":121,"column":44}},"25":{"start":{"line":123,"column":12},"end":{"line":128,"column":14}},"26":{"start":{"line":130,"column":12},"end":{"line":130,"column":60}},"27":{"start":{"line":132,"column":12},"end":{"line":135,"column":15}},"28":{"start":{"line":137,"column":12},"end":{"line":140,"column":14}},"29":{"start":{"line":149,"column":29},"end":{"line":149,"column":83}},"30":{"start":{"line":151,"column":8},"end":{"line":175,"column":9}},"31":{"start":{"line":152,"column":37},"end":{"line":152,"column":73}},"32":{"start":{"line":153,"column":34},"end":{"line":153,"column":84}},"33":{"start":{"line":153,"column":66},"end":{"line":153,"column":83}},"34":{"start":{"line":155,"column":12},"end":{"line":155,"column":73}},"35":{"start":{"line":157,"column":12},"end":{"line":162,"column":14}},"36":{"start":{"line":159,"column":65},"end":{"line":159,"column":88}},"37":{"start":{"line":164,"column":12},"end":{"line":164,"column":60}},"38":{"start":{"line":166,"column":12},"end":{"line":169,"column":15}},"39":{"start":{"line":171,"column":12},"end":{"line":174,"column":14}},"40":{"start":{"line":183,"column":29},"end":{"line":183,"column":83}},"41":{"start":{"line":185,"column":8},"end":{"line":209,"column":9}},"42":{"start":{"line":186,"column":37},"end":{"line":186,"column":73}},"43":{"start":{"line":187,"column":34},"end":{"line":187,"column":84}},"44":{"start":{"line":187,"column":66},"end":{"line":187,"column":83}},"45":{"start":{"line":189,"column":12},"end":{"line":189,"column":73}},"46":{"start":{"line":191,"column":12},"end":{"line":196,"column":14}},"47":{"start":{"line":193,"column":65},"end":{"line":193,"column":88}},"48":{"start":{"line":198,"column":12},"end":{"line":198,"column":60}},"49":{"start":{"line":200,"column":12},"end":{"line":203,"column":15}},"50":{"start":{"line":205,"column":12},"end":{"line":208,"column":14}},"51":{"start":{"line":217,"column":29},"end":{"line":217,"column":98}},"52":{"start":{"line":219,"column":8},"end":{"line":243,"column":9}},"53":{"start":{"line":220,"column":37},"end":{"line":220,"column":73}},"54":{"start":{"line":221,"column":34},"end":{"line":221,"column":96}},"55":{"start":{"line":221,"column":66},"end":{"line":221,"column":95}},"56":{"start":{"line":223,"column":12},"end":{"line":223,"column":73}},"57":{"start":{"line":225,"column":12},"end":{"line":230,"column":14}},"58":{"start":{"line":227,"column":65},"end":{"line":227,"column":88}},"59":{"start":{"line":232,"column":12},"end":{"line":232,"column":60}},"60":{"start":{"line":234,"column":12},"end":{"line":237,"column":15}},"61":{"start":{"line":239,"column":12},"end":{"line":242,"column":14}},"62":{"start":{"line":251,"column":29},"end":{"line":251,"column":87}},"63":{"start":{"line":253,"column":8},"end":{"line":277,"column":9}},"64":{"start":{"line":254,"column":37},"end":{"line":254,"column":73}},"65":{"start":{"line":255,"column":34},"end":{"line":255,"column":84}},"66":{"start":{"line":255,"column":66},"end":{"line":255,"column":83}},"67":{"start":{"line":257,"column":12},"end":{"line":257,"column":73}},"68":{"start":{"line":259,"column":12},"end":{"line":264,"column":14}},"69":{"start":{"line":261,"column":65},"end":{"line":261,"column":88}},"70":{"start":{"line":266,"column":12},"end":{"line":266,"column":60}},"71":{"start":{"line":268,"column":12},"end":{"line":271,"column":15}},"72":{"start":{"line":273,"column":12},"end":{"line":276,"column":14}},"73":{"start":{"line":286,"column":29},"end":{"line":286,"column":92}},"74":{"start":{"line":288,"column":8},"end":{"line":322,"column":9}},"75":{"start":{"line":289,"column":12},"end":{"line":296,"column":13}},"76":{"start":{"line":291,"column":16},"end":{"line":291,"column":74}},"77":{"start":{"line":292,"column":16},"end":{"line":295,"column":18}},"78":{"start":{"line":298,"column":34},"end":{"line":298,"column":85}},"79":{"start":{"line":300,"column":12},"end":{"line":300,"column":80}},"80":{"start":{"line":302,"column":12},"end":{"line":308,"column":14}},"81":{"start":{"line":304,"column":65},"end":{"line":304,"column":88}},"82":{"start":{"line":310,"column":12},"end":{"line":310,"column":60}},"83":{"start":{"line":312,"column":12},"end":{"line":316,"column":15}},"84":{"start":{"line":318,"column":12},"end":{"line":321,"column":14}},"85":{"start":{"line":330,"column":29},"end":{"line":330,"column":82}},"86":{"start":{"line":332,"column":8},"end":{"line":359,"column":9}},"87":{"start":{"line":333,"column":37},"end":{"line":333,"column":73}},"88":{"start":{"line":334,"column":42},"end":{"line":334,"column":92}},"89":{"start":{"line":334,"column":74},"end":{"line":334,"column":91}},"90":{"start":{"line":335,"column":26},"end":{"line":338,"column":13}},"91":{"start":{"line":336,"column":31},"end":{"line":336,"column":57}},"92":{"start":{"line":340,"column":12},"end":{"line":340,"column":51}},"93":{"start":{"line":342,"column":12},"end":{"line":346,"column":14}},"94":{"start":{"line":348,"column":12},"end":{"line":348,"column":60}},"95":{"start":{"line":350,"column":12},"end":{"line":353,"column":15}},"96":{"start":{"line":355,"column":12},"end":{"line":358,"column":14}},"97":{"start":{"line":363,"column":0},"end":{"line":363,"column":45}}},"fnMap":{"0":{"name":"(anonymous_0)","decl":{"start":{"line":7,"column":4},"end":{"line":7,"column":5}},"loc":{"start":{"line":7,"column":70},"end":{"line":11,"column":5}},"line":7},"1":{"name":"(anonymous_1)","decl":{"start":{"line":18,"column":4},"end":{"line":18,"column":5}},"loc":{"start":{"line":18,"column":36},"end":{"line":41,"column":5}},"line":18},"2":{"name":"(anonymous_2)","decl":{"start":{"line":36,"column":60},"end":{"line":36,"column":61}},"loc":{"start":{"line":36,"column":67},"end":{"line":36,"column":75}},"line":36},"3":{"name":"(anonymous_3)","decl":{"start":{"line":40,"column":36},"end":{"line":40,"column":37}},"loc":{"start":{"line":40,"column":44},"end":{"line":40,"column":73}},"line":40},"4":{"name":"(anonymous_4)","decl":{"start":{"line":47,"column":4},"end":{"line":47,"column":5}},"loc":{"start":{"line":47,"column":20},"end":{"line":142,"column":5}},"line":47},"5":{"name":"(anonymous_5)","decl":{"start":{"line":58,"column":65},"end":{"line":58,"column":66}},"loc":{"start":{"line":59,"column":16},"end":{"line":59,"column":45}},"line":59},"6":{"name":"(anonymous_6)","decl":{"start":{"line":61,"column":54},"end":{"line":61,"column":55}},"loc":{"start":{"line":61,"column":62},"end":{"line":61,"column":79}},"line":61},"7":{"name":"(anonymous_7)","decl":{"start":{"line":62,"column":51},"end":{"line":62,"column":52}},"loc":{"start":{"line":62,"column":59},"end":{"line":62,"column":74}},"line":62},"8":{"name":"(anonymous_8)","decl":{"start":{"line":148,"column":4},"end":{"line":148,"column":5}},"loc":{"start":{"line":148,"column":37},"end":{"line":176,"column":5}},"line":148},"9":{"name":"(anonymous_9)","decl":{"start":{"line":153,"column":58},"end":{"line":153,"column":59}},"loc":{"start":{"line":153,"column":66},"end":{"line":153,"column":83}},"line":153},"10":{"name":"(anonymous_10)","decl":{"start":{"line":159,"column":49},"end":{"line":159,"column":50}},"loc":{"start":{"line":159,"column":65},"end":{"line":159,"column":88}},"line":159},"11":{"name":"(anonymous_11)","decl":{"start":{"line":182,"column":4},"end":{"line":182,"column":5}},"loc":{"start":{"line":182,"column":37},"end":{"line":210,"column":5}},"line":182},"12":{"name":"(anonymous_12)","decl":{"start":{"line":187,"column":58},"end":{"line":187,"column":59}},"loc":{"start":{"line":187,"column":66},"end":{"line":187,"column":83}},"line":187},"13":{"name":"(anonymous_13)","decl":{"start":{"line":193,"column":49},"end":{"line":193,"column":50}},"loc":{"start":{"line":193,"column":65},"end":{"line":193,"column":88}},"line":193},"14":{"name":"(anonymous_14)","decl":{"start":{"line":216,"column":4},"end":{"line":216,"column":5}},"loc":{"start":{"line":216,"column":52},"end":{"line":244,"column":5}},"line":216},"15":{"name":"(anonymous_15)","decl":{"start":{"line":221,"column":58},"end":{"line":221,"column":59}},"loc":{"start":{"line":221,"column":66},"end":{"line":221,"column":95}},"line":221},"16":{"name":"(anonymous_16)","decl":{"start":{"line":227,"column":49},"end":{"line":227,"column":50}},"loc":{"start":{"line":227,"column":65},"end":{"line":227,"column":88}},"line":227},"17":{"name":"(anonymous_17)","decl":{"start":{"line":250,"column":4},"end":{"line":250,"column":5}},"loc":{"start":{"line":250,"column":41},"end":{"line":278,"column":5}},"line":250},"18":{"name":"(anonymous_18)","decl":{"start":{"line":255,"column":58},"end":{"line":255,"column":59}},"loc":{"start":{"line":255,"column":66},"end":{"line":255,"column":83}},"line":255},"19":{"name":"(anonymous_19)","decl":{"start":{"line":261,"column":49},"end":{"line":261,"column":50}},"loc":{"start":{"line":261,"column":65},"end":{"line":261,"column":88}},"line":261},"20":{"name":"(anonymous_20)","decl":{"start":{"line":285,"column":4},"end":{"line":285,"column":5}},"loc":{"start":{"line":285,"column":45},"end":{"line":323,"column":5}},"line":285},"21":{"name":"(anonymous_21)","decl":{"start":{"line":304,"column":49},"end":{"line":304,"column":50}},"loc":{"start":{"line":304,"column":65},"end":{"line":304,"column":88}},"line":304},"22":{"name":"(anonymous_22)","decl":{"start":{"line":329,"column":4},"end":{"line":329,"column":5}},"loc":{"start":{"line":329,"column":36},"end":{"line":360,"column":5}},"line":329},"23":{"name":"(anonymous_23)","decl":{"start":{"line":334,"column":66},"end":{"line":334,"column":67}},"loc":{"start":{"line":334,"column":74},"end":{"line":334,"column":91}},"line":334},"24":{"name":"(anonymous_24)","decl":{"start":{"line":336,"column":16},"end":{"line":336,"column":17}},"loc":{"start":{"line":336,"column":31},"end":{"line":336,"column":57}},"line":336}},"branchMap":{"0":{"loc":{"start":{"line":20,"column":8},"end":{"line":22,"column":9}},"type":"if","locations":[{"start":{"line":20,"column":8},"end":{"line":22,"column":9}},{"start":{},"end":{}}],"line":20},"1":{"loc":{"start":{"line":29,"column":8},"end":{"line":37,"column":9}},"type":"if","locations":[{"start":{"line":29,"column":8},"end":{"line":37,"column":9}},{"start":{"line":31,"column":15},"end":{"line":37,"column":9}}],"line":29},"2":{"loc":{"start":{"line":103,"column":24},"end":{"line":109,"column":31}},"type":"cond-expr","locations":[{"start":{"line":104,"column":30},"end":{"line":108,"column":31}},{"start":{"line":109,"column":30},"end":{"line":109,"column":31}}],"line":103},"3":{"loc":{"start":{"line":111,"column":24},"end":{"line":117,"column":31}},"type":"cond-expr","locations":[{"start":{"line":112,"column":30},"end":{"line":116,"column":31}},{"start":{"line":117,"column":30},"end":{"line":117,"column":31}}],"line":111},"4":{"loc":{"start":{"line":285,"column":33},"end":{"line":285,"column":43}},"type":"default-arg","locations":[{"start":{"line":285,"column":41},"end":{"line":285,"column":43}}],"line":285},"5":{"loc":{"start":{"line":289,"column":12},"end":{"line":296,"column":13}},"type":"if","locations":[{"start":{"line":289,"column":12},"end":{"line":296,"column":13}},{"start":{},"end":{}}],"line":289},"6":{"loc":{"start":{"line":289,"column":16},"end":{"line":289,"column":40}},"type":"binary-expr","locations":[{"start":{"line":289,"column":16},"end":{"line":289,"column":25}},{"start":{"line":289,"column":29},"end":{"line":289,"column":40}}],"line":289}},"s":{"0":0,"1":0,"2":0,"3":0,"4":0,"5":0,"6":0,"7":0,"8":0,"9":0,"10":0,"11":0,"12":0,"13":0,"14":0,"15":0,"16":0,"17":0,"18":0,"19":0,"20":0,"21":0,"22":0,"23":0,"24":0,"25":0,"26":0,"27":0,"28":0,"29":0,"30":0,"31":0,"32":0,"33":0,"34":0,"35":0,"36":0,"37":0,"38":0,"39":0,"40":0,"41":0,"42":0,"43":0,"44":0,"45":0,"46":0,"47":0,"48":0,"49":0,"50":0,"51":0,"52":0,"53":0,"54":0,"55":0,"56":0,"57":0,"58":0,"59":0,"60":0,"61":0,"62":0,"63":0,"64":0,"65":0,"66":0,"67":0,"68":0,"69":0,"70":0,"71":0,"72":0,"73":0,"74":0,"75":0,"76":0,"77":0,"78":0,"79":0,"80":0,"81":0,"82":0,"83":0,"84":0,"85":0,"86":0,"87":0,"88":0,"89":0,"90":0,"91":0,"92":0,"93":0,"94":0,"95":0,"96":0,"97":0},"f":{"0":0,"1":0,"2":0,"3":0,"4":0,"5":0,"6":0,"7":0,"8":0,"9":0,"10":0,"11":0,"12":0,"13":0,"14":0,"15":0,"16":0,"17":0,"18":0,"19":0,"20":0,"21":0,"22":0,"23":0,"24":0},"b":{"0":[0,0],"1":[0,0],"2":[0,0],"3":[0,0],"4":[0],"5":[0,0],"6":[0,0]}}
,"C:\\Users\\diego.zazueta\\Desktop\\Proyectos\\Invitacion-boda\\backend\\src\\application\\usecases\\GetConfirmationUseCase.js": {"path":"C:\\Users\\diego.zazueta\\Desktop\\Proyectos\\Invitacion-boda\\backend\\src\\application\\usecases\\GetConfirmationUseCase.js","statementMap":{"0":{"start":{"line":7,"column":8},"end":{"line":7,"column":61}},"1":{"start":{"line":8,"column":8},"end":{"line":8,"column":51}},"2":{"start":{"line":9,"column":8},"end":{"line":9,"column":29}},"3":{"start":{"line":18,"column":29},"end":{"line":18,"column":99}},"4":{"start":{"line":20,"column":8},"end":{"line":49,"column":9}},"5":{"start":{"line":22,"column":12},"end":{"line":25,"column":13}},"6":{"start":{"line":23,"column":16},"end":{"line":23,"column":65}},"7":{"start":{"line":24,"column":16},"end":{"line":24,"column":82}},"8":{"start":{"line":28,"column":33},"end":{"line":28,"column":83}},"9":{"start":{"line":30,"column":12},"end":{"line":33,"column":13}},"10":{"start":{"line":31,"column":16},"end":{"line":31,"column":47}},"11":{"start":{"line":32,"column":16},"end":{"line":32,"column":79}},"12":{"start":{"line":35,"column":12},"end":{"line":35,"column":42}},"13":{"start":{"line":37,"column":12},"end":{"line":40,"column":14}},"14":{"start":{"line":42,"column":12},"end":{"line":42,"column":60}},"15":{"start":{"line":43,"column":12},"end":{"line":47,"column":15}},"16":{"start":{"line":48,"column":12},"end":{"line":48,"column":81}},"17":{"start":{"line":53,"column":0},"end":{"line":53,"column":40}}},"fnMap":{"0":{"name":"(anonymous_0)","decl":{"start":{"line":6,"column":4},"end":{"line":6,"column":5}},"loc":{"start":{"line":6,"column":67},"end":{"line":10,"column":5}},"line":6},"1":{"name":"(anonymous_1)","decl":{"start":{"line":17,"column":4},"end":{"line":17,"column":5}},"loc":{"start":{"line":17,"column":24},"end":{"line":50,"column":5}},"line":17}},"branchMap":{"0":{"loc":{"start":{"line":22,"column":12},"end":{"line":25,"column":13}},"type":"if","locations":[{"start":{"line":22,"column":12},"end":{"line":25,"column":13}},{"start":{},"end":{}}],"line":22},"1":{"loc":{"start":{"line":30,"column":12},"end":{"line":33,"column":13}},"type":"if","locations":[{"start":{"line":30,"column":12},"end":{"line":33,"column":13}},{"start":{},"end":{}}],"line":30}},"s":{"0":0,"1":0,"2":0,"3":0,"4":0,"5":0,"6":0,"7":0,"8":0,"9":0,"10":0,"11":0,"12":0,"13":0,"14":0,"15":0,"16":0,"17":0},"f":{"0":0,"1":0},"b":{"0":[0,0],"1":[0,0]}}
,"C:\\Users\\diego.zazueta\\Desktop\\Proyectos\\Invitacion-boda\\backend\\src\\application\\usecases\\GetConfirmationsUseCase.js": {"path":"C:\\Users\\diego.zazueta\\Desktop\\Proyectos\\Invitacion-boda\\backend\\src\\application\\usecases\\GetConfirmationsUseCase.js","statementMap":{"0":{"start":{"line":7,"column":8},"end":{"line":7,"column":61}},"1":{"start":{"line":8,"column":8},"end":{"line":8,"column":29}},"2":{"start":{"line":9,"column":8},"end":{"line":9,"column":29}},"3":{"start":{"line":21,"column":29},"end":{"line":26,"column":10}},"4":{"start":{"line":28,"column":8},"end":{"line":83,"column":9}},"5":{"start":{"line":30,"column":28},"end":{"line":30,"column":46}},"6":{"start":{"line":31,"column":29},"end":{"line":31,"column":48}},"7":{"start":{"line":33,"column":12},"end":{"line":35,"column":13}},"8":{"start":{"line":34,"column":16},"end":{"line":34,"column":78}},"9":{"start":{"line":36,"column":29},"end":{"line":36,"column":71}},"10":{"start":{"line":37,"column":12},"end":{"line":39,"column":13}},"11":{"start":{"line":38,"column":16},"end":{"line":38,"column":84}},"12":{"start":{"line":42,"column":48},"end":{"line":42,"column":55}},"13":{"start":{"line":45,"column":27},"end":{"line":50,"column":13}},"14":{"start":{"line":53,"column":12},"end":{"line":60,"column":13}},"15":{"start":{"line":54,"column":38},"end":{"line":54,"column":95}},"16":{"start":{"line":56,"column":16},"end":{"line":58,"column":18}},"17":{"start":{"line":57,"column":20},"end":{"line":57,"column":75}},"18":{"start":{"line":57,"column":45},"end":{"line":57,"column":74}},"19":{"start":{"line":59,"column":16},"end":{"line":59,"column":61}},"20":{"start":{"line":62,"column":12},"end":{"line":65,"column":15}},"21":{"start":{"line":67,"column":12},"end":{"line":71,"column":14}},"22":{"start":{"line":69,"column":46},"end":{"line":69,"column":61}},"23":{"start":{"line":73,"column":12},"end":{"line":73,"column":60}},"24":{"start":{"line":74,"column":12},"end":{"line":81,"column":15}},"25":{"start":{"line":82,"column":12},"end":{"line":82,"column":84}},"26":{"start":{"line":87,"column":0},"end":{"line":87,"column":41}}},"fnMap":{"0":{"name":"(anonymous_0)","decl":{"start":{"line":6,"column":4},"end":{"line":6,"column":5}},"loc":{"start":{"line":6,"column":56},"end":{"line":10,"column":5}},"line":6},"1":{"name":"(anonymous_1)","decl":{"start":{"line":20,"column":4},"end":{"line":20,"column":5}},"loc":{"start":{"line":20,"column":56},"end":{"line":84,"column":5}},"line":20},"2":{"name":"(anonymous_2)","decl":{"start":{"line":56,"column":49},"end":{"line":56,"column":50}},"loc":{"start":{"line":57,"column":20},"end":{"line":57,"column":75}},"line":57},"3":{"name":"(anonymous_3)","decl":{"start":{"line":57,"column":39},"end":{"line":57,"column":40}},"loc":{"start":{"line":57,"column":45},"end":{"line":57,"column":74}},"line":57},"4":{"name":"(anonymous_4)","decl":{"start":{"line":69,"column":38},"end":{"line":69,"column":39}},"loc":{"start":{"line":69,"column":46},"end":{"line":69,"column":61}},"line":69}},"branchMap":{"0":{"loc":{"start":{"line":20,"column":31},"end":{"line":20,"column":43}},"type":"default-arg","locations":[{"start":{"line":20,"column":41},"end":{"line":20,"column":43}}],"line":20},"1":{"loc":{"start":{"line":20,"column":45},"end":{"line":20,"column":54}},"type":"default-arg","locations":[{"start":{"line":20,"column":52},"end":{"line":20,"column":54}}],"line":20},"2":{"loc":{"start":{"line":33,"column":12},"end":{"line":35,"column":13}},"type":"if","locations":[{"start":{"line":33,"column":12},"end":{"line":35,"column":13}},{"start":{},"end":{}}],"line":33},"3":{"loc":{"start":{"line":33,"column":16},"end":{"line":33,"column":45}},"type":"binary-expr","locations":[{"start":{"line":33,"column":16},"end":{"line":33,"column":30}},{"start":{"line":33,"column":34},"end":{"line":33,"column":45}}],"line":33},"4":{"loc":{"start":{"line":37,"column":12},"end":{"line":39,"column":13}},"type":"if","locations":[{"start":{"line":37,"column":12},"end":{"line":39,"column":13}},{"start":{},"end":{}}],"line":37},"5":{"loc":{"start":{"line":37,"column":16},"end":{"line":37,"column":70}},"type":"binary-expr","locations":[{"start":{"line":37,"column":16},"end":{"line":37,"column":31}},{"start":{"line":37,"column":35},"end":{"line":37,"column":47}},{"start":{"line":37,"column":51},"end":{"line":37,"column":70}}],"line":37},"6":{"loc":{"start":{"line":53,"column":12},"end":{"line":60,"column":13}},"type":"if","locations":[{"start":{"line":53,"column":12},"end":{"line":60,"column":13}},{"start":{},"end":{}}],"line":53}},"s":{"0":0,"1":0,"2":0,"3":0,"4":0,"5":0,"6":0,"7":0,"8":0,"9":0,"10":0,"11":0,"12":0,"13":0,"14":0,"15":0,"16":0,"17":0,"18":0,"19":0,"20":0,"21":0,"22":0,"23":0,"24":0,"25":0,"26":0},"f":{"0":0,"1":0,"2":0,"3":0,"4":0},"b":{"0":[0],"1":[0],"2":[0,0],"3":[0,0],"4":[0,0],"5":[0,0,0],"6":[0,0]}}
[...]
mn":5}},"line":42},"3":{"name":"(anonymous_3)","decl":{"start":{"line":59,"column":4},"end":{"line":59,"column":5}},"loc":{"start":{"line":59,"column":30},"end":{"line":64,"column":5}},"line":59},"4":{"name":"(anonymous_4)","decl":{"start":{"line":71,"column":4},"end":{"line":71,"column":5}},"loc":{"start":{"line":71,"column":23},"end":{"line":82,"column":5}},"line":71},"5":{"name":"(anonymous_5)","decl":{"start":{"line":89,"column":4},"end":{"line":89,"column":5}},"loc":{"start":{"line":89,"column":33},"end":{"line":94,"column":5}},"line":89},"6":{"name":"(anonymous_6)","decl":{"start":{"line":103,"column":4},"end":{"line":103,"column":5}},"loc":{"start":{"line":103,"column":41},"end":{"line":105,"column":5}},"line":103},"7":{"name":"(anonymous_7)","decl":{"start":{"line":114,"column":4},"end":{"line":114,"column":5}},"loc":{"start":{"line":114,"column":52},"end":{"line":120,"column":5}},"line":114},"8":{"name":"(anonymous_8)","decl":{"start":{"line":127,"column":4},"end":{"line":127,"column":5}},"loc":{"start":{"line":127,"column":24},"end":{"line":133,"column":5}},"line":127},"9":{"name":"(anonymous_9)","decl":{"start":{"line":140,"column":4},"end":{"line":140,"column":5}},"loc":{"start":{"line":140,"column":25},"end":{"line":150,"column":5}},"line":140},"10":{"name":"(anonymous_10)","decl":{"start":{"line":157,"column":4},"end":{"line":157,"column":5}},"loc":{"start":{"line":157,"column":25},"end":{"line":167,"column":5}},"line":157},"11":{"name":"(anonymous_11)","decl":{"start":{"line":175,"column":4},"end":{"line":175,"column":5}},"loc":{"start":{"line":175,"column":32},"end":{"line":304,"column":5}},"line":175},"12":{"name":"(anonymous_12)","decl":{"start":{"line":279,"column":53},"end":{"line":279,"column":54}},"loc":{"start":{"line":279,"column":61},"end":{"line":279,"column":86}},"line":279},"13":{"name":"(anonymous_13)","decl":{"start":{"line":310,"column":4},"end":{"line":310,"column":5}},"loc":{"start":{"line":310,"column":35},"end":{"line":372,"column":5}},"line":310},"14":{"name":"(anonymous_14)","decl":{"start":{"line":378,"column":4},"end":{"line":378,"column":5}},"loc":{"start":{"line":378,"column":37},"end":{"line":414,"column":5}},"line":378},"15":{"name":"(anonymous_15)","decl":{"start":{"line":421,"column":4},"end":{"line":421,"column":5}},"loc":{"start":{"line":421,"column":33},"end":{"line":424,"column":5}},"line":421},"16":{"name":"(anonymous_16)","decl":{"start":{"line":431,"column":4},"end":{"line":431,"column":5}},"loc":{"start":{"line":431,"column":35},"end":{"line":434,"column":5}},"line":431},"17":{"name":"(anonymous_17)","decl":{"start":{"line":440,"column":4},"end":{"line":440,"column":5}},"loc":{"start":{"line":440,"column":29},"end":{"line":448,"column":5}},"line":440}},"branchMap":{"0":{"loc":{"start":{"line":31,"column":8},"end":{"line":33,"column":9}},"type":"if","locations":[{"start":{"line":31,"column":8},"end":{"line":33,"column":9}},{"start":{},"end":{}}],"line":31},"1":{"loc":{"start":{"line":31,"column":12},"end":{"line":31,"column":47}},"type":"binary-expr","locations":[{"start":{"line":31,"column":12},"end":{"line":31,"column":18}},{"start":{"line":31,"column":22},"end":{"line":31,"column":47}}],"line":31},"2":{"loc":{"start":{"line":43,"column":8},"end":{"line":45,"column":9}},"type":"if","locations":[{"start":{"line":43,"column":8},"end":{"line":45,"column":9}},{"start":{},"end":{}}],"line":43},"3":{"loc":{"start":{"line":43,"column":12},"end":{"line":43,"column":47}},"type":"binary-expr","locations":[{"start":{"line":43,"column":12},"end":{"line":43,"column":18}},{"start":{"line":43,"column":22},"end":{"line":43,"column":47}}],"line":43},"4":{"loc":{"start":{"line":60,"column":8},"end":{"line":62,"column":9}},"type":"if","locations":[{"start":{"line":60,"column":8},"end":{"line":62,"column":9}},{"start":{},"end":{}}],"line":60},"5":{"loc":{"start":{"line":60,"column":12},"end":{"line":60,"column":47}},"type":"binary-expr","locations":[{"start":{"line":60,"column":12},"end":{"line":60,"column":18}},{"start":{"line":60,"column":22},"end":{"line":60,"column":47}}],"line":60},"6":{"loc":{"start":{"line":72,"column":8},"end":{"line":74,"column":9}},"type":"if","locations":[{"start":{"line":72,"column":8},"end":{"line":74,"column":9}},{"start":{},"end":{}}],"line":72},"7":{"loc":{"start":{"line":72,"column":12},"end":{"line":72,"column":45}},"type":"binary-expr","locations":[{"start":{"line":72,"column":12},"end":{"line":72,"column":17}},{"start":{"line":72,"column":21},"end":{"line":72,"column":45}}],"line":72},"8":{"loc":{"start":{"line":78,"column":12},"end":{"line":80,"column":48}},"type":"binary-expr","locations":[{"start":{"line":78,"column":12},"end":{"line":78,"column":35}},{"start":{"line":79,"column":12},"end":{"line":79,"column":37}},{"start":{"line":80,"column":12},"end":{"line":80,"column":48}}],"line":78},"9":{"loc":{"start":{"line":90,"column":8},"end":{"line":92,"column":9}},"type":"if","locations":[{"start":{"line":90,"column":8},"end":{"line":92,"column":9}},{"start":{},"end":{}}],"line":90},"10":{"loc":{"start":{"line":90,"column":12},"end":{"line":90,"column":45}},"type":"binary-expr","locations":[{"start":{"line":90,"column":12},"end":{"line":90,"column":17}},{"start":{"line":90,"column":21},"end":{"line":90,"column":45}}],"line":90},"11":{"loc":{"start":{"line":104,"column":15},"end":{"line":104,"column":89}},"type":"binary-expr","locations":[{"start":{"line":104,"column":15},"end":{"line":104,"column":40}},{"start":{"line":104,"column":44},"end":{"line":104,"column":57}},{"start":{"line":104,"column":61},"end":{"line":104,"column":73}},{"start":{"line":104,"column":77},"end":{"line":104,"column":89}}],"line":104},"12":{"loc":{"start":{"line":115,"column":8},"end":{"line":117,"column":9}},"type":"if","locations":[{"start":{"line":115,"column":8},"end":{"line":117,"column":9}},{"start":{},"end":{}}],"line":115},"13":{"loc":{"start":{"line":119,"column":15},"end":{"line":119,"column":57}},"type":"binary-expr","locations":[{"start":{"line":119,"column":15},"end":{"line":119,"column":34}},{"start":{"line":119,"column":38},"end":{"line":119,"column":57}}],"line":119},"14":{"loc":{"start":{"line":128,"column":8},"end":{"line":130,"column":9}},"type":"if","locations":[{"start":{"line":128,"column":8},"end":{"line":130,"column":9}},{"start":{},"end":{}}],"line":128},"15":{"loc":{"start":{"line":128,"column":12},"end":{"line":128,"column":43}},"type":"binary-expr","locations":[{"start":{"line":128,"column":12},"end":{"line":128,"column":16}},{"start":{"line":128,"column":20},"end":{"line":128,"column":43}}],"line":128},"16":{"loc":{"start":{"line":141,"column":8},"end":{"line":143,"column":9}},"type":"if","locations":[{"start":{"line":141,"column":8},"end":{"line":143,"column":9}},{"start":{},"end":{}}],"line":141},"17":{"loc":{"start":{"line":141,"column":12},"end":{"line":141,"column":47}},"type":"binary-expr","locations":[{"start":{"line":141,"column":12},"end":{"line":141,"column":18}},{"start":{"line":141,"column":22},"end":{"line":141,"column":47}}],"line":141},"18":{"loc":{"start":{"line":158,"column":8},"end":{"line":160,"column":9}},"type":"if","locations":[{"start":{"line":158,"column":8},"end":{"line":160,"column":9}},{"start":{},"end":{}}],"line":158},"19":{"loc":{"start":{"line":158,"column":12},"end":{"line":158,"column":47}},"type":"binary-expr","locations":[{"start":{"line":158,"column":12},"end":{"line":158,"column":18}},{"start":{"line":158,"column":22},"end":{"line":158,"column":47}}],"line":158},"20":{"loc":{"start":{"line":184,"column":16},"end":{"line":187,"column":17}},"type":"if","locations":[{"start":{"line":184,"column":16},"end":{"line":187,"column":17}},{"start":{},"end":{}}],"line":184},"21":{"loc":{"start":{"line":184,"column":20},"end":{"line":184,"column":92}},"type":"binary-expr","locations":[{"start":{"line":184,"column":20},"end":{"line":184,"column":33}},{"start":{"line":184,"column":38},"end":{"line":184,"column":57}},{"start":{"line":184,"column":61},"end":{"line":184,"column":75}},{"start":{"line":184,"column":79},"end":{"line":184,"column":91}}],"line":184},"22":{"loc":{"start":{"line":190,"column":16},"end":{"line":196,"column":17}},"type":"if","locations":[{"start":{"line":190,"column":16},"end":{"line":196,"column":17}},{"start":{},"end":{}}],"line":190},"23":{"loc":{"start":{"line":190,"column":20},"end":{"line":190,"column":93}},"type":"binary-expr","locations":[{"start":{"line":190,"column":20},"end":{"line":190,"column":34}},{"start":{"line":190,"column":39},"end":{"line":190,"column":58}},{"start":{"line":190,"column":62},"end":{"line":190,"column":76}},{"start":{"line":190,"column":80},"end":{"line":190,"column":92}}],"line":190},"24":{"loc":{"start":{"line":192,"column":20},"end":{"line":194,"column":21}},"type":"if","locations":[{"start":{"line":192,"column":20},"end":{"line":194,"column":21}},{"start":{},"end":{}}],"line":192},"25":{"loc":{"start":{"line":199,"column":16},"end":{"line":293,"column":17}},"type":"if","locations":[{"start":{"line":199,"column":16},"end":{"line":293,"column":17}},{"start":{"line":223,"column":23},"end":{"line":293,"column":17}}],"line":199},"26":{"loc":{"start":{"line":200,"column":20},"end":{"line":203,"column":21}},"type":"if","locations":[{"start":{"line":200,"column":20},"end":{"line":203,"column":21}},{"start":{},"end":{}}],"line":200},"27":{"loc":{"start":{"line":207,"column":20},"end":{"line":210,"column":21}},"type":"if","locations":[{"start":{"line":207,"column":20},"end":{"line":210,"column":21}},{"start":{},"end":{}}],"line":207},"28":{"loc":{"start":{"line":207,"column":24},"end":{"line":207,"column":80}},"type":"binary-expr","locations":[{"start":{"line":207,"column":24},"end":{"line":207,"column":38}},{"start":{"line":207,"column":42},"end":{"line":207,"column":80}}],"line":207},"29":{"loc":{"start":{"line":212,"column":20},"end":{"line":215,"column":21}},"type":"if","locations":[{"start":{"line":212,"column":20},"end":{"line":215,"column":21}},{"start":{},"end":{}}],"line":212},"30":{"loc":{"start":{"line":212,"column":24},"end":{"line":212,"column":80}},"type":"binary-expr","locations":[{"start":{"line":212,"column":24},"end":{"line":212,"column":38}},{"start":{"line":212,"column":42},"end":{"line":212,"column":80}}],"line":212},"31":{"loc":{"start":{"line":217,"column":20},"end":{"line":220,"column":21}},"type":"if","locations":[{"start":{"line":217,"column":20},"end":{"line":220,"column":21}},{"start":{},"end":{}}],"line":217},"32":{"loc":{"start":{"line":217,"column":24},"end":{"line":217,"column":74}},"type":"binary-expr","locations":[{"start":{"line":217,"column":24},"end":{"line":217,"column":36}},{"start":{"line":217,"column":40},"end":{"line":217,"column":74}}],"line":217},"33":{"loc":{"start":{"line":223,"column":23},"end":{"line":293,"column":17}},"type":"if","locations":[{"start":{"line":223,"column":23},"end":{"line":293,"column":17}},{"start":{"line":247,"column":23},"end":{"line":293,"column":17}}],"line":223},"34":{"loc":{"start":{"line":226,"column":20},"end":{"line":229,"column":21}},"type":"if","locations":[{"start":{"line":226,"column":20},"end":{"line":229,"column":21}},{"start":{},"end":{}}],"line":226},"35":{"loc":{"start":{"line":231,"column":20},"end":{"line":234,"column":21}},"type":"if","locations":[{"start":{"line":231,"column":20},"end":{"line":234,"column":21}},{"start":{},"end":{}}],"line":231},"36":{"loc":{"start":{"line":231,"column":24},"end":{"line":231,"column":69}},"type":"binary-expr","locations":[{"start":{"line":231,"column":24},"end":{"line":231,"column":46}},{"start":{"line":231,"column":50},"end":{"line":231,"column":69}}],"line":231},"37":{"loc":{"start":{"line":236,"column":20},"end":{"line":239,"column":21}},"type":"if","locations":[{"start":{"line":236,"column":20},"end":{"line":239,"column":21}},{"start":{},"end":{}}],"line":236},"38":{"loc":{"start":{"line":236,"column":24},"end":{"line":236,"column":69}},"type":"binary-expr","locations":[{"start":{"line":236,"column":24},"end":{"line":236,"column":46}},{"start":{"line":236,"column":50},"end":{"line":236,"column":69}}],"line":236},"39":{"loc":{"start":{"line":241,"column":20},"end":{"line":244,"column":21}},"type":"if","locations":[{"start":{"line":241,"column":20},"end":{"line":244,"column":21}},{"start":{},"end":{}}],"line":241},"40":{"loc":{"start":{"line":241,"column":24},"end":{"line":241,"column":67}},"type":"binary-expr","locations":[{"start":{"line":241,"column":24},"end":{"line":241,"column":36}},{"start":{"line":241,"column":40},"end":{"line":241,"column":67}}],"line":241},"41":{"loc":{"start":{"line":247,"column":23},"end":{"line":293,"column":17}},"type":"if","locations":[{"start":{"line":247,"column":23},"end":{"line":293,"column":17}},{"start":{"line":254,"column":23},"end":{"line":293,"column":17}}],"line":247},"42":{"loc":{"start":{"line":248,"column":20},"end":{"line":251,"column":21}},"type":"if","locations":[{"start":{"line":248,"column":20},"end":{"line":251,"column":21}},{"start":{},"end":{}}],"line":248},"43":{"loc":{"start":{"line":254,"column":23},"end":{"line":293,"column":17}},"type":"if","locations":[{"start":{"line":254,"column":23},"end":{"line":293,"column":17}},{"start":{"line":261,"column":23},"end":{"line":293,"column":17}}],"line":254},"44":{"loc":{"start":{"line":255,"column":20},"end":{"line":258,"column":21}},"type":"if","locations":[{"start":{"line":255,"column":20},"end":{"line":258,"column":21}},{"start":{},"end":{}}],"line":255},"45":{"loc":{"start":{"line":261,"column":23},"end":{"line":293,"column":17}},"type":"if","locations":[{"start":{"line":261,"column":23},"end":{"line":293,"column":17}},{"start":{"line":283,"column":23},"end":{"line":293,"column":17}}],"line":261},"46":{"loc":{"start":{"line":262,"column":20},"end":{"line":265,"column":21}},"type":"if","locations":[{"start":{"line":262,"column":20},"end":{"line":265,"column":21}},{"start":{},"end":{}}],"line":262},"47":{"loc":{"start":{"line":267,"column":20},"end":{"line":270,"column":21}},"type":"if","locations":[{"start":{"line":267,"column":20},"end":{"line":270,"column":21}},{"start":{},"end":{}}],"line":267},"48":{"loc":{"start":{"line":267,"column":24},"end":{"line":267,"column":69}},"type":"binary-expr","locations":[{"start":{"line":267,"column":24},"end":{"line":267,"column":37}},{"start":{"line":267,"column":41},"end":{"line":267,"column":69}}],"line":267},"49":{"loc":{"start":{"line":272,"column":20},"end":{"line":275,"column":21}},"type":"if","locations":[{"start":{"line":272,"column":20},"end":{"line":275,"column":21}},{"start":{},"end":{}}],"line":272},"50":{"loc":{"start":{"line":272,"column":24},"end":{"line":272,"column":69}},"type":"binary-expr","locations":[{"start":{"line":272,"column":24},"end":{"line":272,"column":37}},{"start":{"line":272,"column":41},"end":{"line":272,"column":69}}],"line":272},"51":{"loc":{"start":{"line":278,"column":20},"end":{"line":282,"column":21}},"type":"if","locations":[{"start":{"line":278,"column":20},"end":{"line":282,"column":21}},{"start":{"line":280,"column":27},"end":{"line":282,"column":21}}],"line":278},"52":{"loc":{"start":{"line":283,"column":23},"end":{"line":293,"column":17}},"type":"if","locations":[{"start":{"line":283,"column":23},"end":{"line":293,"column":17}},{"start":{"line":290,"column":23},"end":{"line":293,"column":17}}],"line":283},"53":{"loc":{"start":{"line":284,"column":20},"end":{"line":287,"column":21}},"type":"if","locations":[{"start":{"line":284,"column":20},"end":{"line":287,"column":21}},{"start":{},"end":{}}],"line":284},"54":{"loc":{"start":{"line":441,"column":23},"end":{"line":441,"column":67}},"type":"binary-expr","locations":[{"start":{"line":441,"column":23},"end":{"line":441,"column":62}},{"start":{"line":441,"column":66},"end":{"line":441,"column":67}}],"line":441}},"s":{"0":0,"1":0,"2":0,"3":0,"4":0,"5":0,"6":0,"7":0,"8":0,"9":0,"10":0,"11":0,"12":0,"13":0,"14":0,"15":0,"16":0,"17":0,"18":0,"19":0,"20":0,"21":0,"22":0,"23":0,"24":0,"25":0,"26":0,"27":0,"28":0,"29":0,"30":0,"31":0,"32":0,"33":0,"34":0,"35":0,"36":0,"37":0,"38":0,"39":0,"40":0,"41":0,"42":0,"43":0,"44":0,"45":0,"46":0,"47":0,"48":0,"49":0,"50":0,"51":0,"52":0,"53":0,"54":0,"55":0,"56":0,"57":0,"58":0,"59":0,"60":0,"61":0,"62":0,"63":0,"64":0,"65":0,"66":0,"67":0,"68":0,"69":0,"70":0,"71":0,"72":0,"73":0,"74":0,"75":0,"76":0,"77":0,"78":0,"79":0,"80":0,"81":0,"82":0,"83":0,"84":0,"85":0,"86":0,"87":0,"88":0,"89":0,"90":0,"91":0,"92":0,"93":0,"94":0,"95":0,"96":0,"97":0,"98":0,"99":0,"100":0,"101":0,"102":0,"103":0,"104":0,"105":0,"106":0,"107":0,"108":0,"109":0,"110":0,"111":0,"112":0,"113":0,"114":0,"115":0,"116":0,"117":0,"118":0,"119":0,"120":0,"121":0,"122":0,"123":0,"124":0,"125":0},"f":{"0":0,"1":0,"2":0,"3":0,"4":0,"5":0,"6":0,"7":0,"8":0,"9":0,"10":0,"11":0,"12":0,"13":0,"14":0,"15":0,"16":0,"17":0},"b":{"0":[0,0],"1":[0,0],"2":[0,0],"3":[0,0],"4":[0,0],"5":[0,0],"6":[0,0],"7":[0,0],"8":[0,0,0],"9":[0,0],"10":[0,0],"11":[0,0,0,0],"12":[0,0],"13":[0,0],"14":[0,0],"15":[0,0],"16":[0,0],"17":[0,0],"18":[0,0],"19":[0,0],"20":[0,0],"21":[0,0,0,0],"22":[0,0],"23":[0,0,0,0],"24":[0,0],"25":[0,0],"26":[0,0],"27":[0,0],"28":[0,0],"29":[0,0],"30":[0,0],"31":[0,0],"32":[0,0],"33":[0,0],"34":[0,0],"35":[0,0],"36":[0,0],"37":[0,0],"38":[0,0],"39":[0,0],"40":[0,0],"41":[0,0],"42":[0,0],"43":[0,0],"44":[0,0],"45":[0,0],"46":[0,0],"47":[0,0],"48":[0,0],"49":[0,0],"50":[0,0],"51":[0,0],"52":[0,0],"53":[0,0],"54":[0,0]}}
,"C:\\Users\\diego.zazueta\\Desktop\\Proyectos\\Invitacion-boda\\backend\\src\\shared\\utils\\csv-formatter.js": {"path":"C:\\Users\\diego.zazueta\\Desktop\\Proyectos\\Invitacion-boda\\backend\\src\\shared\\utils\\csv-formatter.js","statementMap":{"0":{"start":{"line":12,"column":4},"end":{"line":14,"column":5}},"1":{"start":{"line":13,"column":8},"end":{"line":13,"column":18}},"2":{"start":{"line":16,"column":20},"end":{"line":16,"column":40}},"3":{"start":{"line":17,"column":20},"end":{"line":17,"column":39}},"4":{"start":{"line":19,"column":4},"end":{"line":28,"column":5}},"5":{"start":{"line":20,"column":23},"end":{"line":26,"column":10}},"6":{"start":{"line":21,"column":26},"end":{"line":21,"column":37}},"7":{"start":{"line":22,"column":12},"end":{"line":24,"column":13}},"8":{"start":{"line":23,"column":16},"end":{"line":23,"column":46}},"9":{"start":{"line":25,"column":12},"end":{"line":25,"column":38}},"10":{"start":{"line":27,"column":8},"end":{"line":27,"column":39}},"11":{"start":{"line":30,"column":4},"end":{"line":30,"column":30}},"12":{"start":{"line":33,"column":0},"end":{"line":35,"column":2}}},"fnMap":{"0":{"name":"convertToCSV","decl":{"start":{"line":11,"column":9},"end":{"line":11,"column":21}},"loc":{"start":{"line":11,"column":28},"end":{"line":31,"column":1}},"line":11},"1":{"name":"(anonymous_1)","decl":{"start":{"line":20,"column":35},"end":{"line":20,"column":36}},"loc":{"start":{"line":20,"column":45},"end":{"line":26,"column":9}},"line":20}},"branchMap":{"0":{"loc":{"start":{"line":12,"column":4},"end":{"line":14,"column":5}},"type":"if","locations":[{"start":{"line":12,"column":4},"end":{"line":14,"column":5}},{"start":{},"end":{}}],"line":12},"1":{"loc":{"start":{"line":12,"column":8},"end":{"line":12,"column":34}},"type":"binary-expr","locations":[{"start":{"line":12,"column":8},"end":{"line":12,"column":13}},{"start":{"line":12,"column":17},"end":{"line":12,"column":34}}],"line":12},"2":{"loc":{"start":{"line":22,"column":12},"end":{"line":24,"column":13}},"type":"if","locations":[{"start":{"line":22,"column":12},"end":{"line":24,"column":13}},{"start":{},"end":{}}],"line":22},"3":{"loc":{"start":{"line":25,"column":23},"end":{"line":25,"column":34}},"type":"binary-expr","locations":[{"start":{"line":25,"column":23},"end":{"line":25,"column":28}},{"start":{"line":25,"column":32},"end":{"line":25,"column":34}}],"line":25}},"s":{"0":0,"1":0,"2":0,"3":0,"4":0,"5":0,"6":0,"7":0,"8":0,"9":0,"10":0,"11":0,"12":0},"f":{"0":0,"1":0},"b":{"0":[0,0],"1":[0,0],"2":[0,0],"3":[0,0]}}
}
