TN:
SF:src\application\dto\ConfirmationDTO.js
FN:13,(anonymous_0)
FN:42,(anonymous_1)
FNF:2
FNH:2
FNDA:2,(anonymous_0)
FNDA:2,(anonymous_1)
DA:21,2
DA:22,2
DA:23,2
DA:24,2
DA:25,2
DA:26,2
DA:49,2
DA:50,2
DA:52,2
DA:53,1
DA:55,2
DA:56,0
DA:58,2
DA:59,0
DA:61,2
DA:62,0
DA:67,1
LF:17
LH:14
BRDA:49,0,0,2
BRDA:49,0,1,0
BRDA:52,1,0,1
BRDA:52,1,1,1
BRDA:55,2,0,0
BRDA:55,2,1,2
BRDA:58,3,0,0
BRDA:58,3,1,2
BRDA:61,4,0,0
BRDA:61,4,1,2
BRF:10
BRH:6
end_of_record
TN:
SF:src\application\dto\InvitationDTO.js
FN:21,(anonymous_0)
FN:54,(anonymous_1)
FNF:2
FNH:2
FNDA:2,(anonymous_0)
FNDA:1,(anonymous_1)
DA:30,2
DA:31,2
DA:32,2
DA:33,2
DA:34,2
DA:35,2
DA:36,2
DA:63,1
DA:64,0
DA:66,1
DA:67,0
DA:69,1
DA:70,0
DA:72,1
DA:73,0
DA:75,1
DA:76,0
DA:78,1
DA:79,0
DA:81,1
DA:82,0
DA:87,1
LF:22
LH:15
BRDA:63,0,0,0
BRDA:63,0,1,1
BRDA:66,1,0,0
BRDA:66,1,1,1
BRDA:69,2,0,0
BRDA:69,2,1,1
BRDA:72,3,0,0
BRDA:72,3,1,1
BRDA:75,4,0,0
BRDA:75,4,1,1
BRDA:78,5,0,0
BRDA:78,5,1,1
BRDA:81,6,0,0
BRDA:81,6,1,1
BRF:14
BRH:7
end_of_record
TN:
SF:src\application\usecases\CancelConfirmationUseCase.js
FN:6,(anonymous_0)
FN:18,(anonymous_1)
FNF:2
FNH:2
FNDA:4,(anonymous_0)
FNDA:4,(anonymous_1)
DA:7,4
DA:8,4
DA:9,4
DA:19,4
DA:24,4
DA:26,4
DA:27,3
DA:28,1
DA:32,2
DA:33,2
DA:34,1
DA:38,1
DA:41,1
DA:42,1
DA:44,1
DA:45,1
DA:51,3
DA:52,3
DA:57,3
DA:66,1
LF:20
LH:20
BRDA:18,0,0,3
BRDA:27,1,0,1
BRDA:27,1,1,2
BRDA:33,2,0,1
BRDA:33,2,1,1
BRF:5
BRH:5
end_of_record
TN:
SF:src\application\usecases\CreateConfirmationUseCase.js
FN:10,(anonymous_0)
FN:30,(anonymous_1)
FN:88,(anonymous_2)
FN:137,(anonymous_3)
FN:149,(anonymous_4)
FN:155,(anonymous_5)
FN:156,(anonymous_6)
FN:185,(anonymous_7)
FN:226,(anonymous_8)
FN:254,(anonymous_9)
FN:294,(anonymous_10)
FN:309,(anonymous_11)
FN:332,(anonymous_12)
FN:344,(anonymous_13)
FN:363,(anonymous_14)
FNF:15
FNH:15
FNDA:29,(anonymous_0)
FNDA:30,(anonymous_1)
FNDA:30,(anonymous_2)
FNDA:15,(anonymous_3)
FNDA:12,(anonymous_4)
FNDA:9,(anonymous_5)
FNDA:9,(anonymous_6)
FNDA:12,(anonymous_7)
FNDA:17,(anonymous_8)
FNDA:6,(anonymous_9)
FNDA:30,(anonymous_10)
FNDA:7,(anonymous_11)
FNDA:6,(anonymous_12)
FNDA:6,(anonymous_13)
FNDA:24,(anonymous_14)
DA:7,1
DA:17,29
DA:18,29
DA:19,29
DA:20,29
DA:21,29
DA:31,30
DA:32,30
DA:38,7
DA:39,7
DA:40,7
DA:45,6
DA:51,6
DA:58,1
DA:59,0
DA:63,0
DA:65,0
DA:66,0
DA:69,0
DA:75,1
DA:78,24
DA:89,30
DA:90,3
DA:93,27
DA:94,2
DA:98,25
DA:102,2
DA:106,23
DA:107,19
DA:111,3
DA:116,20
DA:120,2
DA:124,18
DA:128,1
DA:138,15
DA:139,1
DA:150,12
DA:153,12
DA:154,4
DA:155,9
DA:156,9
DA:160,12
DA:161,1
DA:165,12
DA:166,2
DA:172,12
DA:173,4
DA:176,12
DA:187,12
DA:188,1
DA:192,11
DA:193,1
DA:202,10
DA:206,1
DA:210,9
DA:211,1
DA:215,8
DA:216,1
DA:227,17
DA:228,16
DA:229,1
DA:232,15
DA:234,14
DA:235,1
DA:238,13
DA:239,13
DA:240,1
DA:243,12
DA:255,6
DA:266,6
DA:268,6
DA:275,6
DA:276,5
DA:284,6
DA:295,30
DA:296,17
DA:297,12
DA:298,12
DA:299,7
DA:310,7
DA:321,6
DA:333,6
DA:345,6
DA:364,24
DA:371,24
DA:379,1
LF:86
LH:81
BRDA:58,0,0,0
BRDA:58,0,1,1
BRDA:65,1,0,0
BRDA:65,1,1,0
BRDA:89,2,0,3
BRDA:89,2,1,27
BRDA:89,3,0,30
BRDA:89,3,1,28
BRDA:93,4,0,2
BRDA:93,4,1,25
BRDA:93,5,0,27
BRDA:93,5,1,26
BRDA:98,6,0,2
BRDA:98,6,1,23
BRDA:99,7,0,25
BRDA:99,7,1,19
BRDA:106,8,0,19
BRDA:106,8,1,4
BRDA:107,9,0,3
BRDA:107,9,1,16
BRDA:108,10,0,19
BRDA:108,10,1,17
BRDA:116,11,0,2
BRDA:116,11,1,18
BRDA:117,12,0,20
BRDA:117,12,1,6
BRDA:124,13,0,1
BRDA:124,13,1,17
BRDA:125,14,0,18
BRDA:125,14,1,2
BRDA:138,15,0,1
BRDA:138,15,1,14
BRDA:153,16,0,4
BRDA:153,16,1,8
BRDA:160,17,0,1
BRDA:160,17,1,11
BRDA:165,18,0,2
BRDA:165,18,1,10
BRDA:172,19,0,4
BRDA:172,19,1,8
BRDA:187,20,0,1
BRDA:187,20,1,11
BRDA:187,21,0,12
BRDA:187,21,1,11
BRDA:192,22,0,1
BRDA:192,22,1,10
BRDA:192,23,0,11
BRDA:192,23,1,1
BRDA:202,24,0,1
BRDA:202,24,1,9
BRDA:203,25,0,10
BRDA:203,25,1,4
BRDA:210,26,0,1
BRDA:210,26,1,8
BRDA:210,27,0,9
BRDA:210,27,1,4
BRDA:215,28,0,1
BRDA:215,28,1,7
BRDA:215,29,0,8
BRDA:215,29,1,2
BRDA:228,30,0,1
BRDA:228,30,1,15
BRDA:234,31,0,1
BRDA:234,31,1,13
BRDA:239,32,0,1
BRDA:239,32,1,12
BRDA:275,33,0,5
BRDA:275,33,1,1
BRDA:349,34,0,6
BRDA:349,34,1,0
BRF:70
BRH:66
end_of_record
TN:
SF:src\application\usecases\CreateInvitationUseCase.js
FN:10,(anonymous_0)
FN:22,(anonymous_1)
FN:46,(anonymous_2)
FN:60,(anonymous_3)
FN:70,(anonymous_4)
FN:88,(anonymous_5)
FN:117,(anonymous_6)
FN:124,(anonymous_7)
FN:130,(anonymous_8)
FN:132,(anonymous_9)
FN:170,(anonymous_10)
FN:177,(anonymous_11)
FN:178,(anonymous_12)
FN:179,(anonymous_13)
FN:185,(anonymous_14)
FN:187,(anonymous_15)
FN:203,(anonymous_16)
FN:208,(anonymous_17)
FN:222,(anonymous_18)
FN:224,(anonymous_19)
FN:235,(anonymous_20)
FN:252,(anonymous_21)
FN:313,(anonymous_22)
FN:347,(anonymous_23)
FN:371,(anonymous_24)
FN:398,(anonymous_25)
FNF:26
FNH:24
FNDA:32,(anonymous_0)
FNDA:15,(anonymous_1)
FNDA:20,(anonymous_2)
FNDA:6,(anonymous_3)
FNDA:5,(anonymous_4)
FNDA:20,(anonymous_5)
FNDA:16,(anonymous_6)
FNDA:18,(anonymous_7)
FNDA:0,(anonymous_8)
FNDA:19,(anonymous_9)
FNDA:13,(anonymous_10)
FNDA:1,(anonymous_11)
FNDA:1,(anonymous_12)
FNDA:2,(anonymous_13)
FNDA:0,(anonymous_14)
FNDA:1,(anonymous_15)
FNDA:1,(anonymous_16)
FNDA:1,(anonymous_17)
FNDA:1,(anonymous_18)
FNDA:1,(anonymous_19)
FNDA:1,(anonymous_20)
FNDA:9,(anonymous_21)
FNDA:1,(anonymous_22)
FNDA:1,(anonymous_23)
FNDA:18,(anonymous_24)
FNDA:10,(anonymous_25)
DA:7,1
DA:11,32
DA:12,32
DA:13,32
DA:14,32
DA:23,15
DA:28,15
DA:29,15
DA:30,6
DA:32,5
DA:33,5
DA:35,10
DA:36,10
DA:47,20
DA:48,16
DA:49,15
DA:50,13
DA:51,11
DA:61,6
DA:71,5
DA:76,5
DA:89,20
DA:90,1
DA:94,19
DA:95,18
DA:96,1
DA:97,1
DA:98,1
DA:102,17
DA:105,17
DA:106,17
DA:107,1
DA:118,16
DA:122,16
DA:124,18
DA:126,16
DA:130,0
DA:132,19
DA:135,16
DA:140,1
DA:144,16
DA:145,15
DA:146,15
DA:147,15
DA:152,16
DA:156,16
DA:157,1
DA:162,15
DA:172,13
DA:174,8
DA:175,10
DA:177,10
DA:178,1
DA:179,2
DA:184,1
DA:185,0
DA:187,1
DA:189,1
DA:192,10
DA:193,1
DA:199,12
DA:200,4
DA:203,4
DA:205,4
DA:206,1
DA:208,1
DA:215,12
DA:219,1
DA:222,1
DA:223,1
DA:224,1
DA:228,1
DA:229,1
DA:230,1
DA:235,1
DA:240,1
DA:253,9
DA:254,1
DA:261,8
DA:262,3
DA:263,3
DA:264,2
DA:265,2
DA:271,1
DA:272,1
DA:280,5
DA:286,5
DA:287,5
DA:290,5
DA:291,5
DA:292,5
DA:293,5
DA:294,5
DA:296,0
DA:305,5
DA:306,5
DA:308,5
DA:310,2
DA:313,1
DA:314,1
DA:315,1
DA:322,3
DA:325,3
DA:326,3
DA:327,3
DA:330,2
DA:335,1
DA:345,1
DA:347,1
DA:348,1
DA:357,5
DA:363,5
DA:372,18
DA:373,18
DA:374,18
DA:375,39
DA:376,39
DA:377,38
DA:378,38
DA:379,15
DA:381,23
DA:383,1
DA:385,1
DA:388,2
DA:399,10
DA:405,10
DA:411,10
DA:412,1
DA:415,10
DA:419,1
LF:130
LH:127
BRDA:89,0,0,1
BRDA:89,0,1,19
BRDA:95,1,0,1
BRDA:95,1,1,17
BRDA:106,2,0,1
BRDA:106,2,1,16
BRDA:122,3,0,1
BRDA:122,3,1,15
BRDA:122,4,0,16
BRDA:122,4,1,16
BRDA:126,5,0,16
BRDA:126,5,1,0
BRDA:135,6,0,1
BRDA:135,6,1,15
BRDA:136,7,0,16
BRDA:136,7,1,4
BRDA:136,7,2,4
BRDA:144,8,0,15
BRDA:144,8,1,1
BRDA:144,9,0,16
BRDA:144,9,1,15
BRDA:144,9,2,15
BRDA:152,10,0,16
BRDA:152,10,1,0
BRDA:153,11,0,16
BRDA:153,11,1,16
BRDA:154,12,0,16
BRDA:154,12,1,16
BRDA:156,13,0,1
BRDA:156,13,1,15
BRDA:172,14,0,8
BRDA:172,14,1,5
BRDA:184,15,0,1
BRDA:184,15,1,0
BRDA:189,16,0,1
BRDA:189,16,1,1
BRDA:192,17,0,1
BRDA:192,17,1,9
BRDA:192,18,0,10
BRDA:192,18,1,1
BRDA:199,19,0,4
BRDA:199,19,1,8
BRDA:199,20,0,12
BRDA:199,20,1,4
BRDA:205,21,0,1
BRDA:205,21,1,3
BRDA:215,22,0,1
BRDA:215,22,1,11
BRDA:216,23,0,12
BRDA:216,23,1,1
BRDA:229,24,0,1
BRDA:229,24,1,0
BRDA:253,25,0,1
BRDA:253,25,1,8
BRDA:253,26,0,9
BRDA:253,26,1,9
BRDA:261,27,0,3
BRDA:261,27,1,5
BRDA:305,28,0,5
BRDA:305,28,1,0
BRDA:308,29,0,2
BRDA:308,29,1,3
BRDA:378,30,0,15
BRDA:378,30,1,23
BRDA:407,31,0,10
BRDA:407,31,1,0
BRDA:411,32,0,1
BRDA:411,32,1,9
BRF:68
BRH:62
end_of_record
TN:
SF:src\application\usecases\DeleteInvitationUseCase.js
FN:8,(anonymous_0)
FN:22,(anonymous_1)
FNF:2
FNH:2
FNDA:3,(anonymous_0)
FNDA:3,(anonymous_1)
DA:1,1
DA:9,3
DA:10,3
DA:23,3
DA:29,3
DA:31,3
DA:33,2
DA:34,1
DA:39,1
DA:42,1
DA:44,1
DA:46,1
DA:48,2
DA:49,2
DA:55,2
DA:60,1
LF:16
LH:16
BRDA:22,0,0,2
BRDA:22,1,0,2
BRDA:33,2,0,1
BRDA:33,2,1,1
BRF:4
BRH:4
end_of_record
TN:
SF:src\application\usecases\ExportConfirmationsUseCase.js
FN:7,(anonymous_0)
FN:12,(anonymous_1)
FNF:2
FNH:2
FNDA:5,(anonymous_0)
FNDA:5,(anonymous_1)
DA:8,5
DA:9,5
DA:13,5
DA:15,5
DA:16,5
DA:17,1
DA:18,1
DA:24,4
DA:26,3
DA:28,3
DA:36,1
DA:38,1
DA:44,1
DA:52,1
LF:14
LH:14
BRDA:12,0,0,1
BRDA:16,1,0,1
BRDA:16,1,1,4
BRF:3
BRH:3
end_of_record
TN:
SF:src\application\usecases\ExportInvitationsUseCase.js
FN:7,(anonymous_0)
FN:12,(anonymous_1)
FNF:2
FNH:2
FNDA:3,(anonymous_0)
FNDA:3,(anonymous_1)
DA:8,3
DA:9,3
DA:13,3
DA:15,3
DA:16,3
DA:18,2
DA:23,2
DA:31,1
DA:33,1
DA:39,1
DA:47,1
LF:11
LH:11
BRDA:12,0,0,1
BRF:1
BRH:1
end_of_record
TN:
SF:src\application\usecases\GetConfirmationStatsUseCase.js
FN:7,(anonymous_0)
FN:18,(anonymous_1)
FN:36,(anonymous_2)
FN:40,(anonymous_3)
FN:47,(anonymous_4)
FN:58,(anonymous_5)
FN:61,(anonymous_6)
FN:62,(anonymous_7)
FN:148,(anonymous_8)
FN:153,(anonymous_9)
FN:159,(anonymous_10)
FN:182,(anonymous_11)
FN:187,(anonymous_12)
FN:193,(anonymous_13)
FN:216,(anonymous_14)
FN:221,(anonymous_15)
FN:227,(anonymous_16)
FN:250,(anonymous_17)
FN:255,(anonymous_18)
FN:261,(anonymous_19)
FN:285,(anonymous_20)
FN:304,(anonymous_21)
FN:329,(anonymous_22)
FN:334,(anonymous_23)
FN:336,(anonymous_24)
FNF:25
FNH:25
FNDA:25,(anonymous_0)
FNDA:19,(anonymous_1)
FNDA:5,(anonymous_2)
FNDA:23,(anonymous_3)
FNDA:9,(anonymous_4)
FNDA:7,(anonymous_5)
FNDA:7,(anonymous_6)
FNDA:7,(anonymous_7)
FNDA:2,(anonymous_8)
FNDA:2,(anonymous_9)
FNDA:1,(anonymous_10)
FNDA:2,(anonymous_11)
FNDA:2,(anonymous_12)
FNDA:1,(anonymous_13)
FNDA:2,(anonymous_14)
FNDA:2,(anonymous_15)
FNDA:1,(anonymous_16)
FNDA:2,(anonymous_17)
FNDA:2,(anonymous_18)
FNDA:1,(anonymous_19)
FNDA:4,(anonymous_20)
FNDA:1,(anonymous_21)
FNDA:2,(anonymous_22)
FNDA:2,(anonymous_23)
FNDA:1,(anonymous_24)
DA:8,25
DA:9,25
DA:10,25
DA:20,19
DA:21,0
DA:25,19
DA:29,13
DA:30,0
DA:32,13
DA:36,13
DA:40,23
DA:48,9
DA:50,9
DA:52,9
DA:55,7
DA:58,6
DA:59,7
DA:61,7
DA:62,7
DA:65,6
DA:121,6
DA:123,6
DA:130,3
DA:132,3
DA:137,3
DA:149,2
DA:151,2
DA:152,2
DA:153,2
DA:155,1
DA:157,1
DA:159,1
DA:164,1
DA:166,1
DA:171,1
DA:183,2
DA:185,2
DA:186,2
DA:187,2
DA:189,1
DA:191,1
DA:193,1
DA:198,1
DA:200,1
DA:205,1
DA:217,2
DA:219,2
DA:220,2
DA:221,2
DA:223,1
DA:225,1
DA:227,1
DA:232,1
DA:234,1
DA:239,1
DA:251,2
DA:253,2
DA:254,2
DA:255,2
DA:257,1
DA:259,1
DA:261,1
DA:266,1
DA:268,1
DA:273,1
DA:286,4
DA:288,4
DA:289,4
DA:291,1
DA:292,1
DA:298,3
DA:300,2
DA:302,2
DA:304,1
DA:310,1
DA:312,1
DA:318,1
DA:330,2
DA:332,2
DA:333,2
DA:334,2
DA:335,1
DA:336,1
DA:340,1
DA:342,1
DA:348,1
DA:350,1
DA:355,1
DA:363,1
LF:89
LH:87
BRDA:20,0,0,0
BRDA:20,0,1,19
BRDA:29,1,0,0
BRDA:29,1,1,13
BRDA:103,2,0,5
BRDA:103,2,1,1
BRDA:111,3,0,5
BRDA:111,3,1,1
BRDA:285,4,0,1
BRDA:289,5,0,1
BRDA:289,5,1,3
BRDA:289,6,0,4
BRDA:289,6,1,3
BRF:13
BRH:11
end_of_record
TN:
SF:src\application\usecases\GetConfirmationUseCase.js
FN:6,(anonymous_0)
FN:17,(anonymous_1)
FNF:2
FNH:0
FNDA:0,(anonymous_0)
FNDA:0,(anonymous_1)
DA:7,0
DA:8,0
DA:9,0
DA:18,0
DA:20,0
DA:22,0
DA:23,0
DA:24,0
DA:28,0
DA:30,0
DA:31,0
DA:32,0
DA:35,0
DA:37,0
DA:42,0
DA:43,0
DA:48,0
DA:53,0
LF:18
LH:0
BRDA:22,0,0,0
BRDA:22,0,1,0
BRDA:30,1,0,0
BRDA:30,1,1,0
BRF:4
BRH:0
end_of_record
TN:
SF:src\application\usecases\GetConfirmationsUseCase.js
FN:6,(anonymous_0)
FN:20,(anonymous_1)
FN:56,(anonymous_2)
FN:57,(anonymous_3)
FN:69,(anonymous_4)
FNF:5
FNH:0
FNDA:0,(anonymous_0)
FNDA:0,(anonymous_1)
FNDA:0,(anonymous_2)
FNDA:0,(anonymous_3)
FNDA:0,(anonymous_4)
DA:7,0
DA:8,0
DA:9,0
DA:21,0
DA:28,0
DA:30,0
DA:31,0
DA:33,0
DA:34,0
DA:36,0
DA:37,0
DA:38,0
DA:42,0
DA:45,0
DA:53,0
DA:54,0
DA:56,0
DA:57,0
DA:59,0
DA:62,0
DA:67,0
DA:69,0
DA:73,0
DA:74,0
DA:82,0
DA:87,0
LF:26
LH:0
BRDA:20,0,0,0
BRDA:20,1,0,0
BRDA:33,2,0,0
BRDA:33,2,1,0
BRDA:33,3,0,0
BRDA:33,3,1,0
BRDA:37,4,0,0
BRDA:37,4,1,0
BRDA:37,5,0,0
BRDA:37,5,1,0
BRDA:37,5,2,0
BRDA:53,6,0,0
BRDA:53,6,1,0
BRF:13
BRH:0
end_of_record
TN:
SF:src\application\usecases\GetInvitationStatsUseCase.js
FN:7,(anonymous_0)
FN:12,(anonymous_1)
FNF:2
FNH:0
FNDA:0,(anonymous_0)
FNDA:0,(anonymous_1)
DA:8,0
DA:9,0
DA:13,0
DA:15,0
DA:17,0
DA:21,0
DA:26,0
DA:33,0
DA:85,0
DA:87,0
DA:92,0
DA:94,0
DA:99,0
DA:107,0
LF:14
LH:0
BRDA:21,0,0,0
BRDA:21,0,1,0
BRDA:26,1,0,0
BRDA:26,1,1,0
BRDA:53,2,0,0
BRDA:53,2,1,0
BRDA:61,3,0,0
BRDA:61,3,1,0
BRDA:62,4,0,0
BRDA:62,4,1,0
BRDA:63,5,0,0
BRDA:63,5,1,0
BRDA:64,6,0,0
BRDA:64,6,1,0
BRDA:67,7,0,0
BRDA:67,7,1,0
BRDA:74,8,0,0
BRDA:74,8,1,0
BRDA:75,9,0,0
BRDA:75,9,1,0
BRDA:76,10,0,0
BRDA:76,10,1,0
BRDA:77,11,0,0
BRDA:77,11,1,0
BRF:24
BRH:0
end_of_record
TN:
SF:src\application\usecases\GetInvitationUseCase.js
FN:10,(anonymous_0)
FN:21,(anonymous_1)
FN:56,(anonymous_2)
FN:80,(anonymous_3)
FNF:4
FNH:4
FNDA:8,(anonymous_0)
FNDA:8,(anonymous_1)
FNDA:8,(anonymous_2)
FNDA:6,(anonymous_3)
DA:1,1
DA:2,1
DA:11,8
DA:12,8
DA:13,8
DA:22,8
DA:24,8
DA:25,8
DA:26,8
DA:28,8
DA:29,0
DA:30,0
DA:31,0
DA:34,8
DA:35,2
DA:37,2
DA:38,2
DA:41,2
DA:42,2
DA:44,6
DA:45,6
DA:46,6
DA:57,8
DA:58,2
DA:61,6
DA:63,4
DA:64,1
DA:67,3
DA:68,1
DA:71,2
DA:81,6
DA:89,1
LF:32
LH:29
BRDA:26,0,0,8
BRDA:26,0,1,0
BRDA:28,1,0,0
BRDA:28,1,1,8
BRDA:37,2,0,2
BRDA:37,2,1,0
BRDA:57,3,0,2
BRDA:57,3,1,6
BRDA:57,4,0,8
BRDA:57,4,1,7
BRDA:63,5,0,1
BRDA:63,5,1,3
BRDA:67,6,0,1
BRDA:67,6,1,2
BRF:14
BRH:11
end_of_record
TN:
SF:src\application\usecases\GetInvitationsUseCase.js
FN:6,(anonymous_0)
FN:21,(anonymous_1)
FN:53,(anonymous_2)
FNF:3
FNH:0
FNDA:0,(anonymous_0)
FNDA:0,(anonymous_1)
FNDA:0,(anonymous_2)
DA:7,0
DA:8,0
DA:9,0
DA:22,0
DA:24,0
DA:26,0
DA:27,0
DA:29,0
DA:30,0
DA:33,0
DA:34,0
DA:35,0
DA:39,0
DA:47,0
DA:53,0
DA:55,0
DA:61,0
DA:62,0
DA:66,0
DA:71,0
LF:20
LH:0
BRDA:29,0,0,0
BRDA:29,0,1,0
BRDA:29,1,0,0
BRDA:29,1,1,0
BRDA:34,2,0,0
BRDA:34,2,1,0
BRDA:34,3,0,0
BRDA:34,3,1,0
BRDA:34,3,2,0
BRF:9
BRH:0
end_of_record
TN:
SF:src\application\usecases\RestoreInvitationUseCase.js
FN:10,(anonymous_0)
FN:23,(anonymous_1)
FNF:2
FNH:0
FNDA:0,(anonymous_0)
FNDA:0,(anonymous_1)
DA:1,0
DA:2,0
DA:3,0
DA:11,0
DA:12,0
DA:13,0
DA:24,0
DA:28,0
DA:30,0
DA:31,0
DA:35,0
DA:37,0
DA:38,0
DA:42,0
DA:43,0
DA:44,0
DA:45,0
DA:47,0
DA:48,0
DA:49,0
DA:53,0
DA:56,0
DA:58,0
DA:60,0
DA:62,0
DA:63,0
DA:69,0
DA:74,0
LF:28
LH:0
BRDA:30,0,0,0
BRDA:30,0,1,0
BRDA:37,1,0,0
BRDA:37,1,1,0
BRDA:47,2,0,0
BRDA:47,2,1,0
BRF:6
BRH:0
end_of_record
TN:
SF:src\application\usecases\SearchConfirmationsByNameUseCase.js
FN:6,(anonymous_0)
FN:16,(anonymous_1)
FN:39,(anonymous_2)
FNF:3
FNH:0
FNDA:0,(anonymous_0)
FNDA:0,(anonymous_1)
FNDA:0,(anonymous_2)
DA:7,0
DA:8,0
DA:17,0
DA:22,0
DA:24,0
DA:25,0
DA:26,0
DA:33,0
DA:35,0
DA:37,0
DA:39,0
DA:43,0
DA:44,0
DA:49,0
DA:54,0
LF:15
LH:0
BRDA:24,0,0,0
BRDA:24,0,1,0
BRDA:24,1,0,0
BRDA:24,1,1,0
BRF:4
BRH:0
end_of_record
TN:
SF:src\application\usecases\SearchInvitationsByNameUseCase.js
FN:6,(anonymous_0)
FN:16,(anonymous_1)
FN:33,(anonymous_2)
FNF:3
FNH:0
FNDA:0,(anonymous_0)
FNDA:0,(anonymous_1)
FNDA:0,(anonymous_2)
DA:7,0
DA:8,0
DA:17,0
DA:21,0
DA:23,0
DA:24,0
DA:28,0
DA:30,0
DA:33,0
DA:35,0
DA:41,0
DA:42,0
DA:47,0
DA:52,0
LF:14
LH:0
BRDA:23,0,0,0
BRDA:23,0,1,0
BRDA:23,1,0,0
BRDA:23,1,1,0
BRF:4
BRH:0
end_of_record
TN:
SF:src\application\usecases\UpdateConfirmationUseCase.js
FN:6,(anonymous_0)
FN:26,(anonymous_1)
FN:91,(anonymous_2)
FN:117,(anonymous_3)
FN:132,(anonymous_4)
FN:141,(anonymous_5)
FN:145,(anonymous_6)
FN:146,(anonymous_7)
FN:154,(anonymous_8)
FNF:9
FNH:9
FNDA:7,(anonymous_0)
FNDA:7,(anonymous_1)
FNDA:2,(anonymous_2)
FNDA:2,(anonymous_3)
FNDA:7,(anonymous_4)
FNDA:2,(anonymous_5)
FNDA:2,(anonymous_6)
FNDA:2,(anonymous_7)
FNDA:2,(anonymous_8)
DA:13,7
DA:14,7
DA:15,7
DA:16,7
DA:17,7
DA:27,7
DA:32,7
DA:34,7
DA:37,5
DA:38,4
DA:39,1
DA:43,3
DA:44,3
DA:45,1
DA:49,2
DA:52,2
DA:55,2
DA:62,2
DA:68,2
DA:70,2
DA:71,2
DA:77,5
DA:78,5
DA:83,5
DA:92,2
DA:93,2
DA:94,2
DA:96,2
DA:97,1
DA:102,2
DA:103,1
DA:105,2
DA:106,1
DA:108,2
DA:109,1
DA:111,2
DA:112,1
DA:114,2
DA:118,2
DA:122,2
DA:123,2
DA:124,1
DA:125,1
DA:126,1
DA:128,2
DA:133,7
DA:134,1
DA:136,6
DA:137,1
DA:142,2
DA:143,2
DA:144,1
DA:145,2
DA:146,2
DA:148,2
DA:149,1
DA:151,2
DA:162,1
LF:58
LH:58
BRDA:38,0,0,1
BRDA:38,0,1,3
BRDA:44,1,0,1
BRDA:44,1,1,2
BRDA:93,2,0,2
BRDA:93,2,1,0
BRDA:96,3,0,1
BRDA:96,3,1,1
BRDA:102,4,0,1
BRDA:102,4,1,1
BRDA:105,5,0,1
BRDA:105,5,1,1
BRDA:108,6,0,1
BRDA:108,6,1,1
BRDA:111,7,0,1
BRDA:111,7,1,1
BRDA:118,8,0,2
BRDA:118,8,1,0
BRDA:119,9,0,2
BRDA:119,9,1,0
BRDA:123,10,0,1
BRDA:123,10,1,1
BRDA:125,11,0,1
BRDA:125,11,1,0
BRDA:133,12,0,1
BRDA:133,12,1,6
BRDA:133,13,0,7
BRDA:133,13,1,6
BRDA:136,14,0,1
BRDA:136,14,1,5
BRDA:136,15,0,6
BRDA:136,15,1,5
BRDA:143,16,0,1
BRDA:143,16,1,1
BRDA:148,17,0,1
BRDA:148,17,1,1
BRF:36
BRH:32
end_of_record
TN:
SF:src\application\usecases\UpdateInvitationUseCase.js
FN:7,(anonymous_0)
FN:12,(anonymous_1)
FN:53,(anonymous_2)
FN:66,(anonymous_3)
FNF:4
FNH:4
FNDA:4,(anonymous_0)
FNDA:4,(anonymous_1)
FNDA:2,(anonymous_2)
FNDA:2,(anonymous_3)
DA:1,1
DA:8,4
DA:9,4
DA:13,4
DA:15,4
DA:16,4
DA:18,3
DA:19,1
DA:23,2
DA:25,2
DA:27,2
DA:28,2
DA:34,2
DA:35,2
DA:40,2
DA:55,2
DA:66,2
DA:67,2
DA:68,1
DA:73,2
DA:77,1
LF:21
LH:21
BRDA:18,0,0,1
BRDA:18,0,1,2
BRDA:67,1,0,1
BRDA:67,1,1,1
BRF:4
BRH:4
end_of_record
TN:
SF:src\core\entities\Confirmation.js
FN:11,(anonymous_0)
FN:45,(anonymous_1)
FN:48,(anonymous_2)
FN:51,(anonymous_3)
FN:54,(anonymous_4)
FN:57,(anonymous_5)
FN:60,(anonymous_6)
FN:63,(anonymous_7)
FN:66,(anonymous_8)
FN:76,(anonymous_9)
FN:92,(anonymous_10)
FN:121,(anonymous_11)
FN:127,(anonymous_12)
FN:136,(anonymous_13)
FN:144,(anonymous_14)
FN:157,(anonymous_15)
FN:170,(anonymous_16)
FN:183,(anonymous_17)
FN:191,(anonymous_18)
FN:199,(anonymous_19)
FN:207,(anonymous_20)
FN:215,(anonymous_21)
FN:223,(anonymous_22)
FN:231,(anonymous_23)
FN:239,(anonymous_24)
FN:252,(anonymous_25)
FN:270,(anonymous_26)
FN:280,(anonymous_27)
FN:298,(anonymous_28)
FN:312,(anonymous_29)
FN:377,(anonymous_30)
FN:386,(anonymous_31)
FN:394,(anonymous_32)
FNF:33
FNH:33
FNDA:69,(anonymous_0)
FNDA:8,(anonymous_1)
FNDA:9,(anonymous_2)
FNDA:8,(anonymous_3)
FNDA:26,(anonymous_4)
FNDA:6,(anonymous_5)
FNDA:6,(anonymous_6)
FNDA:6,(anonymous_7)
FNDA:3,(anonymous_8)
FNDA:2,(anonymous_9)
FNDA:6,(anonymous_10)
FNDA:4,(anonymous_11)
FNDA:9,(anonymous_12)
FNDA:4,(anonymous_13)
FNDA:3,(anonymous_14)
FNDA:3,(anonymous_15)
FNDA:3,(anonymous_16)
FNDA:2,(anonymous_17)
FNDA:2,(anonymous_18)
FNDA:2,(anonymous_19)
FNDA:2,(anonymous_20)
FNDA:2,(anonymous_21)
FNDA:2,(anonymous_22)
FNDA:3,(anonymous_23)
FNDA:5,(anonymous_24)
FNDA:14,(anonymous_25)
FNDA:1,(anonymous_26)
FNDA:1,(anonymous_27)
FNDA:1,(anonymous_28)
FNDA:70,(anonymous_29)
FNDA:1,(anonymous_30)
FNDA:3,(anonymous_31)
FNDA:2,(anonymous_32)
DA:7,2
DA:8,2
DA:22,69
DA:34,54
DA:35,54
DA:36,54
DA:37,54
DA:38,54
DA:39,54
DA:40,54
DA:41,54
DA:46,8
DA:49,9
DA:52,8
DA:55,26
DA:58,6
DA:61,6
DA:64,6
DA:67,3
DA:77,2
DA:80,2
DA:81,2
DA:82,2
DA:85,2
DA:93,6
DA:94,2
DA:97,4
DA:98,0
DA:103,4
DA:104,1
DA:107,3
DA:110,3
DA:111,1
DA:114,3
DA:122,4
DA:123,1
DA:126,3
DA:127,9
DA:130,3
DA:131,1
DA:136,4
DA:137,2
DA:145,3
DA:146,1
DA:149,2
DA:150,2
DA:158,3
DA:159,1
DA:162,2
DA:163,2
DA:171,3
DA:172,1
DA:175,2
DA:176,2
DA:184,2
DA:192,2
DA:200,2
DA:208,2
DA:216,2
DA:224,2
DA:232,3
DA:240,5
DA:241,2
DA:244,3
DA:245,3
DA:253,14
DA:271,1
DA:281,1
DA:299,1
DA:321,70
DA:323,70
DA:324,3
DA:329,67
DA:330,2
DA:333,65
DA:334,3
DA:337,62
DA:338,1
DA:341,61
DA:342,1
DA:345,60
DA:346,1
DA:349,59
DA:350,1
DA:354,58
DA:355,1
DA:360,57
DA:361,1
DA:366,56
DA:367,1
DA:378,1
DA:387,3
DA:395,2
DA:399,2
LF:94
LH:93
BRDA:13,0,0,7
BRDA:14,1,0,9
BRDA:15,2,0,38
BRDA:16,3,0,61
BRDA:17,4,0,61
BRDA:18,5,0,57
BRDA:19,6,0,67
BRDA:20,7,0,62
BRDA:37,8,0,54
BRDA:37,8,1,0
BRDA:41,9,0,54
BRDA:41,9,1,52
BRDA:80,10,0,2
BRDA:80,10,1,0
BRDA:92,11,0,6
BRDA:93,12,0,2
BRDA:93,12,1,4
BRDA:93,13,0,6
BRDA:93,13,1,5
BRDA:97,14,0,0
BRDA:97,14,1,4
BRDA:103,15,0,1
BRDA:103,15,1,3
BRDA:103,16,0,4
BRDA:103,16,1,1
BRDA:110,17,0,1
BRDA:110,17,1,2
BRDA:122,18,0,1
BRDA:122,18,1,3
BRDA:127,19,0,9
BRDA:127,19,1,9
BRDA:130,20,0,1
BRDA:130,20,1,2
BRDA:145,21,0,1
BRDA:145,21,1,2
BRDA:145,22,0,3
BRDA:145,22,1,2
BRDA:149,23,0,2
BRDA:149,23,1,1
BRDA:158,24,0,1
BRDA:158,24,1,2
BRDA:158,25,0,3
BRDA:158,25,1,2
BRDA:162,26,0,2
BRDA:162,26,1,1
BRDA:171,27,0,1
BRDA:171,27,1,2
BRDA:171,28,0,3
BRDA:171,28,1,2
BRDA:175,29,0,2
BRDA:175,29,1,1
BRDA:240,30,0,2
BRDA:240,30,1,3
BRDA:244,31,0,2
BRDA:244,31,1,1
BRDA:280,32,0,0
BRDA:298,33,0,0
BRDA:298,34,0,0
BRDA:323,35,0,3
BRDA:323,35,1,67
BRDA:323,36,0,70
BRDA:323,36,1,68
BRDA:329,37,0,2
BRDA:329,37,1,65
BRDA:333,38,0,3
BRDA:333,38,1,62
BRDA:333,39,0,65
BRDA:333,39,1,63
BRDA:337,40,0,1
BRDA:337,40,1,61
BRDA:337,41,0,62
BRDA:337,41,1,62
BRDA:341,42,0,1
BRDA:341,42,1,60
BRDA:341,43,0,61
BRDA:341,43,1,6
BRDA:345,44,0,1
BRDA:345,44,1,59
BRDA:345,45,0,60
BRDA:345,45,1,6
BRDA:349,46,0,1
BRDA:349,46,1,58
BRDA:349,47,0,59
BRDA:349,47,1,10
BRDA:354,48,0,1
BRDA:354,48,1,57
BRDA:354,49,0,58
BRDA:354,49,1,11
BRDA:360,50,0,1
BRDA:360,50,1,56
BRDA:360,51,0,57
BRDA:360,51,1,57
BRDA:366,52,0,1
BRDA:366,52,1,55
BRDA:366,53,0,56
BRDA:366,53,1,55
BRDA:387,54,0,3
BRDA:387,54,1,2
BRF:98
BRH:92
end_of_record
TN:
SF:src\core\entities\Invitation.js
FN:12,(anonymous_0)
FN:53,(anonymous_1)
FN:54,(anonymous_2)
FN:81,(anonymous_3)
FN:84,(anonymous_4)
FN:87,(anonymous_5)
FN:90,(anonymous_6)
FN:93,(anonymous_7)
FN:96,(anonymous_8)
FN:99,(anonymous_9)
FN:102,(anonymous_10)
FN:105,(anonymous_11)
FN:108,(anonymous_12)
FN:111,(anonymous_13)
FN:114,(anonymous_14)
FN:117,(anonymous_15)
FN:120,(anonymous_16)
FN:123,(anonymous_17)
FN:126,(anonymous_18)
FN:129,(anonymous_19)
FN:132,(anonymous_20)
FN:135,(anonymous_21)
FN:138,(anonymous_22)
FN:148,(anonymous_23)
FN:227,(anonymous_24)
FN:235,(anonymous_25)
FN:287,(anonymous_26)
FN:302,(anonymous_27)
FN:318,(anonymous_28)
FN:330,(anonymous_29)
FN:348,(anonymous_30)
FN:356,(anonymous_31)
FN:369,(anonymous_32)
FN:389,(anonymous_33)
FN:399,(anonymous_34)
FN:407,(anonymous_35)
FN:415,(anonymous_36)
FN:423,(anonymous_37)
FN:431,(anonymous_38)
FN:439,(anonymous_39)
FN:479,(anonymous_40)
FN:487,(anonymous_41)
FN:502,(anonymous_42)
FN:512,(anonymous_43)
FN:542,(anonymous_44)
FN:549,(anonymous_45)
FN:563,(anonymous_46)
FN:574,(anonymous_47)
FN:598,(anonymous_48)
FN:626,(anonymous_49)
FN:635,(anonymous_50)
FN:643,(anonymous_51)
FN:651,(anonymous_52)
FNF:53
FNH:48
FNDA:84,(anonymous_0)
FNDA:120,(anonymous_1)
FNDA:1,(anonymous_2)
FNDA:55,(anonymous_3)
FNDA:29,(anonymous_4)
FNDA:35,(anonymous_5)
FNDA:23,(anonymous_6)
FNDA:19,(anonymous_7)
FNDA:20,(anonymous_8)
FNDA:20,(anonymous_9)
FNDA:18,(anonymous_10)
FNDA:20,(anonymous_11)
FNDA:19,(anonymous_12)
FNDA:19,(anonymous_13)
FNDA:20,(anonymous_14)
FNDA:29,(anonymous_15)
FNDA:20,(anonymous_16)
FNDA:21,(anonymous_17)
FNDA:21,(anonymous_18)
FNDA:19,(anonymous_19)
FNDA:19,(anonymous_20)
FNDA:19,(anonymous_21)
FNDA:19,(anonymous_22)
FNDA:2,(anonymous_23)
FNDA:0,(anonymous_24)
FNDA:17,(anonymous_25)
FNDA:1,(anonymous_26)
FNDA:2,(anonymous_27)
FNDA:3,(anonymous_28)
FNDA:1,(anonymous_29)
FNDA:0,(anonymous_30)
FNDA:2,(anonymous_31)
FNDA:2,(anonymous_32)
FNDA:17,(anonymous_33)
FNDA:35,(anonymous_34)
FNDA:2,(anonymous_35)
FNDA:2,(anonymous_36)
FNDA:0,(anonymous_37)
FNDA:13,(anonymous_38)
FNDA:8,(anonymous_39)
FNDA:2,(anonymous_40)
FNDA:1,(anonymous_41)
FNDA:0,(anonymous_42)
FNDA:17,(anonymous_43)
FNDA:1,(anonymous_44)
FNDA:0,(anonymous_45)
FNDA:85,(anonymous_46)
FNDA:124,(anonymous_47)
FNDA:80,(anonymous_48)
FNDA:1,(anonymous_49)
FNDA:2,(anonymous_50)
FNDA:1,(anonymous_51)
FNDA:3,(anonymous_52)
DA:7,3
DA:8,3
DA:9,3
DA:33,84
DA:51,78
DA:52,78
DA:53,120
DA:54,1
DA:55,78
DA:56,78
DA:57,78
DA:58,78
DA:59,78
DA:61,78
DA:62,78
DA:63,78
DA:64,78
DA:65,78
DA:66,78
DA:67,78
DA:68,78
DA:69,78
DA:72,78
DA:73,78
DA:74,78
DA:77,78
DA:82,55
DA:85,29
DA:88,35
DA:91,23
DA:94,19
DA:97,20
DA:100,20
DA:103,18
DA:106,20
DA:109,19
DA:112,19
DA:115,20
DA:118,29
DA:121,20
DA:124,21
DA:127,21
DA:130,19
DA:133,19
DA:136,19
DA:139,19
DA:149,2
DA:150,2
DA:155,2
DA:156,2
DA:159,2
DA:160,2
DA:163,2
DA:164,2
DA:167,2
DA:168,2
DA:170,2
DA:171,2
DA:173,2
DA:174,2
DA:178,2
DA:179,2
DA:182,2
DA:183,1
DA:186,2
DA:187,1
DA:190,2
DA:191,1
DA:196,2
DA:197,1
DA:200,1
DA:201,1
DA:204,1
DA:205,0
DA:206,0
DA:208,0
DA:213,2
DA:214,1
DA:218,2
DA:220,2
DA:228,0
DA:238,17
DA:242,17
DA:243,1
DA:246,16
DA:247,1
DA:250,15
DA:251,1
DA:254,14
DA:257,14
DA:258,6
DA:261,14
DA:262,6
DA:265,14
DA:266,1
DA:270,14
DA:273,14
DA:274,1
DA:275,13
DA:276,8
DA:278,5
DA:281,14
DA:288,1
DA:289,1
DA:290,1
DA:292,1
DA:303,2
DA:304,2
DA:305,2
DA:306,2
DA:307,2
DA:308,2
DA:310,2
DA:319,3
DA:320,3
DA:321,3
DA:322,3
DA:324,3
DA:331,1
DA:332,1
DA:333,1
DA:335,1
DA:336,0
DA:338,1
DA:341,1
DA:349,0
DA:357,2
DA:358,1
DA:361,1
DA:362,1
DA:370,2
DA:372,2
DA:373,1
DA:378,1
DA:379,1
DA:380,1
DA:382,1
DA:392,17
DA:400,35
DA:408,2
DA:416,2
DA:424,0
DA:432,13
DA:445,8
DA:447,8
DA:448,4
DA:452,4
DA:453,0
DA:457,4
DA:460,8
DA:461,3
DA:464,8
DA:465,3
DA:468,8
DA:469,4
DA:472,8
DA:480,2
DA:488,1
DA:503,0
DA:513,17
DA:543,1
DA:550,0
DA:556,0
DA:564,85
DA:566,85
DA:567,1
DA:570,84
DA:571,82
DA:572,1
DA:574,124
DA:575,1
DA:577,2
DA:578,1
DA:579,0
DA:582,1
DA:585,81
DA:586,1
DA:589,80
DA:590,1
DA:599,80
DA:601,80
DA:602,1
DA:607,79
DA:610,64
DA:611,64
DA:612,64
DA:614,0
DA:627,1
DA:636,2
DA:644,1
DA:652,3
DA:653,3
DA:656,3
DA:657,1
DA:660,3
DA:661,1
DA:664,3
DA:665,1
DA:669,3
DA:670,2
DA:674,3
DA:675,1
DA:676,2
DA:677,1
DA:678,1
DA:679,1
DA:682,3
DA:686,3
LF:208
LH:195
BRDA:13,0,0,0
BRDA:14,1,0,0
BRDA:15,2,0,0
BRDA:16,3,0,44
BRDA:17,4,0,82
BRDA:18,5,0,80
BRDA:19,6,0,82
BRDA:20,7,0,71
BRDA:21,8,0,71
BRDA:22,9,0,71
BRDA:23,10,0,81
BRDA:24,11,0,76
BRDA:25,12,0,82
BRDA:26,13,0,82
BRDA:27,14,0,82
BRDA:28,15,0,82
BRDA:29,16,0,82
BRDA:30,17,0,82
BRDA:31,18,0,82
BRDA:51,19,0,78
BRDA:51,19,1,0
BRDA:52,20,0,77
BRDA:52,20,1,1
BRDA:56,21,0,78
BRDA:56,21,1,41
BRDA:57,22,0,78
BRDA:57,22,1,76
BRDA:61,23,0,78
BRDA:61,23,1,0
BRDA:62,24,0,78
BRDA:62,24,1,78
BRDA:63,25,0,78
BRDA:63,25,1,78
BRDA:69,26,0,78
BRDA:69,26,1,0
BRDA:149,27,0,2
BRDA:149,27,1,0
BRDA:150,28,0,1
BRDA:150,28,1,1
BRDA:155,29,0,2
BRDA:155,29,1,0
BRDA:159,30,0,2
BRDA:159,30,1,0
BRDA:163,31,0,2
BRDA:163,31,1,0
BRDA:167,32,0,2
BRDA:167,32,1,0
BRDA:170,33,0,2
BRDA:170,33,1,0
BRDA:173,34,0,2
BRDA:173,34,1,0
BRDA:178,35,0,2
BRDA:178,35,1,0
BRDA:182,36,0,1
BRDA:182,36,1,1
BRDA:186,37,0,1
BRDA:186,37,1,1
BRDA:190,38,0,1
BRDA:190,38,1,1
BRDA:191,39,0,0
BRDA:191,39,1,1
BRDA:196,40,0,1
BRDA:196,40,1,1
BRDA:200,41,0,1
BRDA:200,41,1,0
BRDA:200,42,0,1
BRDA:200,42,1,1
BRDA:201,43,0,1
BRDA:201,43,1,0
BRDA:205,44,0,0
BRDA:205,44,1,0
BRDA:213,45,0,1
BRDA:213,45,1,1
BRDA:238,46,0,11
BRDA:238,46,1,6
BRDA:242,47,0,1
BRDA:242,47,1,16
BRDA:242,48,0,17
BRDA:242,48,1,1
BRDA:246,49,0,1
BRDA:246,49,1,15
BRDA:250,50,0,1
BRDA:250,50,1,14
BRDA:257,51,0,6
BRDA:257,51,1,8
BRDA:261,52,0,6
BRDA:261,52,1,8
BRDA:265,53,0,1
BRDA:265,53,1,13
BRDA:270,54,0,14
BRDA:270,54,1,8
BRDA:273,55,0,1
BRDA:273,55,1,13
BRDA:275,56,0,8
BRDA:275,56,1,5
BRDA:302,57,0,0
BRDA:302,58,0,0
BRDA:318,59,0,2
BRDA:318,60,0,2
BRDA:335,61,0,0
BRDA:335,61,1,1
BRDA:336,62,0,0
BRDA:336,62,1,0
BRDA:357,63,0,1
BRDA:357,63,1,1
BRDA:357,64,0,2
BRDA:357,64,1,2
BRDA:357,64,2,2
BRDA:370,65,0,2
BRDA:370,65,1,0
BRDA:370,66,0,2
BRDA:370,66,1,1
BRDA:370,67,0,2
BRDA:370,67,1,1
BRDA:372,68,0,1
BRDA:372,68,1,1
BRDA:378,69,0,1
BRDA:378,69,1,0
BRDA:379,70,0,1
BRDA:379,70,1,1
BRDA:380,71,0,1
BRDA:380,71,1,1
BRDA:392,72,0,17
BRDA:392,72,1,16
BRDA:400,73,0,35
BRDA:400,73,1,33
BRDA:416,74,0,2
BRDA:416,74,1,1
BRDA:424,75,0,0
BRDA:424,75,1,0
BRDA:447,76,0,4
BRDA:447,76,1,4
BRDA:448,77,0,3
BRDA:448,77,1,1
BRDA:452,78,0,0
BRDA:452,78,1,4
BRDA:460,79,0,3
BRDA:460,79,1,5
BRDA:464,80,0,3
BRDA:464,80,1,5
BRDA:468,81,0,4
BRDA:468,81,1,4
BRDA:480,82,0,2
BRDA:480,82,1,0
BRDA:492,83,0,1
BRDA:492,83,1,0
BRDA:503,84,0,0
BRDA:503,84,1,0
BRDA:566,85,0,1
BRDA:566,85,1,84
BRDA:566,86,0,85
BRDA:566,86,1,84
BRDA:566,86,2,84
BRDA:570,87,0,82
BRDA:570,87,1,2
BRDA:571,88,0,1
BRDA:571,88,1,81
BRDA:574,89,0,1
BRDA:574,89,1,80
BRDA:574,90,0,124
BRDA:574,90,1,124
BRDA:577,91,0,1
BRDA:577,91,1,1
BRDA:578,92,0,0
BRDA:578,92,1,1
BRDA:585,93,0,1
BRDA:585,93,1,80
BRDA:585,94,0,81
BRDA:585,94,1,81
BRDA:589,95,0,1
BRDA:589,95,1,79
BRDA:589,96,0,80
BRDA:589,96,1,38
BRDA:601,97,0,1
BRDA:601,97,1,79
BRDA:607,98,0,64
BRDA:607,98,1,15
BRDA:610,99,0,64
BRDA:610,99,1,0
BRDA:612,100,0,0
BRDA:612,100,1,64
BRDA:636,101,0,2
BRDA:636,101,1,2
BRDA:652,102,0,3
BRDA:652,102,1,0
BRDA:656,103,0,1
BRDA:656,103,1,2
BRDA:660,104,0,1
BRDA:660,104,1,2
BRDA:664,105,0,1
BRDA:664,105,1,2
BRDA:669,106,0,2
BRDA:669,106,1,1
BRDA:669,107,0,3
BRDA:669,107,1,3
BRDA:670,108,0,2
BRDA:670,108,1,2
BRDA:674,109,0,1
BRDA:674,109,1,2
BRDA:674,110,0,3
BRDA:674,110,1,2
BRDA:676,111,0,1
BRDA:676,111,1,1
BRDA:678,112,0,1
BRDA:678,112,1,0
BRF:205
BRH:167
end_of_record
TN:
SF:src\core\repositories\IConfirmationRepository.js
FN:16,(anonymous_0)
FN:26,(anonymous_1)
FN:39,(anonymous_2)
FN:50,(anonymous_3)
FN:60,(anonymous_4)
FN:70,(anonymous_5)
FN:80,(anonymous_6)
FN:89,(anonymous_7)
FN:98,(anonymous_8)
FN:107,(anonymous_9)
FN:116,(anonymous_10)
FN:125,(anonymous_11)
FN:135,(anonymous_12)
FN:145,(anonymous_13)
FN:158,(anonymous_14)
FN:168,(anonymous_15)
FN:177,(anonymous_16)
FN:187,(anonymous_17)
FN:198,(anonymous_18)
FNF:19
FNH:0
FNDA:0,(anonymous_0)
FNDA:0,(anonymous_1)
FNDA:0,(anonymous_2)
FNDA:0,(anonymous_3)
FNDA:0,(anonymous_4)
FNDA:0,(anonymous_5)
FNDA:0,(anonymous_6)
FNDA:0,(anonymous_7)
FNDA:0,(anonymous_8)
FNDA:0,(anonymous_9)
FNDA:0,(anonymous_10)
FNDA:0,(anonymous_11)
FNDA:0,(anonymous_12)
FNDA:0,(anonymous_13)
FNDA:0,(anonymous_14)
FNDA:0,(anonymous_15)
FNDA:0,(anonymous_16)
FNDA:0,(anonymous_17)
FNDA:0,(anonymous_18)
DA:17,0
DA:27,0
DA:40,0
DA:51,0
DA:61,0
DA:71,0
DA:81,0
DA:90,0
DA:99,0
DA:108,0
DA:117,0
DA:126,0
DA:136,0
DA:146,0
DA:159,0
DA:169,0
DA:178,0
DA:188,0
DA:199,0
DA:203,0
LF:20
LH:0
BRDA:39,0,0,0
BRDA:145,1,0,0
BRDA:158,2,0,0
BRDA:158,3,0,0
BRDA:158,4,0,0
BRDA:158,5,0,0
BRDA:168,6,0,0
BRDA:187,7,0,0
BRF:8
BRH:0
end_of_record
TN:
SF:src\core\repositories\IInvitationRepository.js
FN:16,(anonymous_0)
FN:26,(anonymous_1)
FN:38,(anonymous_2)
FN:49,(anonymous_3)
FN:61,(anonymous_4)
FN:71,(anonymous_5)
FN:81,(anonymous_6)
FN:91,(anonymous_7)
FN:101,(anonymous_8)
FN:110,(anonymous_9)
FN:120,(anonymous_10)
FN:130,(anonymous_11)
FN:140,(anonymous_12)
FN:150,(anonymous_13)
FN:163,(anonymous_14)
FNF:15
FNH:0
FNDA:0,(anonymous_0)
FNDA:0,(anonymous_1)
FNDA:0,(anonymous_2)
FNDA:0,(anonymous_3)
FNDA:0,(anonymous_4)
FNDA:0,(anonymous_5)
FNDA:0,(anonymous_6)
FNDA:0,(anonymous_7)
FNDA:0,(anonymous_8)
FNDA:0,(anonymous_9)
FNDA:0,(anonymous_10)
FNDA:0,(anonymous_11)
FNDA:0,(anonymous_12)
FNDA:0,(anonymous_13)
FNDA:0,(anonymous_14)
DA:17,0
DA:27,0
DA:39,0
DA:50,0
DA:62,0
DA:72,0
DA:82,0
DA:92,0
DA:102,0
DA:111,0
DA:121,0
DA:131,0
DA:141,0
DA:151,0
DA:164,0
DA:168,0
LF:16
LH:0
BRDA:38,0,0,0
BRDA:61,1,0,0
BRDA:61,2,0,0
BRDA:130,3,0,0
BRDA:150,4,0,0
BRDA:163,5,0,0
BRDA:163,6,0,0
BRDA:163,7,0,0
BRDA:163,8,0,0
BRF:9
BRH:0
end_of_record
TN:
SF:src\infrastructure\database\init-db.js
FN:6,initDatabase
FN:70,(anonymous_1)
FN:71,(anonymous_2)
FNF:3
FNH:0
FNDA:0,initDatabase
FNDA:0,(anonymous_1)
FNDA:0,(anonymous_2)
DA:1,0
DA:7,0
DA:9,0
DA:10,0
DA:13,0
DA:40,0
DA:55,0
DA:60,0
DA:62,0
DA:63,0
DA:68,0
DA:69,0
DA:70,0
DA:71,0
DA:74,0
LF:15
LH:0
BRDA:68,0,0,0
BRDA:68,0,1,0
BRF:2
BRH:0
end_of_record
TN:
SF:src\infrastructure\database\migrate-csv-to-sqlite.js
FN:10,migrate
FN:35,(anonymous_1)
FN:39,(anonymous_2)
FN:53,(anonymous_3)
FN:93,(anonymous_4)
FN:124,(anonymous_5)
FN:125,(anonymous_6)
FNF:7
FNH:0
FNDA:0,migrate
FNDA:0,(anonymous_1)
FNDA:0,(anonymous_2)
FNDA:0,(anonymous_3)
FNDA:0,(anonymous_4)
FNDA:0,(anonymous_5)
FNDA:0,(anonymous_6)
DA:1,0
DA:2,0
DA:3,0
DA:4,0
DA:5,0
DA:6,0
DA:7,0
DA:8,0
DA:11,0
DA:13,0
DA:15,0
DA:16,0
DA:18,0
DA:19,0
DA:22,0
DA:23,0
DA:24,0
DA:25,0
DA:27,0
DA:33,0
DA:35,0
DA:37,0
DA:39,0
DA:53,0
DA:60,0
DA:61,0
DA:62,0
DA:63,0
DA:66,0
DA:70,0
DA:71,0
DA:72,0
DA:73,0
DA:75,0
DA:81,0
DA:83,0
DA:84,0
DA:86,0
DA:87,0
DA:89,0
DA:93,0
DA:100,0
DA:101,0
DA:102,0
DA:104,0
DA:105,0
DA:109,0
DA:111,0
DA:114,0
DA:116,0
DA:117,0
DA:122,0
DA:123,0
DA:124,0
DA:125,0
DA:128,0
LF:56
LH:0
BRDA:23,0,0,0
BRDA:23,0,1,0
BRDA:39,1,0,0
BRDA:39,1,1,0
BRDA:40,2,0,0
BRDA:40,2,1,0
BRDA:41,3,0,0
BRDA:41,3,1,0
BRDA:42,4,0,0
BRDA:42,4,1,0
BRDA:43,5,0,0
BRDA:43,5,1,0
BRDA:44,6,0,0
BRDA:44,6,1,0
BRDA:45,7,0,0
BRDA:45,7,1,0
BRDA:46,8,0,0
BRDA:46,8,1,0
BRDA:47,9,0,0
BRDA:47,9,1,0
BRDA:48,10,0,0
BRDA:48,10,1,0
BRDA:49,11,0,0
BRDA:49,11,1,0
BRDA:50,12,0,0
BRDA:50,12,1,0
BRDA:51,13,0,0
BRDA:51,13,1,0
BRDA:52,14,0,0
BRDA:52,14,1,0
BRDA:53,15,0,0
BRDA:53,15,1,0
BRDA:54,16,0,0
BRDA:54,16,1,0
BRDA:55,17,0,0
BRDA:55,17,1,0
BRDA:56,18,0,0
BRDA:56,18,1,0
BRDA:62,19,0,0
BRDA:62,19,1,0
BRDA:71,20,0,0
BRDA:71,20,1,0
BRDA:90,21,0,0
BRDA:90,21,1,0
BRDA:91,22,0,0
BRDA:91,22,1,0
BRDA:91,22,2,0
BRDA:92,23,0,0
BRDA:92,23,1,0
BRDA:92,24,0,0
BRDA:92,24,1,0
BRDA:93,25,0,0
BRDA:93,25,1,0
BRDA:93,26,0,0
BRDA:93,26,1,0
BRDA:94,27,0,0
BRDA:94,27,1,0
BRDA:95,28,0,0
BRDA:95,28,1,0
BRDA:95,28,2,0
BRDA:96,29,0,0
BRDA:96,29,1,0
BRDA:96,29,2,0
BRDA:97,30,0,0
BRDA:97,30,1,0
BRDA:97,30,2,0
BRDA:105,31,0,0
BRDA:105,31,1,0
BRDA:122,32,0,0
BRDA:122,32,1,0
BRF:70
BRH:0
end_of_record
TN:
SF:src\infrastructure\database\sqlite-connection.js
FN:12,getDbConnection
FN:33,closeDbConnection
FNF:2
FNH:0
FNDA:0,getDbConnection
FNDA:0,closeDbConnection
DA:1,0
DA:2,0
DA:3,0
DA:4,0
DA:6,0
DA:13,0
DA:14,0
DA:17,0
DA:19,0
DA:25,0
DA:27,0
DA:34,0
DA:35,0
DA:36,0
DA:40,0
LF:15
LH:0
BRDA:13,0,0,0
BRDA:13,0,1,0
BRDA:17,1,0,0
BRDA:17,1,1,0
BRDA:34,2,0,0
BRDA:34,2,1,0
BRF:6
BRH:0
end_of_record
TN:
SF:src\infrastructure\repositories\CsvConfirmationRepository.js
FN:11,(anonymous_0)
FN:32,(anonymous_1)
FN:70,(anonymous_2)
FN:73,(anonymous_3)
FN:88,(anonymous_4)
FN:95,(anonymous_5)
FN:102,(anonymous_6)
FN:109,(anonymous_7)
FN:129,(anonymous_8)
FN:132,(anonymous_9)
FN:165,(anonymous_10)
FN:168,(anonymous_11)
FN:197,(anonymous_12)
FN:200,(anonymous_13)
FN:215,(anonymous_14)
FN:220,(anonymous_15)
FN:221,(anonymous_16)
FN:236,(anonymous_17)
FN:251,(anonymous_18)
FN:266,(anonymous_19)
FN:269,(anonymous_20)
FN:282,(anonymous_21)
FN:285,(anonymous_22)
FN:298,(anonymous_23)
FN:302,(anonymous_24)
FN:303,(anonymous_25)
FN:309,(anonymous_26)
FN:310,(anonymous_27)
FN:312,(anonymous_28)
FN:313,(anonymous_29)
FN:316,(anonymous_30)
FN:335,(anonymous_31)
FN:353,(anonymous_32)
FN:374,(anonymous_33)
FN:381,(anonymous_34)
FN:429,(anonymous_35)
FN:433,(anonymous_36)
FN:452,(anonymous_37)
FN:455,(anonymous_38)
FN:469,(anonymous_39)
FN:490,(anonymous_40)
FN:511,(anonymous_41)
FN:543,(anonymous_42)
FN:545,(anonymous_43)
FN:563,(anonymous_44)
FN:593,(anonymous_45)
FN:620,(anonymous_46)
FN:654,(anonymous_47)
FN:692,(anonymous_48)
FNF:49
FNH:0
FNDA:0,(anonymous_0)
FNDA:0,(anonymous_1)
FNDA:0,(anonymous_2)
FNDA:0,(anonymous_3)
FNDA:0,(anonymous_4)
FNDA:0,(anonymous_5)
FNDA:0,(anonymous_6)
FNDA:0,(anonymous_7)
FNDA:0,(anonymous_8)
FNDA:0,(anonymous_9)
FNDA:0,(anonymous_10)
FNDA:0,(anonymous_11)
FNDA:0,(anonymous_12)
FNDA:0,(anonymous_13)
FNDA:0,(anonymous_14)
FNDA:0,(anonymous_15)
FNDA:0,(anonymous_16)
FNDA:0,(anonymous_17)
FNDA:0,(anonymous_18)
FNDA:0,(anonymous_19)
FNDA:0,(anonymous_20)
FNDA:0,(anonymous_21)
FNDA:0,(anonymous_22)
FNDA:0,(anonymous_23)
FNDA:0,(anonymous_24)
FNDA:0,(anonymous_25)
FNDA:0,(anonymous_26)
FNDA:0,(anonymous_27)
FNDA:0,(anonymous_28)
FNDA:0,(anonymous_29)
FNDA:0,(anonymous_30)
FNDA:0,(anonymous_31)
FNDA:0,(anonymous_32)
FNDA:0,(anonymous_33)
FNDA:0,(anonymous_34)
FNDA:0,(anonymous_35)
FNDA:0,(anonymous_36)
FNDA:0,(anonymous_37)
FNDA:0,(anonymous_38)
FNDA:0,(anonymous_39)
FNDA:0,(anonymous_40)
FNDA:0,(anonymous_41)
FNDA:0,(anonymous_42)
FNDA:0,(anonymous_43)
FNDA:0,(anonymous_44)
FNDA:0,(anonymous_45)
FNDA:0,(anonymous_46)
FNDA:0,(anonymous_47)
FNDA:0,(anonymous_48)
DA:7,0
DA:8,0
DA:12,0
DA:13,0
DA:14,0
DA:15,0
DA:33,0
DA:35,0
DA:36,0
DA:37,0
DA:41,0
DA:44,0
DA:47,0
DA:49,0
DA:55,0
DA:57,0
DA:61,0
DA:71,0
DA:72,0
DA:73,0
DA:75,0
DA:79,0
DA:89,0
DA:90,0
DA:93,0
DA:94,0
DA:95,0
DA:99,0
DA:100,0
DA:101,0
DA:102,0
DA:106,0
DA:107,0
DA:108,0
DA:109,0
DA:113,0
DA:115,0
DA:119,0
DA:130,0
DA:131,0
DA:132,0
DA:134,0
DA:135,0
DA:139,0
DA:142,0
DA:144,0
DA:150,0
DA:152,0
DA:156,0
DA:166,0
DA:167,0
DA:168,0
DA:170,0
DA:171,0
DA:175,0
DA:178,0
DA:180,0
DA:182,0
DA:184,0
DA:188,0
DA:198,0
DA:199,0
DA:200,0
DA:202,0
DA:206,0
DA:216,0
DA:217,0
DA:218,0
DA:220,0
DA:221,0
DA:224,0
DA:228,0
DA:237,0
DA:238,0
DA:240,0
DA:243,0
DA:252,0
DA:253,0
DA:255,0
DA:258,0
DA:267,0
DA:268,0
DA:269,0
DA:271,0
DA:274,0
DA:283,0
DA:284,0
DA:285,0
DA:287,0
DA:290,0
DA:299,0
DA:300,0
DA:302,0
DA:303,0
DA:305,0
DA:309,0
DA:310,0
DA:312,0
DA:313,0
DA:316,0
DA:321,0
DA:323,0
DA:326,0
DA:336,0
DA:337,0
DA:338,0
DA:340,0
DA:344,0
DA:354,0
DA:355,0
DA:356,0
DA:358,0
DA:362,0
DA:375,0
DA:376,0
DA:379,0
DA:380,0
DA:381,0
DA:382,0
DA:383,0
DA:385,0
DA:386,0
DA:388,0
DA:389,0
DA:391,0
DA:396,0
DA:397,0
DA:398,0
DA:399,0
DA:401,0
DA:413,0
DA:420,0
DA:430,0
DA:431,0
DA:433,0
DA:435,0
DA:441,0
DA:444,0
DA:453,0
DA:454,0
DA:455,0
DA:457,0
DA:460,0
DA:470,0
DA:471,0
DA:472,0
DA:474,0
DA:476,0
DA:480,0
DA:491,0
DA:492,0
DA:497,0
DA:502,0
DA:512,0
DA:513,0
DA:514,0
DA:516,0
DA:517,0
DA:518,0
DA:519,0
DA:520,0
DA:522,0
DA:529,0
DA:531,0
DA:534,0
DA:544,0
DA:545,0
DA:546,0
DA:548,0
DA:550,0
DA:553,0
DA:564,0
DA:566,0
DA:567,0
DA:569,0
DA:571,0
DA:572,0
DA:574,0
DA:575,0
DA:577,0
DA:578,0
DA:580,0
DA:584,0
DA:594,0
DA:596,0
DA:597,0
DA:599,0
DA:601,0
DA:602,0
DA:604,0
DA:605,0
DA:607,0
DA:611,0
DA:621,0
DA:623,0
DA:624,0
DA:626,0
DA:628,0
DA:629,0
DA:631,0
DA:632,0
DA:634,0
DA:635,0
DA:637,0
DA:641,0
DA:642,0
DA:645,0
DA:655,0
DA:656,0
DA:657,0
DA:659,0
DA:660,0
DA:662,0
DA:663,0
DA:665,0
DA:666,0
DA:669,0
DA:671,0
DA:673,0
DA:674,0
DA:676,0
DA:681,0
DA:683,0
DA:693,0
DA:695,0
DA:696,0
DA:698,0
DA:702,0
LF:228
LH:0
BRDA:36,0,0,0
BRDA:36,0,1,0
BRDA:73,1,0,0
BRDA:73,1,1,0
BRDA:88,2,0,0
BRDA:93,3,0,0
BRDA:93,3,1,0
BRDA:99,4,0,0
BRDA:99,4,1,0
BRDA:106,5,0,0
BRDA:106,5,1,0
BRDA:134,6,0,0
BRDA:134,6,1,0
BRDA:170,7,0,0
BRDA:170,7,1,0
BRDA:315,8,0,0
BRDA:315,8,1,0
BRDA:353,9,0,0
BRDA:374,10,0,0
BRDA:374,11,0,0
BRDA:374,12,0,0
BRDA:374,13,0,0
BRDA:379,14,0,0
BRDA:379,14,1,0
BRDA:380,15,0,0
BRDA:380,15,1,0
BRDA:385,16,0,0
BRDA:385,16,1,0
BRDA:388,17,0,0
BRDA:388,17,1,0
BRDA:429,18,0,0
BRDA:469,19,0,0
BRDA:567,20,0,0
BRDA:567,20,1,0
BRDA:569,21,0,0
BRDA:569,21,1,0
BRDA:569,21,2,0
BRDA:569,21,3,0
BRDA:571,22,0,0
BRDA:571,22,1,0
BRDA:577,23,0,0
BRDA:577,23,1,0
BRDA:599,24,0,0
BRDA:599,24,1,0
BRDA:599,24,2,0
BRDA:601,25,0,0
BRDA:601,25,1,0
BRDA:604,26,0,0
BRDA:604,26,1,0
BRDA:607,27,0,0
BRDA:607,27,1,0
BRDA:626,28,0,0
BRDA:626,28,1,0
BRDA:626,28,2,0
BRDA:626,28,3,0
BRDA:631,29,0,0
BRDA:631,29,1,0
BRDA:634,30,0,0
BRDA:634,30,1,0
BRDA:637,31,0,0
BRDA:637,31,1,0
BRDA:662,32,0,0
BRDA:662,32,1,0
BRDA:663,33,0,0
BRDA:663,33,1,0
BRDA:663,34,0,0
BRDA:663,34,1,0
BRDA:671,35,0,0
BRDA:671,35,1,0
BRDA:671,36,0,0
BRDA:671,36,1,0
BRDA:693,37,0,0
BRDA:693,37,1,0
BRDA:693,38,0,0
BRDA:693,38,1,0
BRDA:693,38,2,0
BRF:76
BRH:0
end_of_record
TN:
SF:src\infrastructure\repositories\CsvInvitationRepository.js
FN:11,(anonymous_0)
FN:43,(anonymous_1)
FN:53,(anonymous_2)
FN:87,(anonymous_3)
FN:124,(anonymous_4)
FN:128,(anonymous_5)
FN:133,(anonymous_6)
FN:158,(anonymous_7)
FN:164,(anonymous_8)
FN:169,(anonymous_9)
FN:175,(anonymous_10)
FN:177,(anonymous_11)
FN:184,(anonymous_12)
FN:188,(anonymous_13)
FN:196,(anonymous_14)
FN:198,(anonymous_15)
FN:206,(anonymous_16)
FN:210,(anonymous_17)
FN:218,(anonymous_18)
FN:219,(anonymous_19)
FN:240,(anonymous_20)
FN:244,(anonymous_21)
FN:279,(anonymous_22)
FN:313,(anonymous_23)
FN:344,(anonymous_24)
FN:349,(anonymous_25)
FN:350,(anonymous_26)
FN:368,(anonymous_27)
FN:371,(anonymous_28)
FN:388,(anonymous_29)
FN:391,(anonymous_30)
FN:406,(anonymous_31)
FN:412,(anonymous_32)
FN:415,(anonymous_33)
FN:417,(anonymous_34)
FN:418,(anonymous_35)
FN:421,(anonymous_36)
FN:422,(anonymous_37)
FN:427,(anonymous_38)
FN:429,(anonymous_39)
FN:431,(anonymous_40)
FN:435,(anonymous_41)
FN:439,(anonymous_42)
FN:443,(anonymous_43)
FN:450,(anonymous_44)
FN:458,(anonymous_45)
FN:495,(anonymous_46)
FN:500,(anonymous_47)
FN:544,(anonymous_48)
FN:574,(anonymous_49)
FN:575,(anonymous_50)
FN:596,(anonymous_51)
FN:597,(anonymous_52)
FN:616,(anonymous_53)
FN:661,(anonymous_54)
FN:665,(anonymous_55)
FN:685,(anonymous_56)
FN:703,(anonymous_57)
FN:724,(anonymous_58)
FN:732,(anonymous_59)
FN:743,(anonymous_60)
FN:780,(anonymous_61)
FN:805,(anonymous_62)
FN:811,(anonymous_63)
FN:835,(anonymous_64)
FN:854,(anonymous_65)
FN:856,(anonymous_66)
FN:878,(anonymous_67)
FN:931,(anonymous_68)
FN:1026,(anonymous_69)
FN:1065,(anonymous_70)
FN:1103,(anonymous_71)
FNF:72
FNH:0
FNDA:0,(anonymous_0)
FNDA:0,(anonymous_1)
FNDA:0,(anonymous_2)
FNDA:0,(anonymous_3)
FNDA:0,(anonymous_4)
FNDA:0,(anonymous_5)
FNDA:0,(anonymous_6)
FNDA:0,(anonymous_7)
FNDA:0,(anonymous_8)
FNDA:0,(anonymous_9)
FNDA:0,(anonymous_10)
FNDA:0,(anonymous_11)
FNDA:0,(anonymous_12)
FNDA:0,(anonymous_13)
FNDA:0,(anonymous_14)
FNDA:0,(anonymous_15)
FNDA:0,(anonymous_16)
FNDA:0,(anonymous_17)
FNDA:0,(anonymous_18)
FNDA:0,(anonymous_19)
FNDA:0,(anonymous_20)
FNDA:0,(anonymous_21)
FNDA:0,(anonymous_22)
FNDA:0,(anonymous_23)
FNDA:0,(anonymous_24)
FNDA:0,(anonymous_25)
FNDA:0,(anonymous_26)
FNDA:0,(anonymous_27)
FNDA:0,(anonymous_28)
FNDA:0,(anonymous_29)
FNDA:0,(anonymous_30)
FNDA:0,(anonymous_31)
FNDA:0,(anonymous_32)
FNDA:0,(anonymous_33)
FNDA:0,(anonymous_34)
FNDA:0,(anonymous_35)
FNDA:0,(anonymous_36)
FNDA:0,(anonymous_37)
FNDA:0,(anonymous_38)
FNDA:0,(anonymous_39)
FNDA:0,(anonymous_40)
FNDA:0,(anonymous_41)
FNDA:0,(anonymous_42)
FNDA:0,(anonymous_43)
FNDA:0,(anonymous_44)
FNDA:0,(anonymous_45)
FNDA:0,(anonymous_46)
FNDA:0,(anonymous_47)
FNDA:0,(anonymous_48)
FNDA:0,(anonymous_49)
FNDA:0,(anonymous_50)
FNDA:0,(anonymous_51)
FNDA:0,(anonymous_52)
FNDA:0,(anonymous_53)
FNDA:0,(anonymous_54)
FNDA:0,(anonymous_55)
FNDA:0,(anonymous_56)
FNDA:0,(anonymous_57)
FNDA:0,(anonymous_58)
FNDA:0,(anonymous_59)
FNDA:0,(anonymous_60)
FNDA:0,(anonymous_61)
FNDA:0,(anonymous_62)
FNDA:0,(anonymous_63)
FNDA:0,(anonymous_64)
FNDA:0,(anonymous_65)
FNDA:0,(anonymous_66)
FNDA:0,(anonymous_67)
FNDA:0,(anonymous_68)
FNDA:0,(anonymous_69)
FNDA:0,(anonymous_70)
FNDA:0,(anonymous_71)
DA:7,0
DA:8,0
DA:12,0
DA:13,0
DA:14,0
DA:15,0
DA:44,0
DA:45,0
DA:46,0
DA:50,0
DA:53,0
DA:55,0
DA:56,0
DA:57,0
DA:59,0
DA:63,0
DA:66,0
DA:68,0
DA:72,0
DA:74,0
DA:78,0
DA:88,0
DA:90,0
DA:91,0
DA:92,0
DA:96,0
DA:99,0
DA:102,0
DA:104,0
DA:109,0
DA:111,0
DA:115,0
DA:125,0
DA:126,0
DA:128,0
DA:130,0
DA:131,0
DA:133,0
DA:136,0
DA:142,0
DA:144,0
DA:148,0
DA:159,0
DA:160,0
DA:163,0
DA:164,0
DA:168,0
DA:169,0
DA:172,0
DA:174,0
DA:175,0
DA:177,0
DA:182,0
DA:183,0
DA:184,0
DA:186,0
DA:187,0
DA:188,0
DA:194,0
DA:195,0
DA:196,0
DA:197,0
DA:198,0
DA:203,0
DA:204,0
DA:205,0
DA:206,0
DA:208,0
DA:209,0
DA:210,0
DA:216,0
DA:217,0
DA:218,0
DA:219,0
DA:223,0
DA:225,0
DA:230,0
DA:241,0
DA:242,0
DA:243,0
DA:244,0
DA:247,0
DA:248,0
DA:252,0
DA:255,0
DA:257,0
DA:262,0
DA:264,0
DA:268,0
DA:280,0
DA:281,0
DA:282,0
DA:283,0
DA:287,0
DA:290,0
DA:292,0
DA:298,0
DA:300,0
DA:304,0
DA:314,0
DA:315,0
DA:316,0
DA:317,0
DA:321,0
DA:324,0
DA:326,0
DA:328,0
DA:330,0
DA:334,0
DA:345,0
DA:346,0
DA:347,0
DA:349,0
DA:350,0
DA:353,0
DA:358,0
DA:369,0
DA:370,0
DA:371,0
DA:373,0
DA:378,0
DA:389,0
DA:390,0
DA:391,0
DA:393,0
DA:398,0
DA:407,0
DA:408,0
DA:411,0
DA:412,0
DA:414,0
DA:415,0
DA:417,0
DA:418,0
DA:421,0
DA:422,0
DA:427,0
DA:429,0
DA:431,0
DA:434,0
DA:435,0
DA:438,0
DA:439,0
DA:442,0
DA:443,0
DA:450,0
DA:455,0
DA:458,0
DA:459,0
DA:460,0
DA:462,0
DA:466,0
DA:470,0
DA:474,0
DA:479,0
DA:495,0
DA:500,0
DA:544,0
DA:556,0
DA:558,0
DA:561,0
DA:575,0
DA:576,0
DA:577,0
DA:578,0
DA:582,0
DA:583,0
DA:585,0
DA:597,0
DA:598,0
DA:600,0
DA:601,0
DA:603,0
DA:604,0
DA:607,0
DA:617,0
DA:618,0
DA:624,0
DA:625,0
DA:626,0
DA:627,0
DA:628,0
DA:633,0
DA:641,0
DA:647,0
DA:649,0
DA:652,0
DA:662,0
DA:663,0
DA:665,0
DA:667,0
DA:673,0
DA:676,0
DA:686,0
DA:687,0
DA:688,0
DA:690,0
DA:694,0
DA:704,0
DA:705,0
DA:706,0
DA:708,0
DA:712,0
DA:725,0
DA:727,0
DA:728,0
DA:729,0
DA:730,0
DA:731,0
DA:732,0
DA:738,0
DA:741,0
DA:742,0
DA:743,0
DA:744,0
DA:745,0
DA:747,0
DA:748,0
DA:750,0
DA:751,0
DA:753,0
DA:758,0
DA:759,0
DA:760,0
DA:761,0
DA:763,0
DA:776,0
DA:777,0
DA:780,0
DA:787,0
DA:789,0
DA:796,0
DA:806,0
DA:808,0
DA:809,0
DA:810,0
DA:811,0
DA:815,0
DA:816,0
DA:818,0
DA:819,0
DA:820,0
DA:821,0
DA:822,0
DA:824,0
DA:832,0
DA:833,0
DA:835,0
DA:840,0
DA:842,0
DA:845,0
DA:855,0
DA:856,0
DA:857,0
DA:860,0
DA:861,0
DA:862,0
DA:865,0
DA:868,0
DA:879,0
DA:881,0
DA:882,0
DA:884,0
DA:887,0
DA:888,0
DA:896,0
DA:897,0
DA:899,0
DA:900,0
DA:902,0
DA:906,0
DA:907,0
DA:911,0
DA:912,0
DA:915,0
DA:916,0
DA:918,0
DA:922,0
DA:932,0
DA:934,0
DA:938,0
DA:940,0
DA:941,0
DA:943,0
DA:944,0
DA:946,0
DA:947,0
DA:949,0
DA:950,0
DA:952,0
DA:953,0
DA:955,0
DA:956,0
DA:958,0
DA:959,0
DA:961,0
DA:962,0
DA:964,0
DA:965,0
DA:967,0
DA:968,0
DA:970,0
DA:971,0
DA:973,0
DA:974,0
DA:976,0
DA:977,0
DA:979,0
DA:980,0
DA:982,0
DA:983,0
DA:985,0
DA:986,0
DA:988,0
DA:989,0
DA:991,0
DA:992,0
DA:994,0
DA:995,0
DA:997,0
DA:1001,0
DA:1011,0
DA:1013,0
DA:1017,0
DA:1027,0
DA:1029,0
DA:1030,0
DA:1032,0
DA:1034,0
DA:1035,0
DA:1037,0
DA:1038,0
DA:1045,0
DA:1046,0
DA:1048,0
DA:1052,0
DA:1053,0
DA:1056,0
DA:1066,0
DA:1067,0
DA:1068,0
DA:1070,0
DA:1071,0
DA:1073,0
DA:1074,0
DA:1076,0
DA:1077,0
DA:1080,0
DA:1082,0
DA:1084,0
DA:1085,0
DA:1087,0
DA:1092,0
DA:1094,0
DA:1104,0
DA:1106,0
DA:1107,0
DA:1109,0
DA:1113,0
LF:359
LH:0
BRDA:45,0,0,0
BRDA:45,0,1,0
BRDA:45,1,0,0
BRDA:45,1,1,0
BRDA:56,2,0,0
BRDA:56,2,1,0
BRDA:75,3,0,0
BRDA:75,3,1,0
BRDA:91,4,0,0
BRDA:91,4,1,0
BRDA:128,5,0,0
BRDA:128,5,1,0
BRDA:130,6,0,0
BRDA:130,6,1,0
BRDA:158,7,0,0
BRDA:158,8,0,0
BRDA:163,9,0,0
BRDA:163,9,1,0
BRDA:168,10,0,0
BRDA:168,10,1,0
BRDA:172,11,0,0
BRDA:172,11,1,0
BRDA:174,12,0,0
BRDA:174,12,1,0
BRDA:182,13,0,0
BRDA:182,13,1,0
BRDA:183,14,0,0
BRDA:183,14,1,0
BRDA:187,15,0,0
BRDA:187,15,1,0
BRDA:194,16,0,0
BRDA:194,16,1,0
BRDA:195,17,0,0
BRDA:195,17,1,0
BRDA:196,18,0,0
BRDA:196,18,1,0
BRDA:197,19,0,0
BRDA:197,19,1,0
BRDA:203,20,0,0
BRDA:203,20,1,0
BRDA:204,21,0,0
BRDA:204,21,1,0
BRDA:206,22,0,0
BRDA:206,22,1,0
BRDA:208,23,0,0
BRDA:208,23,1,0
BRDA:210,24,0,0
BRDA:210,24,1,0
BRDA:216,25,0,0
BRDA:216,25,1,0
BRDA:247,26,0,0
BRDA:247,26,1,0
BRDA:279,27,0,0
BRDA:279,28,0,0
BRDA:282,29,0,0
BRDA:282,29,1,0
BRDA:316,30,0,0
BRDA:316,30,1,0
BRDA:344,31,0,0
BRDA:368,32,0,0
BRDA:388,33,0,0
BRDA:412,34,0,0
BRDA:412,34,1,0
BRDA:459,35,0,0
BRDA:459,35,1,0
BRDA:515,36,0,0
BRDA:515,36,1,0
BRDA:519,37,0,0
BRDA:519,37,1,0
BRDA:523,38,0,0
BRDA:523,38,1,0
BRDA:576,39,0,0
BRDA:576,39,1,0
BRDA:577,40,0,0
BRDA:577,40,1,0
BRDA:578,41,0,0
BRDA:578,41,1,0
BRDA:583,42,0,0
BRDA:583,42,1,0
BRDA:598,43,0,0
BRDA:598,43,1,0
BRDA:600,44,0,0
BRDA:600,44,1,0
BRDA:601,45,0,0
BRDA:601,45,1,0
BRDA:601,46,0,0
BRDA:601,46,1,0
BRDA:604,47,0,0
BRDA:604,47,1,0
BRDA:661,48,0,0
BRDA:703,49,0,0
BRDA:724,50,0,0
BRDA:724,51,0,0
BRDA:724,52,0,0
BRDA:724,53,0,0
BRDA:724,54,0,0
BRDA:728,55,0,0
BRDA:728,55,1,0
BRDA:730,56,0,0
BRDA:730,56,1,0
BRDA:741,57,0,0
BRDA:741,57,1,0
BRDA:742,58,0,0
BRDA:742,58,1,0
BRDA:747,59,0,0
BRDA:747,59,1,0
BRDA:750,60,0,0
BRDA:750,60,1,0
BRDA:776,61,0,0
BRDA:776,61,1,0
BRDA:808,62,0,0
BRDA:808,62,1,0
BRDA:810,63,0,0
BRDA:810,63,1,0
BRDA:832,64,0,0
BRDA:832,64,1,0
BRDA:860,65,0,0
BRDA:860,65,1,0
BRDA:884,66,0,0
BRDA:884,66,1,0
BRDA:884,66,2,0
BRDA:884,66,3,0
BRDA:884,66,4,0
BRDA:884,66,5,0
BRDA:884,66,6,0
BRDA:884,66,7,0
BRDA:884,66,8,0
BRDA:884,66,9,0
BRDA:884,66,10,0
BRDA:884,66,11,0
BRDA:884,66,12,0
BRDA:884,66,13,0
BRDA:884,66,14,0
BRDA:884,66,15,0
BRDA:887,67,0,0
BRDA:887,67,1,0
BRDA:896,68,0,0
BRDA:896,68,1,0
BRDA:896,69,0,0
BRDA:896,69,1,0
BRDA:896,69,2,0
BRDA:897,70,0,0
BRDA:897,70,1,0
BRDA:900,71,0,0
BRDA:900,71,1,0
BRDA:906,72,0,0
BRDA:906,72,1,0
BRDA:911,73,0,0
BRDA:911,73,1,0
BRDA:915,74,0,0
BRDA:915,74,1,0
BRDA:918,75,0,0
BRDA:918,75,1,0
BRDA:938,76,0,0
BRDA:938,76,1,0
BRDA:938,76,2,0
BRDA:938,76,3,0
BRDA:938,76,4,0
BRDA:938,76,5,0
BRDA:938,76,6,0
BRDA:938,76,7,0
BRDA:938,76,8,0
BRDA:938,76,9,0
BRDA:938,76,10,0
BRDA:938,76,11,0
BRDA:938,76,12,0
BRDA:938,76,13,0
BRDA:938,76,14,0
BRDA:938,76,15,0
BRDA:938,76,16,0
BRDA:938,76,17,0
BRDA:938,76,18,0
BRDA:938,76,19,0
BRDA:1001,77,0,0
BRDA:1001,77,1,0
BRDA:1011,78,0,0
BRDA:1011,78,1,0
BRDA:1013,79,0,0
BRDA:1013,79,1,0
BRDA:1032,80,0,0
BRDA:1032,80,1,0
BRDA:1032,80,2,0
BRDA:1032,80,3,0
BRDA:1032,80,4,0
BRDA:1032,80,5,0
BRDA:1032,80,6,0
BRDA:1032,80,7,0
BRDA:1032,80,8,0
BRDA:1037,81,0,0
BRDA:1037,81,1,0
BRDA:1045,82,0,0
BRDA:1045,82,1,0
BRDA:1048,83,0,0
BRDA:1048,83,1,0
BRDA:1073,84,0,0
BRDA:1073,84,1,0
BRDA:1074,85,0,0
BRDA:1074,85,1,0
BRDA:1074,86,0,0
BRDA:1074,86,1,0
BRDA:1082,87,0,0
BRDA:1082,87,1,0
BRDA:1082,88,0,0
BRDA:1082,88,1,0
BRDA:1104,89,0,0
BRDA:1104,89,1,0
BRDA:1104,90,0,0
BRDA:1104,90,1,0
BRDA:1104,90,2,0
BRF:209
BRH:0
end_of_record
TN:
SF:src\infrastructure\repositories\SqliteConfirmationRepository.js
FN:6,(anonymous_0)
FN:15,(anonymous_1)
FN:35,(anonymous_2)
FN:48,(anonymous_3)
FN:73,(anonymous_4)
FN:79,(anonymous_5)
FN:100,(anonymous_6)
FN:103,(anonymous_7)
FN:107,(anonymous_8)
FN:113,(anonymous_9)
FN:116,(anonymous_10)
FN:119,(anonymous_11)
FN:122,(anonymous_12)
FN:125,(anonymous_13)
FN:129,(anonymous_14)
FN:133,(anonymous_15)
FN:136,(anonymous_16)
FN:139,(anonymous_17)
FN:142,(anonymous_18)
FN:145,(anonymous_19)
FN:165,(anonymous_20)
FN:171,(anonymous_21)
FN:185,(anonymous_22)
FN:222,(anonymous_23)
FN:234,(anonymous_24)
FN:236,(anonymous_25)
FN:239,(anonymous_26)
FN:245,(anonymous_27)
FN:251,(anonymous_28)
FN:254,(anonymous_29)
FN:260,(anonymous_30)
FNF:31
FNH:0
FNDA:0,(anonymous_0)
FNDA:0,(anonymous_1)
FNDA:0,(anonymous_2)
FNDA:0,(anonymous_3)
FNDA:0,(anonymous_4)
FNDA:0,(anonymous_5)
FNDA:0,(anonymous_6)
FNDA:0,(anonymous_7)
FNDA:0,(anonymous_8)
FNDA:0,(anonymous_9)
FNDA:0,(anonymous_10)
FNDA:0,(anonymous_11)
FNDA:0,(anonymous_12)
FNDA:0,(anonymous_13)
FNDA:0,(anonymous_14)
FNDA:0,(anonymous_15)
FNDA:0,(anonymous_16)
FNDA:0,(anonymous_17)
FNDA:0,(anonymous_18)
FNDA:0,(anonymous_19)
FNDA:0,(anonymous_20)
FNDA:0,(anonymous_21)
FNDA:0,(anonymous_22)
FNDA:0,(anonymous_23)
FNDA:0,(anonymous_24)
FNDA:0,(anonymous_25)
FNDA:0,(anonymous_26)
FNDA:0,(anonymous_27)
FNDA:0,(anonymous_28)
FNDA:0,(anonymous_29)
FNDA:0,(anonymous_30)
DA:1,0
DA:2,0
DA:3,0
DA:7,0
DA:16,0
DA:18,0
DA:36,0
DA:49,0
DA:50,0
DA:52,0
DA:70,0
DA:74,0
DA:75,0
DA:76,0
DA:80,0
DA:81,0
DA:82,0
DA:84,0
DA:85,0
DA:86,0
DA:89,0
DA:90,0
DA:91,0
DA:94,0
DA:95,0
DA:96,0
DA:99,0
DA:100,0
DA:104,0
DA:108,0
DA:109,0
DA:110,0
DA:114,0
DA:115,0
DA:116,0
DA:120,0
DA:121,0
DA:122,0
DA:126,0
DA:130,0
DA:134,0
DA:135,0
DA:136,0
DA:140,0
DA:141,0
DA:142,0
DA:146,0
DA:148,0
DA:149,0
DA:150,0
DA:151,0
DA:152,0
DA:153,0
DA:155,0
DA:166,0
DA:167,0
DA:168,0
DA:172,0
DA:173,0
DA:174,0
DA:176,0
DA:177,0
DA:178,0
DA:181,0
DA:182,0
DA:186,0
DA:187,0
DA:189,0
DA:190,0
DA:191,0
DA:193,0
DA:194,0
DA:195,0
DA:196,0
DA:200,0
DA:201,0
DA:202,0
DA:203,0
DA:204,0
DA:207,0
DA:210,0
DA:211,0
DA:213,0
DA:218,0
DA:219,0
DA:221,0
DA:222,0
DA:235,0
DA:236,0
DA:240,0
DA:241,0
DA:242,0
DA:246,0
DA:247,0
DA:248,0
DA:250,0
DA:251,0
DA:255,0
DA:256,0
DA:260,0
DA:264,0
LF:101
LH:0
BRDA:16,0,0,0
BRDA:16,0,1,0
BRDA:22,1,0,0
BRDA:22,1,1,0
BRDA:38,2,0,0
BRDA:38,2,1,0
BRDA:79,3,0,0
BRDA:84,4,0,0
BRDA:84,4,1,0
BRDA:86,5,0,0
BRDA:86,5,1,0
BRDA:89,6,0,0
BRDA:89,6,1,0
BRDA:94,7,0,0
BRDA:94,7,1,0
BRDA:156,8,0,0
BRDA:156,8,1,0
BRDA:157,9,0,0
BRDA:157,9,1,0
BRDA:158,10,0,0
BRDA:158,10,1,0
BRDA:159,11,0,0
BRDA:159,11,1,0
BRDA:160,12,0,0
BRDA:160,12,1,0
BRDA:161,13,0,0
BRDA:161,13,1,0
BRDA:171,14,0,0
BRDA:176,15,0,0
BRDA:176,15,1,0
BRDA:178,16,0,0
BRDA:178,16,1,0
BRDA:185,17,0,0
BRDA:185,18,0,0
BRDA:185,19,0,0
BRDA:185,20,0,0
BRDA:193,21,0,0
BRDA:193,21,1,0
BRDA:196,22,0,0
BRDA:196,22,1,0
BRDA:200,23,0,0
BRDA:200,23,1,0
BRDA:201,24,0,0
BRDA:201,24,1,0
BRDA:203,25,0,0
BRDA:203,25,1,0
BRDA:234,26,0,0
BRDA:242,27,0,0
BRDA:242,27,1,0
BRDA:245,28,0,0
BRF:50
BRH:0
end_of_record
TN:
SF:src\infrastructure\repositories\SqliteInvitationRepository.js
FN:6,(anonymous_0)
FN:15,(anonymous_1)
FN:46,(anonymous_2)
FN:70,(anonymous_3)
FN:91,(anonymous_4)
FN:97,(anonymous_5)
FN:116,(anonymous_6)
FN:119,(anonymous_7)
FN:151,(anonymous_8)
FN:164,(anonymous_9)
FN:176,(anonymous_10)
FN:180,(anonymous_11)
FN:183,(anonymous_12)
FN:186,(anonymous_13)
FN:189,(anonymous_14)
FN:192,(anonymous_15)
FN:195,(anonymous_16)
FN:217,(anonymous_17)
FN:261,(anonymous_18)
FN:263,(anonymous_19)
FN:266,(anonymous_20)
FN:272,(anonymous_21)
FN:286,(anonymous_22)
FN:330,(anonymous_23)
FNF:24
FNH:0
FNDA:0,(anonymous_0)
FNDA:0,(anonymous_1)
FNDA:0,(anonymous_2)
FNDA:0,(anonymous_3)
FNDA:0,(anonymous_4)
FNDA:0,(anonymous_5)
FNDA:0,(anonymous_6)
FNDA:0,(anonymous_7)
FNDA:0,(anonymous_8)
FNDA:0,(anonymous_9)
FNDA:0,(anonymous_10)
FNDA:0,(anonymous_11)
FNDA:0,(anonymous_12)
FNDA:0,(anonymous_13)
FNDA:0,(anonymous_14)
FNDA:0,(anonymous_15)
FNDA:0,(anonymous_16)
FNDA:0,(anonymous_17)
FNDA:0,(anonymous_18)
FNDA:0,(anonymous_19)
FNDA:0,(anonymous_20)
FNDA:0,(anonymous_21)
FNDA:0,(anonymous_22)
FNDA:0,(anonymous_23)
DA:1,0
DA:2,0
DA:3,0
DA:7,0
DA:16,0
DA:18,0
DA:47,0
DA:71,0
DA:72,0
DA:74,0
DA:88,0
DA:92,0
DA:93,0
DA:94,0
DA:98,0
DA:99,0
DA:100,0
DA:102,0
DA:103,0
DA:104,0
DA:107,0
DA:108,0
DA:109,0
DA:111,0
DA:115,0
DA:116,0
DA:120,0
DA:121,0
DA:124,0
DA:126,0
DA:148,0
DA:152,0
DA:153,0
DA:155,0
DA:161,0
DA:165,0
DA:167,0
DA:173,0
DA:177,0
DA:179,0
DA:180,0
DA:184,0
DA:185,0
DA:186,0
DA:190,0
DA:191,0
DA:192,0
DA:196,0
DA:198,0
DA:199,0
DA:200,0
DA:202,0
DA:203,0
DA:204,0
DA:206,0
DA:218,0
DA:219,0
DA:220,0
DA:221,0
DA:223,0
DA:225,0
DA:226,0
DA:227,0
DA:228,0
DA:229,0
DA:231,0
DA:245,0
DA:247,0
DA:248,0
DA:252,0
DA:254,0
DA:255,0
DA:258,0
DA:262,0
DA:263,0
DA:267,0
DA:268,0
DA:269,0
DA:273,0
DA:274,0
DA:275,0
DA:277,0
DA:278,0
DA:279,0
DA:282,0
DA:283,0
DA:287,0
DA:288,0
DA:290,0
DA:291,0
DA:292,0
DA:294,0
DA:295,0
DA:296,0
DA:297,0
DA:300,0
DA:301,0
DA:302,0
DA:303,0
DA:307,0
DA:308,0
DA:310,0
DA:311,0
DA:312,0
DA:315,0
DA:318,0
DA:319,0
DA:321,0
DA:326,0
DA:327,0
DA:329,0
DA:330,0
DA:343,0
LF:113
LH:0
BRDA:16,0,0,0
BRDA:16,0,1,0
BRDA:20,1,0,0
BRDA:20,1,1,0
BRDA:34,2,0,0
BRDA:34,2,1,0
BRDA:97,3,0,0
BRDA:102,4,0,0
BRDA:102,4,1,0
BRDA:107,5,0,0
BRDA:107,5,1,0
BRDA:108,6,0,0
BRDA:108,6,1,0
BRDA:151,7,0,0
BRDA:151,8,0,0
BRDA:207,9,0,0
BRDA:207,9,1,0
BRDA:208,10,0,0
BRDA:208,10,1,0
BRDA:209,11,0,0
BRDA:209,11,1,0
BRDA:210,12,0,0
BRDA:210,12,1,0
BRDA:210,13,0,0
BRDA:210,13,1,0
BRDA:211,14,0,0
BRDA:211,14,1,0
BRDA:212,15,0,0
BRDA:212,15,1,0
BRDA:213,16,0,0
BRDA:213,16,1,0
BRDA:261,17,0,0
BRDA:272,18,0,0
BRDA:277,19,0,0
BRDA:277,19,1,0
BRDA:286,20,0,0
BRDA:286,21,0,0
BRDA:286,22,0,0
BRDA:286,23,0,0
BRDA:294,24,0,0
BRDA:294,24,1,0
BRDA:300,25,0,0
BRDA:300,25,1,0
BRDA:307,26,0,0
BRDA:307,26,1,0
BRDA:308,27,0,0
BRDA:308,27,1,0
BRDA:311,28,0,0
BRDA:311,28,1,0
BRF:49
BRH:0
end_of_record
TN:
SF:src\infrastructure\services\CacheService.js
FN:8,(anonymous_0)
FN:23,(anonymous_1)
FN:40,(anonymous_2)
FN:53,(anonymous_3)
FN:63,(anonymous_4)
FN:67,(anonymous_5)
FN:78,(anonymous_6)
FN:87,(anonymous_7)
FNF:8
FNH:0
FNDA:0,(anonymous_0)
FNDA:0,(anonymous_1)
FNDA:0,(anonymous_2)
FNDA:0,(anonymous_3)
FNDA:0,(anonymous_4)
FNDA:0,(anonymous_5)
FNDA:0,(anonymous_6)
FNDA:0,(anonymous_7)
DA:1,0
DA:10,0
DA:15,0
DA:24,0
DA:25,0
DA:26,0
DA:28,0
DA:30,0
DA:41,0
DA:42,0
DA:43,0
DA:45,0
DA:54,0
DA:55,0
DA:64,0
DA:65,0
DA:66,0
DA:67,0
DA:69,0
DA:70,0
DA:72,0
DA:79,0
DA:80,0
DA:88,0
DA:92,0
LF:25
LH:0
BRDA:8,0,0,0
BRDA:25,1,0,0
BRDA:25,1,1,0
BRDA:42,2,0,0
BRDA:42,2,1,0
BRDA:69,3,0,0
BRDA:69,3,1,0
BRF:7
BRH:0
end_of_record
TN:
SF:src\infrastructure\services\CsvStorage.js
FN:12,(anonymous_0)
FN:36,(anonymous_1)
FN:56,(anonymous_2)
FN:78,(anonymous_3)
FN:105,(anonymous_4)
FN:129,(anonymous_5)
FN:147,(anonymous_6)
FN:154,(anonymous_7)
FN:162,(anonymous_8)
FN:170,(anonymous_9)
FN:177,(anonymous_10)
FN:197,(anonymous_11)
FN:200,(anonymous_12)
FN:224,(anonymous_13)
FN:234,(anonymous_14)
FN:238,(anonymous_15)
FN:239,(anonymous_16)
FN:259,(anonymous_17)
FN:266,(anonymous_18)
FN:272,(anonymous_19)
FN:273,(anonymous_20)
FN:294,(anonymous_21)
FNF:22
FNH:0
FNDA:0,(anonymous_0)
FNDA:0,(anonymous_1)
FNDA:0,(anonymous_2)
FNDA:0,(anonymous_3)
FNDA:0,(anonymous_4)
FNDA:0,(anonymous_5)
FNDA:0,(anonymous_6)
FNDA:0,(anonymous_7)
FNDA:0,(anonymous_8)
FNDA:0,(anonymous_9)
FNDA:0,(anonymous_10)
FNDA:0,(anonymous_11)
FNDA:0,(anonymous_12)
FNDA:0,(anonymous_13)
FNDA:0,(anonymous_14)
FNDA:0,(anonymous_15)
FNDA:0,(anonymous_16)
FNDA:0,(anonymous_17)
FNDA:0,(anonymous_18)
FNDA:0,(anonymous_19)
FNDA:0,(anonymous_20)
FNDA:0,(anonymous_21)
DA:6,0
DA:7,0
DA:8,0
DA:9,0
DA:13,0
DA:14,0
DA:17,0
DA:18,0
DA:21,0
DA:25,0
DA:26,0
DA:30,0
DA:37,0
DA:39,0
DA:40,0
DA:43,0
DA:44,0
DA:46,0
DA:48,0
DA:49,0
DA:57,0
DA:58,0
DA:60,0
DA:61,0
DA:62,0
DA:63,0
DA:66,0
DA:69,0
DA:70,0
DA:71,0
DA:79,0
DA:106,0
DA:107,0
DA:108,0
DA:109,0
DA:112,0
DA:119,0
DA:121,0
DA:122,0
DA:130,0
DA:131,0
DA:136,0
DA:137,0
DA:139,0
DA:140,0
DA:148,0
DA:155,0
DA:163,0
DA:171,0
DA:178,0
DA:179,0
DA:180,0
DA:181,0
DA:183,0
DA:184,0
DA:186,0
DA:190,0
DA:198,0
DA:199,0
DA:200,0
DA:202,0
DA:203,0
DA:206,0
DA:207,0
DA:209,0
DA:210,0
DA:212,0
DA:216,0
DA:225,0
DA:228,0
DA:235,0
DA:236,0
DA:238,0
DA:239,0
DA:240,0
DA:241,0
DA:243,0
DA:247,0
DA:251,0
DA:260,0
DA:267,0
DA:268,0
DA:269,0
DA:271,0
DA:272,0
DA:273,0
DA:274,0
DA:276,0
DA:284,0
DA:287,0
DA:295,0
DA:296,0
DA:297,0
DA:299,0
DA:302,0
DA:303,0
DA:305,0
DA:306,0
DA:308,0
DA:309,0
DA:314,0
LF:101
LH:0
BRDA:18,0,0,0
BRDA:18,0,1,0
BRDA:21,1,0,0
BRDA:21,1,1,0
BRDA:58,2,0,0
BRDA:58,2,1,0
BRDA:108,3,0,0
BRDA:108,3,1,0
BRDA:202,4,0,0
BRDA:202,4,1,0
BRDA:234,5,0,0
BRDA:240,6,0,0
BRDA:240,6,1,0
BRDA:240,7,0,0
BRDA:240,7,1,0
BRDA:259,8,0,0
BRDA:281,9,0,0
BRDA:281,9,1,0
BRF:18
BRH:0
end_of_record
TN:
SF:src\infrastructure\services\SseService.js
FN:6,(anonymous_0)
FN:16,(anonymous_1)
FN:39,(anonymous_2)
FN:52,(anonymous_3)
FN:55,(anonymous_4)
FNF:5
FNH:0
FNDA:0,(anonymous_0)
FNDA:0,(anonymous_1)
FNDA:0,(anonymous_2)
FNDA:0,(anonymous_3)
FNDA:0,(anonymous_4)
DA:7,0
DA:8,0
DA:18,0
DA:26,0
DA:28,0
DA:29,0
DA:34,0
DA:36,0
DA:39,0
DA:40,0
DA:41,0
DA:53,0
DA:55,0
DA:56,0
DA:61,0
DA:62,0
DA:64,0
DA:68,0
DA:74,0
LF:19
LH:0
BRF:0
BRH:0
end_of_record
TN:
SF:src\presentation\controllers\BaseController.js
FN:5,(anonymous_0)
FN:15,(anonymous_1)
FN:40,(anonymous_2)
FN:55,(anonymous_3)
FNF:4
FNH:4
FNDA:32,(anonymous_0)
FNDA:24,(anonymous_1)
FNDA:6,(anonymous_2)
FNDA:16,(anonymous_3)
DA:6,32
DA:18,24
DA:19,24
DA:20,22
DA:28,2
DA:43,6
DA:56,16
DA:61,16
DA:62,16
DA:63,16
DA:65,0
DA:66,0
DA:68,16
DA:71,16
DA:73,0
DA:79,0
DA:84,2
LF:17
LH:13
BRDA:15,0,0,22
BRDA:18,1,0,24
BRDA:18,1,1,0
BRDA:18,2,0,24
BRDA:18,2,1,24
BRDA:18,2,2,24
BRDA:19,3,0,22
BRDA:19,3,1,2
BRDA:19,4,0,24
BRDA:19,4,1,2
BRDA:19,4,2,2
BRDA:63,5,0,0
BRDA:63,5,1,16
BRDA:63,6,0,16
BRDA:63,6,1,16
BRF:15
BRH:13
end_of_record
TN:
SF:src\presentation\controllers\ConfirmationController.js
FN:18,(anonymous_0)
FN:48,(anonymous_1)
FN:114,(anonymous_2)
FN:130,(anonymous_3)
FN:191,(anonymous_4)
FN:208,(anonymous_5)
FN:252,(anonymous_6)
FN:267,(anonymous_7)
FN:282,(anonymous_8)
FN:297,(anonymous_9)
FN:312,(anonymous_10)
FN:327,(anonymous_11)
FN:344,(anonymous_12)
FN:386,(anonymous_13)
FN:402,(anonymous_14)
FNF:15
FNH:15
FNDA:19,(anonymous_0)
FNDA:3,(anonymous_1)
FNDA:1,(anonymous_2)
FNDA:3,(anonymous_3)
FNDA:1,(anonymous_4)
FNDA:1,(anonymous_5)
FNDA:1,(anonymous_6)
FNDA:1,(anonymous_7)
FNDA:1,(anonymous_8)
FNDA:1,(anonymous_9)
FNDA:1,(anonymous_10)
FNDA:1,(anonymous_11)
FNDA:2,(anonymous_12)
FNDA:1,(anonymous_13)
FNDA:1,(anonymous_14)
DA:7,1
DA:12,1
DA:13,1
DA:14,1
DA:15,1
DA:31,19
DA:32,19
DA:33,19
DA:34,19
DA:35,19
DA:36,19
DA:37,19
DA:38,19
DA:39,19
DA:40,19
DA:41,19
DA:49,3
DA:54,3
DA:55,3
DA:58,3
DA:59,1
DA:67,2
DA:69,2
DA:71,2
DA:72,1
DA:80,1
DA:86,1
DA:88,1
DA:89,0
DA:92,1
DA:98,1
DA:100,0
DA:106,0
DA:115,1
DA:116,1
DA:131,3
DA:136,3
DA:137,3
DA:140,3
DA:141,1
DA:149,2
DA:151,2
DA:153,2
DA:154,1
DA:165,1
DA:167,1
DA:168,0
DA:171,1
DA:175,1
DA:177,0
DA:183,0
DA:192,1
DA:193,1
DA:194,1
DA:209,1
DA:214,1
DA:215,1
DA:217,1
DA:224,1
DA:225,0
DA:228,1
DA:233,1
DA:238,0
DA:244,0
DA:253,1
DA:268,1
DA:283,1
DA:298,1
DA:313,1
DA:328,1
DA:329,1
DA:330,1
DA:345,2
DA:349,2
DA:350,2
DA:352,2
DA:354,2
DA:355,0
DA:358,2
DA:363,2
DA:364,1
DA:365,1
DA:366,1
DA:367,1
DA:369,1
DA:372,0
DA:378,0
DA:387,1
DA:388,1
DA:403,1
DA:414,1
LF:91
LH:79
BRDA:58,0,0,1
BRDA:58,0,1,2
BRDA:71,1,0,1
BRDA:71,1,1,1
BRDA:88,2,0,0
BRDA:88,2,1,1
BRDA:95,3,0,1
BRDA:95,3,1,0
BRDA:140,4,0,1
BRDA:140,4,1,2
BRDA:153,5,0,1
BRDA:153,5,1,1
BRDA:167,6,0,0
BRDA:167,6,1,1
BRDA:193,7,0,0
BRDA:224,8,0,0
BRDA:224,8,1,1
BRDA:328,9,0,0
BRDA:350,10,0,1
BRDA:354,11,0,0
BRDA:354,11,1,2
BRDA:363,12,0,1
BRDA:363,12,1,1
BRF:23
BRH:16
end_of_record
TN:
SF:src\presentation\controllers\InvitationController.js
FN:15,(anonymous_0)
FN:49,(anonymous_1)
FN:65,(anonymous_2)
FN:120,(anonymous_3)
FN:162,(anonymous_4)
FN:180,(anonymous_5)
FN:198,(anonymous_6)
FN:214,(anonymous_7)
FN:229,(anonymous_8)
FN:272,(anonymous_9)
FN:316,(anonymous_10)
FNF:11
FNH:11
FNDA:13,(anonymous_0)
FNDA:1,(anonymous_1)
FNDA:2,(anonymous_2)
FNDA:1,(anonymous_3)
FNDA:1,(anonymous_4)
FNDA:1,(anonymous_5)
FNDA:1,(anonymous_6)
FNDA:1,(anonymous_7)
FNDA:2,(anonymous_8)
FNDA:2,(anonymous_9)
FNDA:1,(anonymous_10)
DA:7,1
DA:9,1
DA:10,1
DA:11,1
DA:12,1
DA:30,13
DA:31,13
DA:32,13
DA:33,13
DA:34,13
DA:35,13
DA:36,13
DA:37,13
DA:38,13
DA:39,13
DA:40,13
DA:41,13
DA:42,13
DA:50,1
DA:51,1
DA:66,2
DA:71,2
DA:72,2
DA:74,2
DA:76,2
DA:77,1
DA:85,1
DA:87,1
DA:88,0
DA:91,1
DA:97,1
DA:106,0
DA:112,0
DA:121,1
DA:126,1
DA:127,1
DA:129,1
DA:137,1
DA:138,0
DA:141,1
DA:146,1
DA:148,0
DA:154,0
DA:163,1
DA:164,1
DA:166,1
DA:181,1
DA:182,1
DA:183,1
DA:184,1
DA:199,1
DA:200,1
DA:215,1
DA:230,2
DA:234,2
DA:235,2
DA:237,2
DA:238,1
DA:246,1
DA:248,1
DA:253,1
DA:258,0
DA:264,0
DA:273,2
DA:277,2
DA:278,2
DA:280,2
DA:282,2
DA:283,0
DA:286,2
DA:291,2
DA:292,1
DA:293,1
DA:296,1
DA:297,1
DA:299,1
DA:302,0
DA:308,0
DA:317,1
DA:318,1
DA:329,1
LF:81
LH:70
BRDA:76,0,0,1
BRDA:76,0,1,1
BRDA:87,1,0,0
BRDA:87,1,1,1
BRDA:137,2,0,0
BRDA:137,2,1,1
BRDA:182,3,0,0
BRDA:183,4,0,1
BRDA:183,4,1,0
BRDA:237,5,0,1
BRDA:237,5,1,1
BRDA:237,6,0,2
BRDA:237,6,1,2
BRDA:278,7,0,1
BRDA:282,8,0,0
BRDA:282,8,1,2
BRDA:291,9,0,1
BRDA:291,9,1,1
BRF:18
BRH:13
end_of_record
TN:
SF:src\presentation\controllers\NotificationController.js
FN:6,(anonymous_0)
FN:16,(anonymous_1)
FNF:2
FNH:0
FNDA:0,(anonymous_0)
FNDA:0,(anonymous_1)
DA:7,0
DA:8,0
DA:17,0
DA:18,0
DA:20,0
DA:21,0
DA:26,0
LF:7
LH:0
BRF:0
BRH:0
end_of_record
TN:
SF:src\presentation\middleware\authMiddleware.js
FN:10,(anonymous_0)
FN:28,(anonymous_1)
FN:98,(anonymous_2)
FN:158,(anonymous_3)
FN:202,(anonymous_4)
FN:219,(anonymous_5)
FN:220,(anonymous_6)
FN:239,(anonymous_7)
FN:284,(anonymous_8)
FN:354,(anonymous_9)
FNF:10
FNH:9
FNDA:10,(anonymous_0)
FNDA:1,(anonymous_1)
FNDA:4,(anonymous_2)
FNDA:2,(anonymous_3)
FNDA:3,(anonymous_4)
FNDA:2,(anonymous_5)
FNDA:2,(anonymous_6)
FNDA:2,(anonymous_7)
FNDA:2,(anonymous_8)
FNDA:0,(anonymous_9)
DA:7,1
DA:11,10
DA:13,10
DA:14,0
DA:16,10
DA:17,0
DA:20,10
DA:21,10
DA:28,10
DA:29,1
DA:35,1
DA:37,1
DA:39,1
DA:40,0
DA:44,0
DA:51,1
DA:52,1
DA:53,1
DA:57,0
DA:58,0
DA:59,0
DA:62,0
DA:66,0
DA:71,0
DA:78,0
DA:83,0
DA:99,4
DA:100,4
DA:103,2
DA:104,0
DA:108,0
DA:115,2
DA:121,2
DA:125,2
DA:127,2
DA:132,2
DA:133,1
DA:139,1
DA:140,1
DA:146,0
DA:159,2
DA:160,2
DA:161,2
DA:163,2
DA:164,1
DA:170,1
DA:174,1
DA:176,1
DA:180,1
DA:186,0
DA:190,0
DA:203,3
DA:211,3
DA:220,2
DA:221,2
DA:226,2
DA:227,2
DA:228,0
DA:232,0
DA:238,2
DA:239,2
DA:240,2
DA:243,2
DA:244,1
DA:248,1
DA:254,1
DA:257,1
DA:259,0
DA:266,0
DA:271,0
DA:284,10
DA:285,2
DA:289,2
DA:290,2
DA:292,2
DA:293,1
DA:297,1
DA:303,1
DA:304,1
DA:306,1
DA:310,1
DA:322,0
DA:326,0
DA:331,0
DA:338,0
DA:343,0
DA:354,10
DA:355,0
DA:359,0
DA:360,0
DA:361,0
DA:364,0
DA:370,0
DA:373,0
DA:379,0
DA:386,0
DA:391,0
DA:399,1
LF:98
LH:61
BRDA:13,0,0,0
BRDA:13,0,1,10
BRDA:16,1,0,0
BRDA:16,1,1,10
BRDA:39,2,0,0
BRDA:39,2,1,1
BRDA:51,3,0,1
BRDA:51,3,1,0
BRDA:57,4,0,0
BRDA:57,4,1,0
BRDA:103,5,0,0
BRDA:103,5,1,2
BRDA:103,6,0,2
BRDA:103,6,1,2
BRDA:116,7,0,2
BRDA:116,7,1,0
BRDA:117,8,0,2
BRDA:117,8,1,0
BRDA:118,9,0,2
BRDA:118,9,1,0
BRDA:132,10,0,1
BRDA:132,10,1,1
BRDA:139,11,0,1
BRDA:139,11,1,0
BRDA:163,12,0,1
BRDA:163,12,1,1
BRDA:163,13,0,2
BRDA:163,13,1,2
BRDA:202,14,0,1
BRDA:223,15,0,2
BRDA:223,15,1,0
BRDA:227,16,0,0
BRDA:227,16,1,2
BRDA:238,17,0,2
BRDA:238,17,1,0
BRDA:243,18,0,1
BRDA:243,18,1,1
BRDA:292,19,0,1
BRDA:292,19,1,1
BRDA:292,20,0,2
BRDA:292,20,1,1
BRDA:303,21,0,1
BRDA:303,21,1,0
BRDA:303,22,0,1
BRDA:303,22,1,1
BRDA:360,23,0,0
BRDA:360,23,1,0
BRF:47
BRH:30
end_of_record
TN:
SF:src\presentation\middleware\csrf.js
FN:11,(anonymous_0)
FNF:1
FNH:0
FNDA:0,(anonymous_0)
DA:1,0
DA:3,0
DA:11,0
DA:12,0
DA:14,0
DA:15,0
DA:18,0
DA:21,0
LF:8
LH:0
BRDA:14,0,0,0
BRDA:14,0,1,0
BRF:2
BRH:0
end_of_record
TN:
SF:src\presentation\middleware\errorHandler.js
FN:8,(anonymous_0)
FNF:1
FNH:0
FNDA:0,(anonymous_0)
DA:4,0
DA:5,0
DA:6,0
DA:8,0
DA:9,0
DA:15,0
DA:19,0
DA:28,0
DA:29,0
DA:37,0
DA:45,0
LF:11
LH:0
BRDA:15,0,0,0
BRDA:15,0,1,0
BRDA:16,1,0,0
BRDA:16,1,1,0
BRDA:16,1,2,0
BRDA:16,1,3,0
BRDA:19,2,0,0
BRDA:19,2,1,0
BRDA:22,3,0,0
BRDA:22,3,1,0
BRDA:23,4,0,0
BRDA:23,4,1,0
BRDA:28,5,0,0
BRDA:28,5,1,0
BRF:14
BRH:0
end_of_record
TN:
SF:src\presentation\middleware\fileUploadValidator.js
FN:7,(anonymous_0)
FN:17,(anonymous_1)
FN:32,(anonymous_2)
FN:33,(anonymous_3)
FNF:4
FNH:0
FNDA:0,(anonymous_0)
FNDA:0,(anonymous_1)
FNDA:0,(anonymous_2)
FNDA:0,(anonymous_3)
DA:7,0
DA:11,0
DA:13,0
DA:18,0
DA:19,0
DA:21,0
DA:32,0
DA:33,0
DA:34,0
DA:35,0
DA:36,0
DA:43,0
DA:44,0
DA:45,0
DA:47,0
LF:15
LH:0
BRDA:9,0,0,0
BRDA:10,1,0,0
BRDA:18,2,0,0
BRDA:18,2,1,0
BRDA:34,3,0,0
BRDA:34,3,1,0
BRDA:35,4,0,0
BRDA:35,4,1,0
BRDA:44,5,0,0
BRDA:44,5,1,0
BRF:10
BRH:0
end_of_record
TN:
SF:src\presentation\middleware\index.js
FN:16,configureMiddleware
FN:34,(anonymous_1)
FNF:2
FNH:0
FNDA:0,configureMiddleware
FNDA:0,(anonymous_1)
DA:7,0
DA:8,0
DA:9,0
DA:17,0
DA:20,0
DA:21,0
DA:23,0
DA:35,0
DA:62,0
LF:9
LH:0
BRF:0
BRH:0
end_of_record
TN:
SF:src\presentation\middleware\rateLimiter.js
FNF:0
FNH:0
DA:1,0
DA:2,0
DA:4,0
DA:10,0
LF:4
LH:0
BRF:0
BRH:0
end_of_record
TN:
SF:src\presentation\middleware\securityMiddleware.js
FN:15,(anonymous_0)
FN:24,(anonymous_1)
FN:25,(anonymous_2)
FN:39,(anonymous_3)
FN:86,(anonymous_4)
FN:88,(anonymous_5)
FN:102,(anonymous_6)
FN:103,(anonymous_7)
FN:143,(anonymous_8)
FN:153,(anonymous_9)
FN:171,(anonymous_10)
FN:178,(anonymous_11)
FN:179,(anonymous_12)
FN:189,(anonymous_13)
FN:190,(anonymous_14)
FN:205,(anonymous_15)
FN:240,(anonymous_16)
FN:241,(anonymous_17)
FN:282,(anonymous_18)
FN:283,(anonymous_19)
FN:336,(anonymous_20)
FN:337,(anonymous_21)
FN:376,(anonymous_22)
FN:377,(anonymous_23)
FN:411,(anonymous_24)
FN:412,(anonymous_25)
FN:449,(anonymous_26)
FN:450,(anonymous_27)
FN:476,(anonymous_28)
FN:482,(anonymous_29)
FN:499,(anonymous_30)
FN:515,(anonymous_31)
FN:528,(anonymous_32)
FNF:33
FNH:0
FNDA:0,(anonymous_0)
FNDA:0,(anonymous_1)
FNDA:0,(anonymous_2)
FNDA:0,(anonymous_3)
FNDA:0,(anonymous_4)
FNDA:0,(anonymous_5)
FNDA:0,(anonymous_6)
FNDA:0,(anonymous_7)
FNDA:0,(anonymous_8)
FNDA:0,(anonymous_9)
FNDA:0,(anonymous_10)
FNDA:0,(anonymous_11)
FNDA:0,(anonymous_12)
FNDA:0,(anonymous_13)
FNDA:0,(anonymous_14)
FNDA:0,(anonymous_15)
FNDA:0,(anonymous_16)
FNDA:0,(anonymous_17)
FNDA:0,(anonymous_18)
FNDA:0,(anonymous_19)
FNDA:0,(anonymous_20)
FNDA:0,(anonymous_21)
FNDA:0,(anonymous_22)
FNDA:0,(anonymous_23)
FNDA:0,(anonymous_24)
FNDA:0,(anonymous_25)
FNDA:0,(anonymous_26)
FNDA:0,(anonymous_27)
FNDA:0,(anonymous_28)
FNDA:0,(anonymous_29)
FNDA:0,(anonymous_30)
FNDA:0,(anonymous_31)
FNDA:0,(anonymous_32)
DA:7,0
DA:8,0
DA:9,0
DA:10,0
DA:11,0
DA:12,0
DA:16,0
DA:17,0
DA:18,0
DA:25,0
DA:26,0
DA:28,0
DA:29,0
DA:32,0
DA:40,0
DA:87,0
DA:89,0
DA:90,0
DA:92,0
DA:103,0
DA:124,0
DA:125,0
DA:129,0
DA:130,0
DA:132,0
DA:133,0
DA:136,0
DA:144,0
DA:154,0
DA:160,0
DA:172,0
DA:179,0
DA:180,0
DA:181,0
DA:182,0
DA:190,0
DA:191,0
DA:194,0
DA:204,0
DA:205,0
DA:206,0
DA:209,0
DA:210,0
DA:220,0
DA:230,0
DA:233,0
DA:241,0
DA:242,0
DA:244,0
DA:245,0
DA:246,0
DA:254,0
DA:255,0
DA:256,0
DA:257,0
DA:264,0
DA:266,0
DA:271,0
DA:283,0
DA:284,0
DA:285,0
DA:288,0
DA:289,0
DA:295,0
DA:296,0
DA:303,0
DA:304,0
DA:305,0
DA:311,0
DA:312,0
DA:318,0
DA:320,0
DA:325,0
DA:337,0
DA:338,0
DA:340,0
DA:341,0
DA:342,0
DA:350,0
DA:351,0
DA:353,0
DA:359,0
DA:361,0
DA:365,0
DA:377,0
DA:378,0
DA:380,0
DA:381,0
DA:385,0
DA:386,0
DA:390,0
DA:391,0
DA:394,0
DA:396,0
DA:400,0
DA:412,0
DA:413,0
DA:422,0
DA:423,0
DA:431,0
DA:432,0
DA:439,0
DA:450,0
DA:451,0
DA:459,0
DA:460,0
DA:463,0
DA:477,0
DA:478,0
DA:481,0
DA:482,0
DA:485,0
DA:486,0
DA:487,0
DA:488,0
DA:491,0
DA:500,0
DA:502,0
DA:509,0
DA:516,0
DA:528,0
DA:529,0
DA:535,0
LF:123
LH:0
BRDA:15,0,0,0
BRDA:26,1,0,0
BRDA:26,1,1,0
BRDA:28,2,0,0
BRDA:28,2,1,0
BRDA:28,3,0,0
BRDA:28,3,1,0
BRDA:89,4,0,0
BRDA:89,4,1,0
BRDA:132,5,0,0
BRDA:132,5,1,0
BRDA:209,6,0,0
BRDA:209,6,1,0
BRDA:216,7,0,0
BRDA:216,7,1,0
BRDA:216,8,0,0
BRDA:216,8,1,0
BRDA:226,9,0,0
BRDA:226,9,1,0
BRDA:226,10,0,0
BRDA:226,10,1,0
BRDA:244,11,0,0
BRDA:244,11,1,0
BRDA:245,12,0,0
BRDA:245,12,1,0
BRDA:254,13,0,0
BRDA:254,13,1,0
BRDA:256,14,0,0
BRDA:256,14,1,0
BRDA:256,15,0,0
BRDA:256,15,1,0
BRDA:288,16,0,0
BRDA:288,16,1,0
BRDA:288,17,0,0
BRDA:288,17,1,0
BRDA:288,17,2,0
BRDA:295,18,0,0
BRDA:295,18,1,0
BRDA:295,19,0,0
BRDA:295,19,1,0
BRDA:295,19,2,0
BRDA:295,19,3,0
BRDA:304,20,0,0
BRDA:304,20,1,0
BRDA:304,21,0,0
BRDA:304,21,1,0
BRDA:311,22,0,0
BRDA:311,22,1,0
BRDA:311,23,0,0
BRDA:311,23,1,0
BRDA:340,24,0,0
BRDA:340,24,1,0
BRDA:341,25,0,0
BRDA:341,25,1,0
BRDA:341,26,0,0
BRDA:341,26,1,0
BRDA:351,27,0,0
BRDA:351,27,1,0
BRDA:380,28,0,0
BRDA:380,28,1,0
BRDA:385,29,0,0
BRDA:385,29,1,0
BRDA:390,30,0,0
BRDA:390,30,1,0
BRDA:422,31,0,0
BRDA:422,31,1,0
BRDA:431,32,0,0
BRDA:431,32,1,0
BRDA:459,33,0,0
BRDA:459,33,1,0
BRDA:477,34,0,0
BRDA:477,34,1,0
BRDA:477,35,0,0
BRDA:477,35,1,0
BRDA:481,36,0,0
BRDA:481,36,1,0
BRDA:500,37,0,0
BRDA:500,37,1,0
BRF:78
BRH:0
end_of_record
TN:
SF:src\presentation\routes\authRoutes.js
FN:13,configureAuthRoutes
FN:28,(anonymous_1)
FN:36,(anonymous_2)
FNF:3
FNH:0
FNDA:0,configureAuthRoutes
FNDA:0,(anonymous_1)
FNDA:0,(anonymous_2)
DA:6,0
DA:14,0
DA:17,0
DA:25,0
DA:28,0
DA:29,0
DA:36,0
DA:37,0
DA:38,0
DA:39,0
DA:45,0
DA:51,0
DA:58,0
DA:61,0
LF:14
LH:0
BRF:0
BRH:0
end_of_record
TN:
SF:src\presentation\routes\confirmationRoutes.js
FN:15,(anonymous_0)
FN:15,(anonymous_1)
FN:25,configureConfirmationRoutes
FNF:3
FNH:0
FNDA:0,(anonymous_0)
FNDA:0,(anonymous_1)
FNDA:0,configureConfirmationRoutes
DA:7,0
DA:8,0
DA:15,0
DA:16,0
DA:27,0
DA:28,0
DA:29,0
DA:32,0
DA:41,0
DA:47,0
DA:57,0
DA:60,0
DA:66,0
DA:71,0
DA:76,0
DA:85,0
DA:92,0
DA:98,0
DA:104,0
DA:111,0
DA:118,0
DA:124,0
DA:132,0
DA:135,0
LF:24
LH:0
BRF:0
BRH:0
end_of_record
TN:
SF:src\presentation\routes\index.js
FN:19,configureRoutes
FN:28,(anonymous_1)
FN:41,(anonymous_2)
FN:86,(anonymous_3)
FNF:4
FNH:0
FNDA:0,configureRoutes
FNDA:0,(anonymous_1)
FNDA:0,(anonymous_2)
FNDA:0,(anonymous_3)
DA:7,0
DA:8,0
DA:9,0
DA:10,0
DA:11,0
DA:20,0
DA:23,0
DA:24,0
DA:25,0
DA:28,0
DA:29,0
DA:38,0
DA:41,0
DA:42,0
DA:48,0
DA:49,0
DA:52,0
DA:56,0
DA:59,0
DA:63,0
DA:66,0
DA:70,0
DA:73,0
DA:80,0
DA:83,0
DA:86,0
DA:87,0
DA:95,0
DA:98,0
LF:29
LH:0
BRDA:32,0,0,0
BRDA:32,0,1,0
BRDA:33,1,0,0
BRDA:33,1,1,0
BRF:4
BRH:0
end_of_record
TN:
SF:src\presentation\routes\invitationRoutes.js
FN:22,(anonymous_0)
FN:22,(anonymous_1)
FN:32,configureInvitationRoutes
FN:67,(anonymous_3)
FN:76,(anonymous_4)
FNF:5
FNH:0
FNDA:0,(anonymous_0)
FNDA:0,(anonymous_1)
FNDA:0,configureInvitationRoutes
FNDA:0,(anonymous_3)
FNDA:0,(anonymous_4)
DA:7,0
DA:8,0
DA:22,0
DA:23,0
DA:34,0
DA:35,0
DA:36,0
DA:60,0
DA:67,0
DA:68,0
DA:71,0
DA:72,0
DA:74,0
DA:76,0
DA:84,0
DA:92,0
DA:100,0
DA:126,0
DA:134,0
DA:150,0
DA:178,0
DA:185,0
DA:196,0
DA:205,0
DA:208,0
LF:25
LH:0
BRF:0
BRH:0
end_of_record
TN:
SF:src\presentation\routes\notificationRoutes.js
FN:9,configureNotificationRoutes
FN:12,(anonymous_1)
FNF:2
FNH:0
FNDA:0,configureNotificationRoutes
FNDA:0,(anonymous_1)
DA:1,0
DA:10,0
DA:12,0
DA:13,0
DA:16,0
DA:19,0
LF:6
LH:0
BRF:0
BRH:0
end_of_record
TN:
SF:src\shared\container\DIContainer.js
FN:8,(anonymous_0)
FN:22,(anonymous_1)
FN:49,(anonymous_2)
FN:58,(anonymous_3)
FN:68,(anonymous_4)
FN:106,(anonymous_5)
FN:107,(anonymous_6)
FN:115,(anonymous_7)
FN:124,(anonymous_8)
FN:152,(anonymous_9)
FN:171,(anonymous_10)
FN:181,(anonymous_11)
FN:203,(anonymous_12)
FN:212,(anonymous_13)
FN:213,(anonymous_14)
FNF:15
FNH:0
FNDA:0,(anonymous_0)
FNDA:0,(anonymous_1)
FNDA:0,(anonymous_2)
FNDA:0,(anonymous_3)
FNDA:0,(anonymous_4)
FNDA:0,(anonymous_5)
FNDA:0,(anonymous_6)
FNDA:0,(anonymous_7)
FNDA:0,(anonymous_8)
FNDA:0,(anonymous_9)
FNDA:0,(anonymous_10)
FNDA:0,(anonymous_11)
FNDA:0,(anonymous_12)
FNDA:0,(anonymous_13)
FNDA:0,(anonymous_14)
DA:9,0
DA:10,0
DA:11,0
DA:23,0
DA:24,0
DA:27,0
DA:28,0
DA:31,0
DA:40,0
DA:50,0
DA:59,0
DA:60,0
DA:70,0
DA:71,0
DA:75,0
DA:76,0
DA:79,0
DA:80,0
DA:83,0
DA:84,0
DA:88,0
DA:91,0
DA:94,0
DA:95,0
DA:98,0
DA:107,0
DA:116,0
DA:125,0
DA:126,0
DA:127,0
DA:135,0
DA:136,0
DA:145,0
DA:153,0
DA:155,0
DA:156,0
DA:159,0
DA:160,0
DA:161,0
DA:165,0
DA:172,0
DA:173,0
DA:174,0
DA:182,0
DA:185,0
DA:186,0
DA:190,0
DA:191,0
DA:194,0
DA:204,0
DA:205,0
DA:213,0
DA:214,0
DA:215,0
DA:220,0
LF:55
LH:0
BRDA:22,0,0,0
BRDA:23,1,0,0
BRDA:23,1,1,0
BRDA:27,2,0,0
BRDA:27,2,1,0
BRDA:34,3,0,0
BRDA:34,3,1,0
BRDA:35,4,0,0
BRDA:35,4,1,0
BRDA:49,5,0,0
BRDA:70,6,0,0
BRDA:70,6,1,0
BRDA:75,7,0,0
BRDA:75,7,1,0
BRDA:83,8,0,0
BRDA:83,8,1,0
BRDA:83,9,0,0
BRDA:83,9,1,0
BRDA:94,10,0,0
BRDA:94,10,1,0
BRDA:116,11,0,0
BRDA:116,11,1,0
BRDA:125,12,0,0
BRDA:125,12,1,0
BRDA:131,13,0,0
BRDA:131,13,1,0
BRDA:135,14,0,0
BRDA:135,14,1,0
BRDA:160,15,0,0
BRDA:160,15,1,0
BRDA:203,16,0,0
BRF:31
BRH:0
end_of_record
TN:
SF:src\shared\exceptions\BaseException.js
FN:6,(anonymous_0)
FNF:1
FNH:1
FNDA:47,(anonymous_0)
DA:7,47
DA:8,47
DA:9,47
DA:10,47
DA:11,47
DA:15,9
LF:6
LH:6
BRF:0
BRH:0
end_of_record
TN:
SF:src\shared\exceptions\BusinessRuleException.js
FN:8,(anonymous_0)
FNF:1
FNH:1
FNDA:17,(anonymous_0)
DA:1,7
DA:9,17
DA:13,7
LF:3
LH:3
BRDA:8,0,0,17
BRF:1
BRH:1
end_of_record
TN:
SF:src\shared\exceptions\NotFoundException.js
FN:8,(anonymous_0)
FNF:1
FNH:1
FNDA:3,(anonymous_0)
DA:1,3
DA:9,3
DA:10,3
DA:14,3
LF:4
LH:4
BRDA:8,0,0,0
BRDA:8,1,0,0
BRF:2
BRH:0
end_of_record
TN:
SF:src\shared\exceptions\ValidationException.js
FN:8,(anonymous_0)
FNF:1
FNH:1
FNDA:27,(anonymous_0)
DA:1,4
DA:9,27
DA:13,4
LF:3
LH:3
BRDA:8,0,0,27
BRF:1
BRH:1
end_of_record
TN:
SF:src\shared\utils\DIContainer.js
FN:7,(anonymous_0)
FN:18,(anonymous_1)
FN:41,(anonymous_2)
FN:69,(anonymous_3)
FN:77,(anonymous_4)
FN:85,(anonymous_5)
FN:94,(anonymous_6)
FN:103,(anonymous_7)
FNF:8
FNH:0
FNDA:0,(anonymous_0)
FNDA:0,(anonymous_1)
FNDA:0,(anonymous_2)
FNDA:0,(anonymous_3)
FNDA:0,(anonymous_4)
FNDA:0,(anonymous_5)
FNDA:0,(anonymous_6)
FNDA:0,(anonymous_7)
DA:8,0
DA:9,0
DA:19,0
DA:20,0
DA:23,0
DA:24,0
DA:27,0
DA:42,0
DA:43,0
DA:46,0
DA:49,0
DA:50,0
DA:54,0
DA:57,0
DA:58,0
DA:61,0
DA:70,0
DA:78,0
DA:79,0
DA:86,0
DA:87,0
DA:95,0
DA:104,0
DA:105,0
DA:108,0
DA:109,0
DA:117,0
LF:27
LH:0
BRDA:18,0,0,0
BRDA:19,1,0,0
BRDA:19,1,1,0
BRDA:23,2,0,0
BRDA:23,2,1,0
BRDA:30,3,0,0
BRDA:30,3,1,0
BRDA:42,4,0,0
BRDA:42,4,1,0
BRDA:49,5,0,0
BRDA:49,5,1,0
BRDA:49,6,0,0
BRDA:49,6,1,0
BRDA:57,7,0,0
BRDA:57,7,1,0
BRDA:104,8,0,0
BRDA:104,8,1,0
BRF:17
BRH:0
end_of_record
TN:
SF:src\shared\utils\Logger.js
FN:8,(anonymous_0)
FN:43,(anonymous_1)
FN:52,(anonymous_2)
FN:61,(anonymous_3)
FN:70,(anonymous_4)
FN:79,(anonymous_5)
FN:90,(anonymous_6)
FN:115,(anonymous_7)
FN:139,(anonymous_8)
FN:162,(anonymous_9)
FN:189,(anonymous_10)
FN:199,(anonymous_11)
FN:217,(anonymous_12)
FN:240,(anonymous_13)
FN:255,(anonymous_14)
FN:269,(anonymous_15)
FN:283,(anonymous_16)
FN:297,(anonymous_17)
FN:309,(anonymous_18)
FN:321,(anonymous_19)
FN:329,(anonymous_20)
FN:341,(anonymous_21)
FN:349,(anonymous_22)
FNF:23
FNH:0
FNDA:0,(anonymous_0)
FNDA:0,(anonymous_1)
FNDA:0,(anonymous_2)
FNDA:0,(anonymous_3)
FNDA:0,(anonymous_4)
FNDA:0,(anonymous_5)
FNDA:0,(anonymous_6)
FNDA:0,(anonymous_7)
FNDA:0,(anonymous_8)
FNDA:0,(anonymous_9)
FNDA:0,(anonymous_10)
FNDA:0,(anonymous_11)
FNDA:0,(anonymous_12)
FNDA:0,(anonymous_13)
FNDA:0,(anonymous_14)
FNDA:0,(anonymous_15)
FNDA:0,(anonymous_16)
FNDA:0,(anonymous_17)
FNDA:0,(anonymous_18)
FNDA:0,(anonymous_19)
FNDA:0,(anonymous_20)
FNDA:0,(anonymous_21)
FNDA:0,(anonymous_22)
DA:9,0
DA:10,0
DA:11,0
DA:12,0
DA:13,0
DA:14,0
DA:17,0
DA:26,0
DA:35,0
DA:44,0
DA:53,0
DA:62,0
DA:71,0
DA:80,0
DA:92,0
DA:93,0
DA:96,0
DA:98,0
DA:99,0
DA:102,0
DA:103,0
DA:116,0
DA:118,0
DA:140,0
DA:141,0
DA:142,0
DA:144,0
DA:145,0
DA:149,0
DA:151,0
DA:163,0
DA:164,0
DA:165,0
DA:168,0
DA:169,0
DA:174,0
DA:175,0
DA:178,0
DA:179,0
DA:190,0
DA:191,0
DA:193,0
DA:199,0
DA:200,0
DA:202,0
DA:218,0
DA:219,0
DA:221,0
DA:223,0
DA:241,0
DA:256,0
DA:270,0
DA:284,0
DA:298,0
DA:308,0
DA:309,0
DA:310,0
DA:313,0
DA:322,0
DA:330,0
DA:331,0
DA:332,0
DA:342,0
DA:350,0
DA:351,0
DA:354,0
DA:355,0
DA:356,0
DA:358,0
DA:359,0
DA:361,0
DA:362,0
DA:364,0
DA:365,0
DA:366,0
DA:368,0
DA:369,0
DA:370,0
DA:374,0
DA:381,0
LF:80
LH:0
BRDA:8,0,0,0
BRDA:9,1,0,0
BRDA:9,1,1,0
BRDA:11,2,0,0
BRDA:11,2,1,0
BRDA:12,3,0,0
BRDA:12,3,1,0
BRDA:13,4,0,0
BRDA:13,4,1,0
BRDA:14,5,0,0
BRDA:14,5,1,0
BRDA:35,6,0,0
BRDA:35,6,1,0
BRDA:43,7,0,0
BRDA:52,8,0,0
BRDA:61,9,0,0
BRDA:70,10,0,0
BRDA:79,11,0,0
BRDA:90,12,0,0
BRDA:92,13,0,0
BRDA:92,13,1,0
BRDA:98,14,0,0
BRDA:98,14,1,0
BRDA:102,15,0,0
BRDA:102,15,1,0
BRDA:125,16,0,0
BRDA:125,16,1,0
BRDA:125,16,2,0
BRDA:141,17,0,0
BRDA:141,17,1,0
BRDA:144,18,0,0
BRDA:144,18,1,0
BRDA:149,19,0,0
BRDA:149,19,1,0
BRDA:189,20,0,0
BRDA:199,21,0,0
BRDA:199,22,0,0
BRDA:221,23,0,0
BRDA:221,23,1,0
BRDA:230,24,0,0
BRDA:230,24,1,0
BRDA:240,25,0,0
BRDA:255,26,0,0
BRDA:259,27,0,0
BRDA:259,27,1,0
BRDA:269,28,0,0
BRDA:283,29,0,0
BRDA:283,30,0,0
BRDA:297,31,0,0
BRDA:330,32,0,0
BRDA:330,32,1,0
BRDA:349,33,0,0
BRDA:350,34,0,0
BRDA:350,34,1,0
BRDA:368,35,0,0
BRDA:368,35,1,0
BRF:56
BRH:0
end_of_record
TN:
SF:src\shared\utils\QueryBuilder.js
FN:14,(anonymous_0)
FN:46,(anonymous_1)
FNF:2
FNH:2
FNDA:2,(anonymous_0)
FNDA:2,(anonymous_1)
DA:15,2
DA:24,2
DA:26,2
DA:28,2
DA:47,2
DA:49,2
DA:50,0
DA:51,0
DA:54,0
DA:55,0
DA:56,0
DA:57,0
DA:58,0
DA:60,0
DA:61,0
DA:63,0
DA:66,0
DA:70,2
DA:74,2
LF:19
LH:8
BRDA:14,0,0,0
BRDA:15,1,0,2
BRDA:15,1,1,2
BRDA:18,2,0,0
BRDA:19,3,0,0
BRDA:20,4,0,2
BRDA:21,5,0,2
BRDA:22,6,0,2
BRDA:29,7,0,2
BRDA:29,7,1,0
BRDA:30,8,0,2
BRDA:30,8,1,0
BRDA:50,9,0,0
BRDA:50,9,1,0
BRDA:50,10,0,0
BRDA:50,10,1,0
BRDA:50,10,2,0
BRDA:54,11,0,0
BRDA:54,11,1,0
BRDA:56,12,0,0
BRDA:56,12,1,0
BRDA:58,13,0,0
BRDA:58,13,1,0
BRDA:58,14,0,0
BRDA:58,14,1,0
BRDA:60,15,0,0
BRDA:60,15,1,0
BRDA:60,16,0,0
BRDA:60,16,1,0
BRF:29
BRH:7
end_of_record
TN:
SF:src\shared\utils\ValidationService.js
FN:8,(anonymous_0)
FN:30,(anonymous_1)
FN:42,(anonymous_2)
FN:59,(anonymous_3)
FN:71,(anonymous_4)
FN:89,(anonymous_5)
FN:103,(anonymous_6)
FN:114,(anonymous_7)
FN:127,(anonymous_8)
FN:140,(anonymous_9)
FN:157,(anonymous_10)
FN:175,(anonymous_11)
FN:279,(anonymous_12)
FN:310,(anonymous_13)
FN:378,(anonymous_14)
FN:421,(anonymous_15)
FN:431,(anonymous_16)
FN:440,(anonymous_17)
FNF:18
FNH:0
FNDA:0,(anonymous_0)
FNDA:0,(anonymous_1)
FNDA:0,(anonymous_2)
FNDA:0,(anonymous_3)
FNDA:0,(anonymous_4)
FNDA:0,(anonymous_5)
FNDA:0,(anonymous_6)
FNDA:0,(anonymous_7)
FNDA:0,(anonymous_8)
FNDA:0,(anonymous_9)
FNDA:0,(anonymous_10)
FNDA:0,(anonymous_11)
FNDA:0,(anonymous_12)
FNDA:0,(anonymous_13)
FNDA:0,(anonymous_14)
FNDA:0,(anonymous_15)
FNDA:0,(anonymous_16)
FNDA:0,(anonymous_17)
DA:9,0
DA:10,0
DA:12,0
DA:22,0
DA:31,0
DA:32,0
DA:34,0
DA:43,0
DA:44,0
DA:48,0
DA:51,0
DA:60,0
DA:61,0
DA:63,0
DA:72,0
DA:73,0
DA:76,0
DA:77,0
DA:90,0
DA:91,0
DA:93,0
DA:104,0
DA:115,0
DA:116,0
DA:118,0
DA:119,0
DA:128,0
DA:129,0
DA:132,0
DA:141,0
DA:142,0
DA:146,0
DA:158,0
DA:159,0
DA:162,0
DA:176,0
DA:177,0
DA:179,0
DA:180,0
DA:182,0
DA:184,0
DA:185,0
DA:186,0
DA:190,0
DA:192,0
DA:193,0
DA:195,0
DA:199,0
DA:200,0
DA:201,0
DA:202,0
DA:205,0
DA:207,0
DA:208,0
DA:209,0
DA:212,0
DA:213,0
DA:214,0
DA:217,0
DA:218,0
DA:219,0
DA:222,0
DA:223,0
DA:224,0
DA:226,0
DA:227,0
DA:228,0
DA:231,0
DA:232,0
DA:233,0
DA:236,0
DA:237,0
DA:238,0
DA:241,0
DA:242,0
DA:243,0
DA:246,0
DA:247,0
DA:248,0
DA:249,0
DA:250,0
DA:253,0
DA:254,0
DA:255,0
DA:256,0
DA:257,0
DA:260,0
DA:261,0
DA:262,0
DA:263,0
DA:264,0
DA:267,0
DA:268,0
DA:269,0
DA:272,0
DA:273,0
DA:274,0
DA:278,0
DA:279,0
DA:281,0
DA:283,0
DA:284,0
DA:285,0
DA:286,0
DA:289,0
DA:292,0
DA:295,0
DA:299,0
DA:311,0
DA:312,0
DA:379,0
DA:380,0
DA:381,0
DA:422,0
DA:423,0
DA:432,0
DA:433,0
DA:441,0
DA:442,0
DA:443,0
DA:444,0
DA:445,0
DA:447,0
DA:451,0
LF:124
LH:0
BRDA:31,0,0,0
BRDA:31,0,1,0
BRDA:31,1,0,0
BRDA:31,1,1,0
BRDA:43,2,0,0
BRDA:43,2,1,0
BRDA:43,3,0,0
BRDA:43,3,1,0
BRDA:60,4,0,0
BRDA:60,4,1,0
BRDA:60,5,0,0
BRDA:60,5,1,0
BRDA:72,6,0,0
BRDA:72,6,1,0
BRDA:72,7,0,0
BRDA:72,7,1,0
BRDA:78,8,0,0
BRDA:78,8,1,0
BRDA:78,8,2,0
BRDA:90,9,0,0
BRDA:90,9,1,0
BRDA:90,10,0,0
BRDA:90,10,1,0
BRDA:104,11,0,0
BRDA:104,11,1,0
BRDA:104,11,2,0
BRDA:104,11,3,0
BRDA:115,12,0,0
BRDA:115,12,1,0
BRDA:119,13,0,0
BRDA:119,13,1,0
BRDA:128,14,0,0
BRDA:128,14,1,0
BRDA:128,15,0,0
BRDA:128,15,1,0
BRDA:141,16,0,0
BRDA:141,16,1,0
BRDA:141,17,0,0
BRDA:141,17,1,0
BRDA:158,18,0,0
BRDA:158,18,1,0
BRDA:158,19,0,0
BRDA:158,19,1,0
BRDA:184,20,0,0
BRDA:184,20,1,0
BRDA:184,21,0,0
BRDA:184,21,1,0
BRDA:184,21,2,0
BRDA:184,21,3,0
BRDA:190,22,0,0
BRDA:190,22,1,0
BRDA:190,23,0,0
BRDA:190,23,1,0
BRDA:190,23,2,0
BRDA:190,23,3,0
BRDA:192,24,0,0
BRDA:192,24,1,0
BRDA:199,25,0,0
BRDA:199,25,1,0
BRDA:200,26,0,0
BRDA:200,26,1,0
BRDA:207,27,0,0
BRDA:207,27,1,0
BRDA:207,28,0,0
BRDA:207,28,1,0
BRDA:212,29,0,0
BRDA:212,29,1,0
BRDA:212,30,0,0
BRDA:212,30,1,0
BRDA:217,31,0,0
BRDA:217,31,1,0
BRDA:217,32,0,0
BRDA:217,32,1,0
BRDA:223,33,0,0
BRDA:223,33,1,0
BRDA:226,34,0,0
BRDA:226,34,1,0
BRDA:231,35,0,0
BRDA:231,35,1,0
BRDA:231,36,0,0
BRDA:231,36,1,0
BRDA:236,37,0,0
BRDA:236,37,1,0
BRDA:236,38,0,0
BRDA:236,38,1,0
BRDA:241,39,0,0
BRDA:241,39,1,0
BRDA:241,40,0,0
BRDA:241,40,1,0
BRDA:247,41,0,0
BRDA:247,41,1,0
BRDA:248,42,0,0
BRDA:248,42,1,0
BRDA:254,43,0,0
BRDA:254,43,1,0
BRDA:255,44,0,0
BRDA:255,44,1,0
BRDA:261,45,0,0
BRDA:261,45,1,0
BRDA:262,46,0,0
BRDA:262,46,1,0
BRDA:267,47,0,0
BRDA:267,47,1,0
BRDA:267,48,0,0
BRDA:267,48,1,0
BRDA:272,49,0,0
BRDA:272,49,1,0
BRDA:272,50,0,0
BRDA:272,50,1,0
BRDA:278,51,0,0
BRDA:278,51,1,0
BRDA:283,52,0,0
BRDA:283,52,1,0
BRDA:284,53,0,0
BRDA:284,53,1,0
BRDA:441,54,0,0
BRDA:441,54,1,0
BRF:117
BRH:0
end_of_record
TN:
SF:src\shared\utils\csv-formatter.js
FN:11,convertToCSV
FN:20,(anonymous_1)
FNF:2
FNH:2
FNDA:2,convertToCSV
FNDA:2,(anonymous_1)
DA:12,2
DA:13,0
DA:16,2
DA:17,2
DA:19,2
DA:20,2
DA:21,2
DA:22,2
DA:23,0
DA:25,2
DA:27,2
DA:30,2
DA:33,2
LF:13
LH:11
BRDA:12,0,0,0
BRDA:12,0,1,2
BRDA:12,1,0,2
BRDA:12,1,1,2
BRDA:22,2,0,0
BRDA:22,2,1,2
BRDA:25,3,0,2
BRDA:25,3,1,0
BRF:8
BRH:5
end_of_record
