TN:
SF:src\application\dto\ConfirmationDTO.js
FN:13,(anonymous_0)
FN:42,(anonymous_1)
FNF:2
FNH:2
FNDA:2,(anonymous_0)
FNDA:2,(anonymous_1)
DA:21,2
DA:22,2
DA:23,2
DA:24,2
DA:25,2
DA:26,2
DA:49,2
DA:50,2
DA:52,2
DA:53,1
DA:55,2
DA:56,0
DA:58,2
DA:59,0
DA:61,2
DA:62,0
DA:67,1
LF:17
LH:14
BRDA:49,0,0,2
BRDA:49,0,1,0
BRDA:52,1,0,1
BRDA:52,1,1,1
BRDA:55,2,0,0
BRDA:55,2,1,2
BRDA:58,3,0,0
BRDA:58,3,1,2
BRDA:61,4,0,0
BRDA:61,4,1,2
BRF:10
BRH:6
end_of_record
TN:
SF:src\application\dto\InvitationDTO.js
FN:21,(anonymous_0)
FN:54,(anonymous_1)
FNF:2
FNH:0
FNDA:0,(anonymous_0)
FNDA:0,(anonymous_1)
DA:30,0
DA:31,0
DA:32,0
DA:33,0
DA:34,0
DA:35,0
DA:36,0
DA:63,0
DA:64,0
DA:66,0
DA:67,0
DA:69,0
DA:70,0
DA:72,0
DA:73,0
DA:75,0
DA:76,0
DA:78,0
DA:79,0
DA:81,0
DA:82,0
DA:87,0
LF:22
LH:0
BRDA:63,0,0,0
BRDA:63,0,1,0
BRDA:66,1,0,0
BRDA:66,1,1,0
BRDA:69,2,0,0
BRDA:69,2,1,0
BRDA:72,3,0,0
BRDA:72,3,1,0
BRDA:75,4,0,0
BRDA:75,4,1,0
BRDA:78,5,0,0
BRDA:78,5,1,0
BRDA:81,6,0,0
BRDA:81,6,1,0
BRF:14
BRH:0
end_of_record
TN:
SF:src\application\usecases\CancelConfirmationUseCase.js
FN:6,(anonymous_0)
FN:18,(anonymous_1)
FNF:2
FNH:0
FNDA:0,(anonymous_0)
FNDA:0,(anonymous_1)
DA:7,0
DA:8,0
DA:9,0
DA:19,0
DA:24,0
DA:26,0
DA:27,0
DA:28,0
DA:32,0
DA:33,0
DA:34,0
DA:38,0
DA:41,0
DA:42,0
DA:44,0
DA:45,0
DA:51,0
DA:52,0
DA:57,0
DA:66,0
LF:20
LH:0
BRDA:18,0,0,0
BRDA:27,1,0,0
BRDA:27,1,1,0
BRDA:33,2,0,0
BRDA:33,2,1,0
BRF:5
BRH:0
end_of_record
TN:
SF:src\application\usecases\CreateConfirmationUseCase.js
FN:10,(anonymous_0)
FN:30,(anonymous_1)
FN:88,(anonymous_2)
FN:137,(anonymous_3)
FN:149,(anonymous_4)
FN:155,(anonymous_5)
FN:156,(anonymous_6)
FN:185,(anonymous_7)
FN:226,(anonymous_8)
FN:254,(anonymous_9)
FN:294,(anonymous_10)
FN:309,(anonymous_11)
FN:332,(anonymous_12)
FN:344,(anonymous_13)
FN:363,(anonymous_14)
FNF:15
FNH:0
FNDA:0,(anonymous_0)
FNDA:0,(anonymous_1)
FNDA:0,(anonymous_2)
FNDA:0,(anonymous_3)
FNDA:0,(anonymous_4)
FNDA:0,(anonymous_5)
FNDA:0,(anonymous_6)
FNDA:0,(anonymous_7)
FNDA:0,(anonymous_8)
FNDA:0,(anonymous_9)
FNDA:0,(anonymous_10)
FNDA:0,(anonymous_11)
FNDA:0,(anonymous_12)
FNDA:0,(anonymous_13)
FNDA:0,(anonymous_14)
DA:7,0
DA:17,0
DA:18,0
DA:19,0
DA:20,0
DA:21,0
DA:31,0
DA:32,0
DA:38,0
DA:39,0
DA:40,0
DA:45,0
DA:51,0
DA:58,0
DA:59,0
DA:63,0
DA:65,0
DA:66,0
DA:69,0
DA:75,0
DA:78,0
DA:89,0
DA:90,0
DA:93,0
DA:94,0
DA:98,0
DA:102,0
DA:106,0
DA:107,0
DA:111,0
DA:116,0
DA:120,0
DA:124,0
DA:128,0
DA:138,0
DA:139,0
DA:150,0
DA:153,0
DA:154,0
DA:155,0
DA:156,0
DA:160,0
DA:161,0
DA:165,0
DA:166,0
DA:172,0
DA:173,0
DA:176,0
DA:187,0
DA:188,0
DA:192,0
DA:193,0
DA:202,0
DA:206,0
DA:210,0
DA:211,0
DA:215,0
DA:216,0
DA:227,0
DA:228,0
DA:229,0
DA:232,0
DA:234,0
DA:235,0
DA:238,0
DA:239,0
DA:240,0
DA:243,0
DA:255,0
DA:266,0
DA:268,0
DA:275,0
DA:276,0
DA:284,0
DA:295,0
DA:296,0
DA:297,0
DA:298,0
DA:299,0
DA:310,0
DA:321,0
DA:333,0
DA:345,0
DA:364,0
DA:371,0
DA:379,0
LF:86
LH:0
BRDA:58,0,0,0
BRDA:58,0,1,0
BRDA:65,1,0,0
BRDA:65,1,1,0
BRDA:89,2,0,0
BRDA:89,2,1,0
BRDA:89,3,0,0
BRDA:89,3,1,0
BRDA:93,4,0,0
BRDA:93,4,1,0
BRDA:93,5,0,0
BRDA:93,5,1,0
BRDA:98,6,0,0
BRDA:98,6,1,0
BRDA:99,7,0,0
BRDA:99,7,1,0
BRDA:106,8,0,0
BRDA:106,8,1,0
BRDA:107,9,0,0
BRDA:107,9,1,0
BRDA:108,10,0,0
BRDA:108,10,1,0
BRDA:116,11,0,0
BRDA:116,11,1,0
BRDA:117,12,0,0
BRDA:117,12,1,0
BRDA:124,13,0,0
BRDA:124,13,1,0
BRDA:125,14,0,0
BRDA:125,14,1,0
BRDA:138,15,0,0
BRDA:138,15,1,0
BRDA:153,16,0,0
BRDA:153,16,1,0
BRDA:160,17,0,0
BRDA:160,17,1,0
BRDA:165,18,0,0
BRDA:165,18,1,0
BRDA:172,19,0,0
BRDA:172,19,1,0
BRDA:187,20,0,0
BRDA:187,20,1,0
BRDA:187,21,0,0
BRDA:187,21,1,0
BRDA:192,22,0,0
BRDA:192,22,1,0
BRDA:192,23,0,0
BRDA:192,23,1,0
BRDA:202,24,0,0
BRDA:202,24,1,0
BRDA:203,25,0,0
BRDA:203,25,1,0
BRDA:210,26,0,0
BRDA:210,26,1,0
BRDA:210,27,0,0
BRDA:210,27,1,0
BRDA:215,28,0,0
BRDA:215,28,1,0
BRDA:215,29,0,0
BRDA:215,29,1,0
BRDA:228,30,0,0
BRDA:228,30,1,0
BRDA:234,31,0,0
BRDA:234,31,1,0
BRDA:239,32,0,0
BRDA:239,32,1,0
BRDA:275,33,0,0
BRDA:275,33,1,0
BRDA:349,34,0,0
BRDA:349,34,1,0
BRF:70
BRH:0
end_of_record
TN:
SF:src\application\usecases\CreateInvitationUseCase.js
FN:10,(anonymous_0)
FN:22,(anonymous_1)
FN:46,(anonymous_2)
FN:60,(anonymous_3)
FN:70,(anonymous_4)
FN:88,(anonymous_5)
FN:117,(anonymous_6)
FN:124,(anonymous_7)
FN:130,(anonymous_8)
FN:132,(anonymous_9)
FN:170,(anonymous_10)
FN:177,(anonymous_11)
FN:178,(anonymous_12)
FN:179,(anonymous_13)
FN:185,(anonymous_14)
FN:187,(anonymous_15)
FN:203,(anonymous_16)
FN:208,(anonymous_17)
FN:222,(anonymous_18)
FN:224,(anonymous_19)
FN:235,(anonymous_20)
FN:252,(anonymous_21)
FN:313,(anonymous_22)
FN:347,(anonymous_23)
FN:371,(anonymous_24)
FN:398,(anonymous_25)
FNF:26
FNH:0
FNDA:0,(anonymous_0)
FNDA:0,(anonymous_1)
FNDA:0,(anonymous_2)
FNDA:0,(anonymous_3)
FNDA:0,(anonymous_4)
FNDA:0,(anonymous_5)
FNDA:0,(anonymous_6)
FNDA:0,(anonymous_7)
FNDA:0,(anonymous_8)
FNDA:0,(anonymous_9)
FNDA:0,(anonymous_10)
FNDA:0,(anonymous_11)
FNDA:0,(anonymous_12)
FNDA:0,(anonymous_13)
FNDA:0,(anonymous_14)
FNDA:0,(anonymous_15)
FNDA:0,(anonymous_16)
FNDA:0,(anonymous_17)
FNDA:0,(anonymous_18)
FNDA:0,(anonymous_19)
FNDA:0,(anonymous_20)
FNDA:0,(anonymous_21)
FNDA:0,(anonymous_22)
FNDA:0,(anonymous_23)
FNDA:0,(anonymous_24)
FNDA:0,(anonymous_25)
DA:7,0
DA:11,0
DA:12,0
DA:13,0
DA:14,0
DA:23,0
DA:28,0
DA:29,0
DA:30,0
DA:32,0
DA:33,0
DA:35,0
DA:36,0
DA:47,0
DA:48,0
DA:49,0
DA:50,0
DA:51,0
DA:61,0
DA:71,0
DA:76,0
DA:89,0
DA:90,0
DA:94,0
DA:95,0
DA:96,0
DA:97,0
DA:98,0
DA:102,0
DA:105,0
DA:106,0
DA:107,0
DA:118,0
DA:122,0
DA:124,0
DA:126,0
DA:130,0
DA:132,0
DA:135,0
DA:140,0
DA:144,0
DA:145,0
DA:146,0
DA:147,0
DA:152,0
DA:156,0
DA:157,0
DA:162,0
DA:172,0
DA:174,0
DA:175,0
DA:177,0
DA:178,0
DA:179,0
DA:184,0
DA:185,0
DA:187,0
DA:189,0
DA:192,0
DA:193,0
DA:199,0
DA:200,0
DA:203,0
DA:205,0
DA:206,0
DA:208,0
DA:215,0
DA:219,0
DA:222,0
DA:223,0
DA:224,0
DA:228,0
DA:229,0
DA:230,0
DA:235,0
DA:240,0
DA:253,0
DA:254,0
DA:261,0
DA:262,0
DA:263,0
DA:264,0
DA:265,0
DA:271,0
DA:272,0
DA:280,0
DA:286,0
DA:287,0
DA:290,0
DA:291,0
DA:292,0
DA:293,0
DA:294,0
DA:296,0
DA:305,0
DA:306,0
DA:308,0
DA:310,0
DA:313,0
DA:314,0
DA:315,0
DA:322,0
DA:325,0
DA:326,0
DA:327,0
DA:330,0
DA:335,0
DA:345,0
DA:347,0
DA:348,0
DA:357,0
DA:363,0
DA:372,0
DA:373,0
DA:374,0
DA:375,0
DA:376,0
DA:377,0
DA:378,0
DA:379,0
DA:381,0
DA:383,0
DA:385,0
DA:388,0
DA:399,0
DA:405,0
DA:411,0
DA:412,0
DA:415,0
DA:419,0
LF:130
LH:0
BRDA:89,0,0,0
BRDA:89,0,1,0
BRDA:95,1,0,0
BRDA:95,1,1,0
BRDA:106,2,0,0
BRDA:106,2,1,0
BRDA:122,3,0,0
BRDA:122,3,1,0
BRDA:122,4,0,0
BRDA:122,4,1,0
BRDA:126,5,0,0
BRDA:126,5,1,0
BRDA:135,6,0,0
BRDA:135,6,1,0
BRDA:136,7,0,0
BRDA:136,7,1,0
BRDA:136,7,2,0
BRDA:144,8,0,0
BRDA:144,8,1,0
BRDA:144,9,0,0
BRDA:144,9,1,0
BRDA:144,9,2,0
BRDA:152,10,0,0
BRDA:152,10,1,0
BRDA:153,11,0,0
BRDA:153,11,1,0
BRDA:154,12,0,0
BRDA:154,12,1,0
BRDA:156,13,0,0
BRDA:156,13,1,0
BRDA:172,14,0,0
BRDA:172,14,1,0
BRDA:184,15,0,0
BRDA:184,15,1,0
BRDA:189,16,0,0
BRDA:189,16,1,0
BRDA:192,17,0,0
BRDA:192,17,1,0
BRDA:192,18,0,0
BRDA:192,18,1,0
BRDA:199,19,0,0
BRDA:199,19,1,0
BRDA:199,20,0,0
BRDA:199,20,1,0
BRDA:205,21,0,0
BRDA:205,21,1,0
BRDA:215,22,0,0
BRDA:215,22,1,0
BRDA:216,23,0,0
BRDA:216,23,1,0
BRDA:229,24,0,0
BRDA:229,24,1,0
BRDA:253,25,0,0
BRDA:253,25,1,0
BRDA:253,26,0,0
BRDA:253,26,1,0
BRDA:261,27,0,0
BRDA:261,27,1,0
BRDA:305,28,0,0
BRDA:305,28,1,0
BRDA:308,29,0,0
BRDA:308,29,1,0
BRDA:378,30,0,0
BRDA:378,30,1,0
BRDA:407,31,0,0
BRDA:407,31,1,0
BRDA:411,32,0,0
BRDA:411,32,1,0
BRF:68
BRH:0
end_of_record
TN:
SF:src\application\usecases\DeleteInvitationUseCase.js
FN:8,(anonymous_0)
FN:22,(anonymous_1)
FNF:2
FNH:0
FNDA:0,(anonymous_0)
FNDA:0,(anonymous_1)
DA:1,0
DA:9,0
DA:10,0
DA:23,0
DA:29,0
DA:31,0
DA:33,0
DA:34,0
DA:39,0
DA:42,0
DA:44,0
DA:46,0
DA:48,0
DA:49,0
DA:55,0
DA:60,0
LF:16
LH:0
BRDA:22,0,0,0
BRDA:22,1,0,0
BRDA:33,2,0,0
BRDA:33,2,1,0
BRF:4
BRH:0
end_of_record
TN:
SF:src\application\usecases\GetConfirmationStatsUseCase.js
FN:7,(anonymous_0)
FN:18,(anonymous_1)
FN:36,(anonymous_2)
FN:40,(anonymous_3)
FN:47,(anonymous_4)
FN:58,(anonymous_5)
FN:61,(anonymous_6)
FN:62,(anonymous_7)
FN:148,(anonymous_8)
FN:153,(anonymous_9)
FN:159,(anonymous_10)
FN:182,(anonymous_11)
FN:187,(anonymous_12)
FN:193,(anonymous_13)
FN:216,(anonymous_14)
FN:221,(anonymous_15)
FN:227,(anonymous_16)
FN:250,(anonymous_17)
FN:255,(anonymous_18)
FN:261,(anonymous_19)
FN:285,(anonymous_20)
FN:304,(anonymous_21)
FN:329,(anonymous_22)
FN:334,(anonymous_23)
FN:336,(anonymous_24)
FNF:25
FNH:0
FNDA:0,(anonymous_0)
FNDA:0,(anonymous_1)
FNDA:0,(anonymous_2)
FNDA:0,(anonymous_3)
FNDA:0,(anonymous_4)
FNDA:0,(anonymous_5)
FNDA:0,(anonymous_6)
FNDA:0,(anonymous_7)
FNDA:0,(anonymous_8)
FNDA:0,(anonymous_9)
FNDA:0,(anonymous_10)
FNDA:0,(anonymous_11)
FNDA:0,(anonymous_12)
FNDA:0,(anonymous_13)
FNDA:0,(anonymous_14)
FNDA:0,(anonymous_15)
FNDA:0,(anonymous_16)
FNDA:0,(anonymous_17)
FNDA:0,(anonymous_18)
FNDA:0,(anonymous_19)
FNDA:0,(anonymous_20)
FNDA:0,(anonymous_21)
FNDA:0,(anonymous_22)
FNDA:0,(anonymous_23)
FNDA:0,(anonymous_24)
DA:8,0
DA:9,0
DA:10,0
DA:20,0
DA:21,0
DA:25,0
DA:29,0
DA:30,0
DA:32,0
DA:36,0
DA:40,0
DA:48,0
DA:50,0
DA:52,0
DA:55,0
DA:58,0
DA:59,0
DA:61,0
DA:62,0
DA:65,0
DA:121,0
DA:123,0
DA:130,0
DA:132,0
DA:137,0
DA:149,0
DA:151,0
DA:152,0
DA:153,0
DA:155,0
DA:157,0
DA:159,0
DA:164,0
DA:166,0
DA:171,0
DA:183,0
DA:185,0
DA:186,0
DA:187,0
DA:189,0
DA:191,0
DA:193,0
DA:198,0
DA:200,0
DA:205,0
DA:217,0
DA:219,0
DA:220,0
DA:221,0
DA:223,0
DA:225,0
DA:227,0
DA:232,0
DA:234,0
DA:239,0
DA:251,0
DA:253,0
DA:254,0
DA:255,0
DA:257,0
DA:259,0
DA:261,0
DA:266,0
DA:268,0
DA:273,0
DA:286,0
DA:288,0
DA:289,0
DA:291,0
DA:292,0
DA:298,0
DA:300,0
DA:302,0
DA:304,0
DA:310,0
DA:312,0
DA:318,0
DA:330,0
DA:332,0
DA:333,0
DA:334,0
DA:335,0
DA:336,0
DA:340,0
DA:342,0
DA:348,0
DA:350,0
DA:355,0
DA:363,0
LF:89
LH:0
BRDA:20,0,0,0
BRDA:20,0,1,0
BRDA:29,1,0,0
BRDA:29,1,1,0
BRDA:103,2,0,0
BRDA:103,2,1,0
BRDA:111,3,0,0
BRDA:111,3,1,0
BRDA:285,4,0,0
BRDA:289,5,0,0
BRDA:289,5,1,0
BRDA:289,6,0,0
BRDA:289,6,1,0
BRF:13
BRH:0
end_of_record
TN:
SF:src\application\usecases\GetConfirmationUseCase.js
FN:6,(anonymous_0)
FN:17,(anonymous_1)
FNF:2
FNH:0
FNDA:0,(anonymous_0)
FNDA:0,(anonymous_1)
DA:7,0
DA:8,0
DA:9,0
DA:18,0
DA:20,0
DA:22,0
DA:23,0
DA:24,0
DA:28,0
DA:30,0
DA:31,0
DA:32,0
DA:35,0
DA:37,0
DA:42,0
DA:43,0
DA:48,0
DA:53,0
LF:18
LH:0
BRDA:22,0,0,0
BRDA:22,0,1,0
BRDA:30,1,0,0
BRDA:30,1,1,0
BRF:4
BRH:0
end_of_record
TN:
SF:src\application\usecases\GetConfirmationsUseCase.js
FN:6,(anonymous_0)
FN:20,(anonymous_1)
FN:56,(anonymous_2)
FN:57,(anonymous_3)
FN:69,(anonymous_4)
FNF:5
FNH:0
FNDA:0,(anonymous_0)
FNDA:0,(anonymous_1)
FNDA:0,(anonymous_2)
FNDA:0,(anonymous_3)
FNDA:0,(anonymous_4)
DA:7,0
DA:8,0
DA:9,0
DA:21,0
DA:28,0
DA:30,0
DA:31,0
DA:33,0
DA:34,0
DA:36,0
DA:37,0
DA:38,0
DA:42,0
DA:45,0
DA:53,0
DA:54,0
DA:56,0
DA:57,0
DA:59,0
DA:62,0
DA:67,0
DA:69,0
DA:73,0
DA:74,0
DA:82,0
DA:87,0
LF:26
LH:0
BRDA:20,0,0,0
BRDA:20,1,0,0
BRDA:33,2,0,0
BRDA:33,2,1,0
BRDA:33,3,0,0
BRDA:33,3,1,0
BRDA:37,4,0,0
BRDA:37,4,1,0
BRDA:37,5,0,0
BRDA:37,5,1,0
BRDA:37,5,2,0
BRDA:53,6,0,0
BRDA:53,6,1,0
BRF:13
BRH:0
end_of_record
TN:
SF:src\application\usecases\GetInvitationStatsUseCase.js
FN:7,(anonymous_0)
FN:12,(anonymous_1)
FNF:2
FNH:0
FNDA:0,(anonymous_0)
FNDA:0,(anonymous_1)
DA:8,0
DA:9,0
DA:13,0
DA:15,0
DA:17,0
DA:21,0
DA:26,0
DA:28,0
DA:29,0
DA:31,0
DA:57,0
DA:62,0
DA:69,0
DA:117,0
DA:119,0
DA:125,0
DA:127,0
DA:132,0
DA:140,0
LF:19
LH:0
BRDA:21,0,0,0
BRDA:21,0,1,0
BRDA:22,1,0,0
BRDA:22,1,1,0
BRDA:23,2,0,0
BRDA:23,2,1,0
BRDA:26,3,0,0
BRDA:26,3,1,0
BRDA:26,4,0,0
BRDA:26,4,1,0
BRDA:28,5,0,0
BRDA:28,5,1,0
BRDA:28,6,0,0
BRDA:28,6,1,0
BRDA:29,7,0,0
BRDA:29,7,1,0
BRDA:33,8,0,0
BRDA:33,8,1,0
BRDA:35,9,0,0
BRDA:35,9,1,0
BRDA:40,10,0,0
BRDA:40,10,1,0
BRDA:42,11,0,0
BRDA:42,11,1,0
BRDA:47,12,0,0
BRDA:47,12,1,0
BRDA:49,13,0,0
BRDA:49,13,1,0
BRDA:57,14,0,0
BRDA:57,14,1,0
BRDA:62,15,0,0
BRDA:62,15,1,0
BRDA:89,16,0,0
BRDA:89,16,1,0
BRDA:97,17,0,0
BRDA:97,17,1,0
BRDA:98,18,0,0
BRDA:98,18,1,0
BRDA:99,19,0,0
BRDA:99,19,1,0
BRDA:106,20,0,0
BRDA:106,20,1,0
BRDA:107,21,0,0
BRDA:107,21,1,0
BRDA:108,22,0,0
BRDA:108,22,1,0
BRF:46
BRH:0
end_of_record
TN:
SF:src\application\usecases\GetInvitationUseCase.js
FN:10,(anonymous_0)
FN:21,(anonymous_1)
FN:56,(anonymous_2)
FN:80,(anonymous_3)
FNF:4
FNH:0
FNDA:0,(anonymous_0)
FNDA:0,(anonymous_1)
FNDA:0,(anonymous_2)
FNDA:0,(anonymous_3)
DA:1,0
DA:2,0
DA:11,0
DA:12,0
DA:13,0
DA:22,0
DA:24,0
DA:25,0
DA:26,0
DA:28,0
DA:29,0
DA:30,0
DA:31,0
DA:34,0
DA:35,0
DA:37,0
DA:38,0
DA:41,0
DA:42,0
DA:44,0
DA:45,0
DA:46,0
DA:57,0
DA:58,0
DA:61,0
DA:63,0
DA:64,0
DA:67,0
DA:68,0
DA:71,0
DA:81,0
DA:89,0
LF:32
LH:0
BRDA:26,0,0,0
BRDA:26,0,1,0
BRDA:28,1,0,0
BRDA:28,1,1,0
BRDA:37,2,0,0
BRDA:37,2,1,0
BRDA:57,3,0,0
BRDA:57,3,1,0
BRDA:57,4,0,0
BRDA:57,4,1,0
BRDA:63,5,0,0
BRDA:63,5,1,0
BRDA:67,6,0,0
BRDA:67,6,1,0
BRF:14
BRH:0
end_of_record
TN:
SF:src\application\usecases\GetInvitationsUseCase.js
FN:6,(anonymous_0)
FN:21,(anonymous_1)
FN:53,(anonymous_2)
FNF:3
FNH:0
FNDA:0,(anonymous_0)
FNDA:0,(anonymous_1)
FNDA:0,(anonymous_2)
DA:7,0
DA:8,0
DA:9,0
DA:22,0
DA:24,0
DA:26,0
DA:27,0
DA:29,0
DA:30,0
DA:33,0
DA:34,0
DA:35,0
DA:39,0
DA:47,0
DA:53,0
DA:55,0
DA:61,0
DA:62,0
DA:66,0
DA:71,0
LF:20
LH:0
BRDA:29,0,0,0
BRDA:29,0,1,0
BRDA:29,1,0,0
BRDA:29,1,1,0
BRDA:34,2,0,0
BRDA:34,2,1,0
BRDA:34,3,0,0
BRDA:34,3,1,0
BRDA:34,3,2,0
BRF:9
BRH:0
end_of_record
TN:
SF:src\application\usecases\RestoreInvitationUseCase.js
FN:10,(anonymous_0)
FN:23,(anonymous_1)
FNF:2
FNH:0
FNDA:0,(anonymous_0)
FNDA:0,(anonymous_1)
DA:1,0
DA:2,0
DA:3,0
DA:11,0
DA:12,0
DA:13,0
DA:24,0
DA:28,0
DA:30,0
DA:31,0
DA:35,0
DA:37,0
DA:38,0
DA:42,0
DA:43,0
DA:44,0
DA:45,0
DA:47,0
DA:48,0
DA:49,0
DA:53,0
DA:56,0
DA:58,0
DA:60,0
DA:62,0
DA:63,0
DA:69,0
DA:74,0
LF:28
LH:0
BRDA:30,0,0,0
BRDA:30,0,1,0
BRDA:37,1,0,0
BRDA:37,1,1,0
BRDA:47,2,0,0
BRDA:47,2,1,0
BRF:6
BRH:0
end_of_record
TN:
SF:src\application\usecases\SearchConfirmationsByNameUseCase.js
FN:6,(anonymous_0)
FN:16,(anonymous_1)
FN:39,(anonymous_2)
FNF:3
FNH:0
FNDA:0,(anonymous_0)
FNDA:0,(anonymous_1)
FNDA:0,(anonymous_2)
DA:7,0
DA:8,0
DA:17,0
DA:22,0
DA:24,0
DA:25,0
DA:26,0
DA:33,0
DA:35,0
DA:37,0
DA:39,0
DA:43,0
DA:44,0
DA:49,0
DA:54,0
LF:15
LH:0
BRDA:24,0,0,0
BRDA:24,0,1,0
BRDA:24,1,0,0
BRDA:24,1,1,0
BRF:4
BRH:0
end_of_record
TN:
SF:src\application\usecases\SearchInvitationsByNameUseCase.js
FN:6,(anonymous_0)
FN:16,(anonymous_1)
FN:33,(anonymous_2)
FNF:3
FNH:0
FNDA:0,(anonymous_0)
FNDA:0,(anonymous_1)
FNDA:0,(anonymous_2)
DA:7,0
DA:8,0
DA:17,0
DA:21,0
DA:23,0
DA:24,0
DA:28,0
DA:30,0
DA:33,0
DA:35,0
DA:41,0
DA:42,0
DA:47,0
DA:52,0
LF:14
LH:0
BRDA:23,0,0,0
BRDA:23,0,1,0
BRDA:23,1,0,0
BRDA:23,1,1,0
BRF:4
BRH:0
end_of_record
TN:
SF:src\application\usecases\UpdateConfirmationUseCase.js
FN:6,(anonymous_0)
FN:26,(anonymous_1)
FN:91,(anonymous_2)
FN:117,(anonymous_3)
FN:132,(anonymous_4)
FN:141,(anonymous_5)
FN:145,(anonymous_6)
FN:146,(anonymous_7)
FN:154,(anonymous_8)
FNF:9
FNH:0
FNDA:0,(anonymous_0)
FNDA:0,(anonymous_1)
FNDA:0,(anonymous_2)
FNDA:0,(anonymous_3)
FNDA:0,(anonymous_4)
FNDA:0,(anonymous_5)
FNDA:0,(anonymous_6)
FNDA:0,(anonymous_7)
FNDA:0,(anonymous_8)
DA:13,0
DA:14,0
DA:15,0
DA:16,0
DA:17,0
DA:27,0
DA:32,0
DA:34,0
DA:37,0
DA:38,0
DA:39,0
DA:43,0
DA:44,0
DA:45,0
DA:49,0
DA:52,0
DA:55,0
DA:62,0
DA:68,0
DA:70,0
DA:71,0
DA:77,0
DA:78,0
DA:83,0
DA:92,0
DA:93,0
DA:94,0
DA:96,0
DA:97,0
DA:102,0
DA:103,0
DA:105,0
DA:106,0
DA:108,0
DA:109,0
DA:111,0
DA:112,0
DA:114,0
DA:118,0
DA:122,0
DA:123,0
DA:124,0
DA:125,0
DA:126,0
DA:128,0
DA:133,0
DA:134,0
DA:136,0
DA:137,0
DA:142,0
DA:143,0
DA:144,0
DA:145,0
DA:146,0
DA:148,0
DA:149,0
DA:151,0
DA:162,0
LF:58
LH:0
BRDA:38,0,0,0
BRDA:38,0,1,0
BRDA:44,1,0,0
BRDA:44,1,1,0
BRDA:93,2,0,0
BRDA:93,2,1,0
BRDA:96,3,0,0
BRDA:96,3,1,0
BRDA:102,4,0,0
BRDA:102,4,1,0
BRDA:105,5,0,0
BRDA:105,5,1,0
BRDA:108,6,0,0
BRDA:108,6,1,0
BRDA:111,7,0,0
BRDA:111,7,1,0
BRDA:118,8,0,0
BRDA:118,8,1,0
BRDA:119,9,0,0
BRDA:119,9,1,0
BRDA:123,10,0,0
BRDA:123,10,1,0
BRDA:125,11,0,0
BRDA:125,11,1,0
BRDA:133,12,0,0
BRDA:133,12,1,0
BRDA:133,13,0,0
BRDA:133,13,1,0
BRDA:136,14,0,0
BRDA:136,14,1,0
BRDA:136,15,0,0
BRDA:136,15,1,0
BRDA:143,16,0,0
BRDA:143,16,1,0
BRDA:148,17,0,0
BRDA:148,17,1,0
BRF:36
BRH:0
end_of_record
TN:
SF:src\application\usecases\UpdateInvitationUseCase.js
FN:7,(anonymous_0)
FN:12,(anonymous_1)
FN:53,(anonymous_2)
FN:66,(anonymous_3)
FNF:4
FNH:0
FNDA:0,(anonymous_0)
FNDA:0,(anonymous_1)
FNDA:0,(anonymous_2)
FNDA:0,(anonymous_3)
DA:1,0
DA:8,0
DA:9,0
DA:13,0
DA:15,0
DA:16,0
DA:18,0
DA:19,0
DA:23,0
DA:25,0
DA:27,0
DA:28,0
DA:34,0
DA:35,0
DA:40,0
DA:55,0
DA:66,0
DA:67,0
DA:68,0
DA:73,0
DA:77,0
LF:21
LH:0
BRDA:18,0,0,0
BRDA:18,0,1,0
BRDA:67,1,0,0
BRDA:67,1,1,0
BRF:4
BRH:0
end_of_record
TN:
SF:src\core\entities\Confirmation.js
FN:11,(anonymous_0)
FN:45,(anonymous_1)
FN:48,(anonymous_2)
FN:51,(anonymous_3)
FN:54,(anonymous_4)
FN:57,(anonymous_5)
FN:60,(anonymous_6)
FN:63,(anonymous_7)
FN:66,(anonymous_8)
FN:76,(anonymous_9)
FN:92,(anonymous_10)
FN:121,(anonymous_11)
FN:127,(anonymous_12)
FN:136,(anonymous_13)
FN:144,(anonymous_14)
FN:157,(anonymous_15)
FN:170,(anonymous_16)
FN:183,(anonymous_17)
FN:191,(anonymous_18)
FN:199,(anonymous_19)
FN:207,(anonymous_20)
FN:215,(anonymous_21)
FN:223,(anonymous_22)
FN:231,(anonymous_23)
FN:239,(anonymous_24)
FN:252,(anonymous_25)
FN:270,(anonymous_26)
FN:280,(anonymous_27)
FN:298,(anonymous_28)
FN:312,(anonymous_29)
FN:377,(anonymous_30)
FN:386,(anonymous_31)
FN:394,(anonymous_32)
FNF:33
FNH:0
FNDA:0,(anonymous_0)
FNDA:0,(anonymous_1)
FNDA:0,(anonymous_2)
FNDA:0,(anonymous_3)
FNDA:0,(anonymous_4)
FNDA:0,(anonymous_5)
FNDA:0,(anonymous_6)
FNDA:0,(anonymous_7)
FNDA:0,(anonymous_8)
FNDA:0,(anonymous_9)
FNDA:0,(anonymous_10)
FNDA:0,(anonymous_11)
FNDA:0,(anonymous_12)
FNDA:0,(anonymous_13)
FNDA:0,(anonymous_14)
FNDA:0,(anonymous_15)
FNDA:0,(anonymous_16)
FNDA:0,(anonymous_17)
FNDA:0,(anonymous_18)
FNDA:0,(anonymous_19)
FNDA:0,(anonymous_20)
FNDA:0,(anonymous_21)
FNDA:0,(anonymous_22)
FNDA:0,(anonymous_23)
FNDA:0,(anonymous_24)
FNDA:0,(anonymous_25)
FNDA:0,(anonymous_26)
FNDA:0,(anonymous_27)
FNDA:0,(anonymous_28)
FNDA:0,(anonymous_29)
FNDA:0,(anonymous_30)
FNDA:0,(anonymous_31)
FNDA:0,(anonymous_32)
DA:7,0
DA:8,0
DA:22,0
DA:34,0
DA:35,0
DA:36,0
DA:37,0
DA:38,0
DA:39,0
DA:40,0
DA:41,0
DA:46,0
DA:49,0
DA:52,0
DA:55,0
DA:58,0
DA:61,0
DA:64,0
DA:67,0
DA:77,0
DA:80,0
DA:81,0
DA:82,0
DA:85,0
DA:93,0
DA:94,0
DA:97,0
DA:98,0
DA:103,0
DA:104,0
DA:107,0
DA:110,0
DA:111,0
DA:114,0
DA:122,0
DA:123,0
DA:126,0
DA:127,0
DA:130,0
DA:131,0
DA:136,0
DA:137,0
DA:145,0
DA:146,0
DA:149,0
DA:150,0
DA:158,0
DA:159,0
DA:162,0
DA:163,0
DA:171,0
DA:172,0
DA:175,0
DA:176,0
DA:184,0
DA:192,0
DA:200,0
DA:208,0
DA:216,0
DA:224,0
DA:232,0
DA:240,0
DA:241,0
DA:244,0
DA:245,0
DA:253,0
DA:271,0
DA:281,0
DA:299,0
DA:321,0
DA:323,0
DA:324,0
DA:329,0
DA:330,0
DA:333,0
DA:334,0
DA:337,0
DA:338,0
DA:341,0
DA:342,0
DA:345,0
DA:346,0
DA:349,0
DA:350,0
DA:354,0
DA:355,0
DA:360,0
DA:361,0
DA:366,0
DA:367,0
DA:378,0
DA:387,0
DA:395,0
DA:399,0
LF:94
LH:0
BRDA:13,0,0,0
BRDA:14,1,0,0
BRDA:15,2,0,0
BRDA:16,3,0,0
BRDA:17,4,0,0
BRDA:18,5,0,0
BRDA:19,6,0,0
BRDA:20,7,0,0
BRDA:37,8,0,0
BRDA:37,8,1,0
BRDA:41,9,0,0
BRDA:41,9,1,0
BRDA:80,10,0,0
BRDA:80,10,1,0
BRDA:92,11,0,0
BRDA:93,12,0,0
BRDA:93,12,1,0
BRDA:93,13,0,0
BRDA:93,13,1,0
BRDA:97,14,0,0
BRDA:97,14,1,0
BRDA:103,15,0,0
BRDA:103,15,1,0
BRDA:103,16,0,0
BRDA:103,16,1,0
BRDA:110,17,0,0
BRDA:110,17,1,0
BRDA:122,18,0,0
BRDA:122,18,1,0
BRDA:127,19,0,0
BRDA:127,19,1,0
BRDA:130,20,0,0
BRDA:130,20,1,0
BRDA:145,21,0,0
BRDA:145,21,1,0
BRDA:145,22,0,0
BRDA:145,22,1,0
BRDA:149,23,0,0
BRDA:149,23,1,0
BRDA:158,24,0,0
BRDA:158,24,1,0
BRDA:158,25,0,0
BRDA:158,25,1,0
BRDA:162,26,0,0
BRDA:162,26,1,0
BRDA:171,27,0,0
BRDA:171,27,1,0
BRDA:171,28,0,0
BRDA:171,28,1,0
BRDA:175,29,0,0
BRDA:175,29,1,0
BRDA:240,30,0,0
BRDA:240,30,1,0
BRDA:244,31,0,0
BRDA:244,31,1,0
BRDA:280,32,0,0
BRDA:298,33,0,0
BRDA:298,34,0,0
BRDA:323,35,0,0
BRDA:323,35,1,0
BRDA:323,36,0,0
BRDA:323,36,1,0
BRDA:329,37,0,0
BRDA:329,37,1,0
BRDA:333,38,0,0
BRDA:333,38,1,0
BRDA:333,39,0,0
BRDA:333,39,1,0
BRDA:337,40,0,0
BRDA:337,40,1,0
BRDA:337,41,0,0
BRDA:337,41,1,0
BRDA:341,42,0,0
BRDA:341,42,1,0
BRDA:341,43,0,0
BRDA:341,43,1,0
BRDA:345,44,0,0
BRDA:345,44,1,0
BRDA:345,45,0,0
BRDA:345,45,1,0
BRDA:349,46,0,0
BRDA:349,46,1,0
BRDA:349,47,0,0
BRDA:349,47,1,0
BRDA:354,48,0,0
BRDA:354,48,1,0
BRDA:354,49,0,0
BRDA:354,49,1,0
BRDA:360,50,0,0
BRDA:360,50,1,0
BRDA:360,51,0,0
BRDA:360,51,1,0
BRDA:366,52,0,0
BRDA:366,52,1,0
BRDA:366,53,0,0
BRDA:366,53,1,0
BRDA:387,54,0,0
BRDA:387,54,1,0
BRF:98
BRH:0
end_of_record
TN:
SF:src\core\entities\Invitation.js
FN:12,(anonymous_0)
FN:53,(anonymous_1)
FN:54,(anonymous_2)
FN:81,(anonymous_3)
FN:84,(anonymous_4)
FN:87,(anonymous_5)
FN:90,(anonymous_6)
FN:93,(anonymous_7)
FN:96,(anonymous_8)
FN:99,(anonymous_9)
FN:102,(anonymous_10)
FN:105,(anonymous_11)
FN:108,(anonymous_12)
FN:111,(anonymous_13)
FN:114,(anonymous_14)
FN:117,(anonymous_15)
FN:120,(anonymous_16)
FN:123,(anonymous_17)
FN:126,(anonymous_18)
FN:129,(anonymous_19)
FN:132,(anonymous_20)
FN:135,(anonymous_21)
FN:138,(anonymous_22)
FN:148,(anonymous_23)
FN:227,(anonymous_24)
FN:235,(anonymous_25)
FN:287,(anonymous_26)
FN:302,(anonymous_27)
FN:318,(anonymous_28)
FN:330,(anonymous_29)
FN:348,(anonymous_30)
FN:356,(anonymous_31)
FN:369,(anonymous_32)
FN:389,(anonymous_33)
FN:399,(anonymous_34)
FN:407,(anonymous_35)
FN:415,(anonymous_36)
FN:423,(anonymous_37)
FN:431,(anonymous_38)
FN:439,(anonymous_39)
FN:479,(anonymous_40)
FN:487,(anonymous_41)
FN:502,(anonymous_42)
FN:512,(anonymous_43)
FN:542,(anonymous_44)
FN:549,(anonymous_45)
FN:563,(anonymous_46)
FN:574,(anonymous_47)
FN:598,(anonymous_48)
FN:626,(anonymous_49)
FN:635,(anonymous_50)
FN:643,(anonymous_51)
FN:651,(anonymous_52)
FNF:53
FNH:0
FNDA:0,(anonymous_0)
FNDA:0,(anonymous_1)
FNDA:0,(anonymous_2)
FNDA:0,(anonymous_3)
FNDA:0,(anonymous_4)
FNDA:0,(anonymous_5)
FNDA:0,(anonymous_6)
FNDA:0,(anonymous_7)
FNDA:0,(anonymous_8)
FNDA:0,(anonymous_9)
FNDA:0,(anonymous_10)
FNDA:0,(anonymous_11)
FNDA:0,(anonymous_12)
FNDA:0,(anonymous_13)
FNDA:0,(anonymous_14)
FNDA:0,(anonymous_15)
FNDA:0,(anonymous_16)
FNDA:0,(anonymous_17)
FNDA:0,(anonymous_18)
FNDA:0,(anonymous_19)
FNDA:0,(anonymous_20)
FNDA:0,(anonymous_21)
FNDA:0,(anonymous_22)
FNDA:0,(anonymous_23)
FNDA:0,(anonymous_24)
FNDA:0,(anonymous_25)
FNDA:0,(anonymous_26)
FNDA:0,(anonymous_27)
FNDA:0,(anonymous_28)
FNDA:0,(anonymous_29)
FNDA:0,(anonymous_30)
FNDA:0,(anonymous_31)
FNDA:0,(anonymous_32)
FNDA:0,(anonymous_33)
FNDA:0,(anonymous_34)
FNDA:0,(anonymous_35)
FNDA:0,(anonymous_36)
FNDA:0,(anonymous_37)
FNDA:0,(anonymous_38)
FNDA:0,(anonymous_39)
FNDA:0,(anonymous_40)
FNDA:0,(anonymous_41)
FNDA:0,(anonymous_42)
FNDA:0,(anonymous_43)
FNDA:0,(anonymous_44)
FNDA:0,(anonymous_45)
FNDA:0,(anonymous_46)
FNDA:0,(anonymous_47)
FNDA:0,(anonymous_48)
FNDA:0,(anonymous_49)
FNDA:0,(anonymous_50)
FNDA:0,(anonymous_51)
FNDA:0,(anonymous_52)
DA:7,0
DA:8,0
DA:9,0
DA:33,0
DA:51,0
DA:52,0
DA:53,0
DA:54,0
DA:55,0
DA:56,0
DA:57,0
DA:58,0
DA:59,0
DA:61,0
DA:62,0
DA:63,0
DA:64,0
DA:65,0
DA:66,0
DA:67,0
DA:68,0
DA:69,0
DA:72,0
DA:73,0
DA:74,0
DA:77,0
DA:82,0
DA:85,0
DA:88,0
DA:91,0
DA:94,0
DA:97,0
DA:100,0
DA:103,0
DA:106,0
DA:109,0
DA:112,0
DA:115,0
DA:118,0
DA:121,0
DA:124,0
DA:127,0
DA:130,0
DA:133,0
DA:136,0
DA:139,0
DA:149,0
DA:150,0
DA:155,0
DA:156,0
DA:159,0
DA:160,0
DA:163,0
DA:164,0
DA:167,0
DA:168,0
DA:170,0
DA:171,0
DA:173,0
DA:174,0
DA:178,0
DA:179,0
DA:182,0
DA:183,0
DA:186,0
DA:187,0
DA:190,0
DA:191,0
DA:196,0
DA:197,0
DA:200,0
DA:201,0
DA:204,0
DA:205,0
DA:206,0
DA:208,0
DA:213,0
DA:214,0
DA:218,0
DA:220,0
DA:228,0
DA:238,0
DA:242,0
DA:243,0
DA:246,0
DA:247,0
DA:250,0
DA:251,0
DA:254,0
DA:257,0
DA:258,0
DA:261,0
DA:262,0
DA:265,0
DA:266,0
DA:270,0
DA:273,0
DA:274,0
DA:275,0
DA:276,0
DA:278,0
DA:281,0
DA:288,0
DA:289,0
DA:290,0
DA:292,0
DA:303,0
DA:304,0
DA:305,0
DA:306,0
DA:307,0
DA:308,0
DA:310,0
DA:319,0
DA:320,0
DA:321,0
DA:322,0
DA:324,0
DA:331,0
DA:332,0
DA:333,0
DA:335,0
DA:336,0
DA:338,0
DA:341,0
DA:349,0
DA:357,0
DA:358,0
DA:361,0
DA:362,0
DA:370,0
DA:372,0
DA:373,0
DA:378,0
DA:379,0
DA:380,0
DA:382,0
DA:392,0
DA:400,0
DA:408,0
DA:416,0
DA:424,0
DA:432,0
DA:445,0
DA:447,0
DA:448,0
DA:452,0
DA:453,0
DA:457,0
DA:460,0
DA:461,0
DA:464,0
DA:465,0
DA:468,0
DA:469,0
DA:472,0
DA:480,0
DA:488,0
DA:503,0
DA:513,0
DA:543,0
DA:550,0
DA:556,0
DA:564,0
DA:566,0
DA:567,0
DA:570,0
DA:571,0
DA:572,0
DA:574,0
DA:575,0
DA:577,0
DA:578,0
DA:579,0
DA:582,0
DA:585,0
DA:586,0
DA:589,0
DA:590,0
DA:599,0
DA:601,0
DA:602,0
DA:607,0
DA:610,0
DA:611,0
DA:612,0
DA:614,0
DA:627,0
DA:636,0
DA:644,0
DA:652,0
DA:653,0
DA:656,0
DA:657,0
DA:660,0
DA:661,0
DA:664,0
DA:665,0
DA:669,0
DA:670,0
DA:674,0
DA:675,0
DA:676,0
DA:677,0
DA:678,0
DA:679,0
DA:682,0
DA:686,0
LF:208
LH:0
BRDA:13,0,0,0
BRDA:14,1,0,0
BRDA:15,2,0,0
BRDA:16,3,0,0
BRDA:17,4,0,0
BRDA:18,5,0,0
BRDA:19,6,0,0
BRDA:20,7,0,0
BRDA:21,8,0,0
BRDA:22,9,0,0
BRDA:23,10,0,0
BRDA:24,11,0,0
BRDA:25,12,0,0
BRDA:26,13,0,0
BRDA:27,14,0,0
BRDA:28,15,0,0
BRDA:29,16,0,0
BRDA:30,17,0,0
BRDA:31,18,0,0
BRDA:51,19,0,0
BRDA:51,19,1,0
BRDA:52,20,0,0
BRDA:52,20,1,0
BRDA:56,21,0,0
BRDA:56,21,1,0
BRDA:57,22,0,0
BRDA:57,22,1,0
BRDA:61,23,0,0
BRDA:61,23,1,0
BRDA:62,24,0,0
BRDA:62,24,1,0
BRDA:63,25,0,0
BRDA:63,25,1,0
BRDA:69,26,0,0
BRDA:69,26,1,0
BRDA:149,27,0,0
BRDA:149,27,1,0
BRDA:150,28,0,0
BRDA:150,28,1,0
BRDA:155,29,0,0
BRDA:155,29,1,0
BRDA:159,30,0,0
BRDA:159,30,1,0
BRDA:163,31,0,0
BRDA:163,31,1,0
BRDA:167,32,0,0
BRDA:167,32,1,0
BRDA:170,33,0,0
BRDA:170,33,1,0
BRDA:173,34,0,0
BRDA:173,34,1,0
BRDA:178,35,0,0
BRDA:178,35,1,0
BRDA:182,36,0,0
BRDA:182,36,1,0
BRDA:186,37,0,0
BRDA:186,37,1,0
BRDA:190,38,0,0
BRDA:190,38,1,0
BRDA:191,39,0,0
BRDA:191,39,1,0
BRDA:196,40,0,0
BRDA:196,40,1,0
BRDA:200,41,0,0
BRDA:200,41,1,0
BRDA:200,42,0,0
BRDA:200,42,1,0
BRDA:201,43,0,0
BRDA:201,43,1,0
BRDA:205,44,0,0
BRDA:205,44,1,0
BRDA:213,45,0,0
BRDA:213,45,1,0
BRDA:238,46,0,0
BRDA:238,46,1,0
BRDA:242,47,0,0
BRDA:242,47,1,0
BRDA:242,48,0,0
BRDA:242,48,1,0
BRDA:246,49,0,0
BRDA:246,49,1,0
BRDA:250,50,0,0
BRDA:250,50,1,0
BRDA:257,51,0,0
BRDA:257,51,1,0
BRDA:261,52,0,0
BRDA:261,52,1,0
BRDA:265,53,0,0
BRDA:265,53,1,0
BRDA:270,54,0,0
BRDA:270,54,1,0
BRDA:273,55,0,0
BRDA:273,55,1,0
BRDA:275,56,0,0
BRDA:275,56,1,0
BRDA:302,57,0,0
BRDA:302,58,0,0
BRDA:318,59,0,0
BRDA:318,60,0,0
BRDA:335,61,0,0
BRDA:335,61,1,0
BRDA:336,62,0,0
BRDA:336,62,1,0
BRDA:357,63,0,0
BRDA:357,63,1,0
BRDA:357,64,0,0
BRDA:357,64,1,0
BRDA:357,64,2,0
BRDA:370,65,0,0
BRDA:370,65,1,0
BRDA:370,66,0,0
BRDA:370,66,1,0
BRDA:370,67,0,0
BRDA:370,67,1,0
BRDA:372,68,0,0
BRDA:372,68,1,0
BRDA:378,69,0,0
BRDA:378,69,1,0
BRDA:379,70,0,0
BRDA:379,70,1,0
BRDA:380,71,0,0
BRDA:380,71,1,0
BRDA:392,72,0,0
BRDA:392,72,1,0
BRDA:400,73,0,0
BRDA:400,73,1,0
BRDA:416,74,0,0
BRDA:416,74,1,0
BRDA:424,75,0,0
BRDA:424,75,1,0
BRDA:447,76,0,0
BRDA:447,76,1,0
BRDA:448,77,0,0
BRDA:448,77,1,0
BRDA:452,78,0,0
BRDA:452,78,1,0
BRDA:460,79,0,0
BRDA:460,79,1,0
BRDA:464,80,0,0
BRDA:464,80,1,0
BRDA:468,81,0,0
BRDA:468,81,1,0
BRDA:480,82,0,0
BRDA:480,82,1,0
BRDA:492,83,0,0
BRDA:492,83,1,0
BRDA:503,84,0,0
BRDA:503,84,1,0
BRDA:566,85,0,0
BRDA:566,85,1,0
BRDA:566,86,0,0
BRDA:566,86,1,0
BRDA:566,86,2,0
BRDA:570,87,0,0
BRDA:570,87,1,0
BRDA:571,88,0,0
BRDA:571,88,1,0
BRDA:574,89,0,0
BRDA:574,89,1,0
BRDA:574,90,0,0
BRDA:574,90,1,0
BRDA:577,91,0,0
BRDA:577,91,1,0
BRDA:578,92,0,0
BRDA:578,92,1,0
BRDA:585,93,0,0
BRDA:585,93,1,0
BRDA:585,94,0,0
BRDA:585,94,1,0
BRDA:589,95,0,0
BRDA:589,95,1,0
BRDA:589,96,0,0
BRDA:589,96,1,0
BRDA:601,97,0,0
BRDA:601,97,1,0
BRDA:607,98,0,0
BRDA:607,98,1,0
BRDA:610,99,0,0
BRDA:610,99,1,0
BRDA:612,100,0,0
BRDA:612,100,1,0
BRDA:636,101,0,0
BRDA:636,101,1,0
BRDA:652,102,0,0
BRDA:652,102,1,0
BRDA:656,103,0,0
BRDA:656,103,1,0
BRDA:660,104,0,0
BRDA:660,104,1,0
BRDA:664,105,0,0
BRDA:664,105,1,0
BRDA:669,106,0,0
BRDA:669,106,1,0
BRDA:669,107,0,0
BRDA:669,107,1,0
BRDA:670,108,0,0
BRDA:670,108,1,0
BRDA:674,109,0,0
BRDA:674,109,1,0
BRDA:674,110,0,0
BRDA:674,110,1,0
BRDA:676,111,0,0
BRDA:676,111,1,0
BRDA:678,112,0,0
BRDA:678,112,1,0
BRF:205
BRH:0
end_of_record
TN:
SF:src\core\repositories\IConfirmationRepository.js
FN:16,(anonymous_0)
FN:26,(anonymous_1)
FN:39,(anonymous_2)
FN:50,(anonymous_3)
FN:60,(anonymous_4)
FN:70,(anonymous_5)
FN:80,(anonymous_6)
FN:89,(anonymous_7)
FN:98,(anonymous_8)
FN:107,(anonymous_9)
FN:116,(anonymous_10)
FN:125,(anonymous_11)
FN:135,(anonymous_12)
FN:145,(anonymous_13)
FN:158,(anonymous_14)
FN:168,(anonymous_15)
FN:177,(anonymous_16)
FN:187,(anonymous_17)
FN:198,(anonymous_18)
FNF:19
FNH:0
FNDA:0,(anonymous_0)
FNDA:0,(anonymous_1)
FNDA:0,(anonymous_2)
FNDA:0,(anonymous_3)
FNDA:0,(anonymous_4)
FNDA:0,(anonymous_5)
FNDA:0,(anonymous_6)
FNDA:0,(anonymous_7)
FNDA:0,(anonymous_8)
FNDA:0,(anonymous_9)
FNDA:0,(anonymous_10)
FNDA:0,(anonymous_11)
FNDA:0,(anonymous_12)
FNDA:0,(anonymous_13)
FNDA:0,(anonymous_14)
FNDA:0,(anonymous_15)
FNDA:0,(anonymous_16)
FNDA:0,(anonymous_17)
FNDA:0,(anonymous_18)
DA:17,0
DA:27,0
DA:40,0
DA:51,0
DA:61,0
DA:71,0
DA:81,0
DA:90,0
DA:99,0
DA:108,0
DA:117,0
DA:126,0
DA:136,0
DA:146,0
DA:159,0
DA:169,0
DA:178,0
DA:188,0
DA:199,0
DA:203,0
LF:20
LH:0
BRDA:39,0,0,0
BRDA:145,1,0,0
BRDA:158,2,0,0
BRDA:158,3,0,0
BRDA:158,4,0,0
BRDA:158,5,0,0
BRDA:168,6,0,0
BRDA:187,7,0,0
BRF:8
BRH:0
end_of_record
TN:
SF:src\core\repositories\IInvitationRepository.js
FN:16,(anonymous_0)
FN:26,(anonymous_1)
FN:38,(anonymous_2)
FN:49,(anonymous_3)
FN:61,(anonymous_4)
FN:71,(anonymous_5)
FN:81,(anonymous_6)
FN:91,(anonymous_7)
FN:101,(anonymous_8)
FN:110,(anonymous_9)
FN:120,(anonymous_10)
FN:130,(anonymous_11)
FN:140,(anonymous_12)
FN:150,(anonymous_13)
FN:163,(anonymous_14)
FNF:15
FNH:0
FNDA:0,(anonymous_0)
FNDA:0,(anonymous_1)
FNDA:0,(anonymous_2)
FNDA:0,(anonymous_3)
FNDA:0,(anonymous_4)
FNDA:0,(anonymous_5)
FNDA:0,(anonymous_6)
FNDA:0,(anonymous_7)
FNDA:0,(anonymous_8)
FNDA:0,(anonymous_9)
FNDA:0,(anonymous_10)
FNDA:0,(anonymous_11)
FNDA:0,(anonymous_12)
FNDA:0,(anonymous_13)
FNDA:0,(anonymous_14)
DA:17,0
DA:27,0
DA:39,0
DA:50,0
DA:62,0
DA:72,0
DA:82,0
DA:92,0
DA:102,0
DA:111,0
DA:121,0
DA:131,0
DA:141,0
DA:151,0
DA:164,0
DA:168,0
LF:16
LH:0
BRDA:38,0,0,0
BRDA:61,1,0,0
BRDA:61,2,0,0
BRDA:130,3,0,0
BRDA:150,4,0,0
BRDA:163,5,0,0
BRDA:163,6,0,0
BRDA:163,7,0,0
BRDA:163,8,0,0
BRF:9
BRH:0
end_of_record
TN:
SF:src\infrastructure\database\init-db.js
FN:6,initDatabase
FN:79,(anonymous_1)
FN:80,(anonymous_2)
FNF:3
FNH:0
FNDA:0,initDatabase
FNDA:0,(anonymous_1)
FNDA:0,(anonymous_2)
DA:1,0
DA:7,0
DA:9,0
DA:10,0
DA:13,0
DA:40,0
DA:55,0
DA:64,0
DA:69,0
DA:71,0
DA:72,0
DA:77,0
DA:78,0
DA:79,0
DA:80,0
DA:83,0
LF:16
LH:0
BRDA:77,0,0,0
BRDA:77,0,1,0
BRF:2
BRH:0
end_of_record
TN:
SF:src\infrastructure\database\sqlite-connection.js
FN:12,getDbConnection
FN:34,closeDbConnection
FNF:2
FNH:0
FNDA:0,getDbConnection
FNDA:0,closeDbConnection
DA:1,0
DA:2,0
DA:3,0
DA:4,0
DA:6,0
DA:13,0
DA:14,0
DA:18,0
DA:20,0
DA:26,0
DA:28,0
DA:35,0
DA:36,0
DA:37,0
DA:41,0
LF:15
LH:0
BRDA:13,0,0,0
BRDA:13,0,1,0
BRDA:18,1,0,0
BRDA:18,1,1,0
BRDA:35,2,0,0
BRDA:35,2,1,0
BRF:6
BRH:0
end_of_record
TN:
SF:src\infrastructure\repositories\SqliteConfirmationRepository.js
FN:6,(anonymous_0)
FN:15,(anonymous_1)
FN:37,(anonymous_2)
FN:50,(anonymous_3)
FN:78,(anonymous_4)
FN:84,(anonymous_5)
FN:105,(anonymous_6)
FN:108,(anonymous_7)
FN:112,(anonymous_8)
FN:118,(anonymous_9)
FN:121,(anonymous_10)
FN:124,(anonymous_11)
FN:129,(anonymous_12)
FN:132,(anonymous_13)
FN:136,(anonymous_14)
FN:140,(anonymous_15)
FN:145,(anonymous_16)
FN:148,(anonymous_17)
FN:153,(anonymous_18)
FN:156,(anonymous_19)
FN:186,(anonymous_20)
FN:192,(anonymous_21)
FN:206,(anonymous_22)
FN:243,(anonymous_23)
FN:255,(anonymous_24)
FN:257,(anonymous_25)
FN:260,(anonymous_26)
FN:268,(anonymous_27)
FN:277,(anonymous_28)
FN:280,(anonymous_29)
FN:286,(anonymous_30)
FNF:31
FNH:0
FNDA:0,(anonymous_0)
FNDA:0,(anonymous_1)
FNDA:0,(anonymous_2)
FNDA:0,(anonymous_3)
FNDA:0,(anonymous_4)
FNDA:0,(anonymous_5)
FNDA:0,(anonymous_6)
FNDA:0,(anonymous_7)
FNDA:0,(anonymous_8)
FNDA:0,(anonymous_9)
FNDA:0,(anonymous_10)
FNDA:0,(anonymous_11)
FNDA:0,(anonymous_12)
FNDA:0,(anonymous_13)
FNDA:0,(anonymous_14)
FNDA:0,(anonymous_15)
FNDA:0,(anonymous_16)
FNDA:0,(anonymous_17)
FNDA:0,(anonymous_18)
FNDA:0,(anonymous_19)
FNDA:0,(anonymous_20)
FNDA:0,(anonymous_21)
FNDA:0,(anonymous_22)
FNDA:0,(anonymous_23)
FNDA:0,(anonymous_24)
FNDA:0,(anonymous_25)
FNDA:0,(anonymous_26)
FNDA:0,(anonymous_27)
FNDA:0,(anonymous_28)
FNDA:0,(anonymous_29)
FNDA:0,(anonymous_30)
DA:1,0
DA:2,0
DA:3,0
DA:7,0
DA:16,0
DA:17,0
DA:20,0
DA:38,0
DA:51,0
DA:52,0
DA:54,0
DA:75,0
DA:79,0
DA:80,0
DA:81,0
DA:85,0
DA:86,0
DA:87,0
DA:89,0
DA:90,0
DA:91,0
DA:94,0
DA:95,0
DA:96,0
DA:99,0
DA:100,0
DA:101,0
DA:104,0
DA:105,0
DA:109,0
DA:113,0
DA:114,0
DA:115,0
DA:119,0
DA:120,0
DA:121,0
DA:125,0
DA:126,0
DA:129,0
DA:133,0
DA:137,0
DA:141,0
DA:142,0
DA:145,0
DA:149,0
DA:150,0
DA:153,0
DA:157,0
DA:159,0
DA:160,0
DA:163,0
DA:166,0
DA:169,0
DA:172,0
DA:176,0
DA:187,0
DA:188,0
DA:189,0
DA:193,0
DA:194,0
DA:195,0
DA:197,0
DA:198,0
DA:199,0
DA:202,0
DA:203,0
DA:207,0
DA:208,0
DA:210,0
DA:211,0
DA:212,0
DA:214,0
DA:215,0
DA:216,0
DA:217,0
DA:221,0
DA:222,0
DA:223,0
DA:224,0
DA:225,0
DA:228,0
DA:231,0
DA:232,0
DA:234,0
DA:239,0
DA:240,0
DA:242,0
DA:243,0
DA:256,0
DA:257,0
DA:261,0
DA:262,0
DA:265,0
DA:269,0
DA:270,0
DA:271,0
DA:273,0
DA:277,0
DA:281,0
DA:282,0
DA:286,0
DA:290,0
LF:102
LH:0
BRDA:16,0,0,0
BRDA:16,0,1,0
BRDA:24,1,0,0
BRDA:24,1,1,0
BRDA:40,2,0,0
BRDA:40,2,1,0
BRDA:84,3,0,0
BRDA:89,4,0,0
BRDA:89,4,1,0
BRDA:91,5,0,0
BRDA:91,5,1,0
BRDA:94,6,0,0
BRDA:94,6,1,0
BRDA:99,7,0,0
BRDA:99,7,1,0
BRDA:177,8,0,0
BRDA:177,8,1,0
BRDA:178,9,0,0
BRDA:178,9,1,0
BRDA:179,10,0,0
BRDA:179,10,1,0
BRDA:180,11,0,0
BRDA:180,11,1,0
BRDA:181,12,0,0
BRDA:181,12,1,0
BRDA:182,13,0,0
BRDA:182,13,1,0
BRDA:192,14,0,0
BRDA:197,15,0,0
BRDA:197,15,1,0
BRDA:199,16,0,0
BRDA:199,16,1,0
BRDA:206,17,0,0
BRDA:206,18,0,0
BRDA:206,19,0,0
BRDA:206,20,0,0
BRDA:214,21,0,0
BRDA:214,21,1,0
BRDA:217,22,0,0
BRDA:217,22,1,0
BRDA:221,23,0,0
BRDA:221,23,1,0
BRDA:222,24,0,0
BRDA:222,24,1,0
BRDA:224,25,0,0
BRDA:224,25,1,0
BRDA:255,26,0,0
BRDA:265,27,0,0
BRDA:265,27,1,0
BRDA:268,28,0,0
BRF:50
BRH:0
end_of_record
TN:
SF:src\infrastructure\repositories\SqliteInvitationRepository.js
FN:6,(anonymous_0)
FN:15,(anonymous_1)
FN:48,(anonymous_2)
FN:72,(anonymous_3)
FN:97,(anonymous_4)
FN:104,(anonymous_5)
FN:123,(anonymous_6)
FN:126,(anonymous_7)
FN:164,(anonymous_8)
FN:180,(anonymous_9)
FN:195,(anonymous_10)
FN:201,(anonymous_11)
FN:204,(anonymous_12)
FN:207,(anonymous_13)
FN:210,(anonymous_14)
FN:213,(anonymous_15)
FN:216,(anonymous_16)
FN:300,(anonymous_17)
FN:347,(anonymous_18)
FN:349,(anonymous_19)
FN:352,(anonymous_20)
FN:358,(anonymous_21)
FN:372,(anonymous_22)
FN:457,(anonymous_23)
FNF:24
FNH:0
FNDA:0,(anonymous_0)
FNDA:0,(anonymous_1)
FNDA:0,(anonymous_2)
FNDA:0,(anonymous_3)
FNDA:0,(anonymous_4)
FNDA:0,(anonymous_5)
FNDA:0,(anonymous_6)
FNDA:0,(anonymous_7)
FNDA:0,(anonymous_8)
FNDA:0,(anonymous_9)
FNDA:0,(anonymous_10)
FNDA:0,(anonymous_11)
FNDA:0,(anonymous_12)
FNDA:0,(anonymous_13)
FNDA:0,(anonymous_14)
FNDA:0,(anonymous_15)
FNDA:0,(anonymous_16)
FNDA:0,(anonymous_17)
FNDA:0,(anonymous_18)
FNDA:0,(anonymous_19)
FNDA:0,(anonymous_20)
FNDA:0,(anonymous_21)
FNDA:0,(anonymous_22)
FNDA:0,(anonymous_23)
DA:1,0
DA:2,0
DA:3,0
DA:7,0
DA:16,0
DA:17,0
DA:20,0
DA:49,0
DA:73,0
DA:74,0
DA:75,0
DA:77,0
DA:94,0
DA:98,0
DA:99,0
DA:100,0
DA:101,0
DA:105,0
DA:106,0
DA:107,0
DA:109,0
DA:110,0
DA:111,0
DA:114,0
DA:115,0
DA:116,0
DA:118,0
DA:122,0
DA:123,0
DA:127,0
DA:128,0
DA:131,0
DA:134,0
DA:136,0
DA:161,0
DA:165,0
DA:166,0
DA:168,0
DA:177,0
DA:181,0
DA:183,0
DA:192,0
DA:196,0
DA:198,0
DA:201,0
DA:205,0
DA:206,0
DA:207,0
DA:211,0
DA:212,0
DA:213,0
DA:217,0
DA:219,0
DA:220,0
DA:223,0
DA:227,0
DA:230,0
DA:234,0
DA:244,0
DA:247,0
DA:250,0
DA:253,0
DA:257,0
DA:260,0
DA:263,0
DA:267,0
DA:270,0
DA:273,0
DA:277,0
DA:301,0
DA:302,0
DA:303,0
DA:304,0
DA:306,0
DA:308,0
DA:309,0
DA:310,0
DA:311,0
DA:312,0
DA:314,0
DA:331,0
DA:333,0
DA:334,0
DA:338,0
DA:340,0
DA:341,0
DA:344,0
DA:348,0
DA:349,0
DA:353,0
DA:354,0
DA:355,0
DA:359,0
DA:360,0
DA:361,0
DA:363,0
DA:364,0
DA:365,0
DA:368,0
DA:369,0
DA:373,0
DA:374,0
DA:376,0
DA:377,0
DA:378,0
DA:380,0
DA:381,0
DA:382,0
DA:383,0
DA:386,0
DA:387,0
DA:388,0
DA:389,0
DA:391,0
DA:392,0
DA:393,0
DA:397,0
DA:398,0
DA:399,0
DA:400,0
DA:401,0
DA:402,0
DA:403,0
DA:405,0
DA:406,0
DA:407,0
DA:411,0
DA:412,0
DA:413,0
DA:414,0
DA:415,0
DA:416,0
DA:417,0
DA:421,0
DA:422,0
DA:423,0
DA:424,0
DA:428,0
DA:429,0
DA:431,0
DA:438,0
DA:439,0
DA:442,0
DA:445,0
DA:446,0
DA:448,0
DA:453,0
DA:454,0
DA:456,0
DA:457,0
DA:470,0
LF:151
LH:0
BRDA:16,0,0,0
BRDA:16,0,1,0
BRDA:22,1,0,0
BRDA:22,1,1,0
BRDA:36,2,0,0
BRDA:36,2,1,0
BRDA:104,3,0,0
BRDA:109,4,0,0
BRDA:109,4,1,0
BRDA:114,5,0,0
BRDA:114,5,1,0
BRDA:115,6,0,0
BRDA:115,6,1,0
BRDA:164,7,0,0
BRDA:164,8,0,0
BRDA:278,9,0,0
BRDA:278,9,1,0
BRDA:279,10,0,0
BRDA:279,10,1,0
BRDA:280,11,0,0
BRDA:280,11,1,0
BRDA:281,12,0,0
BRDA:281,12,1,0
BRDA:282,13,0,0
BRDA:282,13,1,0
BRDA:283,14,0,0
BRDA:283,14,1,0
BRDA:284,15,0,0
BRDA:284,15,1,0
BRDA:286,16,0,0
BRDA:286,16,1,0
BRDA:287,17,0,0
BRDA:287,17,1,0
BRDA:288,18,0,0
BRDA:288,18,1,0
BRDA:290,19,0,0
BRDA:290,19,1,0
BRDA:291,20,0,0
BRDA:291,20,1,0
BRDA:292,21,0,0
BRDA:292,21,1,0
BRDA:294,22,0,0
BRDA:294,22,1,0
BRDA:295,23,0,0
BRDA:295,23,1,0
BRDA:296,24,0,0
BRDA:296,24,1,0
BRDA:347,25,0,0
BRDA:358,26,0,0
BRDA:363,27,0,0
BRDA:363,27,1,0
BRDA:372,28,0,0
BRDA:372,29,0,0
BRDA:372,30,0,0
BRDA:372,31,0,0
BRDA:380,32,0,0
BRDA:380,32,1,0
BRDA:386,33,0,0
BRDA:386,33,1,0
BRDA:387,34,0,0
BRDA:387,34,1,0
BRDA:397,35,0,0
BRDA:397,35,1,0
BRDA:398,36,0,0
BRDA:398,36,1,0
BRDA:401,37,0,0
BRDA:401,37,1,0
BRDA:411,38,0,0
BRDA:411,38,1,0
BRDA:412,39,0,0
BRDA:412,39,1,0
BRDA:415,40,0,0
BRDA:415,40,1,0
BRDA:421,41,0,0
BRDA:421,41,1,0
BRDA:428,42,0,0
BRDA:428,42,1,0
BRDA:429,43,0,0
BRDA:429,43,1,0
BRDA:438,44,0,0
BRDA:438,44,1,0
BRF:81
BRH:0
end_of_record
TN:
SF:src\infrastructure\repositories\SqliteSettingsRepository.js
FN:4,(anonymous_0)
FN:20,(anonymous_1)
FN:35,(anonymous_2)
FNF:3
FNH:0
FNDA:0,(anonymous_0)
FNDA:0,(anonymous_1)
FNDA:0,(anonymous_2)
DA:1,0
DA:5,0
DA:6,0
DA:8,0
DA:9,0
DA:10,0
DA:11,0
DA:13,0
DA:17,0
DA:21,0
DA:22,0
DA:24,0
DA:25,0
DA:28,0
DA:29,0
DA:31,0
DA:36,0
DA:37,0
DA:39,0
DA:41,0
DA:42,0
DA:44,0
DA:46,0
DA:56,0
DA:57,0
DA:59,0
DA:60,0
DA:65,0
LF:28
LH:0
BRDA:24,0,0,0
BRDA:24,0,1,0
BRDA:44,1,0,0
BRDA:44,1,1,0
BRF:4
BRH:0
end_of_record
TN:
SF:src\infrastructure\services\CacheService.js
FN:8,(anonymous_0)
FN:23,(anonymous_1)
FN:40,(anonymous_2)
FN:53,(anonymous_3)
FN:63,(anonymous_4)
FN:67,(anonymous_5)
FN:78,(anonymous_6)
FN:87,(anonymous_7)
FNF:8
FNH:0
FNDA:0,(anonymous_0)
FNDA:0,(anonymous_1)
FNDA:0,(anonymous_2)
FNDA:0,(anonymous_3)
FNDA:0,(anonymous_4)
FNDA:0,(anonymous_5)
FNDA:0,(anonymous_6)
FNDA:0,(anonymous_7)
DA:1,0
DA:10,0
DA:15,0
DA:24,0
DA:25,0
DA:26,0
DA:28,0
DA:30,0
DA:41,0
DA:42,0
DA:43,0
DA:45,0
DA:54,0
DA:55,0
DA:64,0
DA:65,0
DA:66,0
DA:67,0
DA:69,0
DA:70,0
DA:72,0
DA:79,0
DA:80,0
DA:88,0
DA:92,0
LF:25
LH:0
BRDA:8,0,0,0
BRDA:25,1,0,0
BRDA:25,1,1,0
BRDA:42,2,0,0
BRDA:42,2,1,0
BRDA:69,3,0,0
BRDA:69,3,1,0
BRF:7
BRH:0
end_of_record
TN:
SF:src\infrastructure\services\SseService.js
FN:6,(anonymous_0)
FN:16,(anonymous_1)
FN:39,(anonymous_2)
FN:52,(anonymous_3)
FN:55,(anonymous_4)
FNF:5
FNH:0
FNDA:0,(anonymous_0)
FNDA:0,(anonymous_1)
FNDA:0,(anonymous_2)
FNDA:0,(anonymous_3)
FNDA:0,(anonymous_4)
DA:7,0
DA:8,0
DA:18,0
DA:26,0
DA:28,0
DA:29,0
DA:34,0
DA:36,0
DA:39,0
DA:40,0
DA:41,0
DA:53,0
DA:55,0
DA:56,0
DA:61,0
DA:62,0
DA:64,0
DA:68,0
DA:74,0
LF:19
LH:0
BRF:0
BRH:0
end_of_record
TN:
SF:src\infrastructure\storage\backup.js
FN:11,(anonymous_0)
FN:22,(anonymous_1)
FN:27,(anonymous_2)
FN:29,(anonymous_3)
FN:33,(anonymous_4)
FN:43,(anonymous_5)
FN:55,(anonymous_6)
FN:89,(anonymous_7)
FN:95,(anonymous_8)
FN:104,(anonymous_9)
FN:111,(anonymous_10)
FNF:11
FNH:0
FNDA:0,(anonymous_0)
FNDA:0,(anonymous_1)
FNDA:0,(anonymous_2)
FNDA:0,(anonymous_3)
FNDA:0,(anonymous_4)
FNDA:0,(anonymous_5)
FNDA:0,(anonymous_6)
FNDA:0,(anonymous_7)
FNDA:0,(anonymous_8)
FNDA:0,(anonymous_9)
FNDA:0,(anonymous_10)
DA:6,0
DA:7,0
DA:8,0
DA:12,0
DA:13,0
DA:14,0
DA:15,0
DA:16,0
DA:23,0
DA:26,0
DA:29,0
DA:30,0
DA:34,0
DA:44,0
DA:45,0
DA:47,0
DA:48,0
DA:56,0
DA:57,0
DA:58,0
DA:60,0
DA:62,0
DA:64,0
DA:67,0
DA:69,0
DA:72,0
DA:74,0
DA:75,0
DA:77,0
DA:81,0
DA:82,0
DA:90,0
DA:91,0
DA:94,0
DA:95,0
DA:98,0
DA:99,0
DA:103,0
DA:105,0
DA:106,0
DA:107,0
DA:111,0
DA:114,0
DA:116,0
DA:117,0
DA:118,0
DA:121,0
DA:126,0
LF:48
LH:0
BRDA:11,0,0,0
BRDA:13,1,0,0
BRDA:13,1,1,0
BRDA:14,2,0,0
BRDA:14,2,1,0
BRDA:15,3,0,0
BRDA:15,3,1,0
BRDA:16,4,0,0
BRDA:16,4,1,0
BRDA:95,5,0,0
BRDA:95,5,1,0
BRDA:98,6,0,0
BRDA:98,6,1,0
BRF:13
BRH:0
end_of_record
TN:
SF:src\presentation\controllers\BaseController.js
FN:5,(anonymous_0)
FN:15,(anonymous_1)
FN:40,(anonymous_2)
FN:55,(anonymous_3)
FNF:4
FNH:4
FNDA:17,(anonymous_0)
FNDA:13,(anonymous_1)
FNDA:4,(anonymous_2)
FNDA:10,(anonymous_3)
DA:6,17
DA:18,13
DA:19,13
DA:20,12
DA:28,1
DA:43,4
DA:56,10
DA:61,10
DA:62,10
DA:63,10
DA:65,0
DA:66,0
DA:68,10
DA:71,10
DA:73,0
DA:79,0
DA:84,1
LF:17
LH:13
BRDA:15,0,0,12
BRDA:18,1,0,13
BRDA:18,1,1,0
BRDA:18,2,0,13
BRDA:18,2,1,13
BRDA:18,2,2,13
BRDA:19,3,0,12
BRDA:19,3,1,1
BRDA:19,4,0,13
BRDA:19,4,1,1
BRDA:19,4,2,1
BRDA:63,5,0,0
BRDA:63,5,1,10
BRDA:63,6,0,10
BRDA:63,6,1,10
BRF:15
BRH:13
end_of_record
TN:
SF:src\presentation\controllers\ConfirmationController.js
FN:18,(anonymous_0)
FN:48,(anonymous_1)
FN:114,(anonymous_2)
FN:130,(anonymous_3)
FN:191,(anonymous_4)
FN:208,(anonymous_5)
FN:252,(anonymous_6)
FN:267,(anonymous_7)
FN:282,(anonymous_8)
FN:297,(anonymous_9)
FN:312,(anonymous_10)
FN:327,(anonymous_11)
FN:344,(anonymous_12)
FN:360,(anonymous_13)
FNF:14
FNH:14
FNDA:17,(anonymous_0)
FNDA:3,(anonymous_1)
FNDA:1,(anonymous_2)
FNDA:3,(anonymous_3)
FNDA:1,(anonymous_4)
FNDA:1,(anonymous_5)
FNDA:1,(anonymous_6)
FNDA:1,(anonymous_7)
FNDA:1,(anonymous_8)
FNDA:1,(anonymous_9)
FNDA:1,(anonymous_10)
FNDA:1,(anonymous_11)
FNDA:1,(anonymous_12)
FNDA:1,(anonymous_13)
DA:7,1
DA:12,1
DA:13,1
DA:14,1
DA:15,1
DA:31,17
DA:32,17
DA:33,17
DA:34,17
DA:35,17
DA:36,17
DA:37,17
DA:38,17
DA:39,17
DA:40,17
DA:41,17
DA:49,3
DA:54,3
DA:55,3
DA:58,3
DA:59,1
DA:67,2
DA:69,2
DA:71,2
DA:72,1
DA:80,1
DA:86,1
DA:88,1
DA:89,0
DA:92,1
DA:98,1
DA:100,0
DA:106,0
DA:115,1
DA:116,1
DA:131,3
DA:136,3
DA:137,3
DA:140,3
DA:141,1
DA:149,2
DA:151,2
DA:153,2
DA:154,1
DA:165,1
DA:167,1
DA:168,0
DA:171,1
DA:175,1
DA:177,0
DA:183,0
DA:192,1
DA:193,1
DA:194,1
DA:209,1
DA:214,1
DA:215,1
DA:217,1
DA:224,1
DA:225,0
DA:228,1
DA:233,1
DA:238,0
DA:244,0
DA:253,1
DA:268,1
DA:283,1
DA:298,1
DA:313,1
DA:328,1
DA:329,1
DA:330,1
DA:345,1
DA:346,1
DA:361,1
DA:372,1
LF:76
LH:67
BRDA:58,0,0,1
BRDA:58,0,1,2
BRDA:71,1,0,1
BRDA:71,1,1,1
BRDA:88,2,0,0
BRDA:88,2,1,1
BRDA:95,3,0,1
BRDA:95,3,1,0
BRDA:140,4,0,1
BRDA:140,4,1,2
BRDA:153,5,0,1
BRDA:153,5,1,1
BRDA:167,6,0,0
BRDA:167,6,1,1
BRDA:193,7,0,0
BRDA:224,8,0,0
BRDA:224,8,1,1
BRDA:328,9,0,0
BRF:18
BRH:12
end_of_record
TN:
SF:src\presentation\controllers\InvitationController.js
FN:15,(anonymous_0)
FN:49,(anonymous_1)
FN:65,(anonymous_2)
FN:120,(anonymous_3)
FN:162,(anonymous_4)
FN:180,(anonymous_5)
FN:198,(anonymous_6)
FN:214,(anonymous_7)
FN:229,(anonymous_8)
FN:272,(anonymous_9)
FNF:10
FNH:0
FNDA:0,(anonymous_0)
FNDA:0,(anonymous_1)
FNDA:0,(anonymous_2)
FNDA:0,(anonymous_3)
FNDA:0,(anonymous_4)
FNDA:0,(anonymous_5)
FNDA:0,(anonymous_6)
FNDA:0,(anonymous_7)
FNDA:0,(anonymous_8)
FNDA:0,(anonymous_9)
DA:7,0
DA:9,0
DA:10,0
DA:11,0
DA:12,0
DA:30,0
DA:31,0
DA:32,0
DA:33,0
DA:34,0
DA:35,0
DA:36,0
DA:37,0
DA:38,0
DA:39,0
DA:40,0
DA:41,0
DA:42,0
DA:50,0
DA:51,0
DA:66,0
DA:71,0
DA:72,0
DA:74,0
DA:76,0
DA:77,0
DA:85,0
DA:87,0
DA:88,0
DA:91,0
DA:97,0
DA:106,0
DA:112,0
DA:121,0
DA:126,0
DA:127,0
DA:129,0
DA:137,0
DA:138,0
DA:141,0
DA:146,0
DA:148,0
DA:154,0
DA:163,0
DA:164,0
DA:166,0
DA:181,0
DA:182,0
DA:183,0
DA:184,0
DA:199,0
DA:200,0
DA:215,0
DA:230,0
DA:234,0
DA:235,0
DA:237,0
DA:238,0
DA:246,0
DA:248,0
DA:253,0
DA:258,0
DA:264,0
DA:273,0
DA:274,0
DA:285,0
LF:66
LH:0
BRDA:76,0,0,0
BRDA:76,0,1,0
BRDA:87,1,0,0
BRDA:87,1,1,0
BRDA:137,2,0,0
BRDA:137,2,1,0
BRDA:182,3,0,0
BRDA:183,4,0,0
BRDA:183,4,1,0
BRDA:237,5,0,0
BRDA:237,5,1,0
BRDA:237,6,0,0
BRDA:237,6,1,0
BRF:13
BRH:0
end_of_record
TN:
SF:src\presentation\controllers\NotificationController.js
FN:6,(anonymous_0)
FN:16,(anonymous_1)
FNF:2
FNH:0
FNDA:0,(anonymous_0)
FNDA:0,(anonymous_1)
DA:7,0
DA:8,0
DA:17,0
DA:18,0
DA:20,0
DA:21,0
DA:26,0
LF:7
LH:0
BRF:0
BRH:0
end_of_record
TN:
SF:src\presentation\controllers\SettingsController.js
FN:2,(anonymous_0)
FN:6,(anonymous_1)
FN:22,(anonymous_2)
FNF:3
FNH:0
FNDA:0,(anonymous_0)
FNDA:0,(anonymous_1)
FNDA:0,(anonymous_2)
DA:3,0
DA:7,0
DA:8,0
DA:9,0
DA:14,0
DA:15,0
DA:23,0
DA:24,0
DA:26,0
DA:27,0
DA:33,0
DA:35,0
DA:40,0
DA:41,0
DA:49,0
LF:15
LH:0
BRDA:26,0,0,0
BRDA:26,0,1,0
BRDA:26,1,0,0
BRDA:26,1,1,0
BRF:4
BRH:0
end_of_record
TN:
SF:src\presentation\middleware\authMiddleware.js
FN:10,(anonymous_0)
FN:29,(anonymous_1)
FN:105,(anonymous_2)
FN:165,(anonymous_3)
FN:209,(anonymous_4)
FN:226,(anonymous_5)
FN:227,(anonymous_6)
FN:246,(anonymous_7)
FN:291,(anonymous_8)
FN:361,(anonymous_9)
FNF:10
FNH:0
FNDA:0,(anonymous_0)
FNDA:0,(anonymous_1)
FNDA:0,(anonymous_2)
FNDA:0,(anonymous_3)
FNDA:0,(anonymous_4)
FNDA:0,(anonymous_5)
FNDA:0,(anonymous_6)
FNDA:0,(anonymous_7)
FNDA:0,(anonymous_8)
FNDA:0,(anonymous_9)
DA:7,0
DA:11,0
DA:13,0
DA:14,0
DA:16,0
DA:17,0
DA:20,0
DA:21,0
DA:22,0
DA:29,0
DA:30,0
DA:36,0
DA:38,0
DA:39,0
DA:41,0
DA:42,0
DA:46,0
DA:53,0
DA:54,0
DA:55,0
DA:59,0
DA:60,0
DA:64,0
DA:65,0
DA:66,0
DA:69,0
DA:73,0
DA:78,0
DA:85,0
DA:90,0
DA:106,0
DA:107,0
DA:110,0
DA:111,0
DA:115,0
DA:122,0
DA:128,0
DA:132,0
DA:134,0
DA:139,0
DA:140,0
DA:146,0
DA:147,0
DA:153,0
DA:166,0
DA:167,0
DA:168,0
DA:170,0
DA:171,0
DA:177,0
DA:181,0
DA:183,0
DA:187,0
DA:193,0
DA:197,0
DA:210,0
DA:218,0
DA:227,0
DA:228,0
DA:233,0
DA:234,0
DA:235,0
DA:239,0
DA:245,0
DA:246,0
DA:247,0
DA:250,0
DA:251,0
DA:255,0
DA:261,0
DA:264,0
DA:266,0
DA:273,0
DA:278,0
DA:291,0
DA:292,0
DA:296,0
DA:297,0
DA:299,0
DA:300,0
DA:304,0
DA:310,0
DA:311,0
DA:313,0
DA:317,0
DA:329,0
DA:333,0
DA:338,0
DA:345,0
DA:350,0
DA:361,0
DA:362,0
DA:366,0
DA:367,0
DA:368,0
DA:371,0
DA:377,0
DA:380,0
DA:386,0
DA:393,0
DA:398,0
DA:406,0
LF:102
LH:0
BRDA:13,0,0,0
BRDA:13,0,1,0
BRDA:16,1,0,0
BRDA:16,1,1,0
BRDA:21,2,0,0
BRDA:21,2,1,0
BRDA:41,3,0,0
BRDA:41,3,1,0
BRDA:41,4,0,0
BRDA:41,4,1,0
BRDA:53,5,0,0
BRDA:53,5,1,0
BRDA:53,6,0,0
BRDA:53,6,1,0
BRDA:59,7,0,0
BRDA:59,7,1,0
BRDA:64,8,0,0
BRDA:64,8,1,0
BRDA:110,9,0,0
BRDA:110,9,1,0
BRDA:110,10,0,0
BRDA:110,10,1,0
BRDA:123,11,0,0
BRDA:123,11,1,0
BRDA:124,12,0,0
BRDA:124,12,1,0
BRDA:125,13,0,0
BRDA:125,13,1,0
BRDA:139,14,0,0
BRDA:139,14,1,0
BRDA:146,15,0,0
BRDA:146,15,1,0
BRDA:170,16,0,0
BRDA:170,16,1,0
BRDA:170,17,0,0
BRDA:170,17,1,0
BRDA:209,18,0,0
BRDA:230,19,0,0
BRDA:230,19,1,0
BRDA:234,20,0,0
BRDA:234,20,1,0
BRDA:245,21,0,0
BRDA:245,21,1,0
BRDA:250,22,0,0
BRDA:250,22,1,0
BRDA:299,23,0,0
BRDA:299,23,1,0
BRDA:299,24,0,0
BRDA:299,24,1,0
BRDA:310,25,0,0
BRDA:310,25,1,0
BRDA:310,26,0,0
BRDA:310,26,1,0
BRDA:367,27,0,0
BRDA:367,27,1,0
BRF:55
BRH:0
end_of_record
TN:
SF:src\presentation\middleware\csrf.js
FN:11,(anonymous_0)
FNF:1
FNH:0
FNDA:0,(anonymous_0)
DA:1,0
DA:3,0
DA:11,0
DA:12,0
DA:14,0
DA:15,0
DA:18,0
DA:21,0
LF:8
LH:0
BRDA:14,0,0,0
BRDA:14,0,1,0
BRF:2
BRH:0
end_of_record
TN:
SF:src\presentation\middleware\errorHandler.js
FN:8,(anonymous_0)
FNF:1
FNH:0
FNDA:0,(anonymous_0)
DA:4,0
DA:5,0
DA:6,0
DA:8,0
DA:9,0
DA:15,0
DA:19,0
DA:28,0
DA:29,0
DA:37,0
DA:45,0
LF:11
LH:0
BRDA:15,0,0,0
BRDA:15,0,1,0
BRDA:16,1,0,0
BRDA:16,1,1,0
BRDA:16,1,2,0
BRDA:16,1,3,0
BRDA:19,2,0,0
BRDA:19,2,1,0
BRDA:22,3,0,0
BRDA:22,3,1,0
BRDA:23,4,0,0
BRDA:23,4,1,0
BRDA:28,5,0,0
BRDA:28,5,1,0
BRF:14
BRH:0
end_of_record
TN:
SF:src\presentation\middleware\fileUploadValidator.js
FN:7,(anonymous_0)
FN:17,(anonymous_1)
FN:32,(anonymous_2)
FN:33,(anonymous_3)
FNF:4
FNH:0
FNDA:0,(anonymous_0)
FNDA:0,(anonymous_1)
FNDA:0,(anonymous_2)
FNDA:0,(anonymous_3)
DA:7,0
DA:11,0
DA:13,0
DA:18,0
DA:19,0
DA:21,0
DA:32,0
DA:33,0
DA:34,0
DA:35,0
DA:36,0
DA:43,0
DA:44,0
DA:45,0
DA:47,0
LF:15
LH:0
BRDA:9,0,0,0
BRDA:10,1,0,0
BRDA:18,2,0,0
BRDA:18,2,1,0
BRDA:34,3,0,0
BRDA:34,3,1,0
BRDA:35,4,0,0
BRDA:35,4,1,0
BRDA:44,5,0,0
BRDA:44,5,1,0
BRF:10
BRH:0
end_of_record
TN:
SF:src\presentation\middleware\index.js
FN:16,configureMiddleware
FN:34,(anonymous_1)
FNF:2
FNH:0
FNDA:0,configureMiddleware
FNDA:0,(anonymous_1)
DA:7,0
DA:8,0
DA:9,0
DA:17,0
DA:20,0
DA:21,0
DA:23,0
DA:35,0
DA:62,0
LF:9
LH:0
BRF:0
BRH:0
end_of_record
TN:
SF:src\presentation\middleware\rateLimiter.js
FNF:0
FNH:0
DA:1,0
DA:2,0
DA:4,0
DA:10,0
LF:4
LH:0
BRF:0
BRH:0
end_of_record
TN:
SF:src\presentation\middleware\securityMiddleware.js
FN:15,(anonymous_0)
FN:24,(anonymous_1)
FN:25,(anonymous_2)
FN:39,(anonymous_3)
FN:87,(anonymous_4)
FN:89,(anonymous_5)
FN:103,(anonymous_6)
FN:104,(anonymous_7)
FN:150,(anonymous_8)
FN:160,(anonymous_9)
FN:178,(anonymous_10)
FN:185,(anonymous_11)
FN:186,(anonymous_12)
FN:196,(anonymous_13)
FN:197,(anonymous_14)
FN:212,(anonymous_15)
FN:247,(anonymous_16)
FN:248,(anonymous_17)
FN:289,(anonymous_18)
FN:290,(anonymous_19)
FN:343,(anonymous_20)
FN:344,(anonymous_21)
FN:383,(anonymous_22)
FN:384,(anonymous_23)
FN:418,(anonymous_24)
FN:419,(anonymous_25)
FN:456,(anonymous_26)
FN:457,(anonymous_27)
FN:483,(anonymous_28)
FN:489,(anonymous_29)
FN:506,(anonymous_30)
FN:522,(anonymous_31)
FN:535,(anonymous_32)
FNF:33
FNH:0
FNDA:0,(anonymous_0)
FNDA:0,(anonymous_1)
FNDA:0,(anonymous_2)
FNDA:0,(anonymous_3)
FNDA:0,(anonymous_4)
FNDA:0,(anonymous_5)
FNDA:0,(anonymous_6)
FNDA:0,(anonymous_7)
FNDA:0,(anonymous_8)
FNDA:0,(anonymous_9)
FNDA:0,(anonymous_10)
FNDA:0,(anonymous_11)
FNDA:0,(anonymous_12)
FNDA:0,(anonymous_13)
FNDA:0,(anonymous_14)
FNDA:0,(anonymous_15)
FNDA:0,(anonymous_16)
FNDA:0,(anonymous_17)
FNDA:0,(anonymous_18)
FNDA:0,(anonymous_19)
FNDA:0,(anonymous_20)
FNDA:0,(anonymous_21)
FNDA:0,(anonymous_22)
FNDA:0,(anonymous_23)
FNDA:0,(anonymous_24)
FNDA:0,(anonymous_25)
FNDA:0,(anonymous_26)
FNDA:0,(anonymous_27)
FNDA:0,(anonymous_28)
FNDA:0,(anonymous_29)
FNDA:0,(anonymous_30)
FNDA:0,(anonymous_31)
FNDA:0,(anonymous_32)
DA:7,0
DA:8,0
DA:9,0
DA:10,0
DA:11,0
DA:12,0
DA:16,0
DA:17,0
DA:18,0
DA:25,0
DA:26,0
DA:28,0
DA:29,0
DA:32,0
DA:40,0
DA:88,0
DA:90,0
DA:91,0
DA:93,0
DA:104,0
DA:105,0
DA:115,0
DA:122,0
DA:124,0
DA:125,0
DA:126,0
DA:128,0
DA:131,0
DA:132,0
DA:136,0
DA:137,0
DA:139,0
DA:140,0
DA:143,0
DA:151,0
DA:161,0
DA:167,0
DA:179,0
DA:186,0
DA:187,0
DA:188,0
DA:189,0
DA:197,0
DA:198,0
DA:201,0
DA:211,0
DA:212,0
DA:213,0
DA:216,0
DA:217,0
DA:227,0
DA:237,0
DA:240,0
DA:248,0
DA:249,0
DA:251,0
DA:252,0
DA:253,0
DA:261,0
DA:262,0
DA:263,0
DA:264,0
DA:271,0
DA:273,0
DA:278,0
DA:290,0
DA:291,0
DA:292,0
DA:295,0
DA:296,0
DA:302,0
DA:303,0
DA:310,0
DA:311,0
DA:312,0
DA:318,0
DA:319,0
DA:325,0
DA:327,0
DA:332,0
DA:344,0
DA:345,0
DA:347,0
DA:348,0
DA:349,0
DA:357,0
DA:358,0
DA:360,0
DA:366,0
DA:368,0
DA:372,0
DA:384,0
DA:385,0
DA:387,0
DA:388,0
DA:392,0
DA:393,0
DA:397,0
DA:398,0
DA:401,0
DA:403,0
DA:407,0
DA:419,0
DA:420,0
DA:429,0
DA:430,0
DA:438,0
DA:439,0
DA:446,0
DA:457,0
DA:458,0
DA:466,0
DA:467,0
DA:470,0
DA:484,0
DA:485,0
DA:488,0
DA:489,0
DA:492,0
DA:493,0
DA:494,0
DA:495,0
DA:498,0
DA:507,0
DA:509,0
DA:516,0
DA:523,0
DA:535,0
DA:536,0
DA:542,0
LF:130
LH:0
BRDA:15,0,0,0
BRDA:26,1,0,0
BRDA:26,1,1,0
BRDA:28,2,0,0
BRDA:28,2,1,0
BRDA:28,3,0,0
BRDA:28,3,1,0
BRDA:90,4,0,0
BRDA:90,4,1,0
BRDA:115,5,0,0
BRDA:115,5,1,0
BRDA:115,6,0,0
BRDA:115,6,1,0
BRDA:115,6,2,0
BRDA:115,6,3,0
BRDA:124,7,0,0
BRDA:124,7,1,0
BRDA:126,8,0,0
BRDA:126,8,1,0
BRDA:128,9,0,0
BRDA:128,9,1,0
BRDA:139,10,0,0
BRDA:139,10,1,0
BRDA:216,11,0,0
BRDA:216,11,1,0
BRDA:223,12,0,0
BRDA:223,12,1,0
BRDA:223,13,0,0
BRDA:223,13,1,0
BRDA:233,14,0,0
BRDA:233,14,1,0
BRDA:233,15,0,0
BRDA:233,15,1,0
BRDA:251,16,0,0
BRDA:251,16,1,0
BRDA:252,17,0,0
BRDA:252,17,1,0
BRDA:261,18,0,0
BRDA:261,18,1,0
BRDA:263,19,0,0
BRDA:263,19,1,0
BRDA:263,20,0,0
BRDA:263,20,1,0
BRDA:295,21,0,0
BRDA:295,21,1,0
BRDA:295,22,0,0
BRDA:295,22,1,0
BRDA:295,22,2,0
BRDA:302,23,0,0
BRDA:302,23,1,0
BRDA:302,24,0,0
BRDA:302,24,1,0
BRDA:302,24,2,0
BRDA:302,24,3,0
BRDA:311,25,0,0
BRDA:311,25,1,0
BRDA:311,26,0,0
BRDA:311,26,1,0
BRDA:318,27,0,0
BRDA:318,27,1,0
BRDA:318,28,0,0
BRDA:318,28,1,0
BRDA:347,29,0,0
BRDA:347,29,1,0
BRDA:348,30,0,0
BRDA:348,30,1,0
BRDA:348,31,0,0
BRDA:348,31,1,0
BRDA:358,32,0,0
BRDA:358,32,1,0
BRDA:387,33,0,0
BRDA:387,33,1,0
BRDA:392,34,0,0
BRDA:392,34,1,0
BRDA:397,35,0,0
BRDA:397,35,1,0
BRDA:429,36,0,0
BRDA:429,36,1,0
BRDA:438,37,0,0
BRDA:438,37,1,0
BRDA:466,38,0,0
BRDA:466,38,1,0
BRDA:484,39,0,0
BRDA:484,39,1,0
BRDA:484,40,0,0
BRDA:484,40,1,0
BRDA:488,41,0,0
BRDA:488,41,1,0
BRDA:507,42,0,0
BRDA:507,42,1,0
BRF:90
BRH:0
end_of_record
TN:
SF:src\presentation\routes\authRoutes.js
FN:13,configureAuthRoutes
FN:28,(anonymous_1)
FN:36,(anonymous_2)
FNF:3
FNH:0
FNDA:0,configureAuthRoutes
FNDA:0,(anonymous_1)
FNDA:0,(anonymous_2)
DA:6,0
DA:14,0
DA:17,0
DA:25,0
DA:28,0
DA:29,0
DA:36,0
DA:37,0
DA:38,0
DA:39,0
DA:45,0
DA:51,0
DA:58,0
DA:61,0
LF:14
LH:0
BRF:0
BRH:0
end_of_record
TN:
SF:src\presentation\routes\confirmationRoutes.js
FN:15,(anonymous_0)
FN:15,(anonymous_1)
FN:25,configureConfirmationRoutes
FNF:3
FNH:0
FNDA:0,(anonymous_0)
FNDA:0,(anonymous_1)
FNDA:0,configureConfirmationRoutes
DA:7,0
DA:8,0
DA:15,0
DA:16,0
DA:27,0
DA:28,0
DA:29,0
DA:32,0
DA:41,0
DA:47,0
DA:57,0
DA:60,0
DA:66,0
DA:71,0
DA:76,0
DA:85,0
DA:92,0
DA:98,0
DA:104,0
DA:111,0
DA:117,0
DA:125,0
DA:128,0
LF:23
LH:0
BRF:0
BRH:0
end_of_record
TN:
SF:src\presentation\routes\index.js
FN:20,configureRoutes
FN:29,(anonymous_1)
FN:42,(anonymous_2)
FN:91,(anonymous_3)
FNF:4
FNH:0
FNDA:0,configureRoutes
FNDA:0,(anonymous_1)
FNDA:0,(anonymous_2)
FNDA:0,(anonymous_3)
DA:7,0
DA:8,0
DA:9,0
DA:10,0
DA:11,0
DA:12,0
DA:21,0
DA:24,0
DA:25,0
DA:26,0
DA:29,0
DA:30,0
DA:39,0
DA:42,0
DA:43,0
DA:49,0
DA:50,0
DA:53,0
DA:57,0
DA:60,0
DA:64,0
DA:67,0
DA:71,0
DA:74,0
DA:75,0
DA:78,0
DA:85,0
DA:88,0
DA:91,0
DA:92,0
DA:100,0
DA:103,0
LF:32
LH:0
BRDA:33,0,0,0
BRDA:33,0,1,0
BRDA:34,1,0,0
BRDA:34,1,1,0
BRF:4
BRH:0
end_of_record
TN:
SF:src\presentation\routes\invitationRoutes.js
FN:22,(anonymous_0)
FN:22,(anonymous_1)
FN:32,configureInvitationRoutes
FN:67,(anonymous_3)
FN:76,(anonymous_4)
FNF:5
FNH:0
FNDA:0,(anonymous_0)
FNDA:0,(anonymous_1)
FNDA:0,configureInvitationRoutes
FNDA:0,(anonymous_3)
FNDA:0,(anonymous_4)
DA:7,0
DA:8,0
DA:22,0
DA:23,0
DA:34,0
DA:35,0
DA:36,0
DA:60,0
DA:67,0
DA:68,0
DA:71,0
DA:72,0
DA:74,0
DA:76,0
DA:84,0
DA:91,0
DA:117,0
DA:125,0
DA:141,0
DA:169,0
DA:176,0
DA:187,0
DA:196,0
DA:199,0
LF:24
LH:0
BRF:0
BRH:0
end_of_record
TN:
SF:src\presentation\routes\notificationRoutes.js
FN:9,configureNotificationRoutes
FN:12,(anonymous_1)
FNF:2
FNH:0
FNDA:0,configureNotificationRoutes
FNDA:0,(anonymous_1)
DA:1,0
DA:10,0
DA:12,0
DA:13,0
DA:16,0
DA:19,0
LF:6
LH:0
BRF:0
BRH:0
end_of_record
TN:
SF:src\presentation\routes\settingsRoutes.js
FN:4,(anonymous_0)
FN:6,(anonymous_1)
FN:9,(anonymous_2)
FNF:3
FNH:0
FNDA:0,(anonymous_0)
FNDA:0,(anonymous_1)
FNDA:0,(anonymous_2)
DA:1,0
DA:2,0
DA:4,0
DA:6,0
DA:9,0
DA:10,0
DA:13,0
LF:7
LH:0
BRF:0
BRH:0
end_of_record
TN:
SF:src\shared\container\DIContainer.js
FN:8,(anonymous_0)
FN:22,(anonymous_1)
FN:49,(anonymous_2)
FN:58,(anonymous_3)
FN:68,(anonymous_4)
FN:106,(anonymous_5)
FN:107,(anonymous_6)
FN:115,(anonymous_7)
FN:124,(anonymous_8)
FN:152,(anonymous_9)
FN:171,(anonymous_10)
FN:181,(anonymous_11)
FN:203,(anonymous_12)
FN:212,(anonymous_13)
FN:213,(anonymous_14)
FNF:15
FNH:0
FNDA:0,(anonymous_0)
FNDA:0,(anonymous_1)
FNDA:0,(anonymous_2)
FNDA:0,(anonymous_3)
FNDA:0,(anonymous_4)
FNDA:0,(anonymous_5)
FNDA:0,(anonymous_6)
FNDA:0,(anonymous_7)
FNDA:0,(anonymous_8)
FNDA:0,(anonymous_9)
FNDA:0,(anonymous_10)
FNDA:0,(anonymous_11)
FNDA:0,(anonymous_12)
FNDA:0,(anonymous_13)
FNDA:0,(anonymous_14)
DA:9,0
DA:10,0
DA:11,0
DA:23,0
DA:24,0
DA:27,0
DA:28,0
DA:31,0
DA:40,0
DA:50,0
DA:59,0
DA:60,0
DA:70,0
DA:71,0
DA:75,0
DA:76,0
DA:79,0
DA:80,0
DA:83,0
DA:84,0
DA:88,0
DA:91,0
DA:94,0
DA:95,0
DA:98,0
DA:107,0
DA:116,0
DA:125,0
DA:126,0
DA:127,0
DA:135,0
DA:136,0
DA:145,0
DA:153,0
DA:155,0
DA:156,0
DA:159,0
DA:160,0
DA:161,0
DA:165,0
DA:172,0
DA:173,0
DA:174,0
DA:182,0
DA:185,0
DA:186,0
DA:190,0
DA:191,0
DA:194,0
DA:204,0
DA:205,0
DA:213,0
DA:214,0
DA:215,0
DA:220,0
LF:55
LH:0
BRDA:22,0,0,0
BRDA:23,1,0,0
BRDA:23,1,1,0
BRDA:27,2,0,0
BRDA:27,2,1,0
BRDA:34,3,0,0
BRDA:34,3,1,0
BRDA:35,4,0,0
BRDA:35,4,1,0
BRDA:49,5,0,0
BRDA:70,6,0,0
BRDA:70,6,1,0
BRDA:75,7,0,0
BRDA:75,7,1,0
BRDA:83,8,0,0
BRDA:83,8,1,0
BRDA:83,9,0,0
BRDA:83,9,1,0
BRDA:94,10,0,0
BRDA:94,10,1,0
BRDA:116,11,0,0
BRDA:116,11,1,0
BRDA:125,12,0,0
BRDA:125,12,1,0
BRDA:131,13,0,0
BRDA:131,13,1,0
BRDA:135,14,0,0
BRDA:135,14,1,0
BRDA:160,15,0,0
BRDA:160,15,1,0
BRDA:203,16,0,0
BRF:31
BRH:0
end_of_record
TN:
SF:src\shared\exceptions\BaseException.js
FN:6,(anonymous_0)
FNF:1
FNH:1
FNDA:4,(anonymous_0)
DA:7,4
DA:8,4
DA:9,4
DA:10,4
DA:11,4
DA:15,1
LF:6
LH:6
BRF:0
BRH:0
end_of_record
TN:
SF:src\shared\exceptions\BusinessRuleException.js
FN:8,(anonymous_0)
FNF:1
FNH:1
FNDA:4,(anonymous_0)
DA:1,1
DA:9,4
DA:13,1
LF:3
LH:3
BRDA:8,0,0,4
BRF:1
BRH:1
end_of_record
TN:
SF:src\shared\exceptions\NotFoundException.js
FN:8,(anonymous_0)
FNF:1
FNH:0
FNDA:0,(anonymous_0)
DA:1,0
DA:9,0
DA:10,0
DA:14,0
LF:4
LH:0
BRDA:8,0,0,0
BRDA:8,1,0,0
BRF:2
BRH:0
end_of_record
TN:
SF:src\shared\exceptions\ValidationException.js
FN:8,(anonymous_0)
FNF:1
FNH:0
FNDA:0,(anonymous_0)
DA:1,0
DA:9,0
DA:13,0
LF:3
LH:0
BRDA:8,0,0,0
BRF:1
BRH:0
end_of_record
TN:
SF:src\shared\utils\DIContainer.js
FN:7,(anonymous_0)
FN:18,(anonymous_1)
FN:41,(anonymous_2)
FN:69,(anonymous_3)
FN:77,(anonymous_4)
FN:85,(anonymous_5)
FN:94,(anonymous_6)
FN:103,(anonymous_7)
FNF:8
FNH:0
FNDA:0,(anonymous_0)
FNDA:0,(anonymous_1)
FNDA:0,(anonymous_2)
FNDA:0,(anonymous_3)
FNDA:0,(anonymous_4)
FNDA:0,(anonymous_5)
FNDA:0,(anonymous_6)
FNDA:0,(anonymous_7)
DA:8,0
DA:9,0
DA:19,0
DA:20,0
DA:23,0
DA:24,0
DA:27,0
DA:42,0
DA:43,0
DA:46,0
DA:49,0
DA:50,0
DA:54,0
DA:57,0
DA:58,0
DA:61,0
DA:70,0
DA:78,0
DA:79,0
DA:86,0
DA:87,0
DA:95,0
DA:104,0
DA:105,0
DA:108,0
DA:109,0
DA:117,0
LF:27
LH:0
BRDA:18,0,0,0
BRDA:19,1,0,0
BRDA:19,1,1,0
BRDA:23,2,0,0
BRDA:23,2,1,0
BRDA:30,3,0,0
BRDA:30,3,1,0
BRDA:42,4,0,0
BRDA:42,4,1,0
BRDA:49,5,0,0
BRDA:49,5,1,0
BRDA:49,6,0,0
BRDA:49,6,1,0
BRDA:57,7,0,0
BRDA:57,7,1,0
BRDA:104,8,0,0
BRDA:104,8,1,0
BRF:17
BRH:0
end_of_record
TN:
SF:src\shared\utils\Logger.js
FN:12,(anonymous_0)
FN:36,(anonymous_1)
FN:72,(anonymous_2)
FN:81,(anonymous_3)
FN:90,(anonymous_4)
FN:99,(anonymous_5)
FN:108,(anonymous_6)
FN:119,(anonymous_7)
FN:137,(anonymous_8)
FN:147,(anonymous_9)
FN:165,(anonymous_10)
FN:188,(anonymous_11)
FN:203,(anonymous_12)
FN:217,(anonymous_13)
FN:231,(anonymous_14)
FN:245,(anonymous_15)
FN:265,(anonymous_16)
FN:273,(anonymous_17)
FN:283,(anonymous_18)
FN:291,(anonymous_19)
FNF:20
FNH:0
FNDA:0,(anonymous_0)
FNDA:0,(anonymous_1)
FNDA:0,(anonymous_2)
FNDA:0,(anonymous_3)
FNDA:0,(anonymous_4)
FNDA:0,(anonymous_5)
FNDA:0,(anonymous_6)
FNDA:0,(anonymous_7)
FNDA:0,(anonymous_8)
FNDA:0,(anonymous_9)
FNDA:0,(anonymous_10)
FNDA:0,(anonymous_11)
FNDA:0,(anonymous_12)
FNDA:0,(anonymous_13)
FNDA:0,(anonymous_14)
FNDA:0,(anonymous_15)
FNDA:0,(anonymous_16)
FNDA:0,(anonymous_17)
FNDA:0,(anonymous_18)
FNDA:0,(anonymous_19)
DA:8,0
DA:9,0
DA:13,0
DA:14,0
DA:15,0
DA:16,0
DA:17,0
DA:18,0
DA:21,0
DA:23,0
DA:24,0
DA:37,0
DA:40,0
DA:48,0
DA:49,0
DA:60,0
DA:73,0
DA:82,0
DA:91,0
DA:100,0
DA:109,0
DA:120,0
DA:122,0
DA:123,0
DA:124,0
DA:125,0
DA:128,0
DA:138,0
DA:139,0
DA:141,0
DA:147,0
DA:148,0
DA:150,0
DA:166,0
DA:167,0
DA:169,0
DA:171,0
DA:189,0
DA:204,0
DA:218,0
DA:232,0
DA:246,0
DA:255,0
DA:257,0
DA:266,0
DA:274,0
DA:275,0
DA:284,0
DA:292,0
DA:293,0
DA:296,0
DA:297,0
DA:298,0
DA:299,0
DA:301,0
DA:302,0
DA:304,0
DA:305,0
DA:306,0
DA:308,0
DA:309,0
DA:310,0
DA:314,0
DA:321,0
LF:64
LH:0
BRDA:12,0,0,0
BRDA:13,1,0,0
BRDA:13,1,1,0
BRDA:15,2,0,0
BRDA:15,2,1,0
BRDA:16,3,0,0
BRDA:16,3,1,0
BRDA:17,4,0,0
BRDA:17,4,1,0
BRDA:18,5,0,0
BRDA:18,5,1,0
BRDA:23,6,0,0
BRDA:23,6,1,0
BRDA:27,7,0,0
BRDA:27,7,1,0
BRDA:37,8,0,0
BRDA:37,8,1,0
BRDA:40,9,0,0
BRDA:40,9,1,0
BRDA:48,10,0,0
BRDA:48,10,1,0
BRDA:72,11,0,0
BRDA:81,12,0,0
BRDA:90,13,0,0
BRDA:99,14,0,0
BRDA:108,15,0,0
BRDA:119,16,0,0
BRDA:122,17,0,0
BRDA:122,17,1,0
BRDA:122,18,0,0
BRDA:122,18,1,0
BRDA:137,19,0,0
BRDA:147,20,0,0
BRDA:147,21,0,0
BRDA:169,22,0,0
BRDA:169,22,1,0
BRDA:178,23,0,0
BRDA:178,23,1,0
BRDA:188,24,0,0
BRDA:203,25,0,0
BRDA:207,26,0,0
BRDA:207,26,1,0
BRDA:217,27,0,0
BRDA:231,28,0,0
BRDA:231,29,0,0
BRDA:245,30,0,0
BRDA:291,31,0,0
BRDA:292,32,0,0
BRDA:292,32,1,0
BRDA:308,33,0,0
BRDA:308,33,1,0
BRF:51
BRH:0
end_of_record
TN:
SF:src\shared\utils\QueryBuilder.js
FN:14,(anonymous_0)
FN:46,(anonymous_1)
FNF:2
FNH:2
FNDA:1,(anonymous_0)
FNDA:1,(anonymous_1)
DA:15,1
DA:24,1
DA:26,1
DA:28,1
DA:47,1
DA:49,1
DA:50,0
DA:51,0
DA:54,0
DA:55,0
DA:56,0
DA:57,0
DA:58,0
DA:60,0
DA:61,0
DA:63,0
DA:66,0
DA:70,1
DA:74,1
LF:19
LH:8
BRDA:14,0,0,0
BRDA:15,1,0,1
BRDA:15,1,1,1
BRDA:18,2,0,0
BRDA:19,3,0,0
BRDA:20,4,0,1
BRDA:21,5,0,1
BRDA:22,6,0,1
BRDA:29,7,0,1
BRDA:29,7,1,0
BRDA:30,8,0,1
BRDA:30,8,1,0
BRDA:50,9,0,0
BRDA:50,9,1,0
BRDA:50,10,0,0
BRDA:50,10,1,0
BRDA:50,10,2,0
BRDA:54,11,0,0
BRDA:54,11,1,0
BRDA:56,12,0,0
BRDA:56,12,1,0
BRDA:58,13,0,0
BRDA:58,13,1,0
BRDA:58,14,0,0
BRDA:58,14,1,0
BRDA:60,15,0,0
BRDA:60,15,1,0
BRDA:60,16,0,0
BRDA:60,16,1,0
BRF:29
BRH:7
end_of_record
TN:
SF:src\shared\utils\ValidationService.js
FN:8,(anonymous_0)
FN:30,(anonymous_1)
FN:42,(anonymous_2)
FN:59,(anonymous_3)
FN:71,(anonymous_4)
FN:89,(anonymous_5)
FN:103,(anonymous_6)
FN:114,(anonymous_7)
FN:127,(anonymous_8)
FN:140,(anonymous_9)
FN:157,(anonymous_10)
FN:175,(anonymous_11)
FN:279,(anonymous_12)
FN:310,(anonymous_13)
FN:378,(anonymous_14)
FN:421,(anonymous_15)
FN:431,(anonymous_16)
FN:440,(anonymous_17)
FNF:18
FNH:0
FNDA:0,(anonymous_0)
FNDA:0,(anonymous_1)
FNDA:0,(anonymous_2)
FNDA:0,(anonymous_3)
FNDA:0,(anonymous_4)
FNDA:0,(anonymous_5)
FNDA:0,(anonymous_6)
FNDA:0,(anonymous_7)
FNDA:0,(anonymous_8)
FNDA:0,(anonymous_9)
FNDA:0,(anonymous_10)
FNDA:0,(anonymous_11)
FNDA:0,(anonymous_12)
FNDA:0,(anonymous_13)
FNDA:0,(anonymous_14)
FNDA:0,(anonymous_15)
FNDA:0,(anonymous_16)
FNDA:0,(anonymous_17)
DA:9,0
DA:10,0
DA:12,0
DA:22,0
DA:31,0
DA:32,0
DA:34,0
DA:43,0
DA:44,0
DA:48,0
DA:51,0
DA:60,0
DA:61,0
DA:63,0
DA:72,0
DA:73,0
DA:76,0
DA:77,0
DA:90,0
DA:91,0
DA:93,0
DA:104,0
DA:115,0
DA:116,0
DA:118,0
DA:119,0
DA:128,0
DA:129,0
DA:132,0
DA:141,0
DA:142,0
DA:146,0
DA:158,0
DA:159,0
DA:162,0
DA:176,0
DA:177,0
DA:179,0
DA:180,0
DA:182,0
DA:184,0
DA:185,0
DA:186,0
DA:190,0
DA:192,0
DA:193,0
DA:195,0
DA:199,0
DA:200,0
DA:201,0
DA:202,0
DA:205,0
DA:207,0
DA:208,0
DA:209,0
DA:212,0
DA:213,0
DA:214,0
DA:217,0
DA:218,0
DA:219,0
DA:222,0
DA:223,0
DA:224,0
DA:226,0
DA:227,0
DA:228,0
DA:231,0
DA:232,0
DA:233,0
DA:236,0
DA:237,0
DA:238,0
DA:241,0
DA:242,0
DA:243,0
DA:246,0
DA:247,0
DA:248,0
DA:249,0
DA:250,0
DA:253,0
DA:254,0
DA:255,0
DA:256,0
DA:257,0
DA:260,0
DA:261,0
DA:262,0
DA:263,0
DA:264,0
DA:267,0
DA:268,0
DA:269,0
DA:272,0
DA:273,0
DA:274,0
DA:278,0
DA:279,0
DA:281,0
DA:283,0
DA:284,0
DA:285,0
DA:286,0
DA:289,0
DA:292,0
DA:295,0
DA:299,0
DA:311,0
DA:312,0
DA:379,0
DA:380,0
DA:381,0
DA:422,0
DA:423,0
DA:432,0
DA:433,0
DA:441,0
DA:442,0
DA:443,0
DA:444,0
DA:445,0
DA:447,0
DA:451,0
LF:124
LH:0
BRDA:31,0,0,0
BRDA:31,0,1,0
BRDA:31,1,0,0
BRDA:31,1,1,0
BRDA:43,2,0,0
BRDA:43,2,1,0
BRDA:43,3,0,0
BRDA:43,3,1,0
BRDA:60,4,0,0
BRDA:60,4,1,0
BRDA:60,5,0,0
BRDA:60,5,1,0
BRDA:72,6,0,0
BRDA:72,6,1,0
BRDA:72,7,0,0
BRDA:72,7,1,0
BRDA:78,8,0,0
BRDA:78,8,1,0
BRDA:78,8,2,0
BRDA:90,9,0,0
BRDA:90,9,1,0
BRDA:90,10,0,0
BRDA:90,10,1,0
BRDA:104,11,0,0
BRDA:104,11,1,0
BRDA:104,11,2,0
BRDA:104,11,3,0
BRDA:115,12,0,0
BRDA:115,12,1,0
BRDA:119,13,0,0
BRDA:119,13,1,0
BRDA:128,14,0,0
BRDA:128,14,1,0
BRDA:128,15,0,0
BRDA:128,15,1,0
BRDA:141,16,0,0
BRDA:141,16,1,0
BRDA:141,17,0,0
BRDA:141,17,1,0
BRDA:158,18,0,0
BRDA:158,18,1,0
BRDA:158,19,0,0
BRDA:158,19,1,0
BRDA:184,20,0,0
BRDA:184,20,1,0
BRDA:184,21,0,0
BRDA:184,21,1,0
BRDA:184,21,2,0
BRDA:184,21,3,0
BRDA:190,22,0,0
BRDA:190,22,1,0
BRDA:190,23,0,0
BRDA:190,23,1,0
BRDA:190,23,2,0
BRDA:190,23,3,0
BRDA:192,24,0,0
BRDA:192,24,1,0
BRDA:199,25,0,0
BRDA:199,25,1,0
BRDA:200,26,0,0
BRDA:200,26,1,0
BRDA:207,27,0,0
BRDA:207,27,1,0
BRDA:207,28,0,0
BRDA:207,28,1,0
BRDA:212,29,0,0
BRDA:212,29,1,0
BRDA:212,30,0,0
BRDA:212,30,1,0
BRDA:217,31,0,0
BRDA:217,31,1,0
BRDA:217,32,0,0
BRDA:217,32,1,0
BRDA:223,33,0,0
BRDA:223,33,1,0
BRDA:226,34,0,0
BRDA:226,34,1,0
BRDA:231,35,0,0
BRDA:231,35,1,0
BRDA:231,36,0,0
BRDA:231,36,1,0
BRDA:236,37,0,0
BRDA:236,37,1,0
BRDA:236,38,0,0
BRDA:236,38,1,0
BRDA:241,39,0,0
BRDA:241,39,1,0
BRDA:241,40,0,0
BRDA:241,40,1,0
BRDA:247,41,0,0
BRDA:247,41,1,0
BRDA:248,42,0,0
BRDA:248,42,1,0
BRDA:254,43,0,0
BRDA:254,43,1,0
BRDA:255,44,0,0
BRDA:255,44,1,0
BRDA:261,45,0,0
BRDA:261,45,1,0
BRDA:262,46,0,0
BRDA:262,46,1,0
BRDA:267,47,0,0
BRDA:267,47,1,0
BRDA:267,48,0,0
BRDA:267,48,1,0
BRDA:272,49,0,0
BRDA:272,49,1,0
BRDA:272,50,0,0
BRDA:272,50,1,0
BRDA:278,51,0,0
BRDA:278,51,1,0
BRDA:283,52,0,0
BRDA:283,52,1,0
BRDA:284,53,0,0
BRDA:284,53,1,0
BRDA:441,54,0,0
BRDA:441,54,1,0
BRF:117
BRH:0
end_of_record
TN:
SF:src\shared\utils\csv-formatter.js
FN:11,convertToCSV
FN:20,(anonymous_1)
FNF:2
FNH:0
FNDA:0,convertToCSV
FNDA:0,(anonymous_1)
DA:12,0
DA:13,0
DA:16,0
DA:17,0
DA:19,0
DA:20,0
DA:21,0
DA:22,0
DA:23,0
DA:25,0
DA:27,0
DA:30,0
DA:33,1
LF:13
LH:1
BRDA:12,0,0,0
BRDA:12,0,1,0
BRDA:12,1,0,0
BRDA:12,1,1,0
BRDA:22,2,0,0
BRDA:22,2,1,0
BRDA:25,3,0,0
BRDA:25,3,1,0
BRF:8
BRH:0
end_of_record
