{
    "numFailedTestSuites": 2,
    "numFailedTests": 3,
    "numPassedTestSuites": 4,
    "numPassedTests": 135,
    "numPendingTestSuites": 0,
    "numPendingTests": 0,
    "numRuntimeErrorTestSuites": 0,
    "numTodoTests": 0,
    "numTotalTestSuites": 6,
    "numTotalTests": 138,
    "openHandles": [],
    "snapshot": {
        "added": 0,
        "didUpdate": false,
        "failure": false,
        "filesAdded": 0,
        "filesRemoved": 0,
        "filesRemovedList": [],
        "filesUnmatched": 0,
        "filesUpdated": 0,
        "matched": 0,
        "total": 0,
        "unchecked": 0,
        "uncheckedKeysByFile": [],
        "unmatched": 0,
        "updated": 0
    },
    "startTime": 1774024528369,
    "success": false,
    "testResults": [
        {
            "assertionResults": [
                {
                    "ancestorTitles": ["FormValidatorComponent", "Initialization"],
                    "duration": 92,
                    "failing": false,
                    "failureDetails": [],
                    "failureMessages": [],
                    "fullName": "FormValidatorComponent Initialization debe inicializar correctamente",
                    "invocations": 1,
                    "location": null,
                    "numPassingAsserts": 2,
                    "retryReasons": [],
                    "startAt": 1774024533239,
                    "status": "passed",
                    "title": "debe inicializar correctamente"
                },
                {
                    "ancestorTitles": ["FormValidatorComponent", "Initialization"],
                    "duration": 18,
                    "failing": false,
                    "failureDetails": [],
                    "failureMessages": [],
                    "fullName": "FormValidatorComponent Initialization debe descubrir todos los campos del formulario",
                    "invocations": 1,
                    "location": null,
                    "numPassingAsserts": 5,
                    "retryReasons": [],
                    "startAt": 1774024533333,
                    "status": "passed",
                    "title": "debe descubrir todos los campos del formulario"
                },
                {
                    "ancestorTitles": ["FormValidatorComponent", "Initialization"],
                    "duration": 5,
                    "failing": false,
                    "failureDetails": [],
                    "failureMessages": [],
                    "fullName": "FormValidatorComponent Initialization debe respetar opciones de configuración",
                    "invocations": 1,
                    "location": null,
                    "numPassingAsserts": 3,
                    "retryReasons": [],
                    "startAt": 1774024533352,
                    "status": "passed",
                    "title": "debe respetar opciones de configuración"
                },
                {
                    "ancestorTitles": ["FormValidatorComponent", "Initialization"],
                    "duration": 13,
                    "failing": false,
                    "failureDetails": [],
                    "failureMessages": [],
                    "fullName": "FormValidatorComponent Initialization debe extraer reglas de validación de elementos",
                    "invocations": 1,
                    "location": null,
                    "numPassingAsserts": 1,
                    "retryReasons": [],
                    "startAt": 1774024533358,
                    "status": "passed",
                    "title": "debe extraer reglas de validación de elementos"
                },
                {
                    "ancestorTitles": ["FormValidatorComponent", "Field Validation"],
                    "duration": 47,
                    "failing": false,
                    "failureDetails": [
                        {
                            "matcherResult": {
                                "message": "\u001b[2mexpect(\u001b[22m\u001b[31mjest.fn()\u001b[39m\u001b[2m).\u001b[22mtoHaveBeenCalledWith\u001b[2m(\u001b[22m\u001b[32m...expected\u001b[39m\u001b[2m)\u001b[22m\n\nExpected: \u001b[32m\"fullName\"\u001b[39m, \u001b[32m\"Juan Pérez\"\u001b[39m\nReceived: \u001b[2m\"fullName\"\u001b[22m, \u001b[2m\"Juan Pérez\"\u001b[22m, \u001b[31m{}\u001b[39m\n\nNumber of calls: \u001b[31m1\u001b[39m",
                                "pass": false
                            }
                        }
                    ],
                    "failureMessages": [
                        "Error: \u001b[2mexpect(\u001b[22m\u001b[31mjest.fn()\u001b[39m\u001b[2m).\u001b[22mtoHaveBeenCalledWith\u001b[2m(\u001b[22m\u001b[32m...expected\u001b[39m\u001b[2m)\u001b[22m\n\nExpected: \u001b[32m\"fullName\"\u001b[39m, \u001b[32m\"Juan Pérez\"\u001b[39m\nReceived: \u001b[2m\"fullName\"\u001b[22m, \u001b[2m\"Juan Pérez\"\u001b[22m, \u001b[31m{}\u001b[39m\n\nNumber of calls: \u001b[31m1\u001b[39m\n    at Object.toHaveBeenCalledWith (C:\\Users\\diego.zazueta\\Desktop\\Invitacion-boda\\frontend\\invitation\\js\\presentation\\components\\ui\\__tests__\\form-validator.test.js:142:47)"
                    ],
                    "fullName": "FormValidatorComponent Field Validation debe validar un campo individual",
                    "invocations": 1,
                    "location": null,
                    "numPassingAsserts": 0,
                    "retryReasons": [],
                    "startAt": 1774024533372,
                    "status": "failed",
                    "title": "debe validar un campo individual"
                },
                {
                    "ancestorTitles": ["FormValidatorComponent", "Field Validation"],
                    "duration": 19,
                    "failing": false,
                    "failureDetails": [
                        {
                            "matcherResult": {
                                "actual": false,
                                "expected": true,
                                "message": "\u001b[2mexpect(\u001b[22m\u001b[31mreceived\u001b[39m\u001b[2m).\u001b[22mtoBe\u001b[2m(\u001b[22m\u001b[32mexpected\u001b[39m\u001b[2m) // Object.is equality\u001b[22m\n\nExpected: \u001b[32mtrue\u001b[39m\nReceived: \u001b[31mfalse\u001b[39m",
                                "name": "toBe",
                                "pass": false
                            }
                        }
                    ],
                    "failureMessages": [
                        "Error: \u001b[2mexpect(\u001b[22m\u001b[31mreceived\u001b[39m\u001b[2m).\u001b[22mtoBe\u001b[2m(\u001b[22m\u001b[32mexpected\u001b[39m\u001b[2m) // Object.is equality\u001b[22m\n\nExpected: \u001b[32mtrue\u001b[39m\nReceived: \u001b[31mfalse\u001b[39m\n    at Object.toBe (C:\\Users\\diego.zazueta\\Desktop\\Invitacion-boda\\frontend\\invitation\\js\\presentation\\components\\ui\\__tests__\\form-validator.test.js:158:30)"
                    ],
                    "fullName": "FormValidatorComponent Field Validation debe detectar campo válido",
                    "invocations": 1,
                    "location": null,
                    "numPassingAsserts": 0,
                    "retryReasons": [],
                    "startAt": 1774024533421,
                    "status": "failed",
                    "title": "debe detectar campo válido"
                },
                {
                    "ancestorTitles": ["FormValidatorComponent", "Field Validation"],
                    "duration": 18,
                    "failing": false,
                    "failureDetails": [],
                    "failureMessages": [],
                    "fullName": "FormValidatorComponent Field Validation debe detectar campo inválido",
                    "invocations": 1,
                    "location": null,
                    "numPassingAsserts": 2,
                    "retryReasons": [],
                    "startAt": 1774024533441,
                    "status": "passed",
                    "title": "debe detectar campo inválido"
                },
                {
                    "ancestorTitles": ["FormValidatorComponent", "Field Validation"],
                    "duration": 17,
                    "failing": false,
                    "failureDetails": [],
                    "failureMessages": [],
                    "fullName": "FormValidatorComponent Field Validation debe aplicar clase de error cuando falla validación",
                    "invocations": 1,
                    "location": null,
                    "numPassingAsserts": 1,
                    "retryReasons": [],
                    "startAt": 1774024533461,
                    "status": "passed",
                    "title": "debe aplicar clase de error cuando falla validación"
                },
                {
                    "ancestorTitles": ["FormValidatorComponent", "Field Validation"],
                    "duration": 17,
                    "failing": false,
                    "failureDetails": [],
                    "failureMessages": [],
                    "fullName": "FormValidatorComponent Field Validation debe aplicar clase de éxito cuando pasa validación",
                    "invocations": 1,
                    "location": null,
                    "numPassingAsserts": 1,
                    "retryReasons": [],
                    "startAt": 1774024533479,
                    "status": "passed",
                    "title": "debe aplicar clase de éxito cuando pasa validación"
                },
                {
                    "ancestorTitles": ["FormValidatorComponent", "Form Validation"],
                    "duration": 15,
                    "failing": false,
                    "failureDetails": [],
                    "failureMessages": [],
                    "fullName": "FormValidatorComponent Form Validation debe validar todo el formulario",
                    "invocations": 1,
                    "location": null,
                    "numPassingAsserts": 1,
                    "retryReasons": [],
                    "startAt": 1774024533498,
                    "status": "passed",
                    "title": "debe validar todo el formulario"
                },
                {
                    "ancestorTitles": ["FormValidatorComponent", "Form Validation"],
                    "duration": 10,
                    "failing": false,
                    "failureDetails": [],
                    "failureMessages": [],
                    "fullName": "FormValidatorComponent Form Validation debe actualizar estado de isValid",
                    "invocations": 1,
                    "location": null,
                    "numPassingAsserts": 1,
                    "retryReasons": [],
                    "startAt": 1774024533513,
                    "status": "passed",
                    "title": "debe actualizar estado de isValid"
                },
                {
                    "ancestorTitles": ["FormValidatorComponent", "Form Validation"],
                    "duration": 13,
                    "failing": false,
                    "failureDetails": [],
                    "failureMessages": [],
                    "fullName": "FormValidatorComponent Form Validation debe recolectar errores de todos los campos",
                    "invocations": 1,
                    "location": null,
                    "numPassingAsserts": 1,
                    "retryReasons": [],
                    "startAt": 1774024533524,
                    "status": "passed",
                    "title": "debe recolectar errores de todos los campos"
                },
                {
                    "ancestorTitles": ["FormValidatorComponent", "Event Listeners"],
                    "duration": 25,
                    "failing": false,
                    "failureDetails": [],
                    "failureMessages": [],
                    "fullName": "FormValidatorComponent Event Listeners debe validar en input si está habilitado",
                    "invocations": 1,
                    "location": null,
                    "numPassingAsserts": 1,
                    "retryReasons": [],
                    "startAt": 1774024533538,
                    "status": "passed",
                    "title": "debe validar en input si está habilitado"
                },
                {
                    "ancestorTitles": ["FormValidatorComponent", "Event Listeners"],
                    "duration": 15,
                    "failing": false,
                    "failureDetails": [],
                    "failureMessages": [],
                    "fullName": "FormValidatorComponent Event Listeners debe validar en blur si está habilitado",
                    "invocations": 1,
                    "location": null,
                    "numPassingAsserts": 1,
                    "retryReasons": [],
                    "startAt": 1774024533564,
                    "status": "passed",
                    "title": "debe validar en blur si está habilitado"
                },
                {
                    "ancestorTitles": ["FormValidatorComponent", "Event Listeners"],
                    "duration": 11,
                    "failing": false,
                    "failureDetails": [],
                    "failureMessages": [],
                    "fullName": "FormValidatorComponent Event Listeners debe validar en submit",
                    "invocations": 1,
                    "location": null,
                    "numPassingAsserts": 1,
                    "retryReasons": [],
                    "startAt": 1774024533580,
                    "status": "passed",
                    "title": "debe validar en submit"
                },
                {
                    "ancestorTitles": ["FormValidatorComponent", "Error Display"],
                    "duration": 11,
                    "failing": false,
                    "failureDetails": [],
                    "failureMessages": [],
                    "fullName": "FormValidatorComponent Error Display debe mostrar errores inline si está habilitado",
                    "invocations": 1,
                    "location": null,
                    "numPassingAsserts": 1,
                    "retryReasons": [],
                    "startAt": 1774024533592,
                    "status": "passed",
                    "title": "debe mostrar errores inline si está habilitado"
                },
                {
                    "ancestorTitles": ["FormValidatorComponent", "Error Display"],
                    "duration": 2,
                    "failing": false,
                    "failureDetails": [],
                    "failureMessages": [],
                    "fullName": "FormValidatorComponent Error Display debe ocultar errores inline si está deshabilitado",
                    "invocations": 1,
                    "location": null,
                    "numPassingAsserts": 1,
                    "retryReasons": [],
                    "startAt": 1774024533604,
                    "status": "passed",
                    "title": "debe ocultar errores inline si está deshabilitado"
                },
                {
                    "ancestorTitles": ["FormValidatorComponent", "Error Display"],
                    "duration": 1,
                    "failing": false,
                    "failureDetails": [],
                    "failureMessages": [],
                    "fullName": "FormValidatorComponent Error Display debe mostrar resumen de errores si está habilitado",
                    "invocations": 1,
                    "location": null,
                    "numPassingAsserts": 1,
                    "retryReasons": [],
                    "startAt": 1774024533607,
                    "status": "passed",
                    "title": "debe mostrar resumen de errores si está habilitado"
                },
                {
                    "ancestorTitles": ["FormValidatorComponent", "Field Management"],
                    "duration": 11,
                    "failing": false,
                    "failureDetails": [],
                    "failureMessages": [],
                    "fullName": "FormValidatorComponent Field Management debe agregar campo dinámicamente",
                    "invocations": 1,
                    "location": null,
                    "numPassingAsserts": 1,
                    "retryReasons": [],
                    "startAt": 1774024533610,
                    "status": "passed",
                    "title": "debe agregar campo dinámicamente"
                },
                {
                    "ancestorTitles": ["FormValidatorComponent", "Field Management"],
                    "duration": 11,
                    "failing": false,
                    "failureDetails": [],
                    "failureMessages": [],
                    "fullName": "FormValidatorComponent Field Management debe remover campo",
                    "invocations": 1,
                    "location": null,
                    "numPassingAsserts": 1,
                    "retryReasons": [],
                    "startAt": 1774024533621,
                    "status": "passed",
                    "title": "debe remover campo"
                },
                {
                    "ancestorTitles": ["FormValidatorComponent", "Field Management"],
                    "duration": 11,
                    "failing": false,
                    "failureDetails": [],
                    "failureMessages": [],
                    "fullName": "FormValidatorComponent Field Management debe obtener valor de campo",
                    "invocations": 1,
                    "location": null,
                    "numPassingAsserts": 1,
                    "retryReasons": [],
                    "startAt": 1774024533633,
                    "status": "passed",
                    "title": "debe obtener valor de campo"
                },
                {
                    "ancestorTitles": ["FormValidatorComponent", "Field Management"],
                    "duration": 24,
                    "failing": false,
                    "failureDetails": [],
                    "failureMessages": [],
                    "fullName": "FormValidatorComponent Field Management debe establecer valor de campo",
                    "invocations": 1,
                    "location": null,
                    "numPassingAsserts": 1,
                    "retryReasons": [],
                    "startAt": 1774024533645,
                    "status": "passed",
                    "title": "debe establecer valor de campo"
                },
                {
                    "ancestorTitles": ["FormValidatorComponent", "Reset"],
                    "duration": 17,
                    "failing": false,
                    "failureDetails": [],
                    "failureMessages": [],
                    "fullName": "FormValidatorComponent Reset debe resetear el formulario",
                    "invocations": 1,
                    "location": null,
                    "numPassingAsserts": 1,
                    "retryReasons": [],
                    "startAt": 1774024533670,
                    "status": "passed",
                    "title": "debe resetear el formulario"
                },
                {
                    "ancestorTitles": ["FormValidatorComponent", "Reset"],
                    "duration": 14,
                    "failing": false,
                    "failureDetails": [],
                    "failureMessages": [],
                    "fullName": "FormValidatorComponent Reset debe limpiar todos los errores cuando resetea",
                    "invocations": 1,
                    "location": null,
                    "numPassingAsserts": 1,
                    "retryReasons": [],
                    "startAt": 1774024533688,
                    "status": "passed",
                    "title": "debe limpiar todos los errores cuando resetea"
                },
                {
                    "ancestorTitles": ["FormValidatorComponent", "Reset"],
                    "duration": 13,
                    "failing": false,
                    "failureDetails": [],
                    "failureMessages": [],
                    "fullName": "FormValidatorComponent Reset debe remover clases de validación cuando resetea",
                    "invocations": 1,
                    "location": null,
                    "numPassingAsserts": 1,
                    "retryReasons": [],
                    "startAt": 1774024533703,
                    "status": "passed",
                    "title": "debe remover clases de validación cuando resetea"
                },
                {
                    "ancestorTitles": ["FormValidatorComponent", "Lifecycle"],
                    "duration": 11,
                    "failing": false,
                    "failureDetails": [],
                    "failureMessages": [],
                    "fullName": "FormValidatorComponent Lifecycle debe limpiar recursos al destruir",
                    "invocations": 1,
                    "location": null,
                    "numPassingAsserts": 1,
                    "retryReasons": [],
                    "startAt": 1774024533717,
                    "status": "passed",
                    "title": "debe limpiar recursos al destruir"
                }
            ],
            "endTime": 1774024533752,
            "message": "\u001b[1m\u001b[31m  \u001b[1m● \u001b[22m\u001b[1mFormValidatorComponent › Field Validation › debe validar un campo individual\u001b[39m\u001b[22m\n\n    \u001b[2mexpect(\u001b[22m\u001b[31mjest.fn()\u001b[39m\u001b[2m).\u001b[22mtoHaveBeenCalledWith\u001b[2m(\u001b[22m\u001b[32m...expected\u001b[39m\u001b[2m)\u001b[22m\n\n    Expected: \u001b[32m\"fullName\"\u001b[39m, \u001b[32m\"Juan Pérez\"\u001b[39m\n    Received: \u001b[2m\"fullName\"\u001b[22m, \u001b[2m\"Juan Pérez\"\u001b[22m, \u001b[31m{}\u001b[39m\n\n    Number of calls: \u001b[31m1\u001b[39m\n\u001b[2m\u001b[22m\n\u001b[2m    \u001b[0m \u001b[90m 140 |\u001b[39m       \u001b[36mconst\u001b[39m result \u001b[33m=\u001b[39m \u001b[36mawait\u001b[39m formValidator\u001b[33m.\u001b[39mvalidateField(\u001b[32m'fullName'\u001b[39m)\u001b[33m;\u001b[39m\u001b[22m\n\u001b[2m     \u001b[90m 141 |\u001b[39m\u001b[22m\n\u001b[2m    \u001b[31m\u001b[1m>\u001b[22m\u001b[2m\u001b[39m\u001b[90m 142 |\u001b[39m       expect(validationService\u001b[33m.\u001b[39mvalidateField)\u001b[33m.\u001b[39mtoHaveBeenCalledWith(\u001b[32m'fullName'\u001b[39m\u001b[33m,\u001b[39m \u001b[32m'Juan Pérez'\u001b[39m)\u001b[33m;\u001b[39m\u001b[22m\n\u001b[2m     \u001b[90m     |\u001b[39m                                               \u001b[31m\u001b[1m^\u001b[22m\u001b[2m\u001b[39m\u001b[22m\n\u001b[2m     \u001b[90m 143 |\u001b[39m     })\u001b[33m;\u001b[39m\u001b[22m\n\u001b[2m     \u001b[90m 144 |\u001b[39m\u001b[22m\n\u001b[2m     \u001b[90m 145 |\u001b[39m     it(\u001b[32m'debe detectar campo válido'\u001b[39m\u001b[33m,\u001b[39m \u001b[36masync\u001b[39m () \u001b[33m=>\u001b[39m {\u001b[0m\u001b[22m\n\u001b[2m\u001b[22m\n\u001b[2m      \u001b[2mat Object.toHaveBeenCalledWith (\u001b[22m\u001b[2m\u001b[0m\u001b[36mfrontend/invitation/js/presentation/components/ui/__tests__/form-validator.test.js\u001b[39m\u001b[0m\u001b[2m:142:47)\u001b[22m\u001b[2m\u001b[22m\n\n\u001b[1m\u001b[31m  \u001b[1m● \u001b[22m\u001b[1mFormValidatorComponent › Field Validation › debe detectar campo válido\u001b[39m\u001b[22m\n\n    \u001b[2mexpect(\u001b[22m\u001b[31mreceived\u001b[39m\u001b[2m).\u001b[22mtoBe\u001b[2m(\u001b[22m\u001b[32mexpected\u001b[39m\u001b[2m) // Object.is equality\u001b[22m\n\n    Expected: \u001b[32mtrue\u001b[39m\n    Received: \u001b[31mfalse\u001b[39m\n\u001b[2m\u001b[22m\n\u001b[2m    \u001b[0m \u001b[90m 156 |\u001b[39m       \u001b[36mconst\u001b[39m result \u001b[33m=\u001b[39m \u001b[36mawait\u001b[39m formValidator\u001b[33m.\u001b[39mvalidateField(\u001b[32m'email'\u001b[39m)\u001b[33m;\u001b[39m\u001b[22m\n\u001b[2m     \u001b[90m 157 |\u001b[39m\u001b[22m\n\u001b[2m    \u001b[31m\u001b[1m>\u001b[22m\u001b[2m\u001b[39m\u001b[90m 158 |\u001b[39m       expect(result\u001b[33m.\u001b[39misValid)\u001b[33m.\u001b[39mtoBe(\u001b[36mtrue\u001b[39m)\u001b[33m;\u001b[39m\u001b[22m\n\u001b[2m     \u001b[90m     |\u001b[39m                              \u001b[31m\u001b[1m^\u001b[22m\u001b[2m\u001b[39m\u001b[22m\n\u001b[2m     \u001b[90m 159 |\u001b[39m     })\u001b[33m;\u001b[39m\u001b[22m\n\u001b[2m     \u001b[90m 160 |\u001b[39m\u001b[22m\n\u001b[2m     \u001b[90m 161 |\u001b[39m     it(\u001b[32m'debe detectar campo inválido'\u001b[39m\u001b[33m,\u001b[39m \u001b[36masync\u001b[39m () \u001b[33m=>\u001b[39m {\u001b[0m\u001b[22m\n\u001b[2m\u001b[22m\n\u001b[2m      \u001b[2mat Object.toBe (\u001b[22m\u001b[2m\u001b[0m\u001b[36mfrontend/invitation/js/presentation/components/ui/__tests__/form-validator.test.js\u001b[39m\u001b[0m\u001b[2m:158:30)\u001b[22m\u001b[2m\u001b[22m\n",
            "name": "C:\\Users\\diego.zazueta\\Desktop\\Invitacion-boda\\frontend\\invitation\\js\\presentation\\components\\ui\\__tests__\\form-validator.test.js",
            "startTime": 1774024530407,
            "status": "failed",
            "summary": ""
        },
        {
            "assertionResults": [
                {
                    "ancestorTitles": ["ValidationService", "validateField - Email"],
                    "duration": 3,
                    "failing": false,
                    "failureDetails": [],
                    "failureMessages": [],
                    "fullName": "ValidationService validateField - Email debe validar email válido",
                    "invocations": 1,
                    "location": null,
                    "numPassingAsserts": 2,
                    "retryReasons": [],
                    "startAt": 1774024534158,
                    "status": "passed",
                    "title": "debe validar email válido"
                },
                {
                    "ancestorTitles": ["ValidationService", "validateField - Email"],
                    "duration": 1,
                    "failing": false,
                    "failureDetails": [],
                    "failureMessages": [],
                    "fullName": "ValidationService validateField - Email debe rechazar email sin @",
                    "invocations": 1,
                    "location": null,
                    "numPassingAsserts": 2,
                    "retryReasons": [],
                    "startAt": 1774024534163,
                    "status": "passed",
                    "title": "debe rechazar email sin @"
                },
                {
                    "ancestorTitles": ["ValidationService", "validateField - Email"],
                    "duration": 1,
                    "failing": false,
                    "failureDetails": [],
                    "failureMessages": [],
                    "fullName": "ValidationService validateField - Email debe rechazar email vacío si es requerido",
                    "invocations": 1,
                    "location": null,
                    "numPassingAsserts": 2,
                    "retryReasons": [],
                    "startAt": 1774024534165,
                    "status": "passed",
                    "title": "debe rechazar email vacío si es requerido"
                },
                {
                    "ancestorTitles": ["ValidationService", "validateField - Email"],
                    "duration": 1,
                    "failing": false,
                    "failureDetails": [],
                    "failureMessages": [],
                    "fullName": "ValidationService validateField - Email debe validar email con caracteres especiales válidos",
                    "invocations": 1,
                    "location": null,
                    "numPassingAsserts": 1,
                    "retryReasons": [],
                    "startAt": 1774024534167,
                    "status": "passed",
                    "title": "debe validar email con caracteres especiales válidos"
                },
                {
                    "ancestorTitles": ["ValidationService", "validateField - Phone"],
                    "duration": 1,
                    "failing": false,
                    "failureDetails": [],
                    "failureMessages": [],
                    "fullName": "ValidationService validateField - Phone debe validar teléfono dentro del rango",
                    "invocations": 1,
                    "location": null,
                    "numPassingAsserts": 1,
                    "retryReasons": [],
                    "startAt": 1774024534168,
                    "status": "passed",
                    "title": "debe validar teléfono dentro del rango"
                },
                {
                    "ancestorTitles": ["ValidationService", "validateField - Phone"],
                    "duration": 1,
                    "failing": false,
                    "failureDetails": [],
                    "failureMessages": [],
                    "fullName": "ValidationService validateField - Phone debe rechazar teléfono muy corto",
                    "invocations": 1,
                    "location": null,
                    "numPassingAsserts": 2,
                    "retryReasons": [],
                    "startAt": 1774024534170,
                    "status": "passed",
                    "title": "debe rechazar teléfono muy corto"
                },
                {
                    "ancestorTitles": ["ValidationService", "validateField - Phone"],
                    "duration": 2,
                    "failing": false,
                    "failureDetails": [],
                    "failureMessages": [],
                    "fullName": "ValidationService validateField - Phone debe rechazar teléfono muy largo",
                    "invocations": 1,
                    "location": null,
                    "numPassingAsserts": 2,
                    "retryReasons": [],
                    "startAt": 1774024534171,
                    "status": "passed",
                    "title": "debe rechazar teléfono muy largo"
                },
                {
                    "ancestorTitles": ["ValidationService", "validateField - Phone"],
                    "duration": 1,
                    "failing": false,
                    "failureDetails": [],
                    "failureMessages": [],
                    "fullName": "ValidationService validateField - Phone debe permitir campo phone vacío (no requerido)",
                    "invocations": 1,
                    "location": null,
                    "numPassingAsserts": 1,
                    "retryReasons": [],
                    "startAt": 1774024534173,
                    "status": "passed",
                    "title": "debe permitir campo phone vacío (no requerido)"
                },
                {
                    "ancestorTitles": ["ValidationService", "validateField - Name"],
                    "duration": 1,
                    "failing": false,
                    "failureDetails": [],
                    "failureMessages": [],
                    "fullName": "ValidationService validateField - Name debe validar nombre válido",
                    "invocations": 1,
                    "location": null,
                    "numPassingAsserts": 1,
                    "retryReasons": [],
                    "startAt": 1774024534175,
                    "status": "passed",
                    "title": "debe validar nombre válido"
                },
                {
                    "ancestorTitles": ["ValidationService", "validateField - Name"],
                    "duration": 1,
                    "failing": false,
                    "failureDetails": [],
                    "failureMessages": [],
                    "fullName": "ValidationService validateField - Name debe rechazar nombre muy corto",
                    "invocations": 1,
                    "location": null,
                    "numPassingAsserts": 2,
                    "retryReasons": [],
                    "startAt": 1774024534177,
                    "status": "passed",
                    "title": "debe rechazar nombre muy corto"
                },
                {
                    "ancestorTitles": ["ValidationService", "validateField - Name"],
                    "duration": 1,
                    "failing": false,
                    "failureDetails": [],
                    "failureMessages": [],
                    "fullName": "ValidationService validateField - Name debe rechazar nombre vacío",
                    "invocations": 1,
                    "location": null,
                    "numPassingAsserts": 2,
                    "retryReasons": [],
                    "startAt": 1774024534179,
                    "status": "passed",
                    "title": "debe rechazar nombre vacío"
                },
                {
                    "ancestorTitles": ["ValidationService", "validateField - Custom Rules"],
                    "duration": 1,
                    "failing": false,
                    "failureDetails": [],
                    "failureMessages": [],
                    "fullName": "ValidationService validateField - Custom Rules debe aplicar reglas personalizadas",
                    "invocations": 1,
                    "location": null,
                    "numPassingAsserts": 1,
                    "retryReasons": [],
                    "startAt": 1774024534181,
                    "status": "passed",
                    "title": "debe aplicar reglas personalizadas"
                },
                {
                    "ancestorTitles": ["ValidationService", "validateField - Custom Rules"],
                    "duration": 1,
                    "failing": false,
                    "failureDetails": [],
                    "failureMessages": [],
                    "fullName": "ValidationService validateField - Custom Rules debe sobrescribir reglas por defecto con custom rules",
                    "invocations": 1,
                    "location": null,
                    "numPassingAsserts": 1,
                    "retryReasons": [],
                    "startAt": 1774024534184,
                    "status": "passed",
                    "title": "debe sobrescribir reglas por defecto con custom rules"
                },
                {
                    "ancestorTitles": ["ValidationService", "Custom Validators"],
                    "duration": 12,
                    "failing": false,
                    "failureDetails": [],
                    "failureMessages": [],
                    "fullName": "ValidationService Custom Validators debe permitir registrar validadores personalizados",
                    "invocations": 1,
                    "location": null,
                    "numPassingAsserts": 2,
                    "retryReasons": [],
                    "startAt": 1774024534186,
                    "status": "passed",
                    "title": "debe permitir registrar validadores personalizados"
                },
                {
                    "ancestorTitles": ["ValidationService", "Custom Validators"],
                    "duration": 12,
                    "failing": false,
                    "failureDetails": [],
                    "failureMessages": [],
                    "fullName": "ValidationService Custom Validators debe validar exitosamente con validador personalizado",
                    "invocations": 1,
                    "location": null,
                    "numPassingAsserts": 1,
                    "retryReasons": [],
                    "startAt": 1774024534199,
                    "status": "passed",
                    "title": "debe validar exitosamente con validador personalizado"
                },
                {
                    "ancestorTitles": ["ValidationService", "Error Messages Interpolation"],
                    "duration": 1,
                    "failing": false,
                    "failureDetails": [],
                    "failureMessages": [],
                    "fullName": "ValidationService Error Messages Interpolation debe interpolar variables en mensajes de error",
                    "invocations": 1,
                    "location": null,
                    "numPassingAsserts": 1,
                    "retryReasons": [],
                    "startAt": 1774024534212,
                    "status": "passed",
                    "title": "debe interpolar variables en mensajes de error"
                },
                {
                    "ancestorTitles": ["ValidationService", "Error Messages Interpolation"],
                    "duration": 1,
                    "failing": false,
                    "failureDetails": [
                        {
                            "matcherResult": {
                                "message": "\u001b[2mexpect(\u001b[22m\u001b[31mreceived\u001b[39m\u001b[2m).\u001b[22mtoContain\u001b[2m(\u001b[22m\u001b[32mexpected\u001b[39m\u001b[2m) // indexOf\u001b[22m\n\nExpected substring: \u001b[32m\"email\"\u001b[39m\nReceived string:    \u001b[31m\"El campo {field} es obligatorio\"\u001b[39m",
                                "pass": false
                            }
                        }
                    ],
                    "failureMessages": [
                        "Error: \u001b[2mexpect(\u001b[22m\u001b[31mreceived\u001b[39m\u001b[2m).\u001b[22mtoContain\u001b[2m(\u001b[22m\u001b[32mexpected\u001b[39m\u001b[2m) // indexOf\u001b[22m\n\nExpected substring: \u001b[32m\"email\"\u001b[39m\nReceived string:    \u001b[31m\"El campo {field} es obligatorio\"\u001b[39m\n    at Object.toContain (C:\\Users\\diego.zazueta\\Desktop\\Invitacion-boda\\frontend\\invitation\\js\\core\\services\\__tests__\\validation-service.test.js:155:32)\n    at Promise.finally.completed (C:\\Users\\diego.zazueta\\AppData\\Local\\npm-cache\\_npx\\b8d86e6551a4f492\\node_modules\\jest-circus\\build\\jestAdapterInit.js:1557:28)\n    at new Promise (<anonymous>)\n    at callAsyncCircusFn (C:\\Users\\diego.zazueta\\AppData\\Local\\npm-cache\\_npx\\b8d86e6551a4f492\\node_modules\\jest-circus\\build\\jestAdapterInit.js:1497:10)\n    at _callCircusTest (C:\\Users\\diego.zazueta\\AppData\\Local\\npm-cache\\_npx\\b8d86e6551a4f492\\node_modules\\jest-circus\\build\\jestAdapterInit.js:1007:40)\n    at _runTest (C:\\Users\\diego.zazueta\\AppData\\Local\\npm-cache\\_npx\\b8d86e6551a4f492\\node_modules\\jest-circus\\build\\jestAdapterInit.js:947:3)\n    at C:\\Users\\diego.zazueta\\AppData\\Local\\npm-cache\\_npx\\b8d86e6551a4f492\\node_modules\\jest-circus\\build\\jestAdapterInit.js:849:7\n    at _runTestsForDescribeBlock (C:\\Users\\diego.zazueta\\AppData\\Local\\npm-cache\\_npx\\b8d86e6551a4f492\\node_modules\\jest-circus\\build\\jestAdapterInit.js:862:11)\n    at _runTestsForDescribeBlock (C:\\Users\\diego.zazueta\\AppData\\Local\\npm-cache\\_npx\\b8d86e6551a4f492\\node_modules\\jest-circus\\build\\jestAdapterInit.js:857:11)\n    at _runTestsForDescribeBlock (C:\\Users\\diego.zazueta\\AppData\\Local\\npm-cache\\_npx\\b8d86e6551a4f492\\node_modules\\jest-circus\\build\\jestAdapterInit.js:857:11)\n    at run (C:\\Users\\diego.zazueta\\AppData\\Local\\npm-cache\\_npx\\b8d86e6551a4f492\\node_modules\\jest-circus\\build\\jestAdapterInit.js:761:3)\n    at runAndTransformResultsToJestFormat (C:\\Users\\diego.zazueta\\AppData\\Local\\npm-cache\\_npx\\b8d86e6551a4f492\\node_modules\\jest-circus\\build\\jestAdapterInit.js:1918:21)\n    at jestAdapter (C:\\Users\\diego.zazueta\\AppData\\Local\\npm-cache\\_npx\\b8d86e6551a4f492\\node_modules\\jest-circus\\build\\runner.js:101:19)\n    at runTestInternal (C:\\Users\\diego.zazueta\\AppData\\Local\\npm-cache\\_npx\\b8d86e6551a4f492\\node_modules\\jest-runner\\build\\index.js:275:16)\n    at runTest (C:\\Users\\diego.zazueta\\AppData\\Local\\npm-cache\\_npx\\b8d86e6551a4f492\\node_modules\\jest-runner\\build\\index.js:343:7)"
                    ],
                    "fullName": "ValidationService Error Messages Interpolation debe incluir nombre del campo en el error",
                    "invocations": 1,
                    "location": null,
                    "numPassingAsserts": 0,
                    "retryReasons": [],
                    "startAt": 1774024534214,
                    "status": "failed",
                    "title": "debe incluir nombre del campo en el error"
                }
            ],
            "endTime": 1774024534236,
            "message": "\u001b[1m\u001b[31m  \u001b[1m● \u001b[22m\u001b[1mValidationService › Error Messages Interpolation › debe incluir nombre del campo en el error\u001b[39m\u001b[22m\n\n    \u001b[2mexpect(\u001b[22m\u001b[31mreceived\u001b[39m\u001b[2m).\u001b[22mtoContain\u001b[2m(\u001b[22m\u001b[32mexpected\u001b[39m\u001b[2m) // indexOf\u001b[22m\n\n    Expected substring: \u001b[32m\"email\"\u001b[39m\n    Received string:    \u001b[31m\"El campo {field} es obligatorio\"\u001b[39m\n\u001b[2m\u001b[22m\n\u001b[2m    \u001b[0m \u001b[90m 153 |\u001b[39m     it(\u001b[32m'debe incluir nombre del campo en el error'\u001b[39m\u001b[33m,\u001b[39m () \u001b[33m=>\u001b[39m {\u001b[22m\n\u001b[2m     \u001b[90m 154 |\u001b[39m       \u001b[36mconst\u001b[39m result \u001b[33m=\u001b[39m validationService\u001b[33m.\u001b[39mvalidateField(\u001b[32m'email'\u001b[39m\u001b[33m,\u001b[39m \u001b[32m''\u001b[39m)\u001b[33m;\u001b[39m\u001b[22m\n\u001b[2m    \u001b[31m\u001b[1m>\u001b[22m\u001b[2m\u001b[39m\u001b[90m 155 |\u001b[39m       expect(result\u001b[33m.\u001b[39merrors[\u001b[35m0\u001b[39m])\u001b[33m.\u001b[39mtoContain(\u001b[32m'email'\u001b[39m)\u001b[33m;\u001b[39m\u001b[22m\n\u001b[2m     \u001b[90m     |\u001b[39m                                \u001b[31m\u001b[1m^\u001b[22m\u001b[2m\u001b[39m\u001b[22m\n\u001b[2m     \u001b[90m 156 |\u001b[39m     })\u001b[33m;\u001b[39m\u001b[22m\n\u001b[2m     \u001b[90m 157 |\u001b[39m   })\u001b[33m;\u001b[39m\u001b[22m\n\u001b[2m     \u001b[90m 158 |\u001b[39m })\u001b[33m;\u001b[39m\u001b[0m\u001b[22m\n\u001b[2m\u001b[22m\n\u001b[2m      \u001b[2mat Object.toContain (\u001b[22m\u001b[2m\u001b[0m\u001b[36mfrontend/invitation/js/core/services/__tests__/validation-service.test.js\u001b[39m\u001b[0m\u001b[2m:155:32)\u001b[22m\u001b[2m\u001b[22m\n",
            "name": "C:\\Users\\diego.zazueta\\Desktop\\Invitacion-boda\\frontend\\invitation\\js\\core\\services\\__tests__\\validation-service.test.js",
            "startTime": 1774024533800,
            "status": "failed",
            "summary": ""
        },
        {
            "assertionResults": [
                {
                    "ancestorTitles": ["ModalComponent", "Initialization"],
                    "duration": 29,
                    "failing": false,
                    "failureDetails": [],
                    "failureMessages": [],
                    "fullName": "ModalComponent Initialization debe inicializar correctamente",
                    "invocations": 1,
                    "location": null,
                    "numPassingAsserts": 2,
                    "retryReasons": [],
                    "startAt": 1774024534646,
                    "status": "passed",
                    "title": "debe inicializar correctamente"
                },
                {
                    "ancestorTitles": ["ModalComponent", "Initialization"],
                    "duration": 2,
                    "failing": false,
                    "failureDetails": [],
                    "failureMessages": [],
                    "fullName": "ModalComponent Initialization debe crear elemento modal si no se proporciona",
                    "invocations": 1,
                    "location": null,
                    "numPassingAsserts": 2,
                    "retryReasons": [],
                    "startAt": 1774024534676,
                    "status": "passed",
                    "title": "debe crear elemento modal si no se proporciona"
                },
                {
                    "ancestorTitles": ["ModalComponent", "Initialization"],
                    "duration": 1,
                    "failing": false,
                    "failureDetails": [],
                    "failureMessages": [],
                    "fullName": "ModalComponent Initialization debe respetar las opciones configuradas",
                    "invocations": 1,
                    "location": null,
                    "numPassingAsserts": 3,
                    "retryReasons": [],
                    "startAt": 1774024534679,
                    "status": "passed",
                    "title": "debe respetar las opciones configuradas"
                },
                {
                    "ancestorTitles": ["ModalComponent", "Initialization"],
                    "duration": 10,
                    "failing": false,
                    "failureDetails": [],
                    "failureMessages": [],
                    "fullName": "ModalComponent Initialization debe aplicar valores por defecto de configuración",
                    "invocations": 1,
                    "location": null,
                    "numPassingAsserts": 3,
                    "retryReasons": [],
                    "startAt": 1774024534681,
                    "status": "passed",
                    "title": "debe aplicar valores por defecto de configuración"
                },
                {
                    "ancestorTitles": ["ModalComponent", "Modal Opening"],
                    "duration": 16,
                    "failing": false,
                    "failureDetails": [],
                    "failureMessages": [],
                    "fullName": "ModalComponent Modal Opening debe abrir el modal",
                    "invocations": 1,
                    "location": null,
                    "numPassingAsserts": 2,
                    "retryReasons": [],
                    "startAt": 1774024534692,
                    "status": "passed",
                    "title": "debe abrir el modal"
                },
                {
                    "ancestorTitles": ["ModalComponent", "Modal Opening"],
                    "duration": 14,
                    "failing": false,
                    "failureDetails": [],
                    "failureMessages": [],
                    "fullName": "ModalComponent Modal Opening debe establecer atributo aria-hidden=false cuando abre",
                    "invocations": 1,
                    "location": null,
                    "numPassingAsserts": 1,
                    "retryReasons": [],
                    "startAt": 1774024534709,
                    "status": "passed",
                    "title": "debe establecer atributo aria-hidden=false cuando abre"
                },
                {
                    "ancestorTitles": ["ModalComponent", "Modal Opening"],
                    "duration": 17,
                    "failing": false,
                    "failureDetails": [],
                    "failureMessages": [],
                    "fullName": "ModalComponent Modal Opening debe guardar el focus previo antes de abrir",
                    "invocations": 1,
                    "location": null,
                    "numPassingAsserts": 1,
                    "retryReasons": [],
                    "startAt": 1774024534724,
                    "status": "passed",
                    "title": "debe guardar el focus previo antes de abrir"
                },
                {
                    "ancestorTitles": ["ModalComponent", "Modal Opening"],
                    "duration": 13,
                    "failing": false,
                    "failureDetails": [],
                    "failureMessages": [],
                    "fullName": "ModalComponent Modal Opening no debe abrir dos veces",
                    "invocations": 1,
                    "location": null,
                    "numPassingAsserts": 1,
                    "retryReasons": [],
                    "startAt": 1774024534742,
                    "status": "passed",
                    "title": "no debe abrir dos veces"
                },
                {
                    "ancestorTitles": ["ModalComponent", "Modal Closing"],
                    "duration": 12,
                    "failing": false,
                    "failureDetails": [],
                    "failureMessages": [],
                    "fullName": "ModalComponent Modal Closing debe cerrar el modal",
                    "invocations": 1,
                    "location": null,
                    "numPassingAsserts": 1,
                    "retryReasons": [],
                    "startAt": 1774024534756,
                    "status": "passed",
                    "title": "debe cerrar el modal"
                },
                {
                    "ancestorTitles": ["ModalComponent", "Modal Closing"],
                    "duration": 22,
                    "failing": false,
                    "failureDetails": [],
                    "failureMessages": [],
                    "fullName": "ModalComponent Modal Closing debe establecer aria-hidden=true cuando cierra",
                    "invocations": 1,
                    "location": null,
                    "numPassingAsserts": 1,
                    "retryReasons": [],
                    "startAt": 1774024534769,
                    "status": "passed",
                    "title": "debe establecer aria-hidden=true cuando cierra"
                },
                {
                    "ancestorTitles": ["ModalComponent", "Modal Closing"],
                    "duration": 13,
                    "failing": false,
                    "failureDetails": [],
                    "failureMessages": [],
                    "fullName": "ModalComponent Modal Closing debe restaurar el focus previo al cerrar",
                    "invocations": 1,
                    "location": null,
                    "numPassingAsserts": 1,
                    "retryReasons": [],
                    "startAt": 1774024534792,
                    "status": "passed",
                    "title": "debe restaurar el focus previo al cerrar"
                },
                {
                    "ancestorTitles": ["ModalComponent", "Modal Closing"],
                    "duration": 10,
                    "failing": false,
                    "failureDetails": [],
                    "failureMessages": [],
                    "fullName": "ModalComponent Modal Closing no debe cerrar si ya está cerrado",
                    "invocations": 1,
                    "location": null,
                    "numPassingAsserts": 2,
                    "retryReasons": [],
                    "startAt": 1774024534806,
                    "status": "passed",
                    "title": "no debe cerrar si ya está cerrado"
                },
                {
                    "ancestorTitles": ["ModalComponent", "Overlay Click"],
                    "duration": 17,
                    "failing": false,
                    "failureDetails": [],
                    "failureMessages": [],
                    "fullName": "ModalComponent Overlay Click debe cerrar cuando se hace click en overlay si está habilitado",
                    "invocations": 1,
                    "location": null,
                    "numPassingAsserts": 1,
                    "retryReasons": [],
                    "startAt": 1774024534817,
                    "status": "passed",
                    "title": "debe cerrar cuando se hace click en overlay si está habilitado"
                },
                {
                    "ancestorTitles": ["ModalComponent", "Overlay Click"],
                    "duration": 12,
                    "failing": false,
                    "failureDetails": [],
                    "failureMessages": [],
                    "fullName": "ModalComponent Overlay Click no debe cerrar cuando se hace click en overlay si está deshabilitado",
                    "invocations": 1,
                    "location": null,
                    "numPassingAsserts": 1,
                    "retryReasons": [],
                    "startAt": 1774024534835,
                    "status": "passed",
                    "title": "no debe cerrar cuando se hace click en overlay si está deshabilitado"
                },
                {
                    "ancestorTitles": ["ModalComponent", "Escape Key"],
                    "duration": 15,
                    "failing": false,
                    "failureDetails": [],
                    "failureMessages": [],
                    "fullName": "ModalComponent Escape Key debe cerrar cuando se presiona Escape si está habilitado",
                    "invocations": 1,
                    "location": null,
                    "numPassingAsserts": 1,
                    "retryReasons": [],
                    "startAt": 1774024534847,
                    "status": "passed",
                    "title": "debe cerrar cuando se presiona Escape si está habilitado"
                },
                {
                    "ancestorTitles": ["ModalComponent", "Escape Key"],
                    "duration": 11,
                    "failing": false,
                    "failureDetails": [],
                    "failureMessages": [],
                    "fullName": "ModalComponent Escape Key no debe cerrar con Escape si está deshabilitado",
                    "invocations": 1,
                    "location": null,
                    "numPassingAsserts": 1,
                    "retryReasons": [],
                    "startAt": 1774024534863,
                    "status": "passed",
                    "title": "no debe cerrar con Escape si está deshabilitado"
                },
                {
                    "ancestorTitles": ["ModalComponent", "Content Management"],
                    "duration": 13,
                    "failing": false,
                    "failureDetails": [],
                    "failureMessages": [],
                    "fullName": "ModalComponent Content Management debe permitir establecer contenido HTML",
                    "invocations": 1,
                    "location": null,
                    "numPassingAsserts": 1,
                    "retryReasons": [],
                    "startAt": 1774024534875,
                    "status": "passed",
                    "title": "debe permitir establecer contenido HTML"
                },
                {
                    "ancestorTitles": ["ModalComponent", "Content Management"],
                    "duration": 9,
                    "failing": false,
                    "failureDetails": [],
                    "failureMessages": [],
                    "fullName": "ModalComponent Content Management debe permitir obtener contenido",
                    "invocations": 1,
                    "location": null,
                    "numPassingAsserts": 1,
                    "retryReasons": [],
                    "startAt": 1774024534889,
                    "status": "passed",
                    "title": "debe permitir obtener contenido"
                },
                {
                    "ancestorTitles": ["ModalComponent", "Content Management"],
                    "duration": 8,
                    "failing": false,
                    "failureDetails": [],
                    "failureMessages": [],
                    "fullName": "ModalComponent Content Management debe permitir limpiar contenido",
                    "invocations": 1,
                    "location": null,
                    "numPassingAsserts": 1,
                    "retryReasons": [],
                    "startAt": 1774024534899,
                    "status": "passed",
                    "title": "debe permitir limpiar contenido"
                },
                {
                    "ancestorTitles": ["ModalComponent", "Sizes"],
                    "duration": 1,
                    "failing": false,
                    "failureDetails": [],
                    "failureMessages": [],
                    "fullName": "ModalComponent Sizes debe aplicar tamaño small",
                    "invocations": 1,
                    "location": null,
                    "numPassingAsserts": 1,
                    "retryReasons": [],
                    "startAt": 1774024534908,
                    "status": "passed",
                    "title": "debe aplicar tamaño small"
                },
                {
                    "ancestorTitles": ["ModalComponent", "Sizes"],
                    "duration": 2,
                    "failing": false,
                    "failureDetails": [],
                    "failureMessages": [],
                    "fullName": "ModalComponent Sizes debe aplicar tamaño medium",
                    "invocations": 1,
                    "location": null,
                    "numPassingAsserts": 1,
                    "retryReasons": [],
                    "startAt": 1774024534910,
                    "status": "passed",
                    "title": "debe aplicar tamaño medium"
                },
                {
                    "ancestorTitles": ["ModalComponent", "Sizes"],
                    "duration": 1,
                    "failing": false,
                    "failureDetails": [],
                    "failureMessages": [],
                    "fullName": "ModalComponent Sizes debe aplicar tamaño large",
                    "invocations": 1,
                    "location": null,
                    "numPassingAsserts": 1,
                    "retryReasons": [],
                    "startAt": 1774024534913,
                    "status": "passed",
                    "title": "debe aplicar tamaño large"
                },
                {
                    "ancestorTitles": ["ModalComponent", "Sizes"],
                    "duration": 1,
                    "failing": false,
                    "failureDetails": [],
                    "failureMessages": [],
                    "fullName": "ModalComponent Sizes debe aplicar tamaño fullscreen",
                    "invocations": 1,
                    "location": null,
                    "numPassingAsserts": 1,
                    "retryReasons": [],
                    "startAt": 1774024534915,
                    "status": "passed",
                    "title": "debe aplicar tamaño fullscreen"
                },
                {
                    "ancestorTitles": ["ModalComponent", "Accessibility"],
                    "duration": 7,
                    "failing": false,
                    "failureDetails": [],
                    "failureMessages": [],
                    "fullName": "ModalComponent Accessibility debe tener atributo role=dialog",
                    "invocations": 1,
                    "location": null,
                    "numPassingAsserts": 1,
                    "retryReasons": [],
                    "startAt": 1774024534916,
                    "status": "passed",
                    "title": "debe tener atributo role=dialog"
                },
                {
                    "ancestorTitles": ["ModalComponent", "Accessibility"],
                    "duration": 7,
                    "failing": false,
                    "failureDetails": [],
                    "failureMessages": [],
                    "fullName": "ModalComponent Accessibility debe tener atributo aria-modal=true",
                    "invocations": 1,
                    "location": null,
                    "numPassingAsserts": 1,
                    "retryReasons": [],
                    "startAt": 1774024534924,
                    "status": "passed",
                    "title": "debe tener atributo aria-modal=true"
                },
                {
                    "ancestorTitles": ["ModalComponent", "Accessibility"],
                    "duration": 11,
                    "failing": false,
                    "failureDetails": [],
                    "failureMessages": [],
                    "fullName": "ModalComponent Accessibility debe mantener aria-hidden correcto",
                    "invocations": 1,
                    "location": null,
                    "numPassingAsserts": 2,
                    "retryReasons": [],
                    "startAt": 1774024534931,
                    "status": "passed",
                    "title": "debe mantener aria-hidden correcto"
                },
                {
                    "ancestorTitles": ["ModalComponent", "Accessibility"],
                    "duration": 1,
                    "failing": false,
                    "failureDetails": [],
                    "failureMessages": [],
                    "fullName": "ModalComponent Accessibility debe permitir establecer aria-label",
                    "invocations": 1,
                    "location": null,
                    "numPassingAsserts": 1,
                    "retryReasons": [],
                    "startAt": 1774024534943,
                    "status": "passed",
                    "title": "debe permitir establecer aria-label"
                },
                {
                    "ancestorTitles": ["ModalComponent", "Event Handling"],
                    "duration": 14,
                    "failing": false,
                    "failureDetails": [],
                    "failureMessages": [],
                    "fullName": "ModalComponent Event Handling debe emit evento cuando abre",
                    "invocations": 1,
                    "location": null,
                    "numPassingAsserts": 1,
                    "retryReasons": [],
                    "startAt": 1774024534945,
                    "status": "passed",
                    "title": "debe emit evento cuando abre"
                },
                {
                    "ancestorTitles": ["ModalComponent", "Event Handling"],
                    "duration": 10,
                    "failing": false,
                    "failureDetails": [],
                    "failureMessages": [],
                    "fullName": "ModalComponent Event Handling debe emit evento cuando cierra",
                    "invocations": 1,
                    "location": null,
                    "numPassingAsserts": 1,
                    "retryReasons": [],
                    "startAt": 1774024534960,
                    "status": "passed",
                    "title": "debe emit evento cuando cierra"
                },
                {
                    "ancestorTitles": ["ModalComponent", "Lifecycle"],
                    "duration": 12,
                    "failing": false,
                    "failureDetails": [],
                    "failureMessages": [],
                    "fullName": "ModalComponent Lifecycle debe limpiar recursos al destruir",
                    "invocations": 1,
                    "location": null,
                    "numPassingAsserts": 2,
                    "retryReasons": [],
                    "startAt": 1774024534971,
                    "status": "passed",
                    "title": "debe limpiar recursos al destruir"
                },
                {
                    "ancestorTitles": ["ModalComponent", "Lifecycle"],
                    "duration": 11,
                    "failing": false,
                    "failureDetails": [],
                    "failureMessages": [],
                    "fullName": "ModalComponent Lifecycle debe permitir reinicializar tras destruir",
                    "invocations": 1,
                    "location": null,
                    "numPassingAsserts": 1,
                    "retryReasons": [],
                    "startAt": 1774024534984,
                    "status": "passed",
                    "title": "debe permitir reinicializar tras destruir"
                }
            ],
            "endTime": 1774024534997,
            "message": "",
            "name": "C:\\Users\\diego.zazueta\\Desktop\\Invitacion-boda\\frontend\\invitation\\js\\presentation\\components\\ui\\__tests__\\modal.test.js",
            "startTime": 1774024534290,
            "status": "passed",
            "summary": ""
        },
        {
            "assertionResults": [
                {
                    "ancestorTitles": ["CountdownComponent", "Initialization"],
                    "duration": 47,
                    "failing": false,
                    "failureDetails": [],
                    "failureMessages": [],
                    "fullName": "CountdownComponent Initialization debe inicializar correctamente",
                    "invocations": 1,
                    "location": null,
                    "numPassingAsserts": 2,
                    "retryReasons": [],
                    "startAt": 1774024535397,
                    "status": "passed",
                    "title": "debe inicializar correctamente"
                },
                {
                    "ancestorTitles": ["CountdownComponent", "Initialization"],
                    "duration": 9,
                    "failing": false,
                    "failureDetails": [],
                    "failureMessages": [],
                    "fullName": "CountdownComponent Initialization debe validar que la fecha objetivo es válida",
                    "invocations": 1,
                    "location": null,
                    "numPassingAsserts": 1,
                    "retryReasons": [],
                    "startAt": 1774024535445,
                    "status": "passed",
                    "title": "debe validar que la fecha objetivo es válida"
                },
                {
                    "ancestorTitles": ["CountdownComponent", "Initialization"],
                    "duration": 1,
                    "failing": false,
                    "failureDetails": [],
                    "failureMessages": [],
                    "fullName": "CountdownComponent Initialization debe rechazar fecha pasada",
                    "invocations": 1,
                    "location": null,
                    "numPassingAsserts": 1,
                    "retryReasons": [],
                    "startAt": 1774024535455,
                    "status": "passed",
                    "title": "debe rechazar fecha pasada"
                },
                {
                    "ancestorTitles": ["CountdownComponent", "Initialization"],
                    "duration": 1,
                    "failing": false,
                    "failureDetails": [],
                    "failureMessages": [],
                    "fullName": "CountdownComponent Initialization debe manejar construcción sin contenedor",
                    "invocations": 1,
                    "location": null,
                    "numPassingAsserts": 1,
                    "retryReasons": [],
                    "startAt": 1774024535457,
                    "status": "passed",
                    "title": "debe manejar construcción sin contenedor"
                },
                {
                    "ancestorTitles": ["CountdownComponent", "Initialization"],
                    "duration": 2,
                    "failing": false,
                    "failureDetails": [],
                    "failureMessages": [],
                    "fullName": "CountdownComponent Initialization debe guardar la fecha objetivo correctamente",
                    "invocations": 1,
                    "location": null,
                    "numPassingAsserts": 2,
                    "retryReasons": [],
                    "startAt": 1774024535459,
                    "status": "passed",
                    "title": "debe guardar la fecha objetivo correctamente"
                },
                {
                    "ancestorTitles": ["CountdownComponent", "Time Calculation"],
                    "duration": 2,
                    "failing": false,
                    "failureDetails": [],
                    "failureMessages": [],
                    "fullName": "CountdownComponent Time Calculation debe calcular días correctamente",
                    "invocations": 1,
                    "location": null,
                    "numPassingAsserts": 2,
                    "retryReasons": [],
                    "startAt": 1774024535461,
                    "status": "passed",
                    "title": "debe calcular días correctamente"
                },
                {
                    "ancestorTitles": ["CountdownComponent", "Time Calculation"],
                    "duration": 1,
                    "failing": false,
                    "failureDetails": [],
                    "failureMessages": [],
                    "fullName": "CountdownComponent Time Calculation debe calcular horas correctamente",
                    "invocations": 1,
                    "location": null,
                    "numPassingAsserts": 2,
                    "retryReasons": [],
                    "startAt": 1774024535464,
                    "status": "passed",
                    "title": "debe calcular horas correctamente"
                },
                {
                    "ancestorTitles": ["CountdownComponent", "Time Calculation"],
                    "duration": 1,
                    "failing": false,
                    "failureDetails": [],
                    "failureMessages": [],
                    "fullName": "CountdownComponent Time Calculation debe calcular minutos correctamente",
                    "invocations": 1,
                    "location": null,
                    "numPassingAsserts": 2,
                    "retryReasons": [],
                    "startAt": 1774024535466,
                    "status": "passed",
                    "title": "debe calcular minutos correctamente"
                },
                {
                    "ancestorTitles": ["CountdownComponent", "Time Calculation"],
                    "duration": 2,
                    "failing": false,
                    "failureDetails": [],
                    "failureMessages": [],
                    "fullName": "CountdownComponent Time Calculation debe calcular segundos correctamente",
                    "invocations": 1,
                    "location": null,
                    "numPassingAsserts": 2,
                    "retryReasons": [],
                    "startAt": 1774024535467,
                    "status": "passed",
                    "title": "debe calcular segundos correctamente"
                },
                {
                    "ancestorTitles": ["CountdownComponent", "Time Calculation"],
                    "duration": 1,
                    "failing": false,
                    "failureDetails": [],
                    "failureMessages": [],
                    "fullName": "CountdownComponent Time Calculation debe retornar objeto válido de tiempo restante",
                    "invocations": 1,
                    "location": null,
                    "numPassingAsserts": 8,
                    "retryReasons": [],
                    "startAt": 1774024535470,
                    "status": "passed",
                    "title": "debe retornar objeto válido de tiempo restante"
                },
                {
                    "ancestorTitles": ["CountdownComponent", "DOM Updates"],
                    "duration": 7,
                    "failing": false,
                    "failureDetails": [],
                    "failureMessages": [],
                    "fullName": "CountdownComponent DOM Updates debe actualizar elemento de días",
                    "invocations": 1,
                    "location": null,
                    "numPassingAsserts": 1,
                    "retryReasons": [],
                    "startAt": 1774024535472,
                    "status": "passed",
                    "title": "debe actualizar elemento de días"
                },
                {
                    "ancestorTitles": ["CountdownComponent", "DOM Updates"],
                    "duration": 7,
                    "failing": false,
                    "failureDetails": [],
                    "failureMessages": [],
                    "fullName": "CountdownComponent DOM Updates debe actualizar elemento de horas",
                    "invocations": 1,
                    "location": null,
                    "numPassingAsserts": 1,
                    "retryReasons": [],
                    "startAt": 1774024535480,
                    "status": "passed",
                    "title": "debe actualizar elemento de horas"
                },
                {
                    "ancestorTitles": ["CountdownComponent", "DOM Updates"],
                    "duration": 10,
                    "failing": false,
                    "failureDetails": [],
                    "failureMessages": [],
                    "fullName": "CountdownComponent DOM Updates debe actualizar elemento de minutos",
                    "invocations": 1,
                    "location": null,
                    "numPassingAsserts": 1,
                    "retryReasons": [],
                    "startAt": 1774024535488,
                    "status": "passed",
                    "title": "debe actualizar elemento de minutos"
                },
                {
                    "ancestorTitles": ["CountdownComponent", "DOM Updates"],
                    "duration": 8,
                    "failing": false,
                    "failureDetails": [],
                    "failureMessages": [],
                    "fullName": "CountdownComponent DOM Updates debe actualizar elemento de segundos",
                    "invocations": 1,
                    "location": null,
                    "numPassingAsserts": 1,
                    "retryReasons": [],
                    "startAt": 1774024535499,
                    "status": "passed",
                    "title": "debe actualizar elemento de segundos"
                },
                {
                    "ancestorTitles": ["CountdownComponent", "DOM Updates"],
                    "duration": 9,
                    "failing": false,
                    "failureDetails": [],
                    "failureMessages": [],
                    "fullName": "CountdownComponent DOM Updates debe llenar con ceros a la izquierda en formato",
                    "invocations": 1,
                    "location": null,
                    "numPassingAsserts": 0,
                    "retryReasons": [],
                    "startAt": 1774024535508,
                    "status": "passed",
                    "title": "debe llenar con ceros a la izquierda en formato"
                },
                {
                    "ancestorTitles": ["CountdownComponent", "Interval Management"],
                    "duration": 8,
                    "failing": false,
                    "failureDetails": [],
                    "failureMessages": [],
                    "fullName": "CountdownComponent Interval Management debe iniciar el intervalo de actualización",
                    "invocations": 1,
                    "location": null,
                    "numPassingAsserts": 2,
                    "retryReasons": [],
                    "startAt": 1774024535518,
                    "status": "passed",
                    "title": "debe iniciar el intervalo de actualización"
                },
                {
                    "ancestorTitles": ["CountdownComponent", "Interval Management"],
                    "duration": 11,
                    "failing": false,
                    "failureDetails": [],
                    "failureMessages": [],
                    "fullName": "CountdownComponent Interval Management debe detener el intervalo al destruir",
                    "invocations": 1,
                    "location": null,
                    "numPassingAsserts": 1,
                    "retryReasons": [],
                    "startAt": 1774024535527,
                    "status": "passed",
                    "title": "debe detener el intervalo al destruir"
                },
                {
                    "ancestorTitles": ["CountdownComponent", "Interval Management"],
                    "duration": 19,
                    "failing": false,
                    "failureDetails": [],
                    "failureMessages": [],
                    "fullName": "CountdownComponent Interval Management debe respetar el intervalo de actualización configurado",
                    "invocations": 1,
                    "location": null,
                    "numPassingAsserts": 1,
                    "retryReasons": [],
                    "startAt": 1774024535539,
                    "status": "passed",
                    "title": "debe respetar el intervalo de actualización configurado"
                },
                {
                    "ancestorTitles": ["CountdownComponent", "Finished State"],
                    "duration": 25,
                    "failing": false,
                    "failureDetails": [],
                    "failureMessages": [],
                    "fullName": "CountdownComponent Finished State debe detectar cuando la cuenta regresiva termina",
                    "invocations": 1,
                    "location": null,
                    "numPassingAsserts": 1,
                    "retryReasons": [],
                    "startAt": 1774024535559,
                    "status": "passed",
                    "title": "debe detectar cuando la cuenta regresiva termina"
                },
                {
                    "ancestorTitles": ["CountdownComponent", "Finished State"],
                    "duration": 11,
                    "failing": false,
                    "failureDetails": [],
                    "failureMessages": [],
                    "fullName": "CountdownComponent Finished State debe mostrar ceros cuando la fecha se alcanza",
                    "invocations": 1,
                    "location": null,
                    "numPassingAsserts": 1,
                    "retryReasons": [],
                    "startAt": 1774024535585,
                    "status": "passed",
                    "title": "debe mostrar ceros cuando la fecha se alcanza"
                },
                {
                    "ancestorTitles": ["CountdownComponent", "Configuration"],
                    "duration": 2,
                    "failing": false,
                    "failureDetails": [],
                    "failureMessages": [],
                    "fullName": "CountdownComponent Configuration debe respetar el formato configurado",
                    "invocations": 1,
                    "location": null,
                    "numPassingAsserts": 1,
                    "retryReasons": [],
                    "startAt": 1774024535597,
                    "status": "passed",
                    "title": "debe respetar el formato configurado"
                },
                {
                    "ancestorTitles": ["CountdownComponent", "Configuration"],
                    "duration": 1,
                    "failing": false,
                    "failureDetails": [],
                    "failureMessages": [],
                    "fullName": "CountdownComponent Configuration debe usar intervalo de actualización configurado",
                    "invocations": 1,
                    "location": null,
                    "numPassingAsserts": 1,
                    "retryReasons": [],
                    "startAt": 1774024535600,
[...]
                    "failing": false,
                    "failureDetails": [],
                    "failureMessages": [],
                    "fullName": "MetaService Meta Tags Updates debe crear meta tag si no existe",
                    "invocations": 1,
                    "location": null,
                    "numPassingAsserts": 2,
                    "retryReasons": [],
                    "startAt": 1774024536288,
                    "status": "passed",
                    "title": "debe crear meta tag si no existe"
                },
                {
                    "ancestorTitles": ["MetaService", "Meta Tags Updates"],
                    "duration": 15,
                    "failing": false,
                    "failureDetails": [],
                    "failureMessages": [],
                    "fullName": "MetaService Meta Tags Updates debe actualizar múltiples meta tags",
                    "invocations": 1,
                    "location": null,
                    "numPassingAsserts": 3,
                    "retryReasons": [],
                    "startAt": 1774024536297,
                    "status": "passed",
                    "title": "debe actualizar múltiples meta tags"
                },
                {
                    "ancestorTitles": ["MetaService", "Meta Tags Updates"],
                    "duration": 2,
                    "failing": false,
                    "failureDetails": [],
                    "failureMessages": [],
                    "fullName": "MetaService Meta Tags Updates debe ignorar updateMetaTag sin nombre",
                    "invocations": 1,
                    "location": null,
                    "numPassingAsserts": 1,
                    "retryReasons": [],
                    "startAt": 1774024536314,
                    "status": "passed",
                    "title": "debe ignorar updateMetaTag sin nombre"
                },
                {
                    "ancestorTitles": ["MetaService", "Meta Tags Updates"],
                    "duration": 13,
                    "failing": false,
                    "failureDetails": [],
                    "failureMessages": [],
                    "fullName": "MetaService Meta Tags Updates debe permitir especificar atributo (name vs property)",
                    "invocations": 1,
                    "location": null,
                    "numPassingAsserts": 2,
                    "retryReasons": [],
                    "startAt": 1774024536318,
                    "status": "passed",
                    "title": "debe permitir especificar atributo (name vs property)"
                },
                {
                    "ancestorTitles": ["MetaService", "Open Graph Meta Tags"],
                    "duration": 19,
                    "failing": false,
                    "failureDetails": [],
                    "failureMessages": [],
                    "fullName": "MetaService Open Graph Meta Tags debe actualizar Open Graph tags",
                    "invocations": 1,
                    "location": null,
                    "numPassingAsserts": 3,
                    "retryReasons": [],
                    "startAt": 1774024536333,
                    "status": "passed",
                    "title": "debe actualizar Open Graph tags"
                },
                {
                    "ancestorTitles": ["MetaService", "Open Graph Meta Tags"],
                    "duration": 7,
                    "failing": false,
                    "failureDetails": [],
                    "failureMessages": [],
                    "fullName": "MetaService Open Graph Meta Tags debe manejar URLs en Open Graph correctamente",
                    "invocations": 1,
                    "location": null,
                    "numPassingAsserts": 1,
                    "retryReasons": [],
                    "startAt": 1774024536353,
                    "status": "passed",
                    "title": "debe manejar URLs en Open Graph correctamente"
                },
                {
                    "ancestorTitles": ["MetaService", "Meta Batch Configuration"],
                    "duration": 28,
                    "failing": false,
                    "failureDetails": [],
                    "failureMessages": [],
                    "fullName": "MetaService Meta Batch Configuration debe aplicar configuración de meta tags múltiples",
                    "invocations": 1,
                    "location": null,
                    "numPassingAsserts": 2,
                    "retryReasons": [],
                    "startAt": 1774024536361,
                    "status": "passed",
                    "title": "debe aplicar configuración de meta tags múltiples"
                },
                {
                    "ancestorTitles": ["MetaService", "Meta Persistence"],
                    "duration": 24,
                    "failing": false,
                    "failureDetails": [],
                    "failureMessages": [],
                    "fullName": "MetaService Meta Persistence debe mantener integridad del documento al actualizar múltiples veces",
                    "invocations": 1,
                    "location": null,
                    "numPassingAsserts": 2,
                    "retryReasons": [],
                    "startAt": 1774024536391,
                    "status": "passed",
                    "title": "debe mantener integridad del documento al actualizar múltiples veces"
                },
                {
                    "ancestorTitles": ["MetaService", "Meta Persistence"],
                    "duration": 22,
                    "failing": false,
                    "failureDetails": [],
                    "failureMessages": [],
                    "fullName": "MetaService Meta Persistence debe mantener el estado de los meta tags después de múltiples actualizaciones",
                    "invocations": 1,
                    "location": null,
                    "numPassingAsserts": 3,
                    "retryReasons": [],
                    "startAt": 1774024536416,
                    "status": "passed",
                    "title": "debe mantener el estado de los meta tags después de múltiples actualizaciones"
                },
                {
                    "ancestorTitles": ["MetaService", "Edge Cases"],
                    "duration": 9,
                    "failing": false,
                    "failureDetails": [],
                    "failureMessages": [],
                    "fullName": "MetaService Edge Cases debe manejar contenido con comillas y caracteres especiales",
                    "invocations": 1,
                    "location": null,
                    "numPassingAsserts": 1,
                    "retryReasons": [],
                    "startAt": 1774024536439,
                    "status": "passed",
                    "title": "debe manejar contenido con comillas y caracteres especiales"
                },
                {
                    "ancestorTitles": ["MetaService", "Edge Cases"],
                    "duration": 4,
                    "failing": false,
                    "failureDetails": [],
                    "failureMessages": [],
                    "fullName": "MetaService Edge Cases debe ignorar updateMetaTag sin contenido",
                    "invocations": 1,
                    "location": null,
                    "numPassingAsserts": 1,
                    "retryReasons": [],
                    "startAt": 1774024536450,
                    "status": "passed",
                    "title": "debe ignorar updateMetaTag sin contenido"
                },
                {
                    "ancestorTitles": ["MetaService", "Edge Cases"],
                    "duration": 17,
                    "failing": false,
                    "failureDetails": [],
                    "failureMessages": [],
                    "fullName": "MetaService Edge Cases debe soportar diferentes atributos (name y property)",
                    "invocations": 1,
                    "location": null,
                    "numPassingAsserts": 3,
                    "retryReasons": [],
                    "startAt": 1774024536455,
                    "status": "passed",
                    "title": "debe soportar diferentes atributos (name y property)"
                },
                {
                    "ancestorTitles": ["MetaService", "Edge Cases"],
                    "duration": 6,
                    "failing": false,
                    "failureDetails": [],
                    "failureMessages": [],
                    "fullName": "MetaService Edge Cases debe permitir caracteres especiales en URLs",
                    "invocations": 1,
                    "location": null,
                    "numPassingAsserts": 1,
                    "retryReasons": [],
                    "startAt": 1774024536473,
                    "status": "passed",
                    "title": "debe permitir caracteres especiales en URLs"
                },
                {
                    "ancestorTitles": ["MetaService", "Edge Cases"],
                    "duration": 10,
                    "failing": false,
                    "failureDetails": [],
                    "failureMessages": [],
                    "fullName": "MetaService Edge Cases debe mantener múltiples meta tags con mismo nombre pero diferente atributo",
                    "invocations": 1,
                    "location": null,
                    "numPassingAsserts": 2,
                    "retryReasons": [],
                    "startAt": 1774024536480,
                    "status": "passed",
                    "title": "debe mantener múltiples meta tags con mismo nombre pero diferente atributo"
                }
            ],
            "endTime": 1774024536494,
            "message": "",
            "name": "C:\\Users\\diego.zazueta\\Desktop\\Invitacion-boda\\frontend\\invitation\\js\\core\\services\\__tests__\\meta-service.test.js",
            "startTime": 1774024535705,
            "status": "passed",
            "summary": ""
        },
        {
            "assertionResults": [
                {
                    "ancestorTitles": ["ConfigurationService", "Initialization"],
                    "duration": 50,
                    "failing": false,
                    "failureDetails": [],
                    "failureMessages": [],
                    "fullName": "ConfigurationService Initialization debe inicializar correctamente",
                    "invocations": 1,
                    "location": null,
                    "numPassingAsserts": 2,
                    "retryReasons": [],
                    "startAt": 1774024537035,
                    "status": "passed",
                    "title": "debe inicializar correctamente"
                },
                {
                    "ancestorTitles": ["ConfigurationService", "Initialization"],
                    "duration": 37,
                    "failing": false,
                    "failureDetails": [],
                    "failureMessages": [],
                    "fullName": "ConfigurationService Initialization no debe inicializar dos veces",
                    "invocations": 1,
                    "location": null,
                    "numPassingAsserts": 1,
                    "retryReasons": [],
                    "startAt": 1774024537086,
                    "status": "passed",
                    "title": "no debe inicializar dos veces"
                },
                {
                    "ancestorTitles": ["ConfigurationService", "Configuration Loading"],
                    "duration": 6,
                    "failing": false,
                    "failureDetails": [],
                    "failureMessages": [],
                    "fullName": "ConfigurationService Configuration Loading debe cargar WEDDING_CONFIG desde window",
                    "invocations": 1,
                    "location": null,
                    "numPassingAsserts": 1,
                    "retryReasons": [],
                    "startAt": 1774024537124,
                    "status": "passed",
                    "title": "debe cargar WEDDING_CONFIG desde window"
                },
                {
                    "ancestorTitles": ["ConfigurationService", "Configuration Loading"],
                    "duration": 16,
                    "failing": false,
                    "failureDetails": [],
                    "failureMessages": [],
                    "fullName": "ConfigurationService Configuration Loading debe usar configuración por defecto si WEDDING_CONFIG no existe",
                    "invocations": 1,
                    "location": null,
                    "numPassingAsserts": 2,
                    "retryReasons": [],
                    "startAt": 1774024537131,
                    "status": "passed",
                    "title": "debe usar configuración por defecto si WEDDING_CONFIG no existe"
                },
                {
                    "ancestorTitles": ["ConfigurationService", "Configuration Loading"],
                    "duration": 15,
                    "failing": false,
                    "failureDetails": [],
                    "failureMessages": [],
                    "fullName": "ConfigurationService Configuration Loading debe usar configuración por defecto si WEDDING_CONFIG está vacío",
                    "invocations": 1,
                    "location": null,
                    "numPassingAsserts": 2,
                    "retryReasons": [],
                    "startAt": 1774024537148,
                    "status": "passed",
                    "title": "debe usar configuración por defecto si WEDDING_CONFIG está vacío"
                },
                {
                    "ancestorTitles": ["ConfigurationService", "Configuration Loading"],
                    "duration": 1,
                    "failing": false,
                    "failureDetails": [],
                    "failureMessages": [],
                    "fullName": "ConfigurationService Configuration Loading debe retornar getDefaultConfig cuando sea necesario",
                    "invocations": 1,
                    "location": null,
                    "numPassingAsserts": 3,
                    "retryReasons": [],
                    "startAt": 1774024537165,
                    "status": "passed",
                    "title": "debe retornar getDefaultConfig cuando sea necesario"
                },
                {
                    "ancestorTitles": ["ConfigurationService", "Configuration Structure"],
                    "duration": 6,
                    "failing": false,
                    "failureDetails": [],
                    "failureMessages": [],
                    "fullName": "ConfigurationService Configuration Structure debe tener estructura de configuración válida",
                    "invocations": 1,
                    "location": null,
                    "numPassingAsserts": 3,
                    "retryReasons": [],
                    "startAt": 1774024537167,
                    "status": "passed",
                    "title": "debe tener estructura de configuración válida"
                },
                {
                    "ancestorTitles": ["ConfigurationService", "Configuration Retrieval"],
                    "duration": 5,
                    "failing": false,
                    "failureDetails": [],
                    "failureMessages": [],
                    "fullName": "ConfigurationService Configuration Retrieval debe permitir obtener valores de configuración",
                    "invocations": 1,
                    "location": null,
                    "numPassingAsserts": 2,
                    "retryReasons": [],
                    "startAt": 1774024537174,
                    "status": "passed",
                    "title": "debe permitir obtener valores de configuración"
                },
                {
                    "ancestorTitles": ["ConfigurationService", "Configuration Retrieval"],
                    "duration": 16,
                    "failing": false,
                    "failureDetails": [],
                    "failureMessages": [],
                    "fullName": "ConfigurationService Configuration Retrieval debe manejar claves ausentes sin errores",
                    "invocations": 1,
                    "location": null,
                    "numPassingAsserts": 1,
                    "retryReasons": [],
                    "startAt": 1774024537181,
                    "status": "passed",
                    "title": "debe manejar claves ausentes sin errores"
                },
                {
                    "ancestorTitles": ["ConfigurationService", "Configuration Application"],
                    "duration": 28,
                    "failing": false,
                    "failureDetails": [],
                    "failureMessages": [],
                    "fullName": "ConfigurationService Configuration Application debe aplicar configuración al DOM",
                    "invocations": 1,
                    "location": null,
                    "numPassingAsserts": 1,
                    "retryReasons": [],
                    "startAt": 1774024537198,
                    "status": "passed",
                    "title": "debe aplicar configuración al DOM"
                },
                {
                    "ancestorTitles": ["ConfigurationService", "Configuration Application"],
                    "duration": 2,
                    "failing": false,
                    "failureDetails": [],
                    "failureMessages": [],
                    "fullName": "ConfigurationService Configuration Application debe rastrear elementos aplicados",
                    "invocations": 1,
                    "location": null,
                    "numPassingAsserts": 2,
                    "retryReasons": [],
                    "startAt": 1774024537228,
                    "status": "passed",
                    "title": "debe rastrear elementos aplicados"
                },
                {
                    "ancestorTitles": ["ConfigurationService", "Edge Cases"],
                    "duration": 16,
                    "failing": false,
                    "failureDetails": [],
                    "failureMessages": [],
                    "fullName": "ConfigurationService Edge Cases debe manejar null gracefully",
                    "invocations": 1,
                    "location": null,
                    "numPassingAsserts": 2,
                    "retryReasons": [],
                    "startAt": 1774024537231,
                    "status": "passed",
                    "title": "debe manejar null gracefully"
                },
                {
                    "ancestorTitles": ["ConfigurationService", "Edge Cases"],
                    "duration": 5,
                    "failing": false,
                    "failureDetails": [],
                    "failureMessages": [],
                    "fullName": "ConfigurationService Edge Cases debe procesar configuración con valores especiales",
                    "invocations": 1,
                    "location": null,
                    "numPassingAsserts": 2,
                    "retryReasons": [],
                    "startAt": 1774024537248,
                    "status": "passed",
                    "title": "debe procesar configuración con valores especiales"
                }
            ],
            "endTime": 1774024537256,
            "message": "",
            "name": "C:\\Users\\diego.zazueta\\Desktop\\Invitacion-boda\\frontend\\invitation\\js\\core\\services\\__tests__\\configuration-service.test.js",
            "startTime": 1774024536557,
            "status": "passed",
            "summary": ""
        }
    ],
    "wasInterrupted": false
}
