{"C:\\Users\\diego.zazueta\\Desktop\\Invitacion-boda\\backend\\src\\application\\usecases\\ConfirmAttendanceUseCase.js": {"path":"C:\\Users\\diego.zazueta\\Desktop\\Invitacion-boda\\backend\\src\\application\\usecases\\ConfirmAttendanceUseCase.js","statementMap":{"0":{"start":{"line":7,"column":21},"end":{"line":7,"column":64}},"1":{"start":{"line":17,"column":8},"end":{"line":17,"column":57}},"2":{"start":{"line":18,"column":8},"end":{"line":18,"column":61}},"3":{"start":{"line":19,"column":8},"end":{"line":19,"column":51}},"4":{"start":{"line":20,"column":8},"end":{"line":20,"column":37}},"5":{"start":{"line":21,"column":8},"end":{"line":21,"column":29}},"6":{"start":{"line":37,"column":8},"end":{"line":131,"column":9}},"7":{"start":{"line":39,"column":12},"end":{"line":39,"column":65}},"8":{"start":{"line":42,"column":31},"end":{"line":42,"column":89}},"9":{"start":{"line":43,"column":12},"end":{"line":45,"column":13}},"10":{"start":{"line":44,"column":16},"end":{"line":44,"column":60}},"11":{"start":{"line":48,"column":12},"end":{"line":48,"column":53}},"12":{"start":{"line":51,"column":12},"end":{"line":53,"column":13}},"13":{"start":{"line":52,"column":16},"end":{"line":52,"column":73}},"14":{"start":{"line":57,"column":16},"end":{"line":57,"column":76}},"15":{"start":{"line":58,"column":12},"end":{"line":60,"column":13}},"16":{"start":{"line":59,"column":16},"end":{"line":59,"column":73}},"17":{"start":{"line":63,"column":35},"end":{"line":63,"column":83}},"18":{"start":{"line":66,"column":12},"end":{"line":66,"column":67}},"19":{"start":{"line":69,"column":33},"end":{"line":72,"column":14}},"20":{"start":{"line":75,"column":38},"end":{"line":75,"column":90}},"21":{"start":{"line":78,"column":38},"end":{"line":80,"column":14}},"22":{"start":{"line":83,"column":12},"end":{"line":88,"column":15}},"23":{"start":{"line":90,"column":12},"end":{"line":90,"column":86}},"24":{"start":{"line":93,"column":12},"end":{"line":98,"column":15}},"25":{"start":{"line":101,"column":12},"end":{"line":108,"column":13}},"26":{"start":{"line":102,"column":16},"end":{"line":107,"column":19}},"27":{"start":{"line":110,"column":12},"end":{"line":117,"column":14}},"28":{"start":{"line":120,"column":12},"end":{"line":124,"column":15}},"29":{"start":{"line":126,"column":12},"end":{"line":130,"column":14}},"30":{"start":{"line":141,"column":8},"end":{"line":237,"column":9}},"31":{"start":{"line":143,"column":12},"end":{"line":143,"column":59}},"32":{"start":{"line":146,"column":31},"end":{"line":146,"column":89}},"33":{"start":{"line":147,"column":12},"end":{"line":149,"column":13}},"34":{"start":{"line":148,"column":16},"end":{"line":148,"column":60}},"35":{"start":{"line":153,"column":16},"end":{"line":153,"column":76}},"36":{"start":{"line":154,"column":12},"end":{"line":156,"column":13}},"37":{"start":{"line":155,"column":16},"end":{"line":155,"column":83}},"38":{"start":{"line":159,"column":35},"end":{"line":159,"column":77}},"39":{"start":{"line":162,"column":12},"end":{"line":162,"column":67}},"40":{"start":{"line":165,"column":40},"end":{"line":165,"column":68}},"41":{"start":{"line":167,"column":12},"end":{"line":169,"column":13}},"42":{"start":{"line":168,"column":16},"end":{"line":168,"column":80}},"43":{"start":{"line":171,"column":12},"end":{"line":173,"column":13}},"44":{"start":{"line":172,"column":16},"end":{"line":172,"column":90}},"45":{"start":{"line":175,"column":12},"end":{"line":177,"column":13}},"46":{"start":{"line":176,"column":16},"end":{"line":176,"column":88}},"47":{"start":{"line":179,"column":12},"end":{"line":181,"column":13}},"48":{"start":{"line":180,"column":16},"end":{"line":180,"column":70}},"49":{"start":{"line":183,"column":12},"end":{"line":185,"column":13}},"50":{"start":{"line":184,"column":16},"end":{"line":184,"column":98}},"51":{"start":{"line":187,"column":12},"end":{"line":189,"column":13}},"52":{"start":{"line":188,"column":16},"end":{"line":188,"column":74}},"53":{"start":{"line":192,"column":38},"end":{"line":195,"column":13}},"54":{"start":{"line":198,"column":12},"end":{"line":211,"column":13}},"55":{"start":{"line":202,"column":42},"end":{"line":202,"column":60}},"56":{"start":{"line":204,"column":16},"end":{"line":208,"column":17}},"57":{"start":{"line":205,"column":20},"end":{"line":205,"column":50}},"58":{"start":{"line":206,"column":23},"end":{"line":208,"column":17}},"59":{"start":{"line":207,"column":20},"end":{"line":207,"column":88}},"60":{"start":{"line":210,"column":16},"end":{"line":210,"column":90}},"61":{"start":{"line":214,"column":12},"end":{"line":217,"column":15}},"62":{"start":{"line":219,"column":12},"end":{"line":223,"column":14}},"63":{"start":{"line":226,"column":12},"end":{"line":230,"column":15}},"64":{"start":{"line":232,"column":12},"end":{"line":236,"column":14}},"65":{"start":{"line":247,"column":8},"end":{"line":293,"column":9}},"66":{"start":{"line":249,"column":31},"end":{"line":249,"column":89}},"67":{"start":{"line":250,"column":12},"end":{"line":252,"column":13}},"68":{"start":{"line":251,"column":16},"end":{"line":251,"column":60}},"69":{"start":{"line":256,"column":16},"end":{"line":256,"column":76}},"70":{"start":{"line":257,"column":12},"end":{"line":259,"column":13}},"71":{"start":{"line":258,"column":16},"end":{"line":258,"column":83}},"72":{"start":{"line":262,"column":12},"end":{"line":262,"column":69}},"73":{"start":{"line":265,"column":38},"end":{"line":265,"column":60}},"74":{"start":{"line":266,"column":12},"end":{"line":266,"column":86}},"75":{"start":{"line":269,"column":12},"end":{"line":273,"column":15}},"76":{"start":{"line":275,"column":12},"end":{"line":279,"column":14}},"77":{"start":{"line":282,"column":12},"end":{"line":286,"column":15}},"78":{"start":{"line":288,"column":12},"end":{"line":292,"column":14}},"79":{"start":{"line":303,"column":8},"end":{"line":305,"column":9}},"80":{"start":{"line":304,"column":12},"end":{"line":304,"column":68}},"81":{"start":{"line":307,"column":8},"end":{"line":309,"column":9}},"82":{"start":{"line":308,"column":12},"end":{"line":308,"column":72}},"83":{"start":{"line":312,"column":8},"end":{"line":317,"column":9}},"84":{"start":{"line":316,"column":12},"end":{"line":316,"column":62}},"85":{"start":{"line":320,"column":8},"end":{"line":327,"column":9}},"86":{"start":{"line":321,"column":12},"end":{"line":326,"column":13}},"87":{"start":{"line":325,"column":16},"end":{"line":325,"column":89}},"88":{"start":{"line":330,"column":8},"end":{"line":335,"column":9}},"89":{"start":{"line":334,"column":12},"end":{"line":334,"column":75}},"90":{"start":{"line":338,"column":8},"end":{"line":343,"column":9}},"91":{"start":{"line":342,"column":12},"end":{"line":342,"column":68}},"92":{"start":{"line":352,"column":8},"end":{"line":354,"column":9}},"93":{"start":{"line":353,"column":12},"end":{"line":353,"column":77}},"94":{"start":{"line":364,"column":27},"end":{"line":364,"column":50}},"95":{"start":{"line":367,"column":8},"end":{"line":371,"column":9}},"96":{"start":{"line":368,"column":12},"end":{"line":370,"column":49}},"97":{"start":{"line":369,"column":29},"end":{"line":369,"column":79}},"98":{"start":{"line":370,"column":32},"end":{"line":370,"column":47}},"99":{"start":{"line":374,"column":8},"end":{"line":376,"column":9}},"100":{"start":{"line":375,"column":12},"end":{"line":375,"column":86}},"101":{"start":{"line":379,"column":8},"end":{"line":383,"column":9}},"102":{"start":{"line":380,"column":12},"end":{"line":382,"column":14}},"103":{"start":{"line":386,"column":8},"end":{"line":388,"column":9}},"104":{"start":{"line":387,"column":12},"end":{"line":387,"column":91}},"105":{"start":{"line":390,"column":8},"end":{"line":390,"column":26}},"106":{"start":{"line":401,"column":8},"end":{"line":403,"column":9}},"107":{"start":{"line":402,"column":12},"end":{"line":402,"column":85}},"108":{"start":{"line":406,"column":8},"end":{"line":408,"column":9}},"109":{"start":{"line":407,"column":12},"end":{"line":407,"column":79}},"110":{"start":{"line":411,"column":8},"end":{"line":413,"column":9}},"111":{"start":{"line":412,"column":12},"end":{"line":412,"column":90}},"112":{"start":{"line":416,"column":8},"end":{"line":421,"column":9}},"113":{"start":{"line":420,"column":12},"end":{"line":420,"column":88}},"114":{"start":{"line":424,"column":8},"end":{"line":426,"column":9}},"115":{"start":{"line":425,"column":12},"end":{"line":425,"column":74}},"116":{"start":{"line":429,"column":8},"end":{"line":431,"column":9}},"117":{"start":{"line":430,"column":12},"end":{"line":430,"column":92}},"118":{"start":{"line":435,"column":0},"end":{"line":435,"column":42}}},"fnMap":{"0":{"name":"(anonymous_0)","decl":{"start":{"line":10,"column":4},"end":{"line":10,"column":5}},"loc":{"start":{"line":16,"column":6},"end":{"line":22,"column":5}},"line":16},"1":{"name":"(anonymous_1)","decl":{"start":{"line":36,"column":4},"end":{"line":36,"column":5}},"loc":{"start":{"line":36,"column":52},"end":{"line":132,"column":5}},"line":36},"2":{"name":"(anonymous_2)","decl":{"start":{"line":140,"column":4},"end":{"line":140,"column":5}},"loc":{"start":{"line":140,"column":57},"end":{"line":238,"column":5}},"line":140},"3":{"name":"(anonymous_3)","decl":{"start":{"line":246,"column":4},"end":{"line":246,"column":5}},"loc":{"start":{"line":246,"column":58},"end":{"line":294,"column":5}},"line":246},"4":{"name":"(anonymous_4)","decl":{"start":{"line":302,"column":4},"end":{"line":302,"column":5}},"loc":{"start":{"line":302,"column":52},"end":{"line":344,"column":5}},"line":302},"5":{"name":"(anonymous_5)","decl":{"start":{"line":351,"column":4},"end":{"line":351,"column":5}},"loc":{"start":{"line":351,"column":40},"end":{"line":355,"column":5}},"line":351},"6":{"name":"(anonymous_6)","decl":{"start":{"line":363,"column":4},"end":{"line":363,"column":5}},"loc":{"start":{"line":363,"column":48},"end":{"line":391,"column":5}},"line":363},"7":{"name":"(anonymous_7)","decl":{"start":{"line":369,"column":21},"end":{"line":369,"column":22}},"loc":{"start":{"line":369,"column":29},"end":{"line":369,"column":79}},"line":369},"8":{"name":"(anonymous_8)","decl":{"start":{"line":370,"column":24},"end":{"line":370,"column":25}},"loc":{"start":{"line":370,"column":32},"end":{"line":370,"column":47}},"line":370},"9":{"name":"(anonymous_9)","decl":{"start":{"line":399,"column":4},"end":{"line":399,"column":5}},"loc":{"start":{"line":399,"column":54},"end":{"line":432,"column":5}},"line":399}},"branchMap":{"0":{"loc":{"start":{"line":43,"column":12},"end":{"line":45,"column":13}},"type":"if","locations":[{"start":{"line":43,"column":12},"end":{"line":45,"column":13}},{"start":{},"end":{}}],"line":43},"1":{"loc":{"start":{"line":51,"column":12},"end":{"line":53,"column":13}},"type":"if","locations":[{"start":{"line":51,"column":12},"end":{"line":53,"column":13}},{"start":{},"end":{}}],"line":51},"2":{"loc":{"start":{"line":58,"column":12},"end":{"line":60,"column":13}},"type":"if","locations":[{"start":{"line":58,"column":12},"end":{"line":60,"column":13}},{"start":{},"end":{}}],"line":58},"3":{"loc":{"start":{"line":101,"column":12},"end":{"line":108,"column":13}},"type":"if","locations":[{"start":{"line":101,"column":12},"end":{"line":108,"column":13}},{"start":{},"end":{}}],"line":101},"4":{"loc":{"start":{"line":114,"column":25},"end":{"line":116,"column":64}},"type":"cond-expr","locations":[{"start":{"line":115,"column":22},"end":{"line":115,"column":58}},{"start":{"line":116,"column":22},"end":{"line":116,"column":64}}],"line":114},"5":{"loc":{"start":{"line":147,"column":12},"end":{"line":149,"column":13}},"type":"if","locations":[{"start":{"line":147,"column":12},"end":{"line":149,"column":13}},{"start":{},"end":{}}],"line":147},"6":{"loc":{"start":{"line":154,"column":12},"end":{"line":156,"column":13}},"type":"if","locations":[{"start":{"line":154,"column":12},"end":{"line":156,"column":13}},{"start":{},"end":{}}],"line":154},"7":{"loc":{"start":{"line":167,"column":12},"end":{"line":169,"column":13}},"type":"if","locations":[{"start":{"line":167,"column":12},"end":{"line":169,"column":13}},{"start":{},"end":{}}],"line":167},"8":{"loc":{"start":{"line":171,"column":12},"end":{"line":173,"column":13}},"type":"if","locations":[{"start":{"line":171,"column":12},"end":{"line":173,"column":13}},{"start":{},"end":{}}],"line":171},"9":{"loc":{"start":{"line":175,"column":12},"end":{"line":177,"column":13}},"type":"if","locations":[{"start":{"line":175,"column":12},"end":{"line":177,"column":13}},{"start":{},"end":{}}],"line":175},"10":{"loc":{"start":{"line":179,"column":12},"end":{"line":181,"column":13}},"type":"if","locations":[{"start":{"line":179,"column":12},"end":{"line":181,"column":13}},{"start":{},"end":{}}],"line":179},"11":{"loc":{"start":{"line":183,"column":12},"end":{"line":185,"column":13}},"type":"if","locations":[{"start":{"line":183,"column":12},"end":{"line":185,"column":13}},{"start":{},"end":{}}],"line":183},"12":{"loc":{"start":{"line":187,"column":12},"end":{"line":189,"column":13}},"type":"if","locations":[{"start":{"line":187,"column":12},"end":{"line":189,"column":13}},{"start":{},"end":{}}],"line":187},"13":{"loc":{"start":{"line":198,"column":12},"end":{"line":211,"column":13}},"type":"if","locations":[{"start":{"line":198,"column":12},"end":{"line":211,"column":13}},{"start":{},"end":{}}],"line":198},"14":{"loc":{"start":{"line":199,"column":16},"end":{"line":200,"column":60}},"type":"binary-expr","locations":[{"start":{"line":199,"column":16},"end":{"line":199,"column":55}},{"start":{"line":200,"column":16},"end":{"line":200,"column":60}}],"line":199},"15":{"loc":{"start":{"line":204,"column":16},"end":{"line":208,"column":17}},"type":"if","locations":[{"start":{"line":204,"column":16},"end":{"line":208,"column":17}},{"start":{"line":206,"column":23},"end":{"line":208,"column":17}}],"line":204},"16":{"loc":{"start":{"line":206,"column":23},"end":{"line":208,"column":17}},"type":"if","locations":[{"start":{"line":206,"column":23},"end":{"line":208,"column":17}},{"start":{},"end":{}}],"line":206},"17":{"loc":{"start":{"line":246,"column":45},"end":{"line":246,"column":56}},"type":"default-arg","locations":[{"start":{"line":246,"column":54},"end":{"line":246,"column":56}}],"line":246},"18":{"loc":{"start":{"line":250,"column":12},"end":{"line":252,"column":13}},"type":"if","locations":[{"start":{"line":250,"column":12},"end":{"line":252,"column":13}},{"start":{},"end":{}}],"line":250},"19":{"loc":{"start":{"line":257,"column":12},"end":{"line":259,"column":13}},"type":"if","locations":[{"start":{"line":257,"column":12},"end":{"line":259,"column":13}},{"start":{},"end":{}}],"line":257},"20":{"loc":{"start":{"line":303,"column":8},"end":{"line":305,"column":9}},"type":"if","locations":[{"start":{"line":303,"column":8},"end":{"line":305,"column":9}},{"start":{},"end":{}}],"line":303},"21":{"loc":{"start":{"line":303,"column":12},"end":{"line":303,"column":65}},"type":"binary-expr","locations":[{"start":{"line":303,"column":12},"end":{"line":303,"column":27}},{"start":{"line":303,"column":31},"end":{"line":303,"column":65}}],"line":303},"22":{"loc":{"start":{"line":307,"column":8},"end":{"line":309,"column":9}},"type":"if","locations":[{"start":{"line":307,"column":8},"end":{"line":309,"column":9}},{"start":{},"end":{}}],"line":307},"23":{"loc":{"start":{"line":307,"column":12},"end":{"line":307,"column":69}},"type":"binary-expr","locations":[{"start":{"line":307,"column":12},"end":{"line":307,"column":29}},{"start":{"line":307,"column":33},"end":{"line":307,"column":69}}],"line":307},"24":{"loc":{"start":{"line":312,"column":8},"end":{"line":317,"column":9}},"type":"if","locations":[{"start":{"line":312,"column":8},"end":{"line":317,"column":9}},{"start":{},"end":{}}],"line":312},"25":{"loc":{"start":{"line":313,"column":12},"end":{"line":314,"column":60}},"type":"binary-expr","locations":[{"start":{"line":313,"column":12},"end":{"line":313,"column":53}},{"start":{"line":314,"column":12},"end":{"line":314,"column":60}}],"line":313},"26":{"loc":{"start":{"line":320,"column":8},"end":{"line":327,"column":9}},"type":"if","locations":[{"start":{"line":320,"column":8},"end":{"line":327,"column":9}},{"start":{},"end":{}}],"line":320},"27":{"loc":{"start":{"line":321,"column":12},"end":{"line":326,"column":13}},"type":"if","locations":[{"start":{"line":321,"column":12},"end":{"line":326,"column":13}},{"start":{},"end":{}}],"line":321},"28":{"loc":{"start":{"line":322,"column":16},"end":{"line":323,"column":52}},"type":"binary-expr","locations":[{"start":{"line":322,"column":16},"end":{"line":322,"column":67}},{"start":{"line":323,"column":16},"end":{"line":323,"column":52}}],"line":322},"29":{"loc":{"start":{"line":330,"column":8},"end":{"line":335,"column":9}},"type":"if","locations":[{"start":{"line":330,"column":8},"end":{"line":335,"column":9}},{"start":{},"end":{}}],"line":330},"30":{"loc":{"start":{"line":331,"column":12},"end":{"line":332,"column":59}},"type":"binary-expr","locations":[{"start":{"line":331,"column":12},"end":{"line":331,"column":57}},{"start":{"line":332,"column":12},"end":{"line":332,"column":59}}],"line":331},"31":{"loc":{"start":{"line":338,"column":8},"end":{"line":343,"column":9}},"type":"if","locations":[{"start":{"line":338,"column":8},"end":{"line":343,"column":9}},{"start":{},"end":{}}],"line":338},"32":{"loc":{"start":{"line":339,"column":12},"end":{"line":340,"column":73}},"type":"binary-expr","locations":[{"start":{"line":339,"column":12},"end":{"line":339,"column":34}},{"start":{"line":340,"column":12},"end":{"line":340,"column":73}}],"line":339},"33":{"loc":{"start":{"line":352,"column":8},"end":{"line":354,"column":9}},"type":"if","locations":[{"start":{"line":352,"column":8},"end":{"line":354,"column":9}},{"start":{},"end":{}}],"line":352},"34":{"loc":{"start":{"line":367,"column":8},"end":{"line":371,"column":9}},"type":"if","locations":[{"start":{"line":367,"column":8},"end":{"line":371,"column":9}},{"start":{},"end":{}}],"line":367},"35":{"loc":{"start":{"line":374,"column":8},"end":{"line":376,"column":9}},"type":"if","locations":[{"start":{"line":374,"column":8},"end":{"line":376,"column":9}},{"start":{},"end":{}}],"line":374},"36":{"loc":{"start":{"line":379,"column":8},"end":{"line":383,"column":9}},"type":"if","locations":[{"start":{"line":379,"column":8},"end":{"line":383,"column":9}},{"start":{},"end":{}}],"line":379},"37":{"loc":{"start":{"line":386,"column":8},"end":{"line":388,"column":9}},"type":"if","locations":[{"start":{"line":386,"column":8},"end":{"line":388,"column":9}},{"start":{},"end":{}}],"line":386},"38":{"loc":{"start":{"line":401,"column":8},"end":{"line":403,"column":9}},"type":"if","locations":[{"start":{"line":401,"column":8},"end":{"line":403,"column":9}},{"start":{},"end":{}}],"line":401},"39":{"loc":{"start":{"line":401,"column":12},"end":{"line":401,"column":85}},"type":"binary-expr","locations":[{"start":{"line":401,"column":12},"end":{"line":401,"column":37}},{"start":{"line":401,"column":41},"end":{"line":401,"column":85}}],"line":401},"40":{"loc":{"start":{"line":406,"column":8},"end":{"line":408,"column":9}},"type":"if","locations":[{"start":{"line":406,"column":8},"end":{"line":408,"column":9}},{"start":{},"end":{}}],"line":406},"41":{"loc":{"start":{"line":406,"column":12},"end":{"line":406,"column":85}},"type":"binary-expr","locations":[{"start":{"line":406,"column":12},"end":{"line":406,"column":47}},{"start":{"line":406,"column":51},"end":{"line":406,"column":85}}],"line":406},"42":{"loc":{"start":{"line":411,"column":8},"end":{"line":413,"column":9}},"type":"if","locations":[{"start":{"line":411,"column":8},"end":{"line":413,"column":9}},{"start":{},"end":{}}],"line":411},"43":{"loc":{"start":{"line":416,"column":8},"end":{"line":421,"column":9}},"type":"if","locations":[{"start":{"line":416,"column":8},"end":{"line":421,"column":9}},{"start":{},"end":{}}],"line":416},"44":{"loc":{"start":{"line":417,"column":12},"end":{"line":418,"column":81}},"type":"binary-expr","locations":[{"start":{"line":417,"column":12},"end":{"line":417,"column":41}},{"start":{"line":418,"column":12},"end":{"line":418,"column":81}}],"line":417},"45":{"loc":{"start":{"line":424,"column":8},"end":{"line":426,"column":9}},"type":"if","locations":[{"start":{"line":424,"column":8},"end":{"line":426,"column":9}},{"start":{},"end":{}}],"line":424},"46":{"loc":{"start":{"line":424,"column":12},"end":{"line":424,"column":73}},"type":"binary-expr","locations":[{"start":{"line":424,"column":12},"end":{"line":424,"column":34}},{"start":{"line":424,"column":38},"end":{"line":424,"column":73}}],"line":424},"47":{"loc":{"start":{"line":429,"column":8},"end":{"line":431,"column":9}},"type":"if","locations":[{"start":{"line":429,"column":8},"end":{"line":431,"column":9}},{"start":{},"end":{}}],"line":429},"48":{"loc":{"start":{"line":429,"column":12},"end":{"line":429,"column":97}},"type":"binary-expr","locations":[{"start":{"line":429,"column":12},"end":{"line":429,"column":46}},{"start":{"line":429,"column":50},"end":{"line":429,"column":97}}],"line":429}},"s":{"0":3,"1":9,"2":9,"3":9,"4":9,"5":9,"6":9,"7":9,"8":8,"9":8,"10":2,"11":6,"12":6,"13":2,"14":4,"15":4,"16":0,"17":4,"18":4,"19":3,"20":3,"21":3,"22":3,"23":3,"24":3,"25":3,"26":3,"27":3,"28":6,"29":6,"30":1,"31":1,"32":1,"33":1,"34":0,"35":1,"36":1,"37":0,"38":1,"39":1,"40":1,"41":1,"42":1,"43":1,"44":1,"45":1,"46":1,"47":1,"48":0,"49":1,"50":0,"51":1,"52":0,"53":1,"54":1,"55":1,"56":1,"57":0,"58":1,"59":1,"60":1,"61":1,"62":1,"63":0,"64":0,"65":1,"66":1,"67":1,"68":0,"69":1,"70":1,"71":0,"72":1,"73":1,"74":1,"75":1,"76":1,"77":0,"78":0,"79":10,"80":1,"81":9,"82":0,"83":9,"84":0,"85":9,"86":8,"87":0,"88":9,"89":0,"90":9,"91":0,"92":6,"93":0,"94":5,"95":5,"96":3,"97":5,"98":5,"99":5,"100":1,"101":5,"102":1,"103":5,"104":3,"105":5,"106":5,"107":1,"108":4,"109":0,"110":4,"111":0,"112":4,"113":0,"114":4,"115":0,"116":4,"117":0,"118":3},"f":{"0":9,"1":9,"2":1,"3":1,"4":10,"5":6,"6":5,"7":5,"8":5,"9":5},"b":{"0":[2,6],"1":[2,4],"2":[0,4],"3":[3,0],"4":[2,1],"5":[0,1],"6":[0,1],"7":[1,0],"8":[1,0],"9":[1,0],"10":[0,1],"11":[0,1],"12":[0,1],"13":[1,0],"14":[1,0],"15":[0,1],"16":[1,0],"17":[0],"18":[0,1],"19":[0,1],"20":[1,9],"21":[10,9],"22":[0,9],"23":[9,9],"24":[0,9],"25":[9,9],"26":[8,1],"27":[0,8],"28":[8,8],"29":[0,9],"30":[9,3],"31":[0,9],"32":[9,1],"33":[0,6],"34":[3,2],"35":[1,4],"36":[1,4],"37":[3,2],"38":[1,4],"39":[5,4],"40":[0,4],"41":[4,1],"42":[0,4],"43":[0,4],"44":[4,3],"45":[0,4],"46":[4,3],"47":[0,4],"48":[4,1]},"_coverageSchema":"1a1c01bbd47fc00a2c39e90264f33305004495a9","hash":"cd1664c797e12e1b9eeeb6f8da64bf77529921ab"}
,"C:\\Users\\diego.zazueta\\Desktop\\Invitacion-boda\\backend\\src\\application\\usecases\\CreateInvitationUseCase.js": {"path":"C:\\Users\\diego.zazueta\\Desktop\\Invitacion-boda\\backend\\src\\application\\usecases\\CreateInvitationUseCase.js","statementMap":{"0":{"start":{"line":7,"column":19},"end":{"line":7,"column":60}},"1":{"start":{"line":10,"column":0},"end":{"line":10,"column":46}},"2":{"start":{"line":11,"column":15},"end":{"line":11,"column":38}},"3":{"start":{"line":15,"column":8},"end":{"line":15,"column":57}},"4":{"start":{"line":16,"column":8},"end":{"line":16,"column":51}},"5":{"start":{"line":17,"column":8},"end":{"line":17,"column":29}},"6":{"start":{"line":26,"column":8},"end":{"line":84,"column":9}},"7":{"start":{"line":28,"column":31},"end":{"line":28,"column":75}},"8":{"start":{"line":31,"column":36},"end":{"line":31,"column":84}},"9":{"start":{"line":34,"column":12},"end":{"line":38,"column":15}},"10":{"start":{"line":40,"column":12},"end":{"line":44,"column":14}},"11":{"start":{"line":47,"column":12},"end":{"line":50,"column":15}},"12":{"start":{"line":53,"column":27},"end":{"line":53,"column":53}},"13":{"start":{"line":55,"column":12},"end":{"line":73,"column":13}},"14":{"start":{"line":56,"column":16},"end":{"line":56,"column":64}},"15":{"start":{"line":57,"column":19},"end":{"line":73,"column":13}},"16":{"start":{"line":58,"column":16},"end":{"line":58,"column":59}},"17":{"start":{"line":59,"column":19},"end":{"line":73,"column":13}},"18":{"start":{"line":60,"column":16},"end":{"line":60,"column":65}},"19":{"start":{"line":61,"column":19},"end":{"line":73,"column":13}},"20":{"start":{"line":63,"column":27},"end":{"line":63,"column":29}},"21":{"start":{"line":64,"column":16},"end":{"line":66,"column":26}},"22":{"start":{"line":65,"column":20},"end":{"line":65,"column":75}},"23":{"start":{"line":67,"column":16},"end":{"line":67,"column":76}},"24":{"start":{"line":68,"column":19},"end":{"line":73,"column":13}},"25":{"start":{"line":72,"column":16},"end":{"line":72,"column":66}},"26":{"start":{"line":75,"column":27},"end":{"line":79,"column":13}},"27":{"start":{"line":80,"column":12},"end":{"line":82,"column":13}},"28":{"start":{"line":81,"column":16},"end":{"line":81,"column":47}},"29":{"start":{"line":83,"column":12},"end":{"line":83,"column":26}},"30":{"start":{"line":95,"column":8},"end":{"line":95,"column":43}},"31":{"start":{"line":98,"column":31},"end":{"line":98,"column":65}},"32":{"start":{"line":101,"column":21},"end":{"line":101,"column":52}},"33":{"start":{"line":102,"column":8},"end":{"line":102,"column":35}},"34":{"start":{"line":105,"column":8},"end":{"line":105,"column":57}},"35":{"start":{"line":108,"column":8},"end":{"line":108,"column":46}},"36":{"start":{"line":117,"column":8},"end":{"line":119,"column":9}},"37":{"start":{"line":118,"column":12},"end":{"line":118,"column":66}},"38":{"start":{"line":122,"column":27},"end":{"line":122,"column":88}},"39":{"start":{"line":123,"column":8},"end":{"line":127,"column":9}},"40":{"start":{"line":124,"column":24},"end":{"line":124,"column":66}},"41":{"start":{"line":125,"column":12},"end":{"line":125,"column":44}},"42":{"start":{"line":126,"column":12},"end":{"line":126,"column":22}},"43":{"start":{"line":130,"column":8},"end":{"line":130,"column":60}},"44":{"start":{"line":133,"column":26},"end":{"line":133,"column":62}},"45":{"start":{"line":134,"column":8},"end":{"line":136,"column":9}},"46":{"start":{"line":135,"column":12},"end":{"line":135,"column":88}},"47":{"start":{"line":146,"column":27},"end":{"line":146,"column":48}},"48":{"start":{"line":149,"column":25},"end":{"line":157,"column":9}},"49":{"start":{"line":150,"column":12},"end":{"line":155,"column":13}},"50":{"start":{"line":154,"column":16},"end":{"line":154,"column":66}},"51":{"start":{"line":156,"column":12},"end":{"line":156,"column":23}},"52":{"start":{"line":159,"column":8},"end":{"line":167,"column":9}},"53":{"start":{"line":160,"column":12},"end":{"line":160,"column":93}},"54":{"start":{"line":160,"column":70},"end":{"line":160,"column":91}},"55":{"start":{"line":163,"column":12},"end":{"line":166,"column":49}},"56":{"start":{"line":165,"column":29},"end":{"line":165,"column":50}},"57":{"start":{"line":166,"column":32},"end":{"line":166,"column":47}},"58":{"start":{"line":170,"column":8},"end":{"line":177,"column":9}},"59":{"start":{"line":171,"column":12},"end":{"line":176,"column":13}},"60":{"start":{"line":175,"column":16},"end":{"line":175,"column":90}},"61":{"start":{"line":180,"column":8},"end":{"line":184,"column":9}},"62":{"start":{"line":181,"column":12},"end":{"line":181,"column":63}},"63":{"start":{"line":182,"column":12},"end":{"line":182,"column":39}},"64":{"start":{"line":183,"column":12},"end":{"line":183,"column":39}},"65":{"start":{"line":188,"column":12},"end":{"line":190,"column":41}},"66":{"start":{"line":192,"column":8},"end":{"line":196,"column":9}},"67":{"start":{"line":193,"column":12},"end":{"line":195,"column":14}},"68":{"start":{"line":198,"column":8},"end":{"line":198,"column":26}},"69":{"start":{"line":208,"column":8},"end":{"line":228,"column":9}},"70":{"start":{"line":209,"column":40},"end":{"line":211,"column":13}},"71":{"start":{"line":213,"column":40},"end":{"line":221,"column":14}},"72":{"start":{"line":214,"column":38},"end":{"line":214,"column":91}},"73":{"start":{"line":214,"column":72},"end":{"line":214,"column":90}},"74":{"start":{"line":215,"column":33},"end":{"line":215,"column":90}},"75":{"start":{"line":215,"column":71},"end":{"line":215,"column":89}},"76":{"start":{"line":217,"column":16},"end":{"line":220,"column":18}},"77":{"start":{"line":219,"column":48},"end":{"line":219,"column":71}},"78":{"start":{"line":223,"column":12},"end":{"line":227,"column":13}},"79":{"start":{"line":224,"column":16},"end":{"line":226,"column":18}},"80":{"start":{"line":231,"column":8},"end":{"line":244,"column":9}},"81":{"start":{"line":232,"column":36},"end":{"line":234,"column":13}},"82":{"start":{"line":235,"column":34},"end":{"line":235,"column":79}},"83":{"start":{"line":235,"column":64},"end":{"line":235,"column":78}},"84":{"start":{"line":237,"column":12},"end":{"line":243,"column":13}},"85":{"start":{"line":238,"column":16},"end":{"line":241,"column":19}},"86":{"start":{"line":240,"column":66},"end":{"line":240,"column":74}},"87":{"start":{"line":247,"column":8},"end":{"line":276,"column":9}},"88":{"start":{"line":251,"column":37},"end":{"line":253,"column":13}},"89":{"start":{"line":254,"column":43},"end":{"line":254,"column":89}},"90":{"start":{"line":254,"column":74},"end":{"line":254,"column":88}},"91":{"start":{"line":255,"column":39},"end":{"line":258,"column":13}},"92":{"start":{"line":256,"column":30},"end":{"line":256,"column":54}},"93":{"start":{"line":260,"column":38},"end":{"line":260,"column":69}},"94":{"start":{"line":261,"column":12},"end":{"line":275,"column":13}},"95":{"start":{"line":262,"column":16},"end":{"line":271,"column":19}},"96":{"start":{"line":267,"column":76},"end":{"line":270,"column":21}},"97":{"start":{"line":272,"column":16},"end":{"line":274,"column":18}},"98":{"start":{"line":285,"column":8},"end":{"line":290,"column":9}},"99":{"start":{"line":286,"column":12},"end":{"line":289,"column":14}},"100":{"start":{"line":293,"column":8},"end":{"line":309,"column":9}},"101":{"start":{"line":294,"column":12},"end":{"line":308,"column":13}},"102":{"start":{"line":295,"column":36},"end":{"line":295,"column":96}},"103":{"start":{"line":296,"column":32},"end":{"line":296,"column":111}},"104":{"start":{"line":297,"column":16},"end":{"line":301,"column":18}},"105":{"start":{"line":303,"column":16},"end":{"line":303,"column":83}},"106":{"start":{"line":304,"column":16},"end":{"line":307,"column":18}},"107":{"start":{"line":312,"column":24},"end":{"line":316,"column":9}},"108":{"start":{"line":318,"column":36},"end":{"line":318,"column":38}},"109":{"start":{"line":319,"column":32},"end":{"line":319,"column":34}},"110":{"start":{"line":322,"column":8},"end":{"line":334,"column":9}},"111":{"start":{"line":322,"column":21},"end":{"line":322,"column":22}},"112":{"start":{"line":323,"column":12},"end":{"line":333,"column":13}},"113":{"start":{"line":324,"column":35},"end":{"line":324,"column":83}},"114":{"start":{"line":325,"column":16},"end":{"line":325,"column":53}},"115":{"start":{"line":326,"column":16},"end":{"line":326,"column":40}},"116":{"start":{"line":328,"column":16},"end":{"line":332,"column":19}},"117":{"start":{"line":337,"column":8},"end":{"line":387,"column":9}},"118":{"start":{"line":338,"column":12},"end":{"line":386,"column":13}},"119":{"start":{"line":340,"column":16},"end":{"line":374,"column":17}},"120":{"start":{"line":342,"column":24},"end":{"line":342,"column":86}},"121":{"start":{"line":345,"column":20},"end":{"line":351,"column":23}},"122":{"start":{"line":346,"column":46},"end":{"line":346,"column":66}},"123":{"start":{"line":347,"column":24},"end":{"line":350,"column":27}},"124":{"start":{"line":354,"column":20},"end":{"line":356,"column":22}},"125":{"start":{"line":357,"column":20},"end":{"line":373,"column":21}},"126":{"start":{"line":357,"column":33},"end":{"line":357,"column":34}},"127":{"start":{"line":358,"column":24},"end":{"line":372,"column":25}},"128":{"start":{"line":359,"column":45},"end":{"line":361,"column":29}},"129":{"start":{"line":362,"column":28},"end":{"line":365,"column":31}},"130":{"start":{"line":367,"column":28},"end":{"line":371,"column":31}},"131":{"start":{"line":377,"column":16},"end":{"line":377,"column":81}},"132":{"start":{"line":379,"column":16},"end":{"line":385,"column":19}},"133":{"start":{"line":380,"column":20},"end":{"line":384,"column":23}},"134":{"start":{"line":389,"column":8},"end":{"line":393,"column":11}},"135":{"start":{"line":395,"column":8},"end":{"line":395,"column":23}},"136":{"start":{"line":404,"column":28},"end":{"line":404,"column":30}},"137":{"start":{"line":405,"column":22},"end":{"line":405,"column":23}},"138":{"start":{"line":406,"column":8},"end":{"line":419,"column":9}},"139":{"start":{"line":407,"column":12},"end":{"line":418,"column":13}},"140":{"start":{"line":408,"column":29},"end":{"line":408,"column":76}},"141":{"start":{"line":409,"column":33},"end":{"line":409,"column":81}},"142":{"start":{"line":410,"column":16},"end":{"line":412,"column":17}},"143":{"start":{"line":411,"column":20},"end":{"line":411,"column":32}},"144":{"start":{"line":413,"column":16},"end":{"line":413,"column":26}},"145":{"start":{"line":415,"column":16},"end":{"line":415,"column":83}},"146":{"start":{"line":417,"column":16},"end":{"line":417,"column":72}},"147":{"start":{"line":420,"column":8},"end":{"line":420,"column":97}},"148":{"start":{"line":424,"column":0},"end":{"line":424,"column":41}}},"fnMap":{"0":{"name":"(anonymous_0)","decl":{"start":{"line":14,"column":4},"end":{"line":14,"column":5}},"loc":{"start":{"line":14,"column":65},"end":{"line":18,"column":5}},"line":14},"1":{"name":"(anonymous_1)","decl":{"start":{"line":25,"column":4},"end":{"line":25,"column":5}},"loc":{"start":{"line":25,"column":34},"end":{"line":85,"column":5}},"line":25},"2":{"name":"(anonymous_2)","decl":{"start":{"line":93,"column":4},"end":{"line":93,"column":5}},"loc":{"start":{"line":93,"column":44},"end":{"line":109,"column":5}},"line":93},"3":{"name":"(anonymous_3)","decl":{"start":{"line":116,"column":4},"end":{"line":116,"column":5}},"loc":{"start":{"line":116,"column":34},"end":{"line":137,"column":5}},"line":116},"4":{"name":"(anonymous_4)","decl":{"start":{"line":145,"column":4},"end":{"line":145,"column":5}},"loc":{"start":{"line":145,"column":34},"end":{"line":199,"column":5}},"line":145},"5":{"name":"(anonymous_5)","decl":{"start":{"line":149,"column":25},"end":{"line":149,"column":26}},"loc":{"start":{"line":149,"column":32},"end":{"line":157,"column":9}},"line":149},"6":{"name":"(anonymous_6)","decl":{"start":{"line":160,"column":62},"end":{"line":160,"column":63}},"loc":{"start":{"line":160,"column":70},"end":{"line":160,"column":91}},"line":160},"7":{"name":"(anonymous_7)","decl":{"start":{"line":165,"column":21},"end":{"line":165,"column":22}},"loc":{"start":{"line":165,"column":29},"end":{"line":165,"column":50}},"line":165},"8":{"name":"(anonymous_8)","decl":{"start":{"line":166,"column":24},"end":{"line":166,"column":25}},"loc":{"start":{"line":166,"column":32},"end":{"line":166,"column":47}},"line":166},"9":{"name":"(anonymous_9)","decl":{"start":{"line":206,"column":4},"end":{"line":206,"column":5}},"loc":{"start":{"line":206,"column":48},"end":{"line":277,"column":5}},"line":206},"10":{"name":"(anonymous_10)","decl":{"start":{"line":213,"column":65},"end":{"line":213,"column":66}},"loc":{"start":{"line":213,"column":79},"end":{"line":221,"column":13}},"line":213},"11":{"name":"(anonymous_11)","decl":{"start":{"line":214,"column":64},"end":{"line":214,"column":65}},"loc":{"start":{"line":214,"column":72},"end":{"line":214,"column":90}},"line":214},"12":{"name":"(anonymous_12)","decl":{"start":{"line":215,"column":63},"end":{"line":215,"column":64}},"loc":{"start":{"line":215,"column":71},"end":{"line":215,"column":89}},"line":215},"13":{"name":"(anonymous_13)","decl":{"start":{"line":219,"column":40},"end":{"line":219,"column":41}},"loc":{"start":{"line":219,"column":48},"end":{"line":219,"column":71}},"line":219},"14":{"name":"(anonymous_14)","decl":{"start":{"line":235,"column":57},"end":{"line":235,"column":58}},"loc":{"start":{"line":235,"column":64},"end":{"line":235,"column":78}},"line":235},"15":{"name":"(anonymous_15)","decl":{"start":{"line":240,"column":59},"end":{"line":240,"column":60}},"loc":{"start":{"line":240,"column":66},"end":{"line":240,"column":74}},"line":240},"16":{"name":"(anonymous_16)","decl":{"start":{"line":254,"column":67},"end":{"line":254,"column":68}},"loc":{"start":{"line":254,"column":74},"end":{"line":254,"column":88}},"line":254},"17":{"name":"(anonymous_17)","decl":{"start":{"line":256,"column":16},"end":{"line":256,"column":17}},"loc":{"start":{"line":256,"column":30},"end":{"line":256,"column":54}},"line":256},"18":{"name":"(anonymous_18)","decl":{"start":{"line":267,"column":68},"end":{"line":267,"column":69}},"loc":{"start":{"line":267,"column":76},"end":{"line":270,"column":21}},"line":267},"19":{"name":"(anonymous_19)","decl":{"start":{"line":284,"column":4},"end":{"line":284,"column":5}},"loc":{"start":{"line":284,"column":40},"end":{"line":396,"column":5}},"line":284},"20":{"name":"(anonymous_20)","decl":{"start":{"line":345,"column":45},"end":{"line":345,"column":46}},"loc":{"start":{"line":345,"column":59},"end":{"line":351,"column":21}},"line":345},"21":{"name":"(anonymous_21)","decl":{"start":{"line":379,"column":40},"end":{"line":379,"column":41}},"loc":{"start":{"line":379,"column":57},"end":{"line":385,"column":17}},"line":379},"22":{"name":"(anonymous_22)","decl":{"start":{"line":403,"column":4},"end":{"line":403,"column":5}},"loc":{"start":{"line":403,"column":31},"end":{"line":421,"column":5}},"line":403}},"branchMap":{"0":{"loc":{"start":{"line":55,"column":12},"end":{"line":73,"column":13}},"type":"if","locations":[{"start":{"line":55,"column":12},"end":{"line":73,"column":13}},{"start":{"line":57,"column":19},"end":{"line":73,"column":13}}],"line":55},"1":{"loc":{"start":{"line":57,"column":19},"end":{"line":73,"column":13}},"type":"if","locations":[{"start":{"line":57,"column":19},"end":{"line":73,"column":13}},{"start":{"line":59,"column":19},"end":{"line":73,"column":13}}],"line":57},"2":{"loc":{"start":{"line":59,"column":19},"end":{"line":73,"column":13}},"type":"if","locations":[{"start":{"line":59,"column":19},"end":{"line":73,"column":13}},{"start":{"line":61,"column":19},"end":{"line":73,"column":13}}],"line":59},"3":{"loc":{"start":{"line":61,"column":19},"end":{"line":73,"column":13}},"type":"if","locations":[{"start":{"line":61,"column":19},"end":{"line":73,"column":13}},{"start":{"line":68,"column":19},"end":{"line":73,"column":13}}],"line":61},"4":{"loc":{"start":{"line":68,"column":19},"end":{"line":73,"column":13}},"type":"if","locations":[{"start":{"line":68,"column":19},"end":{"line":73,"column":13}},{"start":{},"end":{}}],"line":68},"5":{"loc":{"start":{"line":69,"column":16},"end":{"line":70,"column":72}},"type":"binary-expr","locations":[{"start":{"line":69,"column":16},"end":{"line":69,"column":49}},{"start":{"line":70,"column":16},"end":{"line":70,"column":72}}],"line":69},"6":{"loc":{"start":{"line":80,"column":12},"end":{"line":82,"column":13}},"type":"if","locations":[{"start":{"line":80,"column":12},"end":{"line":82,"column":13}},{"start":{},"end":{}}],"line":80},"7":{"loc":{"start":{"line":117,"column":8},"end":{"line":119,"column":9}},"type":"if","locations":[{"start":{"line":117,"column":8},"end":{"line":119,"column":9}},{"start":{},"end":{}}],"line":117},"8":{"loc":{"start":{"line":123,"column":8},"end":{"line":127,"column":9}},"type":"if","locations":[{"start":{"line":123,"column":8},"end":{"line":127,"column":9}},{"start":{},"end":{}}],"line":123},"9":{"loc":{"start":{"line":134,"column":8},"end":{"line":136,"column":9}},"type":"if","locations":[{"start":{"line":134,"column":8},"end":{"line":136,"column":9}},{"start":{},"end":{}}],"line":134},"10":{"loc":{"start":{"line":150,"column":12},"end":{"line":155,"column":13}},"type":"if","locations":[{"start":{"line":150,"column":12},"end":{"line":155,"column":13}},{"start":{},"end":{}}],"line":150},"11":{"loc":{"start":{"line":151,"column":16},"end":{"line":152,"column":75}},"type":"binary-expr","locations":[{"start":{"line":151,"column":16},"end":{"line":151,"column":38}},{"start":{"line":152,"column":16},"end":{"line":152,"column":75}}],"line":151},"12":{"loc":{"start":{"line":159,"column":8},"end":{"line":167,"column":9}},"type":"if","locations":[{"start":{"line":159,"column":8},"end":{"line":167,"column":9}},{"start":{"line":161,"column":15},"end":{"line":167,"column":9}}],"line":159},"13":{"loc":{"start":{"line":170,"column":8},"end":{"line":177,"column":9}},"type":"if","locations":[{"start":{"line":170,"column":8},"end":{"line":177,"column":9}},{"start":{},"end":{}}],"line":170},"14":{"loc":{"start":{"line":171,"column":12},"end":{"line":176,"column":13}},"type":"if","locations":[{"start":{"line":171,"column":12},"end":{"line":176,"column":13}},{"start":{},"end":{}}],"line":171},"15":{"loc":{"start":{"line":172,"column":16},"end":{"line":173,"column":74}},"type":"binary-expr","locations":[{"start":{"line":172,"column":16},"end":{"line":172,"column":38}},{"start":{"line":173,"column":16},"end":{"line":173,"column":74}}],"line":172},"16":{"loc":{"start":{"line":180,"column":8},"end":{"line":184,"column":9}},"type":"if","locations":[{"start":{"line":180,"column":8},"end":{"line":184,"column":9}},{"start":{},"end":{}}],"line":180},"17":{"loc":{"start":{"line":180,"column":12},"end":{"line":180,"column":89}},"type":"binary-expr","locations":[{"start":{"line":180,"column":12},"end":{"line":180,"column":35}},{"start":{"line":180,"column":39},"end":{"line":180,"column":62}},{"start":{"line":180,"column":66},"end":{"line":180,"column":89}}],"line":180},"18":{"loc":{"start":{"line":188,"column":13},"end":{"line":188,"column":40}},"type":"binary-expr","locations":[{"start":{"line":188,"column":13},"end":{"line":188,"column":35}},{"start":{"line":188,"column":39},"end":{"line":188,"column":40}}],"line":188},"19":{"loc":{"start":{"line":189,"column":13},"end":{"line":189,"column":40}},"type":"binary-expr","locations":[{"start":{"line":189,"column":13},"end":{"line":189,"column":35}},{"start":{"line":189,"column":39},"end":{"line":189,"column":40}}],"line":189},"20":{"loc":{"start":{"line":190,"column":13},"end":{"line":190,"column":40}},"type":"binary-expr","locations":[{"start":{"line":190,"column":13},"end":{"line":190,"column":35}},{"start":{"line":190,"column":39},"end":{"line":190,"column":40}}],"line":190},"21":{"loc":{"start":{"line":192,"column":8},"end":{"line":196,"column":9}},"type":"if","locations":[{"start":{"line":192,"column":8},"end":{"line":196,"column":9}},{"start":{},"end":{}}],"line":192},"22":{"loc":{"start":{"line":208,"column":8},"end":{"line":228,"column":9}},"type":"if","locations":[{"start":{"line":208,"column":8},"end":{"line":228,"column":9}},{"start":{},"end":{}}],"line":208},"23":{"loc":{"start":{"line":218,"column":20},"end":{"line":219,"column":72}},"type":"binary-expr","locations":[{"start":{"line":218,"column":20},"end":{"line":218,"column":60}},{"start":{"line":219,"column":20},"end":{"line":219,"column":72}}],"line":218},"24":{"loc":{"start":{"line":223,"column":12},"end":{"line":227,"column":13}},"type":"if","locations":[{"start":{"line":223,"column":12},"end":{"line":227,"column":13}},{"start":{},"end":{}}],"line":223},"25":{"loc":{"start":{"line":223,"column":16},"end":{"line":223,"column":69}},"type":"binary-expr","locations":[{"start":{"line":223,"column":16},"end":{"line":223,"column":35}},{"start":{"line":223,"column":39},"end":{"line":223,"column":69}}],"line":223},"26":{"loc":{"start":{"line":231,"column":8},"end":{"line":244,"column":9}},"type":"if","locations":[{"start":{"line":231,"column":8},"end":{"line":244,"column":9}},{"start":{},"end":{}}],"line":231},"27":{"loc":{"start":{"line":231,"column":12},"end":{"line":231,"column":95}},"type":"binary-expr","locations":[{"start":{"line":231,"column":12},"end":{"line":231,"column":32}},{"start":{"line":231,"column":36},"end":{"line":231,"column":95}}],"line":231},"28":{"loc":{"start":{"line":237,"column":12},"end":{"line":243,"column":13}},"type":"if","locations":[{"start":{"line":237,"column":12},"end":{"line":243,"column":13}},{"start":{},"end":{}}],"line":237},"29":{"loc":{"start":{"line":247,"column":8},"end":{"line":276,"column":9}},"type":"if","locations":[{"start":{"line":247,"column":8},"end":{"line":276,"column":9}},{"start":{},"end":{}}],"line":247},"30":{"loc":{"start":{"line":248,"column":12},"end":{"line":249,"column":71}},"type":"binary-expr","locations":[{"start":{"line":248,"column":12},"end":{"line":248,"column":38}},{"start":{"line":249,"column":12},"end":{"line":249,"column":71}}],"line":248},"31":{"loc":{"start":{"line":261,"column":12},"end":{"line":275,"column":13}},"type":"if","locations":[{"start":{"line":261,"column":12},"end":{"line":275,"column":13}},{"start":{},"end":{}}],"line":261},"32":{"loc":{"start":{"line":285,"column":8},"end":{"line":290,"column":9}},"type":"if","locations":[{"start":{"line":285,"column":8},"end":{"line":290,"column":9}},{"start":{},"end":{}}],"line":285},"33":{"loc":{"start":{"line":285,"column":12},"end":{"line":285,"column":75}},"type":"binary-expr","locations":[{"start":{"line":285,"column":12},"end":{"line":285,"column":43}},{"start":{"line":285,"column":47},"end":{"line":285,"column":75}}],"line":285},"34":{"loc":{"start":{"line":293,"column":8},"end":{"line":309,"column":9}},"type":"if","locations":[{"start":{"line":293,"column":8},"end":{"line":309,"column":9}},{"start":{},"end":{}}],"line":293},"35":{"loc":{"start":{"line":337,"column":8},"end":{"line":387,"column":9}},"type":"if","locations":[{"start":{"line":337,"column":8},"end":{"line":387,"column":9}},{"start":{},"end":{}}],"line":337},"36":{"loc":{"start":{"line":340,"column":16},"end":{"line":374,"column":17}},"type":"if","locations":[{"start":{"line":340,"column":16},"end":{"line":374,"column":17}},{"start":{"line":352,"column":23},"end":{"line":374,"column":17}}],"line":340},"37":{"loc":{"start":{"line":410,"column":16},"end":{"line":412,"column":17}},"type":"if","locations":[{"start":{"line":410,"column":16},"end":{"line":412,"column":17}},{"start":{},"end":{}}],"line":410}},"s":{"0":3,"1":3,"2":3,"3":17,"4":17,"5":17,"6":11,"7":11,"8":6,"9":5,"10":5,"11":6,"12":6,"13":6,"14":1,"15":5,"16":1,"17":4,"18":1,"19":3,"20":1,"21":1,"22":1,"23":1,"24":2,"25":1,"26":6,"27":6,"28":1,"29":6,"30":11,"31":8,"32":8,"33":6,"34":6,"35":6,"36":11,"37":1,"38":10,"39":9,"40":1,"41":1,"42":1,"43":8,"44":8,"45":8,"46":0,"47":8,"48":8,"49":10,"50":4,"51":6,"52":8,"53":8,"54":10,"55":0,"56":0,"57":0,"58":8,"59":3,"60":2,"61":8,"62":7,"63":7,"64":7,"65":8,"66":8,"67":0,"68":8,"69":6,"70":3,"71":3,"72":0,"73":0,"74":0,"75":0,"76":0,"77":0,"78":3,"79":0,"80":6,"81":2,"82":2,"83":0,"84":2,"85":0,"86":0,"87":6,"88":0,"89":0,"90":0,"91":0,"92":0,"93":0,"94":0,"95":0,"96":0,"97":0,"98":4,"99":1,"100":3,"101":3,"102":3,"103":2,"104":2,"105":1,"106":1,"107":0,"108":0,"109":0,"110":0,"111":0,"112":0,"113":0,"114":0,"115":0,"116":0,"117":0,"118":0,"119":0,"120":0,"121":0,"122":0,"123":0,"124":0,"125":0,"126":0,"127":0,"128":0,"129":0,"130":0,"131":0,"132":0,"133":0,"134":0,"135":0,"136":11,"137":11,"138":11,"139":32,"140":32,"141":31,"142":31,"143":8,"144":23,"145":1,"146":1,"147":2,"148":3},"f":{"0":17,"1":11,"2":11,"3":11,"4":8,"5":10,"6":10,"7":0,"8":0,"9":6,"10":0,"11":0,"12":0,"13":0,"14":0,"15":0,"16":0,"17":0,"18":0,"19":4,"20":0,"21":0,"22":11},"b":{"0":[1,5],"1":[1,4],"2":[1,3],"3":[1,2],"4":[1,1],"5":[2,2],"6":[1,5],"7":[1,10],"8":[1,8],"9":[0,8],"10":[4,6],"11":[10,10],"12":[8,0],"13":[3,5],"14":[2,1],"15":[3,3],"16":[7,1],"17":[8,7,7],"18":[8,0],"19":[8,8],"20":[8,8],"21":[0,8],"22":[3,3],"23":[0,0],"24":[0,3],"25":[3,0],"26":[2,4],"27":[6,3],"28":[0,2],"29":[0,6],"30":[6,0],"31":[0,0],"32":[1,3],"33":[4,4],"34":[3,0],"35":[0,0],"36":[0,0],"37":[8,23]},"_coverageSchema":"1a1c01bbd47fc00a2c39e90264f33305004495a9","hash":"be83e345e9a4f6b10212d8bec782aceefc21029c"}
,"C:\\Users\\diego.zazueta\\Desktop\\Invitacion-boda\\backend\\src\\application\\usecases\\GetConfirmationStatsUseCase.js": {"path":"C:\\Users\\diego.zazueta\\Desktop\\Invitacion-boda\\backend\\src\\application\\usecases\\GetConfirmationStatsUseCase.js","statementMap":{"0":{"start":{"line":8,"column":8},"end":{"line":8,"column":61}},"1":{"start":{"line":9,"column":8},"end":{"line":9,"column":57}},"2":{"start":{"line":10,"column":8},"end":{"line":10,"column":29}},"3":{"start":{"line":19,"column":30},"end":{"line":19,"column":73}},"4":{"start":{"line":22,"column":36},"end":{"line":25,"column":9}},"5":{"start":{"line":26,"column":30},"end":{"line":26,"column":79}},"6":{"start":{"line":26,"column":69},"end":{"line":26,"column":77}},"7":{"start":{"line":29,"column":8},"end":{"line":29,"column":75}},"8":{"start":{"line":29,"column":44},"end":{"line":29,"column":73}},"9":{"start":{"line":37,"column":29},"end":{"line":37,"column":79}},"10":{"start":{"line":39,"column":8},"end":{"line":131,"column":9}},"11":{"start":{"line":41,"column":36},"end":{"line":41,"column":78}},"12":{"start":{"line":44,"column":34},"end":{"line":44,"column":70}},"13":{"start":{"line":47,"column":29},"end":{"line":47,"column":76}},"14":{"start":{"line":47,"column":58},"end":{"line":47,"column":75}},"15":{"start":{"line":48,"column":44},"end":{"line":50,"column":20}},"16":{"start":{"line":49,"column":16},"end":{"line":49,"column":45}},"17":{"start":{"line":51,"column":33},"end":{"line":51,"column":87}},"18":{"start":{"line":51,"column":62},"end":{"line":51,"column":79}},"19":{"start":{"line":52,"column":30},"end":{"line":52,"column":82}},"20":{"start":{"line":52,"column":59},"end":{"line":52,"column":74}},"21":{"start":{"line":55,"column":26},"end":{"line":109,"column":13}},"22":{"start":{"line":111,"column":12},"end":{"line":111,"column":44}},"23":{"start":{"line":113,"column":12},"end":{"line":118,"column":14}},"24":{"start":{"line":120,"column":12},"end":{"line":120,"column":60}},"25":{"start":{"line":122,"column":12},"end":{"line":125,"column":15}},"26":{"start":{"line":127,"column":12},"end":{"line":130,"column":14}},"27":{"start":{"line":139,"column":29},"end":{"line":139,"column":83}},"28":{"start":{"line":141,"column":8},"end":{"line":165,"column":9}},"29":{"start":{"line":142,"column":37},"end":{"line":142,"column":73}},"30":{"start":{"line":143,"column":34},"end":{"line":143,"column":84}},"31":{"start":{"line":143,"column":66},"end":{"line":143,"column":83}},"32":{"start":{"line":145,"column":12},"end":{"line":145,"column":73}},"33":{"start":{"line":147,"column":12},"end":{"line":152,"column":14}},"34":{"start":{"line":149,"column":65},"end":{"line":149,"column":88}},"35":{"start":{"line":154,"column":12},"end":{"line":154,"column":60}},"36":{"start":{"line":156,"column":12},"end":{"line":159,"column":15}},"37":{"start":{"line":161,"column":12},"end":{"line":164,"column":14}},"38":{"start":{"line":173,"column":29},"end":{"line":173,"column":83}},"39":{"start":{"line":175,"column":8},"end":{"line":199,"column":9}},"40":{"start":{"line":176,"column":37},"end":{"line":176,"column":73}},"41":{"start":{"line":177,"column":34},"end":{"line":177,"column":84}},"42":{"start":{"line":177,"column":66},"end":{"line":177,"column":83}},"43":{"start":{"line":179,"column":12},"end":{"line":179,"column":73}},"44":{"start":{"line":181,"column":12},"end":{"line":186,"column":14}},"45":{"start":{"line":183,"column":65},"end":{"line":183,"column":88}},"46":{"start":{"line":188,"column":12},"end":{"line":188,"column":60}},"47":{"start":{"line":190,"column":12},"end":{"line":193,"column":15}},"48":{"start":{"line":195,"column":12},"end":{"line":198,"column":14}},"49":{"start":{"line":207,"column":29},"end":{"line":207,"column":98}},"50":{"start":{"line":209,"column":8},"end":{"line":233,"column":9}},"51":{"start":{"line":210,"column":37},"end":{"line":210,"column":73}},"52":{"start":{"line":211,"column":34},"end":{"line":211,"column":96}},"53":{"start":{"line":211,"column":66},"end":{"line":211,"column":95}},"54":{"start":{"line":213,"column":12},"end":{"line":213,"column":73}},"55":{"start":{"line":215,"column":12},"end":{"line":220,"column":14}},"56":{"start":{"line":217,"column":65},"end":{"line":217,"column":88}},"57":{"start":{"line":222,"column":12},"end":{"line":222,"column":60}},"58":{"start":{"line":224,"column":12},"end":{"line":227,"column":15}},"59":{"start":{"line":229,"column":12},"end":{"line":232,"column":14}},"60":{"start":{"line":241,"column":29},"end":{"line":241,"column":87}},"61":{"start":{"line":243,"column":8},"end":{"line":267,"column":9}},"62":{"start":{"line":244,"column":37},"end":{"line":244,"column":73}},"63":{"start":{"line":245,"column":34},"end":{"line":245,"column":84}},"64":{"start":{"line":245,"column":66},"end":{"line":245,"column":83}},"65":{"start":{"line":247,"column":12},"end":{"line":247,"column":73}},"66":{"start":{"line":249,"column":12},"end":{"line":254,"column":14}},"67":{"start":{"line":251,"column":65},"end":{"line":251,"column":88}},"68":{"start":{"line":256,"column":12},"end":{"line":256,"column":60}},"69":{"start":{"line":258,"column":12},"end":{"line":261,"column":15}},"70":{"start":{"line":263,"column":12},"end":{"line":266,"column":14}},"71":{"start":{"line":276,"column":29},"end":{"line":276,"column":91}},"72":{"start":{"line":278,"column":8},"end":{"line":318,"column":9}},"73":{"start":{"line":279,"column":12},"end":{"line":285,"column":13}},"74":{"start":{"line":280,"column":16},"end":{"line":280,"column":73}},"75":{"start":{"line":281,"column":16},"end":{"line":284,"column":18}},"76":{"start":{"line":287,"column":37},"end":{"line":287,"column":73}},"77":{"start":{"line":289,"column":31},"end":{"line":289,"column":41}},"78":{"start":{"line":290,"column":12},"end":{"line":290,"column":60}},"79":{"start":{"line":292,"column":34},"end":{"line":294,"column":13}},"80":{"start":{"line":293,"column":24},"end":{"line":293,"column":63}},"81":{"start":{"line":296,"column":12},"end":{"line":296,"column":79}},"82":{"start":{"line":298,"column":12},"end":{"line":304,"column":14}},"83":{"start":{"line":300,"column":65},"end":{"line":300,"column":88}},"84":{"start":{"line":306,"column":12},"end":{"line":306,"column":60}},"85":{"start":{"line":308,"column":12},"end":{"line":312,"column":15}},"86":{"start":{"line":314,"column":12},"end":{"line":317,"column":14}},"87":{"start":{"line":326,"column":29},"end":{"line":326,"column":82}},"88":{"start":{"line":328,"column":8},"end":{"line":355,"column":9}},"89":{"start":{"line":329,"column":37},"end":{"line":329,"column":73}},"90":{"start":{"line":330,"column":42},"end":{"line":330,"column":92}},"91":{"start":{"line":330,"column":74},"end":{"line":330,"column":91}},"92":{"start":{"line":331,"column":26},"end":{"line":334,"column":13}},"93":{"start":{"line":332,"column":31},"end":{"line":332,"column":57}},"94":{"start":{"line":336,"column":12},"end":{"line":336,"column":51}},"95":{"start":{"line":338,"column":12},"end":{"line":342,"column":14}},"96":{"start":{"line":344,"column":12},"end":{"line":344,"column":60}},"97":{"start":{"line":346,"column":12},"end":{"line":349,"column":15}},"98":{"start":{"line":351,"column":12},"end":{"line":354,"column":14}},"99":{"start":{"line":364,"column":29},"end":{"line":364,"column":90}},"100":{"start":{"line":366,"column":8},"end":{"line":399,"column":9}},"101":{"start":{"line":367,"column":12},"end":{"line":373,"column":13}},"102":{"start":{"line":368,"column":16},"end":{"line":368,"column":75}},"103":{"start":{"line":369,"column":16},"end":{"line":372,"column":18}},"104":{"start":{"line":375,"column":27},"end":{"line":375,"column":78}},"105":{"start":{"line":377,"column":12},"end":{"line":377,"column":79}},"106":{"start":{"line":379,"column":12},"end":{"line":385,"column":14}},"107":{"start":{"line":387,"column":12},"end":{"line":387,"column":60}},"108":{"start":{"line":389,"column":12},"end":{"line":393,"column":15}},"109":{"start":{"line":395,"column":12},"end":{"line":398,"column":14}},"110":{"start":{"line":403,"column":0},"end":{"line":403,"column":45}}},"fnMap":{"0":{"name":"(anonymous_0)","decl":{"start":{"line":7,"column":4},"end":{"line":7,"column":5}},"loc":{"start":{"line":7,"column":70},"end":{"line":11,"column":5}},"line":7},"1":{"name":"(anonymous_1)","decl":{"start":{"line":18,"column":4},"end":{"line":18,"column":5}},"loc":{"start":{"line":18,"column":36},"end":{"line":30,"column":5}},"line":18},"2":{"name":"(anonymous_2)","decl":{"start":{"line":26,"column":62},"end":{"line":26,"column":63}},"loc":{"start":{"line":26,"column":69},"end":{"line":26,"column":77}},"line":26},"3":{"name":"(anonymous_3)","decl":{"start":{"line":29,"column":36},"end":{"line":29,"column":37}},"loc":{"start":{"line":29,"column":44},"end":{"line":29,"column":73}},"line":29},"4":{"name":"(anonymous_4)","decl":{"start":{"line":36,"column":4},"end":{"line":36,"column":5}},"loc":{"start":{"line":36,"column":20},"end":{"line":132,"column":5}},"line":36},"5":{"name":"(anonymous_5)","decl":{"start":{"line":47,"column":50},"end":{"line":47,"column":51}},"loc":{"start":{"line":47,"column":58},"end":{"line":47,"column":75}},"line":47},"6":{"name":"(anonymous_6)","decl":{"start":{"line":48,"column":65},"end":{"line":48,"column":66}},"loc":{"start":{"line":49,"column":16},"end":{"line":49,"column":45}},"line":49},"7":{"name":"(anonymous_7)","decl":{"start":{"line":51,"column":54},"end":{"line":51,"column":55}},"loc":{"start":{"line":51,"column":62},"end":{"line":51,"column":79}},"line":51},"8":{"name":"(anonymous_8)","decl":{"start":{"line":52,"column":51},"end":{"line":52,"column":52}},"loc":{"start":{"line":52,"column":59},"end":{"line":52,"column":74}},"line":52},"9":{"name":"(anonymous_9)","decl":{"start":{"line":138,"column":4},"end":{"line":138,"column":5}},"loc":{"start":{"line":138,"column":31},"end":{"line":166,"column":5}},"line":138},"10":{"name":"(anonymous_10)","decl":{"start":{"line":143,"column":58},"end":{"line":143,"column":59}},"loc":{"start":{"line":143,"column":66},"end":{"line":143,"column":83}},"line":143},"11":{"name":"(anonymous_11)","decl":{"start":{"line":149,"column":49},"end":{"line":149,"column":50}},"loc":{"start":{"line":149,"column":65},"end":{"line":149,"column":88}},"line":149},"12":{"name":"(anonymous_12)","decl":{"start":{"line":172,"column":4},"end":{"line":172,"column":5}},"loc":{"start":{"line":172,"column":31},"end":{"line":200,"column":5}},"line":172},"13":{"name":"(anonymous_13)","decl":{"start":{"line":177,"column":58},"end":{"line":177,"column":59}},"loc":{"start":{"line":177,"column":66},"end":{"line":177,"column":83}},"line":177},"14":{"name":"(anonymous_14)","decl":{"start":{"line":183,"column":49},"end":{"line":183,"column":50}},"loc":{"start":{"line":183,"column":65},"end":{"line":183,"column":88}},"line":183},"15":{"name":"(anonymous_15)","decl":{"start":{"line":206,"column":4},"end":{"line":206,"column":5}},"loc":{"start":{"line":206,"column":46},"end":{"line":234,"column":5}},"line":206},"16":{"name":"(anonymous_16)","decl":{"start":{"line":211,"column":58},"end":{"line":211,"column":59}},"loc":{"start":{"line":211,"column":66},"end":{"line":211,"column":95}},"line":211},"17":{"name":"(anonymous_17)","decl":{"start":{"line":217,"column":49},"end":{"line":217,"column":50}},"loc":{"start":{"line":217,"column":65},"end":{"line":217,"column":88}},"line":217},"18":{"name":"(anonymous_18)","decl":{"start":{"line":240,"column":4},"end":{"line":240,"column":5}},"loc":{"start":{"line":240,"column":35},"end":{"line":268,"column":5}},"line":240},"19":{"name":"(anonymous_19)","decl":{"start":{"line":245,"column":58},"end":{"line":245,"column":59}},"loc":{"start":{"line":245,"column":66},"end":{"line":245,"column":83}},"line":245},"20":{"name":"(anonymous_20)","decl":{"start":{"line":251,"column":49},"end":{"line":251,"column":50}},"loc":{"start":{"line":251,"column":65},"end":{"line":251,"column":88}},"line":251},"21":{"name":"(anonymous_21)","decl":{"start":{"line":275,"column":4},"end":{"line":275,"column":5}},"loc":{"start":{"line":275,"column":37},"end":{"line":319,"column":5}},"line":275},"22":{"name":"(anonymous_22)","decl":{"start":{"line":293,"column":16},"end":{"line":293,"column":17}},"loc":{"start":{"line":293,"column":24},"end":{"line":293,"column":63}},"line":293},"23":{"name":"(anonymous_23)","decl":{"start":{"line":300,"column":49},"end":{"line":300,"column":50}},"loc":{"start":{"line":300,"column":65},"end":{"line":300,"column":88}},"line":300},"24":{"name":"(anonymous_24)","decl":{"start":{"line":325,"column":4},"end":{"line":325,"column":5}},"loc":{"start":{"line":325,"column":34},"end":{"line":356,"column":5}},"line":325},"25":{"name":"(anonymous_25)","decl":{"start":{"line":330,"column":66},"end":{"line":330,"column":67}},"loc":{"start":{"line":330,"column":74},"end":{"line":330,"column":91}},"line":330},"26":{"name":"(anonymous_26)","decl":{"start":{"line":332,"column":16},"end":{"line":332,"column":17}},"loc":{"start":{"line":332,"column":31},"end":{"line":332,"column":57}},"line":332},"27":{"name":"(anonymous_27)","decl":{"start":{"line":363,"column":4},"end":{"line":363,"column":5}},"loc":{"start":{"line":363,"column":40},"end":{"line":400,"column":5}},"line":363}},"branchMap":{"0":{"loc":{"start":{"line":93,"column":24},"end":{"line":99,"column":31}},"type":"cond-expr","locations":[{"start":{"line":94,"column":30},"end":{"line":98,"column":31}},{"start":{"line":99,"column":30},"end":{"line":99,"column":31}}],"line":93},"1":{"loc":{"start":{"line":101,"column":24},"end":{"line":107,"column":31}},"type":"cond-expr","locations":[{"start":{"line":102,"column":30},"end":{"line":106,"column":31}},{"start":{"line":107,"column":30},"end":{"line":107,"column":31}}],"line":101},"2":{"loc":{"start":{"line":275,"column":27},"end":{"line":275,"column":35}},"type":"default-arg","locations":[{"start":{"line":275,"column":34},"end":{"line":275,"column":35}}],"line":275},"3":{"loc":{"start":{"line":279,"column":12},"end":{"line":285,"column":13}},"type":"if","locations":[{"start":{"line":279,"column":12},"end":{"line":285,"column":13}},{"start":{},"end":{}}],"line":279},"4":{"loc":{"start":{"line":279,"column":16},"end":{"line":279,"column":38}},"type":"binary-expr","locations":[{"start":{"line":279,"column":16},"end":{"line":279,"column":24}},{"start":{"line":279,"column":28},"end":{"line":279,"column":38}}],"line":279},"5":{"loc":{"start":{"line":363,"column":24},"end":{"line":363,"column":38}},"type":"default-arg","locations":[{"start":{"line":363,"column":33},"end":{"line":363,"column":38}}],"line":363},"6":{"loc":{"start":{"line":367,"column":12},"end":{"line":373,"column":13}},"type":"if","locations":[{"start":{"line":367,"column":12},"end":{"line":373,"column":13}},{"start":{},"end":{}}],"line":367}},"s":{"0":21,"1":21,"2":21,"3":14,"4":13,"5":13,"6":4,"7":13,"8":22,"9":8,"10":8,"11":8,"12":6,"13":5,"14":4,"15":5,"16":4,"17":5,"18":4,"19":5,"20":4,"21":5,"22":5,"23":5,"24":3,"25":3,"26":3,"27":1,"28":1,"29":1,"30":1,"31":2,"32":1,"33":1,"34":1,"35":0,"36":0,"37":0,"38":1,"39":1,"40":1,"41":1,"42":2,"43":1,"44":1,"45":1,"46":0,"47":0,"48":0,"49":1,"50":1,"51":1,"52":1,"53":2,"54":1,"55":1,"56":1,"57":0,"58":0,"59":0,"60":1,"61":1,"62":1,"63":1,"64":2,"65":1,"66":1,"67":1,"68":0,"69":0,"70":0,"71":2,"72":2,"73":2,"74":1,"75":1,"76":1,"77":1,"78":1,"79":1,"80":2,"81":1,"82":1,"83":1,"84":0,"85":0,"86":0,"87":1,"88":1,"89":1,"90":1,"91":2,"92":1,"93":1,"94":1,"95":1,"96":0,"97":0,"98":0,"99":2,"100":2,"101":2,"102":1,"103":1,"104":1,"105":1,"106":1,"107":0,"108":0,"109":0,"110":3},"f":{"0":21,"1":14,"2":4,"3":22,"4":8,"5":4,"6":4,"7":4,"8":4,"9":1,"10":2,"11":1,"12":1,"13":2,"14":1,"15":1,"16":2,"17":1,"18":1,"19":2,"20":1,"21":2,"22":2,"23":1,"24":1,"25":2,"26":1,"27":2},"b":{"0":[4,1],"1":[4,1],"2":[0],"3":[1,1],"4":[2,1],"5":[0],"6":[1,1]},"_coverageSchema":"1a1c01bbd47fc00a2c39e90264f33305004495a9","hash":"de89a33b36e3f30bf306e46d1a5c2134afa23cee"}
,"C:\\Users\\diego.zazueta\\Desktop\\Invitacion-boda\\backend\\src\\application\\usecases\\GetInvitationUseCase.js": {"path":"C:\\Users\\diego.zazueta\\Desktop\\Invitacion-boda\\backend\\src\\application\\usecases\\GetInvitationUseCase.js","statementMap":{"0":{"start":{"line":8,"column":8},"end":{"line":8,"column":57}},"1":{"start":{"line":9,"column":8},"end":{"line":9,"column":29}},"2":{"start":{"line":18,"column":29},"end":{"line":18,"column":82}},"3":{"start":{"line":20,"column":8},"end":{"line":67,"column":9}},"4":{"start":{"line":21,"column":12},"end":{"line":27,"column":13}},"5":{"start":{"line":22,"column":16},"end":{"line":22,"column":73}},"6":{"start":{"line":23,"column":16},"end":{"line":26,"column":18}},"7":{"start":{"line":29,"column":31},"end":{"line":29,"column":79}},"8":{"start":{"line":31,"column":12},"end":{"line":37,"column":13}},"9":{"start":{"line":32,"column":16},"end":{"line":32,"column":70}},"10":{"start":{"line":33,"column":16},"end":{"line":36,"column":18}},"11":{"start":{"line":40,"column":12},"end":{"line":46,"column":13}},"12":{"start":{"line":41,"column":16},"end":{"line":41,"column":69}},"13":{"start":{"line":42,"column":16},"end":{"line":45,"column":18}},"14":{"start":{"line":48,"column":12},"end":{"line":48,"column":44}},"15":{"start":{"line":49,"column":12},"end":{"line":53,"column":14}},"16":{"start":{"line":55,"column":12},"end":{"line":55,"column":60}},"17":{"start":{"line":57,"column":12},"end":{"line":61,"column":15}},"18":{"start":{"line":63,"column":12},"end":{"line":66,"column":14}},"19":{"start":{"line":76,"column":29},"end":{"line":76,"column":85}},"20":{"start":{"line":78,"column":8},"end":{"line":146,"column":9}},"21":{"start":{"line":87,"column":16},"end":{"line":87,"column":23}},"22":{"start":{"line":90,"column":12},"end":{"line":96,"column":13}},"23":{"start":{"line":91,"column":16},"end":{"line":91,"column":79}},"24":{"start":{"line":92,"column":16},"end":{"line":95,"column":18}},"25":{"start":{"line":98,"column":28},"end":{"line":102,"column":13}},"26":{"start":{"line":104,"column":31},"end":{"line":109,"column":13}},"27":{"start":{"line":111,"column":27},"end":{"line":111,"column":93}},"28":{"start":{"line":113,"column":12},"end":{"line":118,"column":15}},"29":{"start":{"line":120,"column":12},"end":{"line":132,"column":14}},"30":{"start":{"line":122,"column":59},"end":{"line":122,"column":80}},"31":{"start":{"line":134,"column":12},"end":{"line":134,"column":60}},"32":{"start":{"line":136,"column":12},"end":{"line":140,"column":15}},"33":{"start":{"line":142,"column":12},"end":{"line":145,"column":14}},"34":{"start":{"line":155,"column":29},"end":{"line":155,"column":86}},"35":{"start":{"line":157,"column":8},"end":{"line":188,"column":9}},"36":{"start":{"line":158,"column":12},"end":{"line":164,"column":13}},"37":{"start":{"line":159,"column":16},"end":{"line":159,"column":80}},"38":{"start":{"line":160,"column":16},"end":{"line":163,"column":18}},"39":{"start":{"line":166,"column":32},"end":{"line":166,"column":89}},"40":{"start":{"line":168,"column":12},"end":{"line":168,"column":71}},"41":{"start":{"line":170,"column":12},"end":{"line":174,"column":14}},"42":{"start":{"line":172,"column":59},"end":{"line":172,"column":80}},"43":{"start":{"line":176,"column":12},"end":{"line":176,"column":60}},"44":{"start":{"line":178,"column":12},"end":{"line":182,"column":15}},"45":{"start":{"line":184,"column":12},"end":{"line":187,"column":14}},"46":{"start":{"line":196,"column":29},"end":{"line":196,"column":77}},"47":{"start":{"line":198,"column":8},"end":{"line":220,"column":9}},"48":{"start":{"line":199,"column":26},"end":{"line":199,"column":68}},"49":{"start":{"line":201,"column":12},"end":{"line":201,"column":44}},"50":{"start":{"line":203,"column":12},"end":{"line":207,"column":14}},"51":{"start":{"line":209,"column":12},"end":{"line":209,"column":60}},"52":{"start":{"line":211,"column":12},"end":{"line":214,"column":15}},"53":{"start":{"line":216,"column":12},"end":{"line":219,"column":14}},"54":{"start":{"line":229,"column":29},"end":{"line":229,"column":88}},"55":{"start":{"line":231,"column":8},"end":{"line":264,"column":9}},"56":{"start":{"line":232,"column":12},"end":{"line":238,"column":13}},"57":{"start":{"line":233,"column":16},"end":{"line":233,"column":75}},"58":{"start":{"line":234,"column":16},"end":{"line":237,"column":18}},"59":{"start":{"line":240,"column":27},"end":{"line":240,"column":76}},"60":{"start":{"line":242,"column":12},"end":{"line":242,"column":79}},"61":{"start":{"line":244,"column":12},"end":{"line":250,"column":14}},"62":{"start":{"line":252,"column":12},"end":{"line":252,"column":60}},"63":{"start":{"line":254,"column":12},"end":{"line":258,"column":15}},"64":{"start":{"line":260,"column":12},"end":{"line":263,"column":14}},"65":{"start":{"line":268,"column":0},"end":{"line":268,"column":38}}},"fnMap":{"0":{"name":"(anonymous_0)","decl":{"start":{"line":7,"column":4},"end":{"line":7,"column":5}},"loc":{"start":{"line":7,"column":46},"end":{"line":10,"column":5}},"line":7},"1":{"name":"(anonymous_1)","decl":{"start":{"line":17,"column":4},"end":{"line":17,"column":5}},"loc":{"start":{"line":17,"column":24},"end":{"line":68,"column":5}},"line":17},"2":{"name":"(anonymous_2)","decl":{"start":{"line":75,"column":4},"end":{"line":75,"column":5}},"loc":{"start":{"line":75,"column":38},"end":{"line":147,"column":5}},"line":75},"3":{"name":"(anonymous_3)","decl":{"start":{"line":122,"column":45},"end":{"line":122,"column":46}},"loc":{"start":{"line":122,"column":59},"end":{"line":122,"column":80}},"line":122},"4":{"name":"(anonymous_4)","decl":{"start":{"line":154,"column":4},"end":{"line":154,"column":5}},"loc":{"start":{"line":154,"column":30},"end":{"line":189,"column":5}},"line":154},"5":{"name":"(anonymous_5)","decl":{"start":{"line":172,"column":45},"end":{"line":172,"column":46}},"loc":{"start":{"line":172,"column":59},"end":{"line":172,"column":80}},"line":172},"6":{"name":"(anonymous_6)","decl":{"start":{"line":195,"column":4},"end":{"line":195,"column":5}},"loc":{"start":{"line":195,"column":28},"end":{"line":221,"column":5}},"line":195},"7":{"name":"(anonymous_7)","decl":{"start":{"line":228,"column":4},"end":{"line":228,"column":5}},"loc":{"start":{"line":228,"column":40},"end":{"line":265,"column":5}},"line":228}},"branchMap":{"0":{"loc":{"start":{"line":21,"column":12},"end":{"line":27,"column":13}},"type":"if","locations":[{"start":{"line":21,"column":12},"end":{"line":27,"column":13}},{"start":{},"end":{}}],"line":21},"1":{"loc":{"start":{"line":21,"column":16},"end":{"line":21,"column":49}},"type":"binary-expr","locations":[{"start":{"line":21,"column":16},"end":{"line":21,"column":21}},{"start":{"line":21,"column":25},"end":{"line":21,"column":49}}],"line":21},"2":{"loc":{"start":{"line":31,"column":12},"end":{"line":37,"column":13}},"type":"if","locations":[{"start":{"line":31,"column":12},"end":{"line":37,"column":13}},{"start":{},"end":{}}],"line":31},"3":{"loc":{"start":{"line":40,"column":12},"end":{"line":46,"column":13}},"type":"if","locations":[{"start":{"line":40,"column":12},"end":{"line":46,"column":13}},{"start":{},"end":{}}],"line":40},"4":{"loc":{"start":{"line":75,"column":24},"end":{"line":75,"column":36}},"type":"default-arg","locations":[{"start":{"line":75,"column":34},"end":{"line":75,"column":36}}],"line":75},"5":{"loc":{"start":{"line":80,"column":16},"end":{"line":80,"column":24}},"type":"default-arg","locations":[{"start":{"line":80,"column":23},"end":{"line":80,"column":24}}],"line":80},"6":{"loc":{"start":{"line":81,"column":16},"end":{"line":81,"column":26}},"type":"default-arg","locations":[{"start":{"line":81,"column":24},"end":{"line":81,"column":26}}],"line":81},"7":{"loc":{"start":{"line":82,"column":16},"end":{"line":82,"column":36}},"type":"default-arg","locations":[{"start":{"line":82,"column":25},"end":{"line":82,"column":36}}],"line":82},"8":{"loc":{"start":{"line":83,"column":16},"end":{"line":83,"column":34}},"type":"default-arg","locations":[{"start":{"line":83,"column":28},"end":{"line":83,"column":34}}],"line":83},"9":{"loc":{"start":{"line":84,"column":16},"end":{"line":84,"column":29}},"type":"default-arg","locations":[{"start":{"line":84,"column":25},"end":{"line":84,"column":29}}],"line":84},"10":{"loc":{"start":{"line":85,"column":16},"end":{"line":85,"column":32}},"type":"default-arg","locations":[{"start":{"line":85,"column":28},"end":{"line":85,"column":32}}],"line":85},"11":{"loc":{"start":{"line":86,"column":16},"end":{"line":86,"column":29}},"type":"default-arg","locations":[{"start":{"line":86,"column":25},"end":{"line":86,"column":29}}],"line":86},"12":{"loc":{"start":{"line":90,"column":12},"end":{"line":96,"column":13}},"type":"if","locations":[{"start":{"line":90,"column":12},"end":{"line":96,"column":13}},{"start":{},"end":{}}],"line":90},"13":{"loc":{"start":{"line":90,"column":16},"end":{"line":90,"column":52}},"type":"binary-expr","locations":[{"start":{"line":90,"column":16},"end":{"line":90,"column":24}},{"start":{"line":90,"column":28},"end":{"line":90,"column":37}},{"start":{"line":90,"column":41},"end":{"line":90,"column":52}}],"line":90},"14":{"loc":{"start":{"line":158,"column":12},"end":{"line":164,"column":13}},"type":"if","locations":[{"start":{"line":158,"column":12},"end":{"line":164,"column":13}},{"start":{},"end":{}}],"line":158},"15":{"loc":{"start":{"line":158,"column":16},"end":{"line":158,"column":75}},"type":"binary-expr","locations":[{"start":{"line":158,"column":16},"end":{"line":158,"column":21}},{"start":{"line":158,"column":25},"end":{"line":158,"column":49}},{"start":{"line":158,"column":53},"end":{"line":158,"column":75}}],"line":158},"16":{"loc":{"start":{"line":228,"column":24},"end":{"line":228,"column":38}},"type":"default-arg","locations":[{"start":{"line":228,"column":33},"end":{"line":228,"column":38}}],"line":228},"17":{"loc":{"start":{"line":232,"column":12},"end":{"line":238,"column":13}},"type":"if","locations":[{"start":{"line":232,"column":12},"end":{"line":238,"column":13}},{"start":{},"end":{}}],"line":232}},"s":{"0":22,"1":22,"2":8,"3":8,"4":8,"5":2,"6":2,"7":6,"8":4,"9":1,"10":1,"11":3,"12":1,"13":1,"14":2,"15":2,"16":2,"17":2,"18":2,"19":4,"20":4,"21":4,"22":4,"23":1,"24":1,"25":3,"26":3,"27":3,"28":2,"29":2,"30":2,"31":1,"32":1,"33":1,"34":4,"35":4,"36":4,"37":2,"38":2,"39":2,"40":1,"41":1,"42":2,"43":1,"44":1,"45":1,"46":2,"47":2,"48":2,"49":1,"50":1,"51":1,"52":1,"53":1,"54":4,"55":4,"56":4,"57":1,"58":1,"59":3,"60":2,"61":2,"62":1,"63":1,"64":1,"65":3},"f":{"0":22,"1":8,"2":4,"3":2,"4":4,"5":2,"6":2,"7":4},"b":{"0":[2,6],"1":[8,7],"2":[1,3],"3":[1,2],"4":[2],"5":[2],"6":[2],"7":[4],"8":[4],"9":[3],"10":[3],"11":[3],"12":[1,3],"13":[4,3,3],"14":[2,2],"15":[4,4,3],"16":[1],"17":[1,3]},"_coverageSchema":"1a1c01bbd47fc00a2c39e90264f33305004495a9","hash":"b8a5ce9dd321ed7958983dba63dcdaa883eeea7f"}
,"C:\\Users\\diego.zazueta\\Desktop\\Invitacion-boda\\backend\\src\\core\\entities\\Confirmation.js": {"path":"C:\\Users\\diego.zazueta\\Desktop\\Invitacion-boda\\backend\\src\\core\\entities\\Confirmation.js","statementMap":{"0":{"start":{"line":18,"column":8},"end":{"line":27,"column":11}},"1":{"start":{"line":29,"column":8},"end":{"line":29,"column":26}},"2":{"start":{"line":30,"column":8},"end":{"line":30,"column":38}},"3":{"start":{"line":31,"column":8},"end":{"line":31,"column":48}},"4":{"start":{"line":32,"column":8},"end":{"line":32,"column":88}},"5":{"start":{"line":33,"column":8},"end":{"line":33,"column":28}},"6":{"start":{"line":34,"column":8},"end":{"line":34,"column":56}},"7":{"start":{"line":35,"column":8},"end":{"line":35,"column":32}},"8":{"start":{"line":36,"column":8},"end":{"line":36,"column":68}},"9":{"start":{"line":41,"column":8},"end":{"line":41,"column":26}},"10":{"start":{"line":44,"column":8},"end":{"line":44,"column":32}},"11":{"start":{"line":47,"column":8},"end":{"line":47,"column":37}},"12":{"start":{"line":50,"column":8},"end":{"line":50,"column":41}},"13":{"start":{"line":53,"column":8},"end":{"line":53,"column":27}},"14":{"start":{"line":56,"column":8},"end":{"line":56,"column":41}},"15":{"start":{"line":59,"column":8},"end":{"line":59,"column":29}},"16":{"start":{"line":62,"column":8},"end":{"line":62,"column":33}},"17":{"start":{"line":72,"column":8},"end":{"line":72,"column":38}},"18":{"start":{"line":75,"column":8},"end":{"line":78,"column":9}},"19":{"start":{"line":76,"column":12},"end":{"line":76,"column":38}},"20":{"start":{"line":77,"column":12},"end":{"line":77,"column":38}},"21":{"start":{"line":80,"column":8},"end":{"line":80,"column":20}},"22":{"start":{"line":88,"column":8},"end":{"line":90,"column":9}},"23":{"start":{"line":89,"column":12},"end":{"line":89,"column":85}},"24":{"start":{"line":92,"column":8},"end":{"line":94,"column":9}},"25":{"start":{"line":93,"column":12},"end":{"line":93,"column":79}},"26":{"start":{"line":96,"column":8},"end":{"line":96,"column":48}},"27":{"start":{"line":99,"column":8},"end":{"line":101,"column":9}},"28":{"start":{"line":100,"column":12},"end":{"line":100,"column":82}},"29":{"start":{"line":103,"column":8},"end":{"line":103,"column":20}},"30":{"start":{"line":111,"column":8},"end":{"line":113,"column":9}},"31":{"start":{"line":112,"column":12},"end":{"line":112,"column":75}},"32":{"start":{"line":115,"column":27},"end":{"line":117,"column":9}},"33":{"start":{"line":116,"column":20},"end":{"line":116,"column":70}},"34":{"start":{"line":119,"column":8},"end":{"line":123,"column":9}},"35":{"start":{"line":120,"column":12},"end":{"line":122,"column":14}},"36":{"start":{"line":125,"column":8},"end":{"line":125,"column":67}},"37":{"start":{"line":125,"column":54},"end":{"line":125,"column":65}},"38":{"start":{"line":126,"column":8},"end":{"line":126,"column":20}},"39":{"start":{"line":134,"column":8},"end":{"line":136,"column":9}},"40":{"start":{"line":135,"column":12},"end":{"line":135,"column":62}},"41":{"start":{"line":138,"column":8},"end":{"line":138,"column":34}},"42":{"start":{"line":139,"column":8},"end":{"line":139,"column":20}},"43":{"start":{"line":147,"column":8},"end":{"line":149,"column":9}},"44":{"start":{"line":148,"column":12},"end":{"line":148,"column":79}},"45":{"start":{"line":151,"column":8},"end":{"line":151,"column":62}},"46":{"start":{"line":152,"column":8},"end":{"line":152,"column":20}},"47":{"start":{"line":160,"column":8},"end":{"line":162,"column":9}},"48":{"start":{"line":161,"column":12},"end":{"line":161,"column":61}},"49":{"start":{"line":164,"column":8},"end":{"line":164,"column":38}},"50":{"start":{"line":165,"column":8},"end":{"line":165,"column":20}},"51":{"start":{"line":173,"column":8},"end":{"line":173,"column":32}},"52":{"start":{"line":181,"column":8},"end":{"line":181,"column":33}},"53":{"start":{"line":189,"column":8},"end":{"line":189,"column":69}},"54":{"start":{"line":197,"column":8},"end":{"line":197,"column":59}},"55":{"start":{"line":205,"column":8},"end":{"line":205,"column":47}},"56":{"start":{"line":213,"column":8},"end":{"line":213,"column":45}},"57":{"start":{"line":221,"column":8},"end":{"line":221,"column":80}},"58":{"start":{"line":229,"column":8},"end":{"line":231,"column":9}},"59":{"start":{"line":230,"column":12},"end":{"line":230,"column":33}},"60":{"start":{"line":233,"column":27},"end":{"line":233,"column":81}},"61":{"start":{"line":234,"column":8},"end":{"line":234,"column":69}},"62":{"start":{"line":242,"column":8},"end":{"line":251,"column":10}},"63":{"start":{"line":260,"column":8},"end":{"line":260,"column":38}},"64":{"start":{"line":270,"column":8},"end":{"line":276,"column":11}},"65":{"start":{"line":288,"column":8},"end":{"line":294,"column":11}},"66":{"start":{"line":310,"column":12},"end":{"line":310,"column":18}},"67":{"start":{"line":312,"column":8},"end":{"line":314,"column":9}},"68":{"start":{"line":313,"column":12},"end":{"line":313,"column":89}},"69":{"start":{"line":316,"column":8},"end":{"li
[...]
":{"line":260,"column":20},"end":{"line":260,"column":65}},"86":{"start":{"line":261,"column":23},"end":{"line":293,"column":17}},"87":{"start":{"line":262,"column":20},"end":{"line":265,"column":21}},"88":{"start":{"line":263,"column":24},"end":{"line":263,"column":69}},"89":{"start":{"line":264,"column":24},"end":{"line":264,"column":33}},"90":{"start":{"line":267,"column":20},"end":{"line":270,"column":21}},"91":{"start":{"line":268,"column":24},"end":{"line":268,"column":98}},"92":{"start":{"line":269,"column":24},"end":{"line":269,"column":33}},"93":{"start":{"line":272,"column":20},"end":{"line":275,"column":21}},"94":{"start":{"line":273,"column":24},"end":{"line":273,"column":100}},"95":{"start":{"line":274,"column":24},"end":{"line":274,"column":33}},"96":{"start":{"line":278,"column":20},"end":{"line":282,"column":21}},"97":{"start":{"line":279,"column":24},"end":{"line":279,"column":88}},"98":{"start":{"line":279,"column":61},"end":{"line":279,"column":86}},"99":{"start":{"line":281,"column":24},"end":{"line":281,"column":49}},"100":{"start":{"line":283,"column":23},"end":{"line":293,"column":17}},"101":{"start":{"line":284,"column":20},"end":{"line":287,"column":21}},"102":{"start":{"line":285,"column":24},"end":{"line":285,"column":71}},"103":{"start":{"line":286,"column":24},"end":{"line":286,"column":33}},"104":{"start":{"line":289,"column":20},"end":{"line":289,"column":45}},"105":{"start":{"line":292,"column":20},"end":{"line":292,"column":45}},"106":{"start":{"line":295,"column":16},"end":{"line":295,"column":77}},"107":{"start":{"line":299,"column":8},"end":{"line":303,"column":10}},"108":{"start":{"line":311,"column":8},"end":{"line":370,"column":10}},"109":{"start":{"line":378,"column":8},"end":{"line":410,"column":10}},"110":{"start":{"line":419,"column":22},"end":{"line":419,"column":57}},"111":{"start":{"line":420,"column":8},"end":{"line":420,"column":48}},"112":{"start":{"line":429,"column":22},"end":{"line":429,"column":59}},"113":{"start":{"line":430,"column":8},"end":{"line":430,"column":48}},"114":{"start":{"line":438,"column":8},"end":{"line":438,"column":53}},"115":{"start":{"line":442,"column":0},"end":{"line":442,"column":35}}},"fnMap":{"0":{"name":"(anonymous_0)","decl":{"start":{"line":10,"column":4},"end":{"line":10,"column":5}},"loc":{"start":{"line":10,"column":18},"end":{"line":23,"column":5}},"line":10},"1":{"name":"(anonymous_1)","decl":{"start":{"line":30,"column":4},"end":{"line":30,"column":5}},"loc":{"start":{"line":30,"column":25},"end":{"line":35,"column":5}},"line":30},"2":{"name":"(anonymous_2)","decl":{"start":{"line":42,"column":4},"end":{"line":42,"column":5}},"loc":{"start":{"line":42,"column":25},"end":{"line":52,"column":5}},"line":42},"3":{"name":"(anonymous_3)","decl":{"start":{"line":59,"column":4},"end":{"line":59,"column":5}},"loc":{"start":{"line":59,"column":30},"end":{"line":64,"column":5}},"line":59},"4":{"name":"(anonymous_4)","decl":{"start":{"line":71,"column":4},"end":{"line":71,"column":5}},"loc":{"start":{"line":71,"column":23},"end":{"line":82,"column":5}},"line":71},"5":{"name":"(anonymous_5)","decl":{"start":{"line":89,"column":4},"end":{"line":89,"column":5}},"loc":{"start":{"line":89,"column":33},"end":{"line":94,"column":5}},"line":89},"6":{"name":"(anonymous_6)","decl":{"start":{"line":103,"column":4},"end":{"line":103,"column":5}},"loc":{"start":{"line":103,"column":41},"end":{"line":105,"column":5}},"line":103},"7":{"name":"(anonymous_7)","decl":{"start":{"line":114,"column":4},"end":{"line":114,"column":5}},"loc":{"start":{"line":114,"column":52},"end":{"line":120,"column":5}},"line":114},"8":{"name":"(anonymous_8)","decl":{"start":{"line":127,"column":4},"end":{"line":127,"column":5}},"loc":{"start":{"line":127,"column":24},"end":{"line":133,"column":5}},"line":127},"9":{"name":"(anonymous_9)","decl":{"start":{"line":140,"column":4},"end":{"line":140,"column":5}},"loc":{"start":{"line":140,"column":25},"end":{"line":150,"column":5}},"line":140},"10":{"name":"(anonymous_10)","decl":{"start":{"line":157,"column":4},"end":{"line":157,"column":5}},"loc":{"start":{"line":157,"column":25},"end":{"line":167,"column":5}},"line":157},"11":{"name":"(anonymous_11)","decl":{"start":{"line":175,"column":4},"end":{"line":175,"column":5}},"loc":{"start":{"line":175,"column":32},"end":{"line":304,"column":5}},"line":175},"12":{"name":"(anonymous_12)","decl":{"start":{"line":279,"column":53},"end":{"line":279,"column":54}},"loc":{"start":{"line":279,"column":61},"end":{"line":279,"column":86}},"line":279},"13":{"name":"(anonymous_13)","decl":{"start":{"line":310,"column":4},"end":{"line":310,"column":5}},"loc":{"start":{"line":310,"column":35},"end":{"line":371,"column":5}},"line":310},"14":{"name":"(anonymous_14)","decl":{"start":{"line":377,"column":4},"end":{"line":377,"column":5}},"loc":{"start":{"line":377,"column":37},"end":{"line":411,"column":5}},"line":377},"15":{"name":"(anonymous_15)","decl":{"start":{"line":418,"column":4},"end":{"line":418,"column":5}},"loc":{"start":{"line":418,"column":33},"end":{"line":421,"column":5}},"line":418},"16":{"name":"(anonymous_16)","decl":{"start":{"line":428,"column":4},"end":{"line":428,"column":5}},"loc":{"start":{"line":428,"column":35},"end":{"line":431,"column":5}},"line":428},"17":{"name":"(anonymous_17)","decl":{"start":{"line":437,"column":4},"end":{"line":437,"column":5}},"loc":{"start":{"line":437,"column":29},"end":{"line":439,"column":5}},"line":437}},"branchMap":{"0":{"loc":{"start":{"line":31,"column":8},"end":{"line":33,"column":9}},"type":"if","locations":[{"start":{"line":31,"column":8},"end":{"line":33,"column":9}},{"start":{},"end":{}}],"line":31},"1":{"loc":{"start":{"line":31,"column":12},"end":{"line":31,"column":47}},"type":"binary-expr","locations":[{"start":{"line":31,"column":12},"end":{"line":31,"column":18}},{"start":{"line":31,"column":22},"end":{"line":31,"column":47}}],"line":31},"2":{"loc":{"start":{"line":43,"column":8},"end":{"line":45,"column":9}},"type":"if","locations":[{"start":{"line":43,"column":8},"end":{"line":45,"column":9}},{"start":{},"end":{}}],"line":43},"3":{"loc":{"start":{"line":43,"column":12},"end":{"line":43,"column":47}},"type":"binary-expr","locations":[{"start":{"line":43,"column":12},"end":{"line":43,"column":18}},{"start":{"line":43,"column":22},"end":{"line":43,"column":47}}],"line":43},"4":{"loc":{"start":{"line":60,"column":8},"end":{"line":62,"column":9}},"type":"if","locations":[{"start":{"line":60,"column":8},"end":{"line":62,"column":9}},{"start":{},"end":{}}],"line":60},"5":{"loc":{"start":{"line":60,"column":12},"end":{"line":60,"column":47}},"type":"binary-expr","locations":[{"start":{"line":60,"column":12},"end":{"line":60,"column":18}},{"start":{"line":60,"column":22},"end":{"line":60,"column":47}}],"line":60},"6":{"loc":{"start":{"line":72,"column":8},"end":{"line":74,"column":9}},"type":"if","locations":[{"start":{"line":72,"column":8},"end":{"line":74,"column":9}},{"start":{},"end":{}}],"line":72},"7":{"loc":{"start":{"line":72,"column":12},"end":{"line":72,"column":45}},"type":"binary-expr","locations":[{"start":{"line":72,"column":12},"end":{"line":72,"column":17}},{"start":{"line":72,"column":21},"end":{"line":72,"column":45}}],"line":72},"8":{"loc":{"start":{"line":78,"column":12},"end":{"line":80,"column":48}},"type":"binary-expr","locations":[{"start":{"line":78,"column":12},"end":{"line":78,"column":35}},{"start":{"line":79,"column":12},"end":{"line":79,"column":37}},{"start":{"line":80,"column":12},"end":{"line":80,"column":48}}],"line":78},"9":{"loc":{"start":{"line":90,"column":8},"end":{"line":92,"column":9}},"type":"if","locations":[{"start":{"line":90,"column":8},"end":{"line":92,"column":9}},{"start":{},"end":{}}],"line":90},"10":{"loc":{"start":{"line":90,"column":12},"end":{"line":90,"column":45}},"type":"binary-expr","locations":[{"start":{"line":90,"column":12},"end":{"line":90,"column":17}},{"start":{"line":90,"column":21},"end":{"line":90,"column":45}}],"line":90},"11":{"loc":{"start":{"line":104,"column":15},"end":{"line":104,"column":89}},"type":"binary-expr","locations":[{"start":{"line":104,"column":15},"end":{"line":104,"column":40}},{"start":{"line":104,"column":44},"end":{"line":104,"column":57}},{"start":{"line":104,"column":61},"end":{"line":104,"column":73}},{"start":{"line":104,"column":77},"end":{"line":104,"column":89}}],"line":104},"12":{"loc":{"start":{"line":115,"column":8},"end":{"line":117,"column":9}},"type":"if","locations":[{"start":{"line":115,"column":8},"end":{"line":117,"column":9}},{"start":{},"end":{}}],"line":115},"13":{"loc":{"start":{"line":119,"column":15},"end":{"line":119,"column":57}},"type":"binary-expr","locations":[{"start":{"line":119,"column":15},"end":{"line":119,"column":34}},{"start":{"line":119,"column":38},"end":{"line":119,"column":57}}],"line":119},"14":{"loc":{"start":{"line":128,"column":8},"end":{"line":130,"column":9}},"type":"if","locations":[{"start":{"line":128,"column":8},"end":{"line":130,"column":9}},{"start":{},"end":{}}],"line":128},"15":{"loc":{"start":{"line":128,"column":12},"end":{"line":128,"column":43}},"type":"binary-expr","locations":[{"start":{"line":128,"column":12},"end":{"line":128,"column":16}},{"start":{"line":128,"column":20},"end":{"line":128,"column":43}}],"line":128},"16":{"loc":{"start":{"line":141,"column":8},"end":{"line":143,"column":9}},"type":"if","locations":[{"start":{"line":141,"column":8},"end":{"line":143,"column":9}},{"start":{},"end":{}}],"line":141},"17":{"loc":{"start":{"line":141,"column":12},"end":{"line":141,"column":47}},"type":"binary-expr","locations":[{"start":{"line":141,"column":12},"end":{"line":141,"column":18}},{"start":{"line":141,"column":22},"end":{"line":141,"column":47}}],"line":141},"18":{"loc":{"start":{"line":158,"column":8},"end":{"line":160,"column":9}},"type":"if","locations":[{"start":{"line":158,"column":8},"end":{"line":160,"column":9}},{"start":{},"end":{}}],"line":158},"19":{"loc":{"start":{"line":158,"column":12},"end":{"line":158,"column":47}},"type":"binary-expr","locations":[{"start":{"line":158,"column":12},"end":{"line":158,"column":18}},{"start":{"line":158,"column":22},"end":{"line":158,"column":47}}],"line":158},"20":{"loc":{"start":{"line":184,"column":16},"end":{"line":187,"column":17}},"type":"if","locations":[{"start":{"line":184,"column":16},"end":{"line":187,"column":17}},{"start":{},"end":{}}],"line":184},"21":{"loc":{"start":{"line":184,"column":20},"end":{"line":184,"column":92}},"type":"binary-expr","locations":[{"start":{"line":184,"column":20},"end":{"line":184,"column":33}},{"start":{"line":184,"column":38},"end":{"line":184,"column":57}},{"start":{"line":184,"column":61},"end":{"line":184,"column":75}},{"start":{"line":184,"column":79},"end":{"line":184,"column":91}}],"line":184},"22":{"loc":{"start":{"line":190,"column":16},"end":{"line":196,"column":17}},"type":"if","locations":[{"start":{"line":190,"column":16},"end":{"line":196,"column":17}},{"start":{},"end":{}}],"line":190},"23":{"loc":{"start":{"line":190,"column":20},"end":{"line":190,"column":93}},"type":"binary-expr","locations":[{"start":{"line":190,"column":20},"end":{"line":190,"column":34}},{"start":{"line":190,"column":39},"end":{"line":190,"column":58}},{"start":{"line":190,"column":62},"end":{"line":190,"column":76}},{"start":{"line":190,"column":80},"end":{"line":190,"column":92}}],"line":190},"24":{"loc":{"start":{"line":192,"column":20},"end":{"line":194,"column":21}},"type":"if","locations":[{"start":{"line":192,"column":20},"end":{"line":194,"column":21}},{"start":{},"end":{}}],"line":192},"25":{"loc":{"start":{"line":199,"column":16},"end":{"line":293,"column":17}},"type":"if","locations":[{"start":{"line":199,"column":16},"end":{"line":293,"column":17}},{"start":{"line":223,"column":23},"end":{"line":293,"column":17}}],"line":199},"26":{"loc":{"start":{"line":200,"column":20},"end":{"line":203,"column":21}},"type":"if","locations":[{"start":{"line":200,"column":20},"end":{"line":203,"column":21}},{"start":{},"end":{}}],"line":200},"27":{"loc":{"start":{"line":207,"column":20},"end":{"line":210,"column":21}},"type":"if","locations":[{"start":{"line":207,"column":20},"end":{"line":210,"column":21}},{"start":{},"end":{}}],"line":207},"28":{"loc":{"start":{"line":207,"column":24},"end":{"line":207,"column":80}},"type":"binary-expr","locations":[{"start":{"line":207,"column":24},"end":{"line":207,"column":38}},{"start":{"line":207,"column":42},"end":{"line":207,"column":80}}],"line":207},"29":{"loc":{"start":{"line":212,"column":20},"end":{"line":215,"column":21}},"type":"if","locations":[{"start":{"line":212,"column":20},"end":{"line":215,"column":21}},{"start":{},"end":{}}],"line":212},"30":{"loc":{"start":{"line":212,"column":24},"end":{"line":212,"column":80}},"type":"binary-expr","locations":[{"start":{"line":212,"column":24},"end":{"line":212,"column":38}},{"start":{"line":212,"column":42},"end":{"line":212,"column":80}}],"line":212},"31":{"loc":{"start":{"line":217,"column":20},"end":{"line":220,"column":21}},"type":"if","locations":[{"start":{"line":217,"column":20},"end":{"line":220,"column":21}},{"start":{},"end":{}}],"line":217},"32":{"loc":{"start":{"line":217,"column":24},"end":{"line":217,"column":74}},"type":"binary-expr","locations":[{"start":{"line":217,"column":24},"end":{"line":217,"column":36}},{"start":{"line":217,"column":40},"end":{"line":217,"column":74}}],"line":217},"33":{"loc":{"start":{"line":223,"column":23},"end":{"line":293,"column":17}},"type":"if","locations":[{"start":{"line":223,"column":23},"end":{"line":293,"column":17}},{"start":{"line":247,"column":23},"end":{"line":293,"column":17}}],"line":223},"34":{"loc":{"start":{"line":226,"column":20},"end":{"line":229,"column":21}},"type":"if","locations":[{"start":{"line":226,"column":20},"end":{"line":229,"column":21}},{"start":{},"end":{}}],"line":226},"35":{"loc":{"start":{"line":231,"column":20},"end":{"line":234,"column":21}},"type":"if","locations":[{"start":{"line":231,"column":20},"end":{"line":234,"column":21}},{"start":{},"end":{}}],"line":231},"36":{"loc":{"start":{"line":231,"column":24},"end":{"line":231,"column":69}},"type":"binary-expr","locations":[{"start":{"line":231,"column":24},"end":{"line":231,"column":46}},{"start":{"line":231,"column":50},"end":{"line":231,"column":69}}],"line":231},"37":{"loc":{"start":{"line":236,"column":20},"end":{"line":239,"column":21}},"type":"if","locations":[{"start":{"line":236,"column":20},"end":{"line":239,"column":21}},{"start":{},"end":{}}],"line":236},"38":{"loc":{"start":{"line":236,"column":24},"end":{"line":236,"column":69}},"type":"binary-expr","locations":[{"start":{"line":236,"column":24},"end":{"line":236,"column":46}},{"start":{"line":236,"column":50},"end":{"line":236,"column":69}}],"line":236},"39":{"loc":{"start":{"line":241,"column":20},"end":{"line":244,"column":21}},"type":"if","locations":[{"start":{"line":241,"column":20},"end":{"line":244,"column":21}},{"start":{},"end":{}}],"line":241},"40":{"loc":{"start":{"line":241,"column":24},"end":{"line":241,"column":67}},"type":"binary-expr","locations":[{"start":{"line":241,"column":24},"end":{"line":241,"column":36}},{"start":{"line":241,"column":40},"end":{"line":241,"column":67}}],"line":241},"41":{"loc":{"start":{"line":247,"column":23},"end":{"line":293,"column":17}},"type":"if","locations":[{"start":{"line":247,"column":23},"end":{"line":293,"column":17}},{"start":{"line":254,"column":23},"end":{"line":293,"column":17}}],"line":247},"42":{"loc":{"start":{"line":248,"column":20},"end":{"line":251,"column":21}},"type":"if","locations":[{"start":{"line":248,"column":20},"end":{"line":251,"column":21}},{"start":{},"end":{}}],"line":248},"43":{"loc":{"start":{"line":254,"column":23},"end":{"line":293,"column":17}},"type":"if","locations":[{"start":{"line":254,"column":23},"end":{"line":293,"column":17}},{"start":{"line":261,"column":23},"end":{"line":293,"column":17}}],"line":254},"44":{"loc":{"start":{"line":255,"column":20},"end":{"line":258,"column":21}},"type":"if","locations":[{"start":{"line":255,"column":20},"end":{"line":258,"column":21}},{"start":{},"end":{}}],"line":255},"45":{"loc":{"start":{"line":261,"column":23},"end":{"line":293,"column":17}},"type":"if","locations":[{"start":{"line":261,"column":23},"end":{"line":293,"column":17}},{"start":{"line":283,"column":23},"end":{"line":293,"column":17}}],"line":261},"46":{"loc":{"start":{"line":262,"column":20},"end":{"line":265,"column":21}},"type":"if","locations":[{"start":{"line":262,"column":20},"end":{"line":265,"column":21}},{"start":{},"end":{}}],"line":262},"47":{"loc":{"start":{"line":267,"column":20},"end":{"line":270,"column":21}},"type":"if","locations":[{"start":{"line":267,"column":20},"end":{"line":270,"column":21}},{"start":{},"end":{}}],"line":267},"48":{"loc":{"start":{"line":267,"column":24},"end":{"line":267,"column":69}},"type":"binary-expr","locations":[{"start":{"line":267,"column":24},"end":{"line":267,"column":37}},{"start":{"line":267,"column":41},"end":{"line":267,"column":69}}],"line":267},"49":{"loc":{"start":{"line":272,"column":20},"end":{"line":275,"column":21}},"type":"if","locations":[{"start":{"line":272,"column":20},"end":{"line":275,"column":21}},{"start":{},"end":{}}],"line":272},"50":{"loc":{"start":{"line":272,"column":24},"end":{"line":272,"column":69}},"type":"binary-expr","locations":[{"start":{"line":272,"column":24},"end":{"line":272,"column":37}},{"start":{"line":272,"column":41},"end":{"line":272,"column":69}}],"line":272},"51":{"loc":{"start":{"line":278,"column":20},"end":{"line":282,"column":21}},"type":"if","locations":[{"start":{"line":278,"column":20},"end":{"line":282,"column":21}},{"start":{"line":280,"column":27},"end":{"line":282,"column":21}}],"line":278},"52":{"loc":{"start":{"line":283,"column":23},"end":{"line":293,"column":17}},"type":"if","locations":[{"start":{"line":283,"column":23},"end":{"line":293,"column":17}},{"start":{"line":290,"column":23},"end":{"line":293,"column":17}}],"line":283},"53":{"loc":{"start":{"line":284,"column":20},"end":{"line":287,"column":21}},"type":"if","locations":[{"start":{"line":284,"column":20},"end":{"line":287,"column":21}},{"start":{},"end":{}}],"line":284}},"s":{"0":2,"1":2,"2":2,"3":0,"4":0,"5":0,"6":1,"7":0,"8":1,"9":1,"10":5,"11":0,"12":5,"13":0,"14":0,"15":0,"16":0,"17":14,"18":0,"19":14,"20":0,"21":0,"22":0,"23":0,"24":0,"25":24,"26":0,"27":24,"28":8,"29":0,"30":8,"31":0,"32":0,"33":0,"34":11,"35":11,"36":11,"37":84,"38":84,"39":84,"40":0,"41":0,"42":84,"43":44,"44":0,"45":44,"46":40,"47":5,"48":0,"49":0,"50":5,"51":5,"52":0,"53":0,"54":5,"55":0,"56":0,"57":5,"58":0,"59":0,"60":5,"61":35,"62":17,"63":17,"64":0,"65":0,"66":17,"67":1,"68":1,"69":16,"70":0,"71":0,"72":16,"73":0,"74":0,"75":16,"76":18,"77":0,"78":0,"79":0,"80":0,"81":18,"82":5,"83":0,"84":0,"85":5,"86":13,"87":8,"88":1,"89":1,"90":7,"91":0,"92":0,"93":7,"94":0,"95":0,"96":7,"97":7,"98":10,"99":0,"100":5,"101":5,"102":1,"103":1,"104":4,"105":0,"106":0,"107":11,"108":6,"109":5,"110":6,"111":6,"112":5,"113":5,"114":3,"115":2},"f":{"0":2,"1":0,"2":1,"3":5,"4":0,"5":14,"6":0,"7":0,"8":24,"9":8,"10":0,"11":11,"12":10,"13":6,"14":5,"15":6,"16":5,"17":3},"b":{"0":[0,0],"1":[0,0],"2":[0,1],"3":[1,1],"4":[0,5],"5":[5,5],"6":[0,0],"7":[0,0],"8":[0,0,0],"9":[0,14],"10":[14,14],"11":[0,0,0,0],"12":[0,0],"13":[0,0],"14":[0,24],"15":[24,24],"16":[0,8],"17":[8,8],"18":[0,0],"19":[0,0],"20":[0,84],"21":[84,17,17,17],"22":[44,40],"23":[84,67,23,23],"24":[0,44],"25":[5,35],"26":[0,5],"27":[0,5],"28":[5,0],"29":[0,5],"30":[5,5],"31":[0,5],"32":[5,0],"33":[17,18],"34":[0,17],"35":[1,16],"36":[17,17],"37":[0,16],"38":[16,16],"39":[0,16],"40":[16,16],"41":[0,18],"42":[0,0],"43":[5,13],"44":[0,5],"45":[8,5],"46":[1,7],"47":[0,7],"48":[7,6],"49":[0,7],"50":[7,7],"51":[7,0],"52":[5,0],"53":[1,4]},"_coverageSchema":"1a1c01bbd47fc00a2c39e90264f33305004495a9","hash":"3d902c35109d444792d18d6357ecac5d7f008d3e"}
}
