TN:
SF:frontend\dashboard\js\dashboard-api.js
FN:10,(anonymous_0)
FN:23,(anonymous_1)
FN:48,(anonymous_2)
FN:61,(anonymous_3)
FN:78,(anonymous_4)
FN:117,(anonymous_5)
FN:148,(anonymous_6)
FN:166,(anonymous_7)
FN:171,(anonymous_8)
FN:216,(anonymous_9)
FN:239,(anonymous_10)
FN:260,(anonymous_11)
FN:274,(anonymous_12)
FN:282,(anonymous_13)
FN:291,(anonymous_14)
FN:299,(anonymous_15)
FN:316,(anonymous_16)
FN:320,(anonymous_17)
FN:338,(anonymous_18)
FN:371,(anonymous_19)
FN:386,(anonymous_20)
FN:421,(anonymous_21)
FN:422,(anonymous_22)
FN:438,(anonymous_23)
FN:489,(anonymous_24)
FN:498,(anonymous_25)
FN:516,(anonymous_26)
FN:527,(anonymous_27)
FN:592,(anonymous_28)
FN:629,getBackendUrl
FN:648,(anonymous_30)
FN:657,(anonymous_31)
FN:669,(anonymous_32)
FN:678,(anonymous_33)
FNF:34
FNH:0
FNDA:0,(anonymous_0)
FNDA:0,(anonymous_1)
FNDA:0,(anonymous_2)
FNDA:0,(anonymous_3)
FNDA:0,(anonymous_4)
FNDA:0,(anonymous_5)
FNDA:0,(anonymous_6)
FNDA:0,(anonymous_7)
FNDA:0,(anonymous_8)
FNDA:0,(anonymous_9)
FNDA:0,(anonymous_10)
FNDA:0,(anonymous_11)
FNDA:0,(anonymous_12)
FNDA:0,(anonymous_13)
FNDA:0,(anonymous_14)
FNDA:0,(anonymous_15)
FNDA:0,(anonymous_16)
FNDA:0,(anonymous_17)
FNDA:0,(anonymous_18)
FNDA:0,(anonymous_19)
FNDA:0,(anonymous_20)
FNDA:0,(anonymous_21)
FNDA:0,(anonymous_22)
FNDA:0,(anonymous_23)
FNDA:0,(anonymous_24)
FNDA:0,(anonymous_25)
FNDA:0,(anonymous_26)
FNDA:0,(anonymous_27)
FNDA:0,(anonymous_28)
FNDA:0,getBackendUrl
FNDA:0,(anonymous_30)
FNDA:0,(anonymous_31)
FNDA:0,(anonymous_32)
FNDA:0,(anonymous_33)
DA:11,0
DA:12,0
DA:17,0
DA:25,0
DA:26,0
DA:27,0
DA:28,0
DA:33,0
DA:35,0
DA:36,0
DA:37,0
DA:38,0
DA:39,0
DA:49,0
DA:50,0
DA:52,0
DA:62,0
DA:70,0
DA:80,0
DA:81,0
DA:88,0
DA:89,0
DA:96,0
DA:97,0
DA:104,0
DA:118,0
DA:119,0
DA:120,0
DA:128,0
DA:129,0
DA:130,0
DA:131,0
DA:134,0
DA:135,0
DA:140,0
DA:149,0
DA:151,0
DA:152,0
DA:158,0
DA:168,0
DA:171,0
DA:172,0
DA:173,0
DA:177,0
DA:178,0
DA:180,0
DA:182,0
DA:184,0
DA:186,0
DA:188,0
DA:189,0
DA:192,0
DA:193,0
DA:196,0
DA:197,0
DA:201,0
DA:208,0
DA:217,0
DA:222,0
DA:223,0
DA:230,0
DA:240,0
DA:245,0
DA:246,0
DA:252,0
DA:261,0
DA:265,0
DA:275,0
DA:277,0
DA:278,0
DA:281,0
DA:283,0
DA:287,0
DA:288,0
DA:289,0
DA:291,0
DA:292,0
DA:293,0
DA:298,0
DA:299,0
DA:302,0
DA:308,0
DA:317,0
DA:319,0
DA:320,0
DA:321,0
DA:324,0
DA:331,0
DA:339,0
DA:340,0
DA:341,0
DA:345,0
DA:346,0
DA:349,0
DA:350,0
DA:351,0
DA:352,0
DA:353,0
DA:354,0
DA:355,0
DA:356,0
DA:357,0
DA:359,0
DA:361,0
DA:372,0
DA:386,0
DA:387,0
DA:390,0
DA:391,0
DA:392,0
DA:393,0
DA:397,0
DA:398,0
DA:402,0
DA:420,0
DA:421,0
DA:422,0
DA:426,0
DA:427,0
DA:428,0
DA:429,0
DA:430,0
DA:439,0
DA:441,0
DA:443,0
DA:444,0
DA:452,0
DA:457,0
DA:458,0
DA:459,0
DA:467,0
DA:474,0
DA:490,0
DA:491,0
DA:492,0
DA:498,0
DA:499,0
DA:502,0
DA:503,0
DA:504,0
DA:505,0
DA:508,0
DA:509,0
DA:510,0
DA:513,0
DA:516,0
DA:517,0
DA:518,0
DA:520,0
DA:525,0
DA:527,0
DA:528,0
DA:531,0
DA:532,0
DA:535,0
DA:536,0
DA:538,0
DA:542,0
DA:543,0
DA:545,0
DA:548,0
DA:549,0
DA:553,0
DA:554,0
DA:556,0
DA:557,0
DA:563,0
DA:564,0
DA:567,0
DA:568,0
DA:572,0
DA:574,0
DA:576,0
DA:580,0
DA:583,0
DA:593,0
DA:594,0
DA:595,0
DA:597,0
DA:598,0
DA:600,0
DA:601,0
DA:603,0
DA:604,0
DA:607,0
DA:609,0
DA:611,0
DA:612,0
DA:614,0
DA:619,0
DA:621,0
DA:631,0
DA:632,0
DA:634,0
DA:637,0
DA:642,0
DA:649,0
DA:658,0
DA:659,0
DA:661,0
DA:670,0
DA:679,0
LF:202
LH:0
BRDA:26,0,0,0
BRDA:26,0,1,0
BRDA:33,1,0,0
BRDA:33,1,1,0
BRDA:33,1,2,0
BRDA:35,2,0,0
BRDA:35,2,1,0
BRDA:36,3,0,0
BRDA:36,3,1,0
BRDA:36,4,0,0
BRDA:36,4,1,0
BRDA:49,5,0,0
BRDA:49,5,1,0
BRDA:70,6,0,0
BRDA:70,6,1,0
BRDA:80,7,0,0
BRDA:80,7,1,0
BRDA:80,8,0,0
BRDA:80,8,1,0
BRDA:88,9,0,0
BRDA:88,9,1,0
BRDA:96,10,0,0
BRDA:96,10,1,0
BRDA:106,11,0,0
BRDA:106,11,1,0
BRDA:117,12,0,0
BRDA:128,13,0,0
BRDA:128,13,1,0
BRDA:151,14,0,0
BRDA:151,14,1,0
BRDA:154,15,0,0
BRDA:154,15,1,0
BRDA:166,16,0,0
BRDA:172,17,0,0
BRDA:172,17,1,0
BRDA:172,18,0,0
BRDA:172,18,1,0
BRDA:172,18,2,0
BRDA:178,19,0,0
BRDA:178,19,1,0
BRDA:182,20,0,0
BRDA:182,20,1,0
BRDA:186,21,0,0
BRDA:186,21,1,0
BRDA:188,22,0,0
BRDA:188,22,1,0
BRDA:188,23,0,0
BRDA:188,23,1,0
BRDA:192,24,0,0
BRDA:192,24,1,0
BRDA:196,25,0,0
BRDA:196,25,1,0
BRDA:196,26,0,0
BRDA:196,26,1,0
BRDA:222,27,0,0
BRDA:222,27,1,0
BRDA:245,28,0,0
BRDA:245,28,1,0
BRDA:274,29,0,0
BRDA:274,30,0,0
BRDA:277,31,0,0
BRDA:277,31,1,0
BRDA:278,32,0,0
BRDA:278,32,1,0
BRDA:283,33,0,0
BRDA:283,33,1,0
BRDA:283,33,2,0
BRDA:287,34,0,0
BRDA:287,34,1,0
BRDA:316,35,0,0
BRDA:319,36,0,0
BRDA:319,36,1,0
BRDA:321,37,0,0
BRDA:321,37,1,0
BRDA:345,38,0,0
BRDA:345,38,1,0
BRDA:371,39,0,0
BRDA:390,40,0,0
BRDA:390,40,1,0
BRDA:392,41,0,0
BRDA:392,41,1,0
BRDA:393,42,0,0
BRDA:393,42,1,0
BRDA:397,43,0,0
BRDA:397,43,1,0
BRDA:398,44,0,0
BRDA:398,44,1,0
BRDA:399,45,0,0
BRDA:399,45,1,0
BRDA:407,46,0,0
BRDA:407,46,1,0
BRDA:409,47,0,0
BRDA:409,47,1,0
BRDA:409,48,0,0
BRDA:409,48,1,0
BRDA:410,49,0,0
BRDA:410,49,1,0
BRDA:412,50,0,0
BRDA:412,50,1,0
BRDA:413,51,0,0
BRDA:413,51,1,0
BRDA:443,52,0,0
BRDA:443,52,1,0
BRDA:457,53,0,0
BRDA:457,53,1,0
BRDA:458,54,0,0
BRDA:458,54,1,0
BRDA:461,55,0,0
BRDA:461,55,1,0
BRDA:462,56,0,0
BRDA:462,56,1,0
BRDA:463,57,0,0
BRDA:463,57,1,0
BRDA:491,58,0,0
BRDA:491,58,1,0
BRDA:504,59,0,0
BRDA:504,59,1,0
BRDA:509,60,0,0
BRDA:509,60,1,0
BRDA:517,61,0,0
BRDA:517,61,1,0
BRDA:520,62,0,0
BRDA:520,62,1,0
BRDA:520,62,2,0
BRDA:520,62,3,0
BRDA:520,62,4,0
BRDA:520,62,5,0
BRDA:520,62,6,0
BRDA:520,62,7,0
BRDA:520,62,8,0
BRDA:520,62,9,0
BRDA:520,62,10,0
BRDA:520,62,11,0
BRDA:520,62,12,0
BRDA:520,62,13,0
BRDA:520,62,14,0
BRDA:520,62,15,0
BRDA:531,63,0,0
BRDA:531,63,1,0
BRDA:535,64,0,0
BRDA:535,64,1,0
BRDA:535,65,0,0
BRDA:535,65,1,0
BRDA:536,66,0,0
BRDA:536,66,1,0
BRDA:542,67,0,0
BRDA:542,67,1,0
BRDA:548,68,0,0
BRDA:548,68,1,0
BRDA:553,69,0,0
BRDA:553,69,1,0
BRDA:556,70,0,0
BRDA:556,70,1,0
BRDA:563,71,0,0
BRDA:563,71,1,0
BRDA:563,72,0,0
BRDA:563,72,1,0
BRDA:567,73,0,0
BRDA:567,73,1,0
BRDA:567,74,0,0
BRDA:567,74,1,0
BRDA:572,75,0,0
BRDA:572,75,1,0
BRDA:572,76,0,0
BRDA:572,76,1,0
BRDA:572,76,2,0
BRDA:574,77,0,0
BRDA:574,77,1,0
BRDA:574,78,0,0
BRDA:574,78,1,0
BRDA:574,79,0,0
BRDA:574,79,1,0
BRDA:576,80,0,0
BRDA:576,80,1,0
BRDA:600,81,0,0
BRDA:600,81,1,0
BRDA:601,82,0,0
BRDA:601,82,1,0
BRDA:601,83,0,0
BRDA:601,83,1,0
BRDA:609,84,0,0
BRDA:609,84,1,0
BRDA:609,85,0,0
BRDA:609,85,1,0
BRDA:631,86,0,0
BRDA:631,86,1,0
BRDA:631,87,0,0
BRDA:631,87,1,0
BRDA:649,88,0,0
BRDA:649,88,1,0
BRDA:658,89,0,0
BRDA:658,89,1,0
BRDA:661,90,0,0
BRDA:661,90,1,0
BRDA:670,91,0,0
BRDA:670,91,1,0
BRDA:679,92,0,0
BRDA:679,92,1,0
BRF:198
BRH:0
end_of_record
TN:
SF:frontend\dashboard\js\dashboard-constants.js
FNF:0
FNH:0
DA:4,0
DA:13,0
DA:22,0
DA:36,0
DA:38,0
DA:47,0
DA:55,0
DA:63,0
DA:71,0
DA:78,0
DA:88,0
DA:96,0
DA:106,0
DA:113,0
DA:124,0
DA:131,0
DA:137,0
DA:145,0
DA:164,0
DA:182,0
LF:20
LH:0
BRF:0
BRH:0
end_of_record
TN:
SF:frontend\dashboard\js\dashboard-main.js
FN:14,(anonymous_0)
FN:23,(anonymous_1)
FN:39,(anonymous_2)
FN:67,(anonymous_3)
FN:103,(anonymous_4)
FN:128,(anonymous_5)
FN:170,(anonymous_6)
FN:198,(anonymous_7)
FN:200,(anonymous_8)
FN:247,(anonymous_9)
FN:253,(anonymous_10)
FN:259,(anonymous_11)
FN:266,(anonymous_12)
FN:267,(anonymous_13)
FN:271,(anonymous_14)
FN:274,(anonymous_15)
FN:304,(anonymous_16)
FN:310,(anonymous_17)
FN:316,(anonymous_18)
FN:322,(anonymous_19)
FN:328,(anonymous_20)
FNF:21
FNH:0
FNDA:0,(anonymous_0)
FNDA:0,(anonymous_1)
FNDA:0,(anonymous_2)
FNDA:0,(anonymous_3)
FNDA:0,(anonymous_4)
FNDA:0,(anonymous_5)
FNDA:0,(anonymous_6)
FNDA:0,(anonymous_7)
FNDA:0,(anonymous_8)
FNDA:0,(anonymous_9)
FNDA:0,(anonymous_10)
FNDA:0,(anonymous_11)
FNDA:0,(anonymous_12)
FNDA:0,(anonymous_13)
FNDA:0,(anonymous_14)
FNDA:0,(anonymous_15)
FNDA:0,(anonymous_16)
FNDA:0,(anonymous_17)
FNDA:0,(anonymous_18)
FNDA:0,(anonymous_19)
FNDA:0,(anonymous_20)
DA:15,0
DA:16,0
DA:17,0
DA:18,0
DA:19,0
DA:20,0
DA:24,0
DA:26,0
DA:28,0
DA:29,0
DA:30,0
DA:31,0
DA:33,0
DA:35,0
DA:40,0
DA:42,0
DA:43,0
DA:44,0
DA:47,0
DA:49,0
DA:51,0
DA:57,0
DA:58,0
DA:59,0
DA:60,0
DA:63,0
DA:68,0
DA:69,0
DA:72,0
DA:74,0
DA:75,0
DA:76,0
DA:79,0
DA:80,0
DA:81,0
DA:84,0
DA:85,0
DA:86,0
DA:89,0
DA:90,0
DA:91,0
DA:92,0
DA:95,0
DA:96,0
DA:97,0
DA:100,0
DA:104,0
DA:105,0
DA:106,0
DA:109,0
DA:128,0
DA:129,0
DA:130,0
DA:131,0
DA:133,0
DA:134,0
DA:135,0
DA:136,0
DA:137,0
DA:139,0
DA:140,0
DA:141,0
DA:142,0
DA:144,0
DA:145,0
DA:147,0
DA:148,0
DA:150,0
DA:151,0
DA:153,0
DA:154,0
DA:157,0
DA:166,0
DA:167,0
DA:171,0
DA:172,0
DA:173,0
DA:175,0
DA:176,0
DA:178,0
DA:179,0
DA:181,0
DA:182,0
DA:184,0
DA:189,0
DA:192,0
DA:193,0
DA:194,0
DA:195,0
DA:200,0
DA:201,0
DA:202,0
DA:203,0
DA:206,0
DA:207,0
DA:209,0
DA:211,0
DA:215,0
DA:217,0
DA:219,0
DA:220,0
DA:222,0
DA:224,0
DA:225,0
DA:227,0
DA:229,0
DA:233,0
DA:235,0
DA:237,0
DA:241,0
DA:243,0
DA:247,0
DA:248,0
DA:249,0
DA:253,0
DA:254,0
DA:255,0
DA:259,0
DA:260,0
DA:261,0
DA:267,0
DA:268,0
DA:271,0
DA:275,0
DA:276,0
DA:279,0
DA:281,0
DA:282,0
DA:284,0
DA:285,0
DA:287,0
DA:289,0
DA:290,0
DA:292,0
DA:294,0
DA:295,0
DA:297,0
DA:304,0
DA:305,0
DA:306,0
DA:310,0
DA:311,0
DA:312,0
DA:316,0
DA:317,0
DA:318,0
DA:322,0
DA:323,0
DA:324,0
DA:328,0
DA:329,0
DA:330,0
LF:152
LH:0
BRDA:42,0,0,0
BRDA:42,0,1,0
BRDA:49,1,0,0
BRDA:49,1,1,0
BRDA:57,2,0,0
BRDA:57,2,1,0
BRDA:68,3,0,0
BRDA:68,3,1,0
BRDA:75,4,0,0
BRDA:75,4,1,0
BRDA:80,5,0,0
BRDA:80,5,1,0
BRDA:85,6,0,0
BRDA:85,6,1,0
BRDA:90,7,0,0
BRDA:90,7,1,0
BRDA:96,8,0,0
BRDA:96,8,1,0
BRDA:96,9,0,0
BRDA:96,9,1,0
BRDA:105,10,0,0
BRDA:105,10,1,0
BRDA:133,11,0,0
BRDA:133,11,1,0
BRDA:144,12,0,0
BRDA:144,12,1,0
BRDA:147,13,0,0
BRDA:147,13,1,0
BRDA:150,14,0,0
BRDA:150,14,1,0
BRDA:153,15,0,0
BRDA:153,15,1,0
BRDA:202,16,0,0
BRDA:202,16,1,0
BRDA:209,17,0,0
BRDA:209,17,1,0
BRDA:209,17,2,0
BRDA:209,17,3,0
BRDA:209,17,4,0
BRDA:211,18,0,0
BRDA:211,18,1,0
BRDA:212,19,0,0
BRDA:212,19,1,0
BRDA:219,20,0,0
BRDA:219,20,1,0
BRDA:219,21,0,0
BRDA:219,21,1,0
BRDA:224,22,0,0
BRDA:224,22,1,0
BRDA:224,23,0,0
BRDA:224,23,1,0
BRDA:229,24,0,0
BRDA:229,24,1,0
BRDA:230,25,0,0
BRDA:230,25,1,0
BRDA:237,26,0,0
BRDA:237,26,1,0
BRDA:238,27,0,0
BRDA:238,27,1,0
BRDA:248,28,0,0
BRDA:248,28,1,0
BRDA:254,29,0,0
BRDA:254,29,1,0
BRDA:260,30,0,0
BRDA:260,30,1,0
BRDA:260,31,0,0
BRDA:260,31,1,0
BRDA:275,32,0,0
BRDA:275,32,1,0
BRDA:282,33,0,0
BRDA:282,33,1,0
BRDA:282,33,2,0
BRDA:284,34,0,0
BRDA:284,34,1,0
BRDA:289,35,0,0
BRDA:289,35,1,0
BRDA:294,36,0,0
BRDA:294,36,1,0
BRDA:305,37,0,0
BRDA:305,37,1,0
BRDA:311,38,0,0
BRDA:311,38,1,0
BRDA:317,39,0,0
BRDA:317,39,1,0
BRDA:323,40,0,0
BRDA:323,40,1,0
BRF:86
BRH:0
end_of_record
TN:
SF:frontend\dashboard\js\dashboard-utils.js
FN:16,getInitials
FN:23,(anonymous_1)
FN:35,formatGuestNames
FN:40,(anonymous_3)
FN:40,(anonymous_4)
FN:43,(anonymous_5)
FN:66,getRandomGradient
FN:83,getTimeAgo
FN:117,getPassTypeText
FN:133,getTableNumber
FN:149,formatDate
FN:177,isValidPhone
FN:192,formatPhone
FN:218,calculatePercentageStats
FN:238,generateUniqueId
FN:248,debounce
FN:250,executedFunction
FN:251,(anonymous_17)
FN:265,escapeHtml
FN:273,(anonymous_19)
FN:282,getSafeValue
FN:291,updateStatsUI
FN:378,updateConfirmedChangeIndicator
FN:400,updateTargetElements
FN:405,(anonymous_24)
FN:425,getStatusBadge
FN:517,renderStatBadge
FN:569,getBadgeType
FN:591,renderTableRow
FN:609,renderInvitationRow
FN:621,(anonymous_30)
FN:625,(anonymous_31)
FN:626,(anonymous_32)
FN:642,(anonymous_33)
FN:697,renderRecentConfirmationRow
FN:711,(anonymous_35)
FN:717,(anonymous_36)
FN:718,(anonymous_37)
FN:737,(anonymous_38)
FN:789,renderCreateSectionRow
FN:813,(anonymous_40)
FN:859,updateTablePagination
FN:892,(anonymous_42)
FN:905,(anonymous_43)
FN:918,(anonymous_44)
FN:925,(anonymous_45)
FN:931,(anonymous_46)
FN:945,createPageButton
FN:963,calculatePaginationInfo
FNF:49
FNH:0
FNDA:0,getInitials
FNDA:0,(anonymous_1)
FNDA:0,formatGuestNames
FNDA:0,(anonymous_3)
FNDA:0,(anonymous_4)
FNDA:0,(anonymous_5)
FNDA:0,getRandomGradient
FNDA:0,getTimeAgo
FNDA:0,getPassTypeText
FNDA:0,getTableNumber
FNDA:0,formatDate
FNDA:0,isValidPhone
FNDA:0,formatPhone
FNDA:0,calculatePercentageStats
FNDA:0,generateUniqueId
FNDA:0,debounce
FNDA:0,executedFunction
FNDA:0,(anonymous_17)
FNDA:0,escapeHtml
FNDA:0,(anonymous_19)
FNDA:0,getSafeValue
FNDA:0,updateStatsUI
FNDA:0,updateConfirmedChangeIndicator
FNDA:0,updateTargetElements
FNDA:0,(anonymous_24)
FNDA:0,getStatusBadge
FNDA:0,renderStatBadge
FNDA:0,getBadgeType
FNDA:0,renderTableRow
FNDA:0,renderInvitationRow
FNDA:0,(anonymous_30)
FNDA:0,(anonymous_31)
FNDA:0,(anonymous_32)
FNDA:0,(anonymous_33)
FNDA:0,renderRecentConfirmationRow
FNDA:0,(anonymous_35)
FNDA:0,(anonymous_36)
FNDA:0,(anonymous_37)
FNDA:0,(anonymous_38)
FNDA:0,renderCreateSectionRow
FNDA:0,(anonymous_40)
FNDA:0,updateTablePagination
FNDA:0,(anonymous_42)
FNDA:0,(anonymous_43)
FNDA:0,(anonymous_44)
FNDA:0,(anonymous_45)
FNDA:0,(anonymous_46)
FNDA:0,createPageButton
FNDA:0,calculatePaginationInfo
DA:17,0
DA:18,0
DA:21,0
DA:23,0
DA:36,0
DA:37,0
DA:40,0
DA:42,0
DA:43,0
DA:46,0
DA:47,0
DA:49,0
DA:50,0
DA:52,0
DA:53,0
DA:56,0
DA:57,0
DA:58,0
DA:68,0
DA:72,0
DA:84,0
DA:85,0
DA:88,0
DA:89,0
DA:90,0
DA:91,0
DA:92,0
DA:94,0
DA:95,0
DA:96,0
DA:97,0
DA:98,0
DA:99,0
DA:100,0
DA:101,0
DA:102,0
DA:103,0
DA:105,0
DA:119,0
DA:120,0
DA:121,0
DA:122,0
DA:124,0
DA:135,0
DA:136,0
DA:137,0
DA:138,0
DA:140,0
DA:150,0
DA:151,0
DA:154,0
DA:155,0
DA:158,0
DA:164,0
DA:165,0
DA:166,0
DA:169,0
DA:178,0
DA:179,0
DA:182,0
DA:184,0
DA:193,0
DA:194,0
DA:198,0
DA:201,0
DA:202,0
DA:203,0
DA:205,0
DA:209,0
DA:219,0
DA:221,0
DA:222,0
DA:223,0
DA:224,0
DA:225,0
DA:228,0
DA:239,0
DA:250,0
DA:251,0
DA:252,0
DA:253,0
DA:255,0
DA:256,0
DA:266,0
DA:273,0
DA:283,0
DA:293,0
DA:294,0
DA:298,0
DA:299,0
DA:300,0
DA:303,0
DA:304,0
DA:305,0
DA:306,0
DA:308,0
DA:312,0
DA:313,0
DA:315,0
DA:317,0
DA:320,0
DA:324,0
DA:326,0
DA:331,0
DA:333,0
DA:336,0
DA:340,0
DA:341,0
DA:346,0
DA:351,0
DA:354,0
DA:357,0
DA:359,0
DA:363,0
DA:364,0
DA:365,0
DA:368,0
DA:369,0
DA:370,0
DA:379,0
DA:380,0
DA:381,0
DA:384,0
DA:385,0
DA:386,0
DA:387,0
DA:389,0
DA:390,0
DA:391,0
DA:401,0
DA:404,0
DA:405,0
DA:406,0
DA:410,0
DA:411,0
DA:412,0
DA:426,0
DA:429,0
DA:431,0
DA:432,0
DA:433,0
DA:434,0
DA:435,0
DA:437,0
DA:440,0
DA:441,0
DA:442,0
DA:443,0
DA:444,0
DA:445,0
DA:448,0
DA:449,0
DA:450,0
DA:451,0
DA:452,0
DA:453,0
DA:457,0
DA:458,0
DA:459,0
DA:460,0
DA:461,0
DA:462,0
DA:465,0
DA:466,0
DA:467,0
DA:468,0
DA:469,0
DA:470,0
DA:474,0
DA:475,0
DA:476,0
DA:477,0
DA:478,0
DA:479,0
DA:483,0
DA:485,0
DA:487,0
DA:492,0
DA:493,0
DA:494,0
DA:495,0
DA:497,0
DA:500,0
DA:518,0
DA:520,0
DA:521,0
DA:523,0
DA:526,0
DA:527,0
DA:528,0
DA:529,0
DA:530,0
DA:532,0
DA:535,0
DA:536,0
DA:541,0
DA:546,0
DA:547,0
DA:550,0
DA:555,0
DA:556,0
DA:559,0
DA:570,0
DA:572,0
DA:573,0
DA:575,0
DA:576,0
DA:578,0
DA:579,0
DA:581,0
DA:592,0
DA:594,0
DA:596,0
DA:599,0
DA:611,0
DA:612,0
DA:615,0
DA:616,0
DA:619,0
DA:620,0
DA:621,0
DA:622,0
DA:623,0
DA:625,0
DA:626,0
DA:631,0
DA:634,0
DA:635,0
DA:636,0
DA:640,0
DA:642,0
DA:646,0
DA:647,0
DA:648,0
DA:649,0
DA:653,0
DA:657,0
DA:699,0
DA:700,0
DA:704,0
DA:707,0
DA:708,0
DA:710,0
DA:711,0
DA:712,0
DA:713,0
DA:715,0
DA:717,0
DA:718,0
DA:719,0
DA:723,0
DA:724,0
DA:727,0
DA:728,0
DA:729,0
DA:732,0
DA:733,0
DA:736,0
DA:738,0
DA:739,0
DA:744,0
DA:745,0
DA:746,0
DA:748,0
DA:749,0
DA:751,0
DA:791,0
DA:792,0
DA:796,0
DA:797,0
DA:799,0
DA:800,0
DA:801,0
DA:802,0
DA:803,0
DA:804,0
DA:805,0
DA:811,0
DA:813,0
DA:817,0
DA:861,0
DA:863,0
DA:864,0
DA:865,0
DA:867,0
DA:868,0
DA:872,0
DA:873,0
DA:876,0
DA:878,0
DA:879,0
DA:883,0
DA:884,0
DA:886,0
DA:887,0
DA:891,0
DA:892,0
DA:893,0
DA:895,0
DA:896,0
DA:897,0
DA:898,0
DA:899,0
DA:904,0
DA:905,0
DA:906,0
DA:910,0
DA:911,0
DA:912,0
DA:913,0
DA:914,0
DA:915,0
DA:918,0
DA:919,0
DA:921,0
DA:925,0
DA:926,0
DA:927,0
DA:931,0
DA:932,0
DA:933,0
DA:946,0
DA:947,0
DA:948,0
DA:949,0
DA:950,0
DA:952,0
DA:953,0
DA:964,0
DA:965,0
DA:966,0
DA:968,0
LF:332
LH:0
BRDA:16,0,0,0
BRDA:17,1,0,0
BRDA:17,1,1,0
BRDA:17,2,0,0
BRDA:17,2,1,0
BRDA:35,3,0,0
BRDA:36,4,0,0
BRDA:36,4,1,0
BRDA:36,5,0,0
BRDA:36,5,1,0
BRDA:42,6,0,0
BRDA:42,6,1,0
BRDA:46,7,0,0
BRDA:46,7,1,0
BRDA:49,8,0,0
BRDA:49,8,1,0
BRDA:52,9,0,0
BRDA:52,9,1,0
BRDA:66,10,0,0
BRDA:68,11,0,0
BRDA:68,11,1,0
BRDA:84,12,0,0
BRDA:84,12,1,0
BRDA:84,13,0,0
BRDA:84,13,1,0
BRDA:94,14,0,0
BRDA:94,14,1,0
BRDA:96,15,0,0
BRDA:96,15,1,0
BRDA:97,16,0,0
BRDA:97,16,1,0
BRDA:98,17,0,0
BRDA:98,17,1,0
BRDA:99,18,0,0
BRDA:99,18,1,0
BRDA:100,19,0,0
BRDA:100,19,1,0
BRDA:102,20,0,0
BRDA:102,20,1,0
BRDA:119,21,0,0
BRDA:119,21,1,0
BRDA:119,22,0,0
BRDA:119,22,1,0
BRDA:121,23,0,0
BRDA:121,23,1,0
BRDA:149,24,0,0
BRDA:150,25,0,0
BRDA:150,25,1,0
BRDA:154,26,0,0
BRDA:154,26,1,0
BRDA:164,27,0,0
BRDA:164,27,1,0
BRDA:178,28,0,0
BRDA:178,28,1,0
BRDA:193,29,0,0
BRDA:193,29,1,0
BRDA:201,30,0,0
BRDA:201,30,1,0
BRDA:202,31,0,0
BRDA:202,31,1,0
BRDA:219,32,0,0
BRDA:219,32,1,0
BRDA:222,33,0,0
BRDA:222,33,1,0
BRDA:224,34,0,0
BRDA:224,34,1,0
BRDA:282,35,0,0
BRDA:283,36,0,0
BRDA:283,36,1,0
BRDA:283,37,0,0
BRDA:283,37,1,0
BRDA:291,38,0,0
BRDA:293,39,0,0
BRDA:293,39,1,0
BRDA:293,40,0,0
BRDA:293,40,1,0
BRDA:298,41,0,0
BRDA:298,41,1,0
BRDA:299,42,0,0
BRDA:299,42,1,0
BRDA:300,43,0,0
BRDA:300,43,1,0
BRDA:308,44,0,0
BRDA:308,44,1,0
BRDA:312,45,0,0
BRDA:312,45,1,0
BRDA:320,46,0,0
BRDA:320,46,1,0
BRDA:324,47,0,0
BRDA:324,47,1,0
BRDA:336,48,0,0
BRDA:336,48,1,0
BRDA:340,49,0,0
BRDA:340,49,1,0
BRDA:354,50,0,0
BRDA:354,50,1,0
BRDA:364,51,0,0
BRDA:364,51,1,0
BRDA:364,52,0,0
BRDA:364,52,1,0
BRDA:369,53,0,0
BRDA:369,53,1,0
BRDA:369,54,0,0
BRDA:369,54,1,0
BRDA:380,55,0,0
BRDA:380,55,1,0
BRDA:384,56,0,0
BRDA:384,56,1,0
BRDA:411,57,0,0
BRDA:411,57,1,0
BRDA:425,58,0,0
BRDA:426,59,0,0
BRDA:426,60,0,0
BRDA:426,61,0,0
BRDA:429,62,0,0
BRDA:429,62,1,0
BRDA:437,63,0,0
BRDA:437,63,1,0
BRDA:437,63,2,0
BRDA:437,63,3,0
BRDA:437,63,4,0
BRDA:437,63,5,0
BRDA:437,63,6,0
BRDA:437,63,7,0
BRDA:485,64,0,0
BRDA:485,64,1,0
BRDA:493,65,0,0
BRDA:493,65,1,0
BRDA:494,66,0,0
BRDA:494,66,1,0
BRDA:494,67,0,0
BRDA:494,67,1,0
BRDA:517,68,0,0
BRDA:517,69,0,0
BRDA:518,70,0,0
BRDA:518,71,0,0
BRDA:518,72,0,0
BRDA:518,73,0,0
BRDA:523,74,0,0
BRDA:523,74,1,0
BRDA:523,74,2,0
BRDA:523,74,3,0
BRDA:526,75,0,0
BRDA:526,75,1,0
BRDA:526,76,0,0
BRDA:526,76,1,0
BRDA:527,77,0,0
BRDA:527,77,1,0
BRDA:529,78,0,0
BRDA:529,78,1,0
BRDA:535,79,0,0
BRDA:535,79,1,0
BRDA:541,80,0,0
BRDA:541,80,1,0
BRDA:543,81,0,0
BRDA:543,81,1,0
BRDA:546,82,0,0
BRDA:546,82,1,0
BRDA:546,83,0,0
BRDA:546,83,1,0
BRDA:548,84,0,0
BRDA:548,84,1,0
BRDA:555,85,0,0
BRDA:555,85,1,0
BRDA:569,86,0,0
BRDA:570,87,0,0
BRDA:570,87,1,0
BRDA:572,88,0,0
BRDA:572,88,1,0
BRDA:575,89,0,0
BRDA:575,89,1,0
BRDA:578,90,0,0
BRDA:578,90,1,0
BRDA:591,91,0,0
BRDA:591,92,0,0
BRDA:592,93,0,0
BRDA:592,93,1,0
BRDA:592,93,2,0
BRDA:592,93,3,0
BRDA:609,94,0,0
BRDA:611,95,0,0
BRDA:611,95,1,0
BRDA:615,96,0,0
BRDA:615,96,1,0
BRDA:620,97,0,0
BRDA:620,97,1,0
BRDA:620,98,0,0
BRDA:620,98,1,0
BRDA:621,99,0,0
BRDA:621,99,1,0
BRDA:622,100,0,0
BRDA:622,100,1,0
BRDA:622,101,0,0
BRDA:622,101,1,0
BRDA:626,102,0,0
BRDA:626,102,1,0
BRDA:631,103,0,0
BRDA:631,103,1,0
BRDA:634,104,0,0
BRDA:634,104,1,0
BRDA:640,105,0,0
BRDA:640,105,1,0
BRDA:648,106,0,0
BRDA:648,106,1,0
BRDA:653,107,0,0
BRDA:653,107,1,0
BRDA:675,108,0,0
BRDA:675,108,1,0
BRDA:699,109,0,0
BRDA:699,109,1,0
BRDA:704,110,0,0
BRDA:704,110,1,0
BRDA:710,111,0,0
BRDA:710,111,1,0
BRDA:710,112,0,0
BRDA:710,112,1,0
BRDA:711,113,0,0
BRDA:711,113,1,0
BRDA:713,114,0,0
BRDA:713,114,1,0
BRDA:713,115,0,0
BRDA:713,115,1,0
BRDA:718,116,0,0
BRDA:718,116,1,0
BRDA:723,117,0,0
BRDA:723,117,1,0
BRDA:729,118,0,0
BRDA:729,118,1,0
BRDA:744,119,0,0
BRDA:744,119,1,0
BRDA:749,120,0,0
BRDA:749,120,1,0
BRDA:772,121,0,0
BRDA:772,121,1,0
BRDA:791,122,0,0
BRDA:791,122,1,0
BRDA:796,123,0,0
BRDA:796,123,1,0
BRDA:797,124,0,0
BRDA:797,124,1,0
BRDA:803,125,0,0
BRDA:803,125,1,0
BRDA:805,126,0,0
BRDA:805,126,1,0
BRDA:811,127,0,0
BRDA:811,127,1,0
BRDA:867,128,0,0
BRDA:867,128,1,0
BRDA:867,129,0,0
BRDA:867,129,1,0
BRDA:867,129,2,0
BRDA:873,130,0,0
BRDA:873,130,1,0
BRDA:878,131,0,0
BRDA:878,131,1,0
BRDA:886,132,0,0
BRDA:886,132,1,0
BRDA:891,133,0,0
BRDA:891,133,1,0
BRDA:895,134,0,0
BRDA:895,134,1,0
BRDA:910,135,0,0
BRDA:910,135,1,0
BRDA:911,136,0,0
BRDA:911,136,1,0
BRDA:926,137,0,0
BRDA:926,137,1,0
BRDA:932,138,0,0
BRDA:932,138,1,0
BRDA:949,139,0,0
BRDA:949,139,1,0
BRDA:972,140,0,0
BRDA:972,140,1,0
BRF:273
BRH:0
end_of_record
TN:
SF:frontend\dashboard\js\components\dashboard-modal.js
FN:10,(anonymous_0)
FN:34,(anonymous_1)
FN:51,(anonymous_2)
FN:111,(anonymous_3)
FN:124,(anonymous_4)
FN:128,(anonymous_5)
FN:129,(anonymous_6)
FN:142,(anonymous_7)
FN:143,(anonymous_8)
FN:152,(anonymous_9)
FN:162,(anonymous_10)
FN:170,(anonymous_11)
FN:197,(anonymous_12)
FN:225,(anonymous_13)
FN:237,(anonymous_14)
FN:249,(anonymous_15)
FN:300,(anonymous_16)
FN:301,(anonymous_17)
FN:327,(anonymous_18)
FN:340,(anonymous_19)
FN:348,(anonymous_20)
FN:393,(anonymous_21)
FN:404,(anonymous_22)
FN:415,(anonymous_23)
FN:431,(anonymous_24)
FN:438,(anonymous_25)
FN:450,(anonymous_26)
FN:498,(anonymous_27)
FN:515,(anonymous_28)
FN:573,(anonymous_29)
FN:590,(anonymous_30)
FN:655,(anonymous_31)
FN:691,(anonymous_32)
FN:704,(anonymous_33)
FN:724,(anonymous_34)
FN:726,(anonymous_35)
FN:730,(anonymous_36)
FN:740,(anonymous_37)
FN:751,(anonymous_38)
FN:775,(anonymous_39)
FN:777,(anonymous_40)
FN:784,(anonymous_41)
FN:793,(anonymous_42)
FN:807,(anonymous_43)
FN:808,(anonymous_44)
FN:866,(anonymous_45)
FN:868,(anonymous_46)
FN:878,(anonymous_47)
FN:892,showToast
FN:906,(anonymous_49)
FN:909,(anonymous_50)
FN:911,(anonymous_51)
FNF:52
FNH:0
FNDA:0,(anonymous_0)
FNDA:0,(anonymous_1)
FNDA:0,(anonymous_2)
FNDA:0,(anonymous_3)
FNDA:0,(anonymous_4)
FNDA:0,(anonymous_5)
FNDA:0,(anonymous_6)
FNDA:0,(anonymous_7)
FNDA:0,(anonymous_8)
FNDA:0,(anonymous_9)
FNDA:0,(anonymous_10)
FNDA:0,(anonymous_11)
FNDA:0,(anonymous_12)
FNDA:0,(anonymous_13)
FNDA:0,(anonymous_14)
FNDA:0,(anonymous_15)
FNDA:0,(anonymous_16)
FNDA:0,(anonymous_17)
FNDA:0,(anonymous_18)
FNDA:0,(anonymous_19)
FNDA:0,(anonymous_20)
FNDA:0,(anonymous_21)
FNDA:0,(anonymous_22)
FNDA:0,(anonymous_23)
FNDA:0,(anonymous_24)
FNDA:0,(anonymous_25)
FNDA:0,(anonymous_26)
FNDA:0,(anonymous_27)
FNDA:0,(anonymous_28)
FNDA:0,(anonymous_29)
FNDA:0,(anonymous_30)
FNDA:0,(anonymous_31)
FNDA:0,(anonymous_32)
FNDA:0,(anonymous_33)
FNDA:0,(anonymous_34)
FNDA:0,(anonymous_35)
FNDA:0,(anonymous_36)
FNDA:0,(anonymous_37)
FNDA:0,(anonymous_38)
FNDA:0,(anonymous_39)
FNDA:0,(anonymous_40)
FNDA:0,(anonymous_41)
FNDA:0,(anonymous_42)
FNDA:0,(anonymous_43)
FNDA:0,(anonymous_44)
FNDA:0,(anonymous_45)
FNDA:0,(anonymous_46)
FNDA:0,(anonymous_47)
FNDA:0,showToast
FNDA:0,(anonymous_49)
FNDA:0,(anonymous_50)
FNDA:0,(anonymous_51)
DA:11,0
DA:12,0
DA:13,0
DA:14,0
DA:15,0
DA:16,0
DA:17,0
DA:18,0
DA:19,0
DA:20,0
DA:21,0
DA:22,0
DA:24,0
DA:25,0
DA:26,0
DA:28,0
DA:36,0
DA:37,0
DA:38,0
DA:39,0
DA:42,0
DA:45,0
DA:52,0
DA:53,0
DA:56,0
DA:57,0
DA:84,0
DA:112,0
DA:118,0
DA:126,0
DA:127,0
DA:128,0
DA:129,0
DA:130,0
DA:131,0
DA:132,0
DA:138,0
DA:139,0
DA:141,0
DA:142,0
DA:143,0
DA:144,0
DA:145,0
DA:146,0
DA:151,0
DA:152,0
DA:153,0
DA:154,0
DA:155,0
DA:161,0
DA:162,0
DA:163,0
DA:164,0
DA:170,0
DA:171,0
DA:172,0
DA:175,0
DA:177,0
DA:178,0
DA:180,0
DA:182,0
DA:183,0
DA:185,0
DA:186,0
DA:187,0
DA:189,0
DA:198,0
DA:200,0
DA:201,0
DA:204,0
DA:205,0
DA:207,0
DA:209,0
DA:210,0
DA:211,0
DA:215,0
DA:216,0
DA:217,0
DA:226,0
DA:235,0
DA:238,0
DA:250,0
DA:251,0
DA:255,0
DA:258,0
DA:261,0
DA:264,0
DA:266,0
DA:267,0
DA:268,0
DA:269,0
DA:272,0
DA:275,0
DA:276,0
DA:280,0
DA:283,0
DA:284,0
DA:288,0
DA:291,0
DA:294,0
DA:301,0
DA:302,0
DA:304,0
DA:306,0
DA:307,0
DA:308,0
DA:311,0
DA:315,0
DA:316,0
DA:317,0
DA:318,0
DA:328,0
DA:329,0
DA:330,0
DA:331,0
DA:332,0
DA:333,0
DA:334,0
DA:335,0
DA:336,0
DA:338,0
DA:340,0
DA:341,0
DA:349,0
DA:350,0
DA:354,0
DA:355,0
DA:358,0
DA:359,0
DA:360,0
DA:361,0
DA:364,0
DA:367,0
DA:368,0
DA:372,0
DA:375,0
DA:376,0
DA:379,0
DA:382,0
DA:383,0
DA:387,0
DA:394,0
DA:395,0
DA:396,0
DA:397,0
DA:405,0
DA:406,0
DA:407,0
DA:408,0
DA:416,0
DA:417,0
DA:418,0
DA:420,0
DA:432,0
DA:439,0
DA:440,0
DA:441,0
DA:451,0
DA:492,0
DA:499,0
DA:500,0
DA:501,0
DA:503,0
DA:504,0
DA:505,0
DA:516,0
DA:567,0
DA:574,0
DA:575,0
DA:576,0
DA:578,0
DA:579,0
DA:580,0
DA:591,0
DA:649,0
DA:657,0
DA:658,0
DA:659,0
DA:660,0
DA:661,0
DA:663,0
DA:664,0
DA:666,0
DA:667,0
DA:669,0
DA:671,0
DA:674,0
DA:675,0
DA:676,0
DA:679,0
DA:680,0
DA:684,0
DA:689,0
DA:690,0
DA:691,0
DA:692,0
DA:693,0
DA:698,0
DA:705,0
DA:719,0
DA:726,0
DA:730,0
DA:731,0
DA:732,0
DA:734,0
DA:738,0
DA:739,0
DA:740,0
DA:741,0
DA:745,0
DA:752,0
DA:769,0
DA:777,0
DA:782,0
DA:783,0
DA:784,0
DA:785,0
DA:786,0
DA:787,0
DA:788,0
DA:791,0
DA:792,0
DA:793,0
DA:794,0
DA:795,0
DA:801,0
DA:808,0
DA:809,0
DA:816,0
DA:819,0
DA:860,0
DA:868,0
DA:873,0
DA:876,0
DA:877,0
DA:878,0
DA:879,0
DA:880,0
DA:885,0
DA:893,0
DA:894,0
DA:895,0
DA:901,0
DA:903,0
DA:906,0
DA:909,0
DA:910,0
DA:911,0
LF:248
LH:0
BRDA:10,0,0,0
BRDA:11,1,0,0
BRDA:11,1,1,0
BRDA:12,2,0,0
BRDA:12,2,1,0
BRDA:13,3,0,0
BRDA:13,3,1,0
BRDA:14,4,0,0
BRDA:14,4,1,0
BRDA:15,5,0,0
BRDA:15,5,1,0
BRDA:18,6,0,0
BRDA:18,6,1,0
BRDA:19,7,0,0
BRDA:19,7,1,0
BRDA:56,8,0,0
BRDA:56,8,1,0
BRDA:94,9,0,0
BRDA:94,9,1,0
BRDA:118,10,0,0
BRDA:118,10,1,0
BRDA:127,11,0,0
BRDA:127,11,1,0
BRDA:130,12,0,0
BRDA:130,12,1,0
BRDA:130,13,0,0
BRDA:130,13,1,0
BRDA:141,14,0,0
BRDA:141,14,1,0
BRDA:144,15,0,0
BRDA:144,15,1,0
BRDA:144,16,0,0
BRDA:144,16,1,0
BRDA:151,17,0,0
BRDA:151,17,1,0
BRDA:153,18,0,0
BRDA:153,18,1,0
BRDA:153,19,0,0
BRDA:153,19,1,0
BRDA:161,20,0,0
BRDA:161,20,1,0
BRDA:161,21,0,0
BRDA:161,21,1,0
BRDA:163,22,0,0
BRDA:163,22,1,0
BRDA:171,23,0,0
BRDA:171,23,1,0
BRDA:175,24,0,0
BRDA:175,24,1,0
BRDA:175,24,2,0
BRDA:177,25,0,0
BRDA:177,25,1,0
BRDA:177,26,0,0
BRDA:177,26,1,0
BRDA:185,27,0,0
BRDA:185,27,1,0
BRDA:200,28,0,0
BRDA:200,28,1,0
BRDA:207,29,0,0
BRDA:207,29,1,0
BRDA:209,30,0,0
BRDA:209,30,1,0
BRDA:215,31,0,0
BRDA:215,31,1,0
BRDA:239,32,0,0
BRDA:239,32,1,0
BRDA:239,32,2,0
BRDA:250,33,0,0
BRDA:250,33,1,0
BRDA:261,34,0,0
BRDA:261,34,1,0
BRDA:275,35,0,0
BRDA:275,35,1,0
BRDA:283,36,0,0
BRDA:283,36,1,0
BRDA:304,37,0,0
BRDA:304,37,1,0
BRDA:307,38,0,0
BRDA:307,38,1,0
BRDA:316,39,0,0
BRDA:316,39,1,0
BRDA:349,40,0,0
BRDA:349,40,1,0
BRDA:354,41,0,0
BRDA:354,41,1,0
BRDA:367,42,0,0
BRDA:367,42,1,0
BRDA:382,43,0,0
BRDA:382,43,1,0
BRDA:382,44,0,0
BRDA:382,44,1,0
BRDA:396,45,0,0
BRDA:396,45,1,0
BRDA:407,46,0,0
BRDA:407,46,1,0
BRDA:417,47,0,0
BRDA:417,47,1,0
BRDA:417,48,0,0
BRDA:417,48,1,0
BRDA:440,49,0,0
BRDA:440,49,1,0
BRDA:500,50,0,0
BRDA:500,50,1,0
BRDA:504,51,0,0
BRDA:504,51,1,0
BRDA:575,52,0,0
BRDA:575,52,1,0
BRDA:579,53,0,0
BRDA:579,53,1,0
BRDA:663,54,0,0
BRDA:663,54,1,0
BRDA:666,55,0,0
BRDA:666,55,1,0
BRDA:669,56,0,0
BRDA:669,56,1,0
BRDA:674,57,0,0
BRDA:674,57,1,0
BRDA:679,58,0,0
BRDA:679,58,1,0
BRDA:690,59,0,0
BRDA:690,59,1,0
BRDA:692,60,0,0
BRDA:692,60,1,0
BRDA:707,61,0,0
BRDA:707,61,1,0
BRDA:710,62,0,0
BRDA:710,62,1,0
BRDA:712,63,0,0
BRDA:712,63,1,0
BRDA:713,64,0,0
BRDA:713,64,1,0
BRDA:720,65,0,0
BRDA:720,65,1,0
BRDA:731,66,0,0
BRDA:731,66,1,0
BRDA:739,67,0,0
BRDA:739,67,1,0
BRDA:783,68,0,0
BRDA:783,68,1,0
BRDA:786,69,0,0
BRDA:786,69,1,0
BRDA:816,70,0,0
BRDA:816,70,1,0
BRDA:877,71,0,0
BRDA:877,71,1,0
BRDA:879,72,0,0
BRDA:879,72,1,0
BRDA:892,73,0,0
BRDA:892,74,0,0
BRDA:896,75,0,0
BRDA:896,75,1,0
BRDA:896,76,0,0
BRDA:896,76,1,0
BRF:153
BRH:0
end_of_record
TN:
SF:frontend\dashboard\js\controllers\configuration-controller.js
FN:2,(anonymous_0)
FN:9,(anonymous_1)
FN:14,(anonymous_2)
FN:19,(anonymous_3)
FN:28,(anonymous_4)
FN:33,(anonymous_5)
FN:46,(anonymous_6)
FNF:7
FNH:0
FNDA:0,(anonymous_0)
FNDA:0,(anonymous_1)
FNDA:0,(anonymous_2)
FNDA:0,(anonymous_3)
FNDA:0,(anonymous_4)
FNDA:0,(anonymous_5)
FNDA:0,(anonymous_6)
DA:3,0
DA:4,0
DA:5,0
DA:6,0
DA:10,0
DA:11,0
DA:15,0
DA:16,0
DA:20,0
DA:21,0
DA:22,0
DA:24,0
DA:34,0
DA:35,0
DA:36,0
DA:38,0
DA:39,0
DA:40,0
DA:42,0
DA:47,0
DA:48,0
DA:49,0
DA:51,0
LF:23
LH:0
BRF:0
BRH:0
end_of_record
TN:
SF:frontend\dashboard\js\controllers\dashboard-controller.js
FN:16,(anonymous_0)
FN:26,(anonymous_1)
FN:89,(anonymous_2)
FN:99,(anonymous_3)
FN:100,(anonymous_4)
FN:131,(anonymous_5)
FN:145,(anonymous_6)
FN:147,(anonymous_7)
FN:157,(anonymous_8)
FN:176,(anonymous_9)
FN:232,(anonymous_10)
FN:263,(anonymous_11)
FN:276,(anonymous_12)
FN:287,(anonymous_13)
FN:319,(anonymous_14)
FN:371,(anonymous_15)
FN:388,(anonymous_16)
FN:400,(anonymous_17)
FN:411,(anonymous_18)
FN:431,(anonymous_19)
FN:462,(anonymous_20)
FN:521,(anonymous_21)
FN:524,(anonymous_22)
FNF:23
FNH:0
FNDA:0,(anonymous_0)
FNDA:0,(anonymous_1)
FNDA:0,(anonymous_2)
FNDA:0,(anonymous_3)
FNDA:0,(anonymous_4)
FNDA:0,(anonymous_5)
FNDA:0,(anonymous_6)
FNDA:0,(anonymous_7)
FNDA:0,(anonymous_8)
FNDA:0,(anonymous_9)
FNDA:0,(anonymous_10)
FNDA:0,(anonymous_11)
FNDA:0,(anonymous_12)
FNDA:0,(anonymous_13)
FNDA:0,(anonymous_14)
FNDA:0,(anonymous_15)
FNDA:0,(anonymous_16)
FNDA:0,(anonymous_17)
FNDA:0,(anonymous_18)
FNDA:0,(anonymous_19)
FNDA:0,(anonymous_20)
FNDA:0,(anonymous_21)
FNDA:0,(anonymous_22)
DA:17,0
DA:18,0
DA:28,0
DA:29,0
DA:30,0
DA:33,0
DA:34,0
DA:36,0
DA:39,0
DA:59,0
DA:79,0
DA:90,0
DA:91,0
DA:92,0
DA:93,0
DA:100,0
DA:101,0
DA:102,0
DA:103,0
DA:105,0
DA:106,0
DA:107,0
DA:108,0
DA:109,0
DA:110,0
DA:113,0
DA:114,0
DA:115,0
DA:116,0
DA:118,0
DA:119,0
DA:120,0
DA:121,0
DA:124,0
DA:125,0
DA:132,0
DA:133,0
DA:134,0
DA:135,0
DA:137,0
DA:147,0
DA:150,0
DA:151,0
DA:153,0
DA:154,0
DA:157,0
DA:158,0
DA:161,0
DA:165,0
DA:168,0
DA:177,0
DA:178,0
DA:180,0
DA:181,0
DA:184,0
DA:187,0
DA:188,0
DA:190,0
DA:194,0
DA:195,0
DA:198,0
DA:201,0
DA:202,0
DA:207,0
DA:210,0
DA:213,0
DA:214,0
DA:217,0
DA:219,0
DA:222,0
DA:225,0
DA:233,0
DA:234,0
DA:236,0
DA:237,0
DA:238,0
DA:240,0
DA:241,0
DA:242,0
DA:244,0
DA:245,0
DA:249,0
DA:250,0
DA:251,0
DA:252,0
DA:253,0
DA:255,0
DA:264,0
DA:265,0
DA:266,0
DA:267,0
DA:268,0
DA:269,0
DA:277,0
DA:278,0
DA:280,0
DA:281,0
DA:288,0
DA:300,0
DA:301,0
DA:303,0
DA:304,0
DA:308,0
DA:309,0
DA:310,0
DA:313,0
DA:320,0
DA:321,0
DA:324,0
DA:325,0
DA:326,0
DA:328,0
DA:332,0
DA:333,0
DA:334,0
DA:336,0
DA:337,0
DA:338,0
DA:339,0
DA:343,0
DA:344,0
DA:346,0
DA:347,0
DA:349,0
DA:350,0
DA:355,0
DA:356,0
DA:372,0
DA:374,0
DA:375,0
DA:376,0
DA:378,0
DA:381,0
DA:389,0
DA:390,0
DA:391,0
DA:394,0
DA:396,0
DA:397,0
DA:400,0
DA:401,0
DA:403,0
DA:404,0
DA:412,0
DA:414,0
DA:419,0
DA:420,0
DA:425,0
DA:432,0
DA:433,0
DA:434,0
DA:437,0
DA:438,0
DA:440,0
DA:441,0
DA:443,0
DA:444,0
DA:446,0
DA:447,0
DA:449,0
DA:452,0
DA:453,0
DA:455,0
DA:463,0
DA:465,0
DA:466,0
DA:470,0
DA:471,0
DA:473,0
DA:474,0
DA:475,0
DA:478,0
DA:479,0
DA:481,0
DA:522,0
DA:523,0
DA:524,0
DA:526,0
DA:527,0
LF:179
LH:0
BRDA:28,0,0,0
BRDA:28,0,1,0
BRDA:29,1,0,0
BRDA:29,1,1,0
BRDA:30,2,0,0
BRDA:30,2,1,0
BRDA:33,3,0,0
BRDA:33,3,1,0
BRDA:36,4,0,0
BRDA:36,4,1,0
BRDA:71,5,0,0
BRDA:71,5,1,0
BRDA:105,6,0,0
BRDA:105,6,1,0
BRDA:133,7,0,0
BRDA:133,7,1,0
BRDA:134,8,0,0
BRDA:134,8,1,0
BRDA:151,9,0,0
BRDA:151,9,1,0
BRDA:153,10,0,0
BRDA:153,10,1,0
BRDA:180,11,0,0
BRDA:180,11,1,0
BRDA:187,12,0,0
BRDA:187,12,1,0
BRDA:201,13,0,0
BRDA:201,13,1,0
BRDA:233,14,0,0
BRDA:233,14,1,0
BRDA:236,15,0,0
BRDA:236,15,1,0
BRDA:240,16,0,0
BRDA:240,16,1,0
BRDA:244,17,0,0
BRDA:244,17,1,0
BRDA:250,18,0,0
BRDA:250,18,1,0
BRDA:252,19,0,0
BRDA:252,19,1,0
BRDA:268,20,0,0
BRDA:268,20,1,0
BRDA:278,21,0,0
BRDA:278,21,1,0
BRDA:303,22,0,0
BRDA:303,22,1,0
BRDA:321,23,0,0
BRDA:321,23,1,0
BRDA:324,24,0,0
BRDA:324,24,1,0
BRDA:325,25,0,0
BRDA:325,25,1,0
BRDA:325,26,0,0
BRDA:325,26,1,0
BRDA:326,27,0,0
BRDA:326,27,1,0
BRDA:328,28,0,0
BRDA:328,28,1,0
BRDA:336,29,0,0
BRDA:336,29,1,0
BRDA:338,30,0,0
BRDA:338,30,1,0
BRDA:343,31,0,0
BRDA:343,31,1,0
BRDA:343,32,0,0
BRDA:343,32,1,0
BRDA:346,33,0,0
BRDA:346,33,1,0
BRDA:346,34,0,0
BRDA:346,34,1,0
BRDA:349,35,0,0
BRDA:349,35,1,0
BRDA:349,36,0,0
BRDA:349,36,1,0
BRDA:355,37,0,0
BRDA:355,37,1,0
BRDA:360,38,0,0
BRDA:360,38,1,0
BRDA:361,39,0,0
BRDA:361,39,1,0
BRDA:375,40,0,0
BRDA:375,40,1,0
BRDA:390,41,0,0
BRDA:390,41,1,0
BRDA:396,42,0,0
BRDA:396,42,1,0
BRDA:411,43,0,0
BRDA:415,44,0,0
BRDA:415,44,1,0
BRDA:419,45,0,0
BRDA:419,45,1,0
BRDA:420,46,0,0
BRDA:420,46,1,0
BRDA:433,47,0,0
BRDA:433,47,1,0
BRDA:438,48,0,0
BRDA:438,48,1,0
BRDA:438,48,2,0
BRDA:438,48,3,0
BRDA:452,49,0,0
BRDA:452,49,1,0
BRDA:453,50,0,0
BRDA:453,50,1,0
BRDA:453,51,0,0
BRDA:453,51,1,0
BRDA:465,52,0,0
BRDA:465,52,1,0
BRDA:470,53,0,0
BRDA:470,53,1,0
BRDA:471,54,0,0
BRDA:471,54,1,0
BRDA:473,55,0,0
BRDA:473,55,1,0
BRDA:474,56,0,0
BRDA:474,56,1,0
BRDA:475,57,0,0
BRDA:475,57,1,0
BRDA:479,58,0,0
BRDA:479,58,1,0
BRDA:504,59,0,0
BRDA:504,59,1,0
BRDA:509,60,0,0
BRDA:509,60,1,0
BRDA:518,61,0,0
BRDA:518,61,1,0
BRDA:522,62,0,0
BRDA:522,62,1,0
BRDA:523,63,0,0
BRDA:523,63,1,0
BRDA:526,64,0,0
BRDA:526,64,1,0
BRDA:531,65,0,0
BRDA:531,65,1,0
BRDA:534,66,0,0
BRDA:534,66,1,0
BRF:135
BRH:0
end_of_record
TN:
SF:frontend\dashboard\js\controllers\invitations-controller.js
FN:17,(anonymous_0)
FN:55,(anonymous_1)
FN:67,(anonymous_2)
FN:77,(anonymous_3)
FN:79,(anonymous_4)
FN:98,(anonymous_5)
FN:100,(anonymous_6)
FN:178,(anonymous_7)
FN:216,(anonymous_8)
FN:240,(anonymous_9)
FN:278,(anonymous_10)
FN:312,(anonymous_11)
FN:354,(anonymous_12)
FN:370,(anonymous_13)
FN:377,(anonymous_14)
FN:388,(anonymous_15)
FN:395,(anonymous_16)
FN:409,(anonymous_17)
FN:414,(anonymous_18)
FN:418,(anonymous_19)
FN:434,(anonymous_20)
FN:435,(anonymous_21)
FN:467,(anonymous_22)
FN:529,(anonymous_23)
FN:636,(anonymous_24)
FN:661,(anonymous_25)
FN:662,(anonymous_26)
FN:685,(anonymous_27)
FN:700,(anonymous_28)
FN:704,(anonymous_29)
FN:750,(anonymous_30)
FN:751,(anonymous_31)
FN:773,(anonymous_32)
FN:818,(anonymous_33)
FN:819,(anonymous_34)
FN:873,(anonymous_35)
FN:881,(anonymous_36)
FN:882,(anonymous_37)
FN:916,(anonymous_38)
FN:925,(anonymous_39)
FN:937,(anonymous_40)
FN:944,(anonymous_41)
FN:952,(anonymous_42)
FN:964,(anonymous_43)
FN:968,(anonymous_44)
FN:976,(anonymous_45)
FN:987,(anonymous_46)
FN:991,(anonymous_47)
FN:999,(anonymous_48)
FN:1050,(anonymous_49)
FN:1060,(anonymous_50)
FN:1072,(anonymous_51)
FN:1102,(anonymous_52)
FN:1107,(anonymous_53)
FN:1110,(anonymous_54)
FN:1124,(anonymous_55)
FN:1162,(anonymous_56)
FN:1166,(anonymous_57)
FN:1184,(anonymous_58)
FN:1196,(anonymous_59)
FN:1224,(anonymous_60)
FN:1231,(anonymous_61)
FN:1239,(anonymous_62)
FN:1370,(anonymous_63)
FN:1395,(anonymous_64)
FN:1445,(anonymous_65)
FN:1471,(anonymous_66)
FN:1561,(anonymous_67)
FN:1583,(anonymous_68)
FN:1595,(anonymous_69)
FN:1602,(anonymous_70)
FN:1612,(anonymous_71)
FN:1617,(anonymous_72)
FN:1622,(anonymous_73)
FN:1640,(anonymous_74)
FN:1669,(anonymous_75)
FN:1707,(anonymous_76)
FN:1753,(anonymous_77)
FN:1786,(anonymous_78)
FN:1806,(anonymous_79)
FN:1834,(anonymous_80)
FN:1845,(anonymous_81)
FN:1873,(anonymous_82)
FN:1883,(anonymous_83)
FN:1890,(anonymous_84)
FN:1897,(anonymous_85)
FN:1918,(anonymous_86)
FN:1943,(anonymous_87)
FN:1957,(anonymous_88)
FN:1984,(anonymous_89)
FN:2016,(anonymous_90)
FN:2049,(anonymous_91)
FN:2061,(anonymous_92)
FN:2083,(anonymous_93)
FN:2118,(anonymous_94)
FN:2128,(anonymous_95)
FNF:96
FNH:0
FNDA:0,(anonymous_0)
FNDA:0,(anonymous_1)
FNDA:0,(anonymous_2)
FNDA:0,(anonymous_3)
FNDA:0,(anonymous_4)
FNDA:0,(anonymous_5)
FNDA:0,(anonymous_6)
FNDA:0,(anonymous_7)
FNDA:0,(anonymous_8)
FNDA:0,(anonymous_9)
FNDA:0,(anonymous_10)
FNDA:0,(anonymous_11)
FNDA:0,(anonymous_12)
FNDA:0,(anonymous_13)
FNDA:0,(anonymous_14)
FNDA:0,(anonymous_15)
FNDA:0,(anonymous_16)
FNDA:0,(anonymous_17)
FNDA:0,(anonymous_18)
FNDA:0,(anonymous_19)
FNDA:0,(anonymous_20)
FNDA:0,(anonymous_21)
FNDA:0,(anonymous_22)
FNDA:0,(anonymous_23)
FNDA:0,(anonymous_24)
FNDA:0,(anonymous_25)
FNDA:0,(anonymous_26)
FNDA:0,(anonymous_27)
FNDA:0,(anonymous_28)
FNDA:0,(anonymous_29)
FNDA:0,(anonymous_30)
FNDA:0,(anonymous_31)
FNDA:0,(anonymous_32)
FNDA:0,(anonymous_33)
FNDA:0,(anonymous_34)
FNDA:0,(anonymous_35)
FNDA:0,(anonymous_36)
FNDA:0,(anonymous_37)
FNDA:0,(anonymous_38)
FNDA:0,(anonymous_39)
FNDA:0,(anonymous_40)
FNDA:0,(anonymous_41)
FNDA:0,(anonymous_42)
FNDA:0,(anonymous_43)
FNDA:0,(anonymous_44)
FNDA:0,(anonymous_45)
FNDA:0,(anonymous_46)
FNDA:0,(anonymous_47)
FNDA:0,(anonymous_48)
FNDA:0,(anonymous_49)
FNDA:0,(anonymous_50)
FNDA:0,(anonymous_51)
FNDA:0,(anonymous_52)
FNDA:0,(anonymous_53)
FNDA:0,(anonymous_54)
FNDA:0,(anonymous_55)
FNDA:0,(anonymous_56)
FNDA:0,(anonymous_57)
FNDA:0,(anonymous_58)
FNDA:0,(anonymous_59)
FNDA:0,(anonymous_60)
FNDA:0,(anonymous_61)
FNDA:0,(anonymous_62)
FNDA:0,(anonymous_63)
FNDA:0,(anonymous_64)
FNDA:0,(anonymous_65)
FNDA:0,(anonymous_66)
FNDA:0,(anonymous_67)
FNDA:0,(anonymous_68)
FNDA:0,(anonymous_69)
FNDA:0,(anonymous_70)
FNDA:0,(anonymous_71)
FNDA:0,(anonymous_72)
FNDA:0,(anonymous_73)
FNDA:0,(anonymous_74)
FNDA:0,(anonymous_75)
FNDA:0,(anonymous_76)
FNDA:0,(anonymous_77)
FNDA:0,(anonymous_78)
FNDA:0,(anonymous_79)
FNDA:0,(anonymous_80)
FNDA:0,(anonymous_81)
FNDA:0,(anonymous_82)
FNDA:0,(anonymous_83)
FNDA:0,(anonymous_84)
FNDA:0,(anonymous_85)
FNDA:0,(anonymous_86)
FNDA:0,(anonymous_87)
FNDA:0,(anonymous_88)
FNDA:0,(anonymous_89)
FNDA:0,(anonymous_90)
FNDA:0,(anonymous_91)
FNDA:0,(anonymous_92)
FNDA:0,(anonymous_93)
FNDA:0,(anonymous_94)
FNDA:0,(anonymous_95)
DA:19,0
DA:37,0
DA:39,0
DA:44,0
DA:45,0
DA:46,0
DA:47,0
DA:49,0
DA:56,0
DA:57,0
DA:58,0
DA:59,0
DA:60,0
DA:61,0
DA:68,0
DA:69,0
DA:70,0
DA:71,0
DA:79,0
DA:80,0
DA:81,0
DA:82,0
DA:85,0
DA:86,0
DA:92,0
DA:100,0
DA:102,0
DA:103,0
DA:104,0
DA:105,0
DA:109,0
DA:110,0
DA:111,0
DA:112,0
DA:116,0
DA:120,0
DA:121,0
DA:122,0
DA:126,0
DA:127,0
DA:128,0
DA:129,0
DA:130,0
DA:132,0
DA:134,0
DA:135,0
DA:137,0
DA:139,0
DA:140,0
DA:142,0
DA:144,0
DA:145,0
DA:147,0
DA:149,0
DA:150,0
DA:152,0
DA:154,0
DA:155,0
DA:157,0
DA:159,0
DA:160,0
DA:162,0
DA:164,0
DA:165,0
DA:166,0
DA:168,0
DA:169,0
DA:179,0
DA:181,0
DA:190,0
DA:192,0
DA:193,0
DA:194,0
DA:196,0
DA:203,0
DA:205,0
DA:208,0
DA:209,0
DA:217,0
DA:218,0
DA:221,0
DA:222,0
DA:224,0
DA:225,0
DA:227,0
DA:228,0
DA:230,0
DA:231,0
DA:234,0
DA:241,0
DA:243,0
DA:244,0
DA:245,0
DA:246,0
DA:249,0
DA:250,0
DA:251,0
DA:252,0
DA:255,0
DA:256,0
DA:264,0
DA:268,0
DA:272,0
DA:279,0
DA:280,0
DA:281,0
DA:282,0
DA:285,0
DA:286,0
DA:287,0
DA:290,0
DA:291,0
DA:295,0
DA:304,0
DA:305,0
DA:313,0
DA:314,0
DA:315,0
DA:318,0
DA:320,0
DA:323,0
DA:324,0
DA:327,0
DA:328,0
DA:329,0
DA:331,0
DA:332,0
DA:334,0
DA:335,0
DA:337,0
DA:338,0
DA:342,0
DA:343,0
DA:354,0
DA:355,0
DA:357,0
DA:358,0
DA:359,0
DA:364,0
DA:370,0
DA:378,0
DA:379,0
DA:381,0
DA:382,0
DA:389,0
DA:390,0
DA:391,0
DA:392,0
DA:393,0
DA:395,0
DA:396,0
DA:397,0
DA:399,0
DA:400,0
DA:401,0
DA:410,0
DA:413,0
DA:414,0
DA:415,0
DA:417,0
DA:418,0
DA:419,0
DA:420,0
DA:421,0
DA:435,0
DA:438,0
DA:439,0
DA:440,0
DA:441,0
DA:442,0
DA:449,0
DA:450,0
DA:453,0
DA:455,0
DA:458,0
DA:460,0
DA:461,0
DA:468,0
DA:470,0
DA:523,0
DA:530,0
DA:531,0
DA:532,0
DA:534,0
DA:535,0
DA:537,0
DA:538,0
DA:544,0
DA:545,0
DA:546,0
DA:566,0
DA:567,0
DA:623,0
DA:637,0
DA:638,0
DA:644,0
DA:662,0
DA:664,0
DA:665,0
DA:666,0
DA:667,0
DA:668,0
DA:675,0
DA:676,0
DA:679,0
DA:680,0
DA:686,0
DA:690,0
DA:691,0
DA:693,0
DA:701,0
DA:702,0
DA:704,0
DA:705,0
DA:707,0
DA:709,0
DA:716,0
DA:717,0
DA:720,0
DA:721,0
DA:722,0
DA:723,0
DA:726,0
DA:727,0
DA:728,0
DA:732,0
DA:735,0
DA:737,0
DA:740,0
DA:744,0
DA:751,0
DA:753,0
DA:754,0
DA:755,0
DA:756,0
DA:757,0
DA:764,0
DA:765,0
DA:768,0
DA:774,0
DA:776,0
DA:783,0
DA:784,0
DA:787,0
DA:788,0
DA:789,0
DA:790,0
DA:793,0
DA:794,0
DA:798,0
DA:801,0
DA:803,0
DA:806,0
DA:811,0
DA:812,0
DA:819,0
DA:821,0
DA:822,0
DA:823,0
DA:824,0
DA:825,0
DA:832,0
DA:833,0
DA:837,0
DA:838,0
DA:839,0
DA:840,0
DA:842,0
DA:845,0
DA:846,0
DA:848,0
DA:849,0
DA:850,0
DA:851,0
DA:852,0
DA:859,0
DA:864,0
DA:870,0
DA:871,0
DA:873,0
DA:874,0
DA:882,0
DA:885,0
DA:887,0
DA:890,0
DA:891,0
DA:894,0
DA:895,0
DA:896,0
DA:899,0
DA:900,0
DA:904,0
DA:907,0
DA:910,0
DA:917,0
DA:918,0
DA:919,0
DA:926,0
DA:927,0
DA:928,0
DA:930,0
DA:946,0
DA:953,0
DA:954,0
DA:955,0
DA:957,0
DA:965,0
DA:966,0
DA:968,0
DA:969,0
DA:977,0
DA:978,0
DA:979,0
DA:980,0
DA:988,0
DA:989,0
DA:991,0
DA:992,0
DA:1000,0
DA:1003,0
DA:1004,0
DA:1007,0
DA:1008,0
DA:1009,0
DA:1010,0
DA:1011,0
DA:1012,0
DA:1014,0
DA:1015,0
DA:1017,0
DA:1018,0
DA:1021,0
DA:1022,0
DA:1023,0
DA:1026,0
DA:1027,0
DA:1028,0
DA:1031,0
DA:1032,0
DA:1034,0
DA:1038,0
DA:1039,0
DA:1040,0
DA:1043,0
DA:1051,0
DA:1052,0
DA:1053,0
DA:1057,0
DA:1060,0
DA:1063,0
DA:1064,0
DA:1065,0
DA:1073,0
DA:1074,0
DA:1075,0
DA:1079,0
DA:1082,0
DA:1083,0
DA:1084,0
DA:1085,0
DA:1088,0
DA:1089,0
DA:1091,0
DA:1092,0
DA:1093,0
DA:1095,0
DA:1096,0
DA:1099,0
DA:1102,0
DA:1103,0
DA:1104,0
DA:1106,0
DA:1107,0
DA:1110,0
DA:1116,0
DA:1117,0
DA:1118,0
DA:1119,0
DA:1120,0
DA:1121,0
DA:1124,0
DA:1127,0
DA:1128,0
DA:1129,0
DA:1130,0
DA:1131,0
DA:1132,0
DA:1133,0
DA:1134,0
DA:1140,0
DA:1143,0
DA:1151,0
DA:1160,0
DA:1161,0
DA:1162,0
DA:1163,0
DA:1165,0
DA:1166,0
DA:1167,0
DA:1169,0
DA:1170,0
DA:1173,0
DA:1176,0
DA:1184,0
DA:1187,0
DA:1188,0
DA:1189,0
DA:1203,0
DA:1204,0
DA:1205,0
DA:1207,0
DA:1208,0
DA:1212,0
DA:1213,0
DA:1214,0
DA:1217,0
DA:1219,0
DA:1220,0
DA:1224,0
DA:1225,0
DA:1226,0
DA:1228,0
DA:1231,0
DA:1232,0
DA:1235,0
DA:1236,0
DA:1237,0
DA:1239,0
DA:1240,0
DA:1241,0
DA:1243,0
DA:1244,0
DA:1245,0
DA:1247,0
DA:1248,0
DA:1253,0
DA:1256,0
DA:1257,0
DA:1258,0
DA:1262,0
DA:1265,0
DA:1266,0
DA:1268,0
DA:1269,0
DA:1271,0
DA:1272,0
DA:1275,0
DA:1276,0
DA:1277,0
DA:1278,0
DA:1279,0
DA:1280,0
DA:1283,0
DA:1284,0
DA:1285,0
DA:1286,0
DA:1287,0
DA:1288,0
DA:1289,0
DA:1291,0
DA:1293,0
DA:1294,0
DA:1296,0
DA:1297,0
DA:1300,0
DA:1301,0
DA:1306,0
DA:1307,0
DA:1309,0
DA:1312,0
DA:1316,0
DA:1318,0
DA:1319,0
DA:1321,0
DA:1325,0
DA:1327,0
DA:1338,0
DA:1339,0
DA:1341,0
DA:1342,0
DA:1351,0
DA:1362,0
DA:1371,0
DA:1373,0
DA:1374,0
DA:1375,0
DA:1377,0
DA:1378,0
DA:1379,0
DA:1382,0
DA:1383,0
DA:1384,0
DA:1387,0
DA:1388,0
DA:1390,0
DA:1391,0
DA:1392,0
DA:1393,0
DA:1395,0
DA:1396,0
DA:1397,0
DA:1398,0
DA:1399,0
DA:1400,0
DA:1401,0
DA:1402,0
DA:1403,0
DA:1405,0
DA:1410,0
DA:1411,0
DA:1414,0
DA:1424,0
DA:1426,0
DA:1427,0
DA:1428,0
DA:1429,0
DA:1430,0
DA:1432,0
DA:1435,0
DA:1437,0
DA:1438,0
DA:1446,0
DA:1448,0
DA:1449,0
DA:1450,0
DA:1452,0
DA:1454,0
DA:1455,0
DA:1456,0
DA:1457,0
DA:1458,0
DA:1461,0
DA:1462,0
DA:1463,0
DA:1465,0
DA:1466,0
DA:1467,0
DA:1468,0
DA:1469,0
DA:1471,0
DA:1472,0
DA:1473,0
DA:1474,0
DA:1477,0
DA:1478,0
DA:1479,0
DA:1480,0
DA:1481,0
DA:1483,0
DA:1487,0
DA:1488,0
DA:1494,0
DA:1496,0
DA:1498,0
DA:1499,0
DA:1500,0
DA:1504,0
DA:1505,0
DA:1506,0
DA:1510,0
DA:1513,0
DA:1514,0
DA:1518,0
DA:1521,0
DA:1522,0
DA:1524,0
DA:1525,0
DA:1526,0
DA:1529,0
DA:1530,0
DA:1533,0
DA:1546,0
DA:1547,0
DA:1550,0
DA:1552,0
DA:1553,0
DA:1554,0
DA:1555,0
DA:1556,0
DA:1559,0
DA:1560,0
DA:1561,0
DA:1563,0
DA:1564,0
DA:1565,0
DA:1570,0
DA:1573,0
DA:1575,0
DA:1576,0
DA:1584,0
DA:1585,0
DA:1586,0
DA:1587,0
DA:1588,0
DA:1590,0
DA:1591,0
DA:1595,0
DA:1596,0
DA:1597,0
DA:1601,0
DA:1602,0
DA:1603,0
DA:1604,0
DA:1610,0
DA:1611,0
DA:1612,0
DA:1613,0
DA:1614,0
DA:1617,0
DA:1618,0
DA:1619,0
DA:1622,0
DA:1623,0
DA:1624,0
DA:1626,0
DA:1627,0
DA:1628,0
DA:1629,0
DA:1630,0
DA:1631,0
DA:1633,0
DA:1640,0
DA:1641,0
DA:1642,0
DA:1643,0
DA:1646,0
DA:1647,0
DA:1648,0
DA:1651,0
DA:1652,0
DA:1653,0
DA:1655,0
DA:1656,0
DA:1658,0
DA:1659,0
DA:1660,0
DA:1662,0
DA:1670,0
DA:1671,0
DA:1674,0
DA:1675,0
DA:1676,0
DA:1679,0
DA:1680,0
DA:1681,0
DA:1682,0
DA:1684,0
DA:1685,0
DA:1688,0
DA:1689,0
DA:1692,0
DA:1693,0
DA:1694,0
DA:1696,0
DA:1697,0
DA:1701,0
DA:1708,0
DA:1710,0
DA:1711,0
DA:1712,0
DA:1716,0
DA:1717,0
DA:1719,0
DA:1720,0
DA:1724,0
DA:1726,0
DA:1728,0
DA:1731,0
DA:1732,0
DA:1734,0
DA:1736,0
DA:1739,0
DA:1740,0
DA:1742,0
DA:1743,0
DA:1744,0
DA:1754,0
DA:1755,0
DA:1756,0
DA:1759,0
DA:1761,0
DA:1762,0
DA:1770,0
DA:1772,0
DA:1779,0
DA:1787,0
DA:1788,0
DA:1790,0
DA:1791,0
DA:1794,0
DA:1796,0
DA:1797,0
DA:1799,0
DA:1807,0
DA:1808,0
DA:1809,0
DA:1811,0
DA:1812,0
DA:1816,0
DA:1819,0
DA:1820,0
DA:1824,0
DA:1825,0
DA:1828,0
DA:1831,0
DA:1834,0
DA:1835,0
DA:1836,0
DA:1837,0
DA:1846,0
DA:1847,0
DA:1848,0
DA:1850,0
DA:1851,0
DA:1855,0
DA:1858,0
DA:1859,0
DA:1862,0
DA:1863,0
DA:1867,0
DA:1875,0
DA:1876,0
DA:1878,0
DA:1880,0
DA:1883,0
DA:1884,0
DA:1885,0
DA:1890,0
DA:1891,0
DA:1892,0
DA:1897,0
DA:1898,0
DA:1902,0
DA:1903,0
DA:1908,0
DA:1909,0
DA:1911,0
DA:1912,0
DA:1919,0
DA:1920,0
DA:1923,0
DA:1926,0
DA:1927,0
DA:1929,0
DA:1930,0
DA:1932,0
DA:1933,0
DA:1937,0
DA:1945,0
DA:1946,0
DA:1948,0
DA:1958,0
DA:1959,0
DA:1960,0
DA:1961,0
DA:1964,0
DA:1971,0
DA:1972,0
DA:1975,0
DA:1978,0
DA:1985,0
DA:1986,0
DA:1987,0
DA:1988,0
DA:1991,0
DA:1992,0
DA:1994,0
DA:1995,0
DA:1997,0
DA:1998,0
DA:2000,0
DA:2001,0
DA:2005,0
DA:2008,0
DA:2010,0
DA:2017,0
DA:2018,0
DA:2019,0
DA:2022,0
DA:2024,0
DA:2025,0
DA:2028,0
DA:2029,0
DA:2030,0
DA:2031,0
DA:2032,0
DA:2034,0
DA:2036,0
DA:2039,0
DA:2040,0
DA:2041,0
DA:2050,0
DA:2051,0
DA:2052,0
DA:2053,0
DA:2055,0
DA:2062,0
DA:2064,0
DA:2065,0
DA:2067,0
DA:2068,0
DA:2070,0
DA:2071,0
DA:2073,0
DA:2074,0
DA:2077,0
DA:2088,0
DA:2089,0
DA:2090,0
DA:2094,0
DA:2095,0
DA:2096,0
DA:2097,0
DA:2100,0
DA:2101,0
DA:2102,0
DA:2106,0
DA:2112,0
DA:2119,0
DA:2120,0
DA:2121,0
DA:2129,0
DA:2130,0
DA:2131,0
DA:2132,0
DA:2134,0
LF:826
LH:0
BRDA:80,0,0,0
BRDA:80,0,1,0
BRDA:80,1,0,0
BRDA:80,1,1,0
BRDA:85,2,0,0
BRDA:85,2,1,0
BRDA:102,3,0,0
BRDA:102,3,1,0
BRDA:102,4,0,0
BRDA:102,4,1,0
BRDA:102,4,2,0
BRDA:109,5,0,0
BRDA:109,5,1,0
BRDA:109,6,0,0
BRDA:109,6,1,0
BRDA:109,6,2,0
BRDA:116,7,0,0
BRDA:116,7,1,0
BRDA:117,8,0,0
BRDA:117,8,1,0
BRDA:117,8,2,0
BRDA:127,9,0,0
BRDA:127,9,1,0
BRDA:132,10,0,0
BRDA:132,10,1,0
BRDA:132,10,2,0
BRDA:132,10,3,0
BRDA:132,10,4,0
BRDA:132,10,5,0
BRDA:132,10,6,0
BRDA:132,10,7,0
BRDA:134,11,0,0
BRDA:134,11,1,0
BRDA:139,12,0,0
BRDA:139,12,1,0
BRDA:144,13,0,0
BRDA:144,13,1,0
BRDA:149,14,0,0
BRDA:149,14,1,0
BRDA:154,15,0,0
BRDA:154,15,1,0
BRDA:159,16,0,0
BRDA:159,16,1,0
BRDA:192,17,0,0
BRDA:192,17,1,0
BRDA:193,18,0,0
BRDA:193,18,1,0
BRDA:196,19,0,0
BRDA:196,19,1,0
BRDA:221,20,0,0
BRDA:221,20,1,0
BRDA:224,21,0,0
BRDA:224,21,1,0
BRDA:227,22,0,0
BRDA:227,22,1,0
BRDA:230,23,0,0
BRDA:230,23,1,0
BRDA:244,24,0,0
BRDA:244,24,1,0
BRDA:246,25,0,0
BRDA:246,25,1,0
BRDA:286,26,0,0
BRDA:286,26,1,0
BRDA:286,27,0,0
BRDA:286,27,1,0
BRDA:290,28,0,0
BRDA:290,28,1,0
BRDA:304,29,0,0
BRDA:304,29,1,0
BRDA:314,30,0,0
BRDA:314,30,1,0
BRDA:323,31,0,0
BRDA:323,31,1,0
BRDA:331,32,0,0
BRDA:331,32,1,0
BRDA:334,33,0,0
BRDA:334,33,1,0
BRDA:337,34,0,0
BRDA:337,34,1,0
BRDA:342,35,0,0
BRDA:342,35,1,0
BRDA:378,36,0,0
BRDA:378,36,1,0
BRDA:378,37,0,0
BRDA:378,37,1,0
BRDA:390,38,0,0
BRDA:390,38,1,0
BRDA:391,39,0,0
BRDA:391,39,1,0
BRDA:413,40,0,0
BRDA:413,40,1,0
BRDA:438,41,0,0
BRDA:438,41,1,0
BRDA:441,42,0,0
BRDA:441,42,1,0
BRDA:449,43,0,0
BRDA:449,43,1,0
BRDA:491,44,0,0
BRDA:491,44,1,0
BRDA:498,45,0,0
BRDA:498,45,1,0
BRDA:530,46,0,0
BRDA:530,46,1,0
BRDA:532,47,0,0
BRDA:532,47,1,0
BRDA:537,48,0,0
BRDA:537,48,1,0
BRDA:544,49,0,0
BRDA:544,49,1,0
BRDA:552,50,0,0
BRDA:552,50,1,0
BRDA:577,51,0,0
BRDA:577,51,1,0
BRDA:596,52,0,0
BRDA:596,52,1,0
BRDA:608,53,0,0
BRDA:608,53,1,0
BRDA:614,54,0,0
BRDA:614,54,1,0
BRDA:637,55,0,0
BRDA:637,55,1,0
BRDA:664,56,0,0
BRDA:664,56,1,0
BRDA:667,57,0,0
BRDA:667,57,1,0
BRDA:675,58,0,0
BRDA:675,58,1,0
BRDA:679,59,0,0
BRDA:679,59,1,0
BRDA:716,60,0,0
BRDA:716,60,1,0
BRDA:727,61,0,0
BRDA:727,61,1,0
BRDA:737,62,0,0
BRDA:737,62,1,0
BRDA:740,63,0,0
BRDA:740,63,1,0
BRDA:753,64,0,0
BRDA:753,64,1,0
BRDA:756,65,0,0
BRDA:756,65,1,0
BRDA:764,66,0,0
BRDA:764,66,1,0
BRDA:783,67,0,0
BRDA:783,67,1,0
BRDA:793,68,0,0
BRDA:793,68,1,0
BRDA:803,69,0,0
BRDA:803,69,1,0
BRDA:806,70,0,0
BRDA:806,70,1,0
BRDA:821,71,0,0
BRDA:821,71,1,0
BRDA:824,72,0,0
BRDA:824,72,1,0
BRDA:832,73,0,0
BRDA:832,73,1,0
BRDA:840,74,0,0
BRDA:840,74,1,0
BRDA:842,75,0,0
BRDA:842,75,1,0
BRDA:846,76,0,0
BRDA:846,76,1,0
BRDA:848,77,0,0
BRDA:848,77,1,0
BRDA:848,78,0,0
BRDA:848,78,1,0
BRDA:850,79,0,0
BRDA:850,79,1,0
BRDA:851,80,0,0
BRDA:851,80,1,0
BRDA:852,81,0,0
BRDA:852,81,1,0
BRDA:853,82,0,0
BRDA:853,82,1,0
BRDA:853,82,2,0
BRDA:860,83,0,0
BRDA:860,83,1,0
BRDA:860,83,2,0
BRDA:885,84,0,0
BRDA:885,84,1,0
BRDA:885,85,0,0
BRDA:885,85,1,0
BRDA:890,86,0,0
BRDA:890,86,1,0
BRDA:900,87,0,0
BRDA:900,87,1,0
BRDA:901,88,0,0
BRDA:901,88,1,0
BRDA:954,89,0,0
BRDA:954,89,1,0
BRDA:979,90,0,0
BRDA:979,90,1,0
BRDA:1003,91,0,0
BRDA:1003,91,1,0
BRDA:1014,92,0,0
BRDA:1014,92,1,0
BRDA:1017,93,0,0
BRDA:1017,93,1,0
BRDA:1021,94,0,0
BRDA:1021,94,1,0
BRDA:1026,95,0,0
BRDA:1026,95,1,0
BRDA:1031,96,0,0
BRDA:1031,96,1,0
BRDA:1038,97,0,0
BRDA:1038,97,1,0
BRDA:1052,98,0,0
BRDA:1052,98,1,0
BRDA:1064,99,0,0
BRDA:1064,99,1,0
BRDA:1072,100,0,0
BRDA:1074,101,0,0
BRDA:1074,101,1,0
BRDA:1084,102,0,0
BRDA:1084,102,1,0
BRDA:1085,103,0,0
BRDA:1085,103,1,0
BRDA:1089,104,0,0
BRDA:1089,104,1,0
BRDA:1092,105,0,0
BRDA:1092,105,1,0
BRDA:1095,106,0,0
BRDA:1095,106,1,0
BRDA:1106,107,0,0
BRDA:1106,107,1,0
BRDA:1117,108,0,0
BRDA:1117,108,1,0
BRDA:1118,109,0,0
BRDA:1118,109,1,0
BRDA:1119,110,0,0
BRDA:1119,110,1,0
BRDA:1120,111,0,0
BRDA:1120,111,1,0
BRDA:1121,112,0,0
BRDA:1121,112,1,0
BRDA:1128,113,0,0
BRDA:1128,113,1,0
BRDA:1128,114,0,0
BRDA:1128,114,1,0
BRDA:1128,114,2,0
BRDA:1129,115,0,0
BRDA:1129,115,1,0
BRDA:1131,116,0,0
BRDA:1131,116,1,0
BRDA:1133,117,0,0
BRDA:1133,117,1,0
BRDA:1140,118,0,0
BRDA:1140,118,1,0
BRDA:1140,118,2,0
BRDA:1161,119,0,0
BRDA:1161,119,1,0
BRDA:1163,120,0,0
BRDA:1163,120,1,0
BRDA:1169,121,0,0
BRDA:1169,121,1,0
BRDA:1170,122,0,0
BRDA:1170,122,1,0
BRDA:1188,123,0,0
BRDA:1188,123,1,0
BRDA:1200,124,0,0
BRDA:1201,125,0,0
BRDA:1207,126,0,0
BRDA:1207,126,1,0
BRDA:1207,127,0,0
BRDA:1207,127,1,0
BRDA:1212,128,0,0
BRDA:1212,128,1,0
BRDA:1213,129,0,0
BRDA:1213,129,1,0
BRDA:1225,130,0,0
BRDA:1225,130,1,0
BRDA:1232,131,0,0
BRDA:1232,131,1,0
BRDA:1240,132,0,0
BRDA:1240,132,1,0
BRDA:1244,133,0,0
BRDA:1244,133,1,0
BRDA:1247,134,0,0
BRDA:1247,134,1,0
BRDA:1258,135,0,0
BRDA:1258,135,1,0
BRDA:1268,136,0,0
BRDA:1268,136,1,0
BRDA:1275,137,0,0
BRDA:1275,137,1,0
BRDA:1277,138,0,0
BRDA:1277,138,1,0
BRDA:1279,139,0,0
BRDA:1279,139,1,0
BRDA:1283,140,0,0
BRDA:1283,140,1,0
BRDA:1293,141,0,0
BRDA:1293,141,1,0
BRDA:1300,142,0,0
BRDA:1300,142,1,0
BRDA:1307,143,0,0
BRDA:1307,143,1,0
BRDA:1309,144,0,0
BRDA:1309,144,1,0
BRDA:1319,145,0,0
BRDA:1319,145,1,0
BRDA:1330,146,0,0
BRDA:1330,146,1,0
BRDA:1331,147,0,0
BRDA:1331,147,1,0
BRDA:1331,148,0,0
BRDA:1331,148,1,0
BRDA:1332,149,0,0
BRDA:1332,149,1,0
BRDA:1341,150,0,0
BRDA:1341,150,1,0
BRDA:1345,151,0,0
BRDA:1345,151,1,0
BRDA:1397,152,0,0
BRDA:1397,152,1,0
BRDA:1399,153,0,0
BRDA:1399,153,1,0
BRDA:1400,154,0,0
BRDA:1400,154,1,0
BRDA:1402,155,0,0
BRDA:1402,155,1,0
BRDA:1410,156,0,0
BRDA:1410,156,1,0
BRDA:1420,157,0,0
BRDA:1420,157,1,0
BRDA:1421,158,0,0
BRDA:1421,158,1,0
BRDA:1426,159,0,0
BRDA:1426,159,1,0
BRDA:1432,160,0,0
BRDA:1432,160,1,0
BRDA:1455,161,0,0
BRDA:1455,161,1,0
BRDA:1456,162,0,0
BRDA:1456,162,1,0
BRDA:1457,163,0,0
BRDA:1457,163,1,0
BRDA:1473,164,0,0
BRDA:1473,164,1,0
BRDA:1477,165,0,0
BRDA:1477,165,1,0
BRDA:1478,166,0,0
BRDA:1478,166,1,0
BRDA:1480,167,0,0
BRDA:1480,167,1,0
BRDA:1487,168,0,0
BRDA:1487,168,1,0
BRDA:1487,169,0,0
BRDA:1487,169,1,0
BRDA:1496,170,0,0
BRDA:1496,170,1,0
BRDA:1496,171,0,0
BRDA:1496,171,1,0
BRDA:1499,172,0,0
BRDA:1499,172,1,0
BRDA:1499,173,0,0
BRDA:1499,173,1,0
BRDA:1499,173,2,0
BRDA:1504,174,0,0
BRDA:1504,174,1,0
BRDA:1513,175,0,0
BRDA:1513,175,1,0
BRDA:1529,176,0,0
BRDA:1529,176,1,0
BRDA:1541,177,0,0
BRDA:1541,177,1,0
BRDA:1542,178,0,0
BRDA:1542,178,1,0
BRDA:1546,179,0,0
BRDA:1546,179,1,0
BRDA:1546,180,0,0
BRDA:1546,180,1,0
BRDA:1546,180,2,0
BRDA:1552,181,0,0
BRDA:1552,181,1,0
BRDA:1559,182,0,0
BRDA:1559,182,1,0
BRDA:1563,183,0,0
BRDA:1563,183,1,0
BRDA:1570,184,0,0
BRDA:1570,184,1,0
BRDA:1590,185,0,0
BRDA:1590,185,1,0
BRDA:1601,186,0,0
BRDA:1601,186,1,0
BRDA:1603,187,0,0
BRDA:1603,187,1,0
BRDA:1611,188,0,0
BRDA:1611,188,1,0
BRDA:1627,189,0,0
BRDA:1627,189,1,0
BRDA:1629,190,0,0
BRDA:1629,190,1,0
BRDA:1629,191,0,0
BRDA:1629,191,1,0
BRDA:1642,192,0,0
BRDA:1642,192,1,0
BRDA:1647,193,0,0
BRDA:1647,193,1,0
BRDA:1651,194,0,0
BRDA:1651,194,1,0
BRDA:1655,195,0,0
BRDA:1655,195,1,0
BRDA:1658,196,0,0
BRDA:1658,196,1,0
BRDA:1670,197,0,0
BRDA:1670,197,1,0
BRDA:1674,198,0,0
BRDA:1674,198,1,0
BRDA:1684,199,0,0
BRDA:1684,199,1,0
BRDA:1688,200,0,0
BRDA:1688,200,1,0
BRDA:1692,201,0,0
BRDA:1692,201,1,0
BRDA:1696,202,0,0
BRDA:1696,202,1,0
BRDA:1710,203,0,0
BRDA:1710,203,1,0
BRDA:1719,204,0,0
BRDA:1719,204,1,0
BRDA:1726,205,0,0
BRDA:1726,205,1,0
BRDA:1736,206,0,0
BRDA:1736,206,1,0
BRDA:1740,207,0,0
BRDA:1740,207,1,0
BRDA:1742,208,0,0
BRDA:1742,208,1,0
BRDA:1755,209,0,0
BRDA:1755,209,1,0
BRDA:1761,210,0,0
BRDA:1761,210,1,0
BRDA:1767,211,0,0
BRDA:1767,211,1,0
BRDA:1790,212,0,0
BRDA:1790,212,1,0
BRDA:1790,213,0,0
BRDA:1790,213,1,0
BRDA:1796,214,0,0
BRDA:1796,214,1,0
BRDA:1811,215,0,0
BRDA:1811,215,1,0
BRDA:1811,216,0,0
BRDA:1811,216,1,0
BRDA:1819,217,0,0
BRDA:1819,217,1,0
BRDA:1836,218,0,0
BRDA:1836,218,1,0
BRDA:1850,219,0,0
BRDA:1850,219,1,0
BRDA:1850,220,0,0
BRDA:1850,220,1,0
BRDA:1862,221,0,0
BRDA:1862,221,1,0
BRDA:1875,222,0,0
BRDA:1875,222,1,0
BRDA:1884,223,0,0
BRDA:1884,223,1,0
BRDA:1891,224,0,0
BRDA:1891,224,1,0
BRDA:1898,225,0,0
BRDA:1898,225,1,0
BRDA:1899,226,0,0
BRDA:1899,226,1,0
BRDA:1908,227,0,0
BRDA:1908,227,1,0
BRDA:1919,228,0,0
BRDA:1919,228,1,0
BRDA:1926,229,0,0
BRDA:1926,229,1,0
BRDA:1926,230,0,0
BRDA:1926,230,1,0
BRDA:1929,231,0,0
BRDA:1929,231,1,0
BRDA:1932,232,0,0
BRDA:1932,232,1,0
BRDA:1945,233,0,0
BRDA:1945,233,1,0
BRDA:1958,234,0,0
BRDA:1958,234,1,0
BRDA:1959,235,0,0
BRDA:1959,235,1,0
BRDA:1960,236,0,0
BRDA:1960,236,1,0
BRDA:1961,237,0,0
BRDA:1961,237,1,0
BRDA:1991,238,0,0
BRDA:1991,238,1,0
BRDA:1994,239,0,0
BRDA:1994,239,1,0
BRDA:1997,240,0,0
BRDA:1997,240,1,0
BRDA:2000,241,0,0
BRDA:2000,241,1,0
BRDA:2018,242,0,0
BRDA:2018,242,1,0
BRDA:2024,243,0,0
BRDA:2024,243,1,0
BRDA:2029,244,0,0
BRDA:2029,244,1,0
BRDA:2040,245,0,0
BRDA:2040,245,1,0
BRDA:2050,246,0,0
BRDA:2050,246,1,0
BRDA:2051,247,0,0
BRDA:2051,247,1,0
BRDA:2052,248,0,0
BRDA:2052,248,1,0
BRDA:2053,249,0,0
BRDA:2053,249,1,0
BRDA:2055,250,0,0
BRDA:2055,250,1,0
BRDA:2055,250,2,0
BRDA:2055,250,3,0
BRDA:2064,251,0,0
BRDA:2064,251,1,0
BRDA:2067,252,0,0
BRDA:2067,252,1,0
BRDA:2070,253,0,0
BRDA:2070,253,1,0
BRDA:2073,254,0,0
BRDA:2073,254,1,0
BRDA:2088,255,0,0
BRDA:2088,255,1,0
BRDA:2088,256,0,0
BRDA:2088,256,1,0
BRDA:2095,257,0,0
BRDA:2095,257,1,0
BRDA:2101,258,0,0
BRDA:2101,258,1,0
BRDA:2101,259,0,0
BRDA:2101,259,1,0
BRDA:2120,260,0,0
BRDA:2120,260,1,0
BRF:536
BRH:0
end_of_record
TN:
SF:frontend\dashboard\js\controllers\navigation-controller.js
FN:7,(anonymous_0)
FN:18,(anonymous_1)
FN:27,(anonymous_2)
FN:34,(anonymous_3)
FN:40,(anonymous_4)
FN:48,(anonymous_5)
FN:49,(anonymous_6)
FN:60,(anonymous_7)
FN:70,(anonymous_8)
FN:79,(anonymous_9)
FN:90,(anonymous_10)
FN:99,(anonymous_11)
FN:132,(anonymous_12)
FN:134,(anonymous_13)
FN:151,(anonymous_14)
FN:164,(anonymous_15)
FN:166,(anonymous_16)
FN:177,(anonymous_17)
FN:210,(anonymous_18)
FN:219,(anonymous_19)
FN:228,(anonymous_20)
FN:237,(anonymous_21)
FN:262,(anonymous_22)
FN:271,(anonymous_23)
FN:278,(anonymous_24)
FN:282,(anonymous_25)
FN:292,(anonymous_26)
FN:300,(anonymous_27)
FN:304,(anonymous_28)
FN:311,(anonymous_29)
FN:318,(anonymous_30)
FN:325,(anonymous_31)
FN:332,(anonymous_32)
FN:339,(anonymous_33)
FN:346,(anonymous_34)
FN:356,(anonymous_35)
FNF:36
FNH:0
FNDA:0,(anonymous_0)
FNDA:0,(anonymous_1)
FNDA:0,(anonymous_2)
FNDA:0,(anonymous_3)
FNDA:0,(anonymous_4)
FNDA:0,(anonymous_5)
FNDA:0,(anonymous_6)
FNDA:0,(anonymous_7)
FNDA:0,(anonymous_8)
FNDA:0,(anonymous_9)
FNDA:0,(anonymous_10)
FNDA:0,(anonymous_11)
FNDA:0,(anonymous_12)
FNDA:0,(anonymous_13)
FNDA:0,(anonymous_14)
FNDA:0,(anonymous_15)
FNDA:0,(anonymous_16)
FNDA:0,(anonymous_17)
FNDA:0,(anonymous_18)
FNDA:0,(anonymous_19)
FNDA:0,(anonymous_20)
FNDA:0,(anonymous_21)
FNDA:0,(anonymous_22)
FNDA:0,(anonymous_23)
FNDA:0,(anonymous_24)
FNDA:0,(anonymous_25)
FNDA:0,(anonymous_26)
FNDA:0,(anonymous_27)
FNDA:0,(anonymous_28)
FNDA:0,(anonymous_29)
FNDA:0,(anonymous_30)
FNDA:0,(anonymous_31)
FNDA:0,(anonymous_32)
FNDA:0,(anonymous_33)
FNDA:0,(anonymous_34)
FNDA:0,(anonymous_35)
DA:8,0
DA:9,0
DA:10,0
DA:11,0
DA:12,0
DA:19,0
DA:20,0
DA:21,0
DA:29,0
DA:30,0
DA:31,0
DA:33,0
DA:34,0
DA:35,0
DA:36,0
DA:37,0
DA:40,0
DA:41,0
DA:42,0
DA:43,0
DA:47,0
DA:48,0
DA:49,0
DA:50,0
DA:51,0
DA:52,0
DA:53,0
DA:60,0
DA:61,0
DA:62,0
DA:63,0
DA:64,0
DA:65,0
DA:70,0
DA:71,0
DA:72,0
DA:74,0
DA:79,0
DA:80,0
DA:81,0
DA:83,0
DA:91,0
DA:92,0
DA:93,0
DA:100,0
DA:101,0
DA:105,0
DA:106,0
DA:107,0
DA:111,0
DA:112,0
DA:113,0
DA:117,0
DA:120,0
DA:123,0
DA:126,0
DA:134,0
DA:135,0
DA:139,0
DA:140,0
DA:141,0
DA:145,0
DA:152,0
DA:158,0
DA:165,0
DA:166,0
DA:167,0
DA:168,0
DA:169,0
DA:178,0
DA:179,0
DA:180,0
DA:184,0
DA:187,0
DA:188,0
DA:190,0
DA:191,0
DA:193,0
DA:194,0
DA:196,0
DA:197,0
DA:204,0
DA:211,0
DA:212,0
DA:220,0
DA:221,0
DA:229,0
DA:230,0
DA:239,0
DA:246,0
DA:248,0
DA:249,0
DA:251,0
DA:252,0
DA:254,0
DA:255,0
DA:264,0
DA:265,0
DA:269,0
DA:270,0
DA:271,0
DA:280,0
DA:281,0
DA:282,0
DA:286,0
DA:302,0
DA:303,0
DA:304,0
DA:312,0
DA:319,0
DA:326,0
DA:333,0
DA:340,0
DA:348,0
DA:349,0
DA:358,0
LF:116
LH:0
BRDA:33,0,0,0
BRDA:33,0,1,0
BRDA:33,1,0,0
BRDA:33,1,1,0
BRDA:33,1,2,0
BRDA:50,2,0,0
BRDA:50,2,1,0
BRDA:62,3,0,0
BRDA:62,3,1,0
BRDA:62,4,0,0
BRDA:62,4,1,0
BRDA:71,5,0,0
BRDA:71,5,1,0
BRDA:71,6,0,0
BRDA:71,6,1,0
BRDA:80,7,0,0
BRDA:80,7,1,0
BRDA:92,8,0,0
BRDA:92,8,1,0
BRDA:99,9,0,0
BRDA:100,10,0,0
BRDA:100,10,1,0
BRDA:106,11,0,0
BRDA:106,11,1,0
BRDA:111,12,0,0
BRDA:111,12,1,0
BRDA:140,13,0,0
BRDA:140,13,1,0
BRDA:158,14,0,0
BRDA:158,14,1,0
BRDA:168,15,0,0
BRDA:168,15,1,0
BRDA:179,16,0,0
BRDA:179,16,1,0
BRDA:188,17,0,0
BRDA:188,17,1,0
BRDA:188,17,2,0
BRDA:211,18,0,0
BRDA:211,18,1,0
BRDA:220,19,0,0
BRDA:220,19,1,0
BRDA:229,20,0,0
BRDA:229,20,1,0
BRDA:246,21,0,0
BRDA:246,21,1,0
BRDA:246,21,2,0
BRDA:264,22,0,0
BRDA:264,22,1,0
BRDA:270,23,0,0
BRDA:270,23,1,0
BRDA:281,24,0,0
BRDA:281,24,1,0
BRDA:303,25,0,0
BRDA:303,25,1,0
BRDA:348,26,0,0
BRDA:348,26,1,0
BRF:56
BRH:0
end_of_record
TN:
SF:frontend\dashboard\js\services\notification-service.js
FN:13,(anonymous_0)
FN:38,(anonymous_1)
FN:47,(anonymous_2)
FN:55,(anonymous_3)
FN:58,(anonymous_4)
FN:71,(anonymous_5)
FN:75,(anonymous_6)
FN:79,(anonymous_7)
FN:86,(anonymous_8)
FN:97,(anonymous_9)
FN:120,(anonymous_10)
FN:139,(anonymous_11)
FN:154,(anonymous_12)
FN:155,(anonymous_13)
FN:165,(anonymous_14)
FN:196,(anonymous_15)
FN:200,(anonymous_16)
FN:210,(anonymous_17)
FN:211,(anonymous_18)
FN:218,(anonymous_19)
FN:226,(anonymous_20)
FN:227,(anonymous_21)
FN:230,(anonymous_22)
FN:239,(anonymous_23)
FN:251,(anonymous_24)
FN:265,(anonymous_25)
FN:286,(anonymous_26)
FN:291,(anonymous_27)
FN:297,(anonymous_28)
FN:309,(anonymous_29)
FN:326,(anonymous_30)
FN:346,(anonymous_31)
FN:375,(anonymous_32)
FN:403,(anonymous_33)
FN:414,(anonymous_34)
FN:416,(anonymous_35)
FN:417,(anonymous_36)
FN:419,(anonymous_37)
FN:426,(anonymous_38)
FN:427,(anonymous_39)
FN:444,(anonymous_40)
FN:446,(anonymous_41)
FN:452,(anonymous_42)
FN:454,(anonymous_43)
FN:482,(anonymous_44)
FN:492,(anonymous_45)
FN:501,(anonymous_46)
FN:518,(anonymous_47)
FN:528,(anonymous_48)
FN:529,(anonymous_49)
FN:546,(anonymous_50)
FN:549,(anonymous_51)
FN:553,(anonymous_52)
FN:556,(anonymous_53)
FNF:54
FNH:0
FNDA:0,(anonymous_0)
FNDA:0,(anonymous_1)
FNDA:0,(anonymous_2)
FNDA:0,(anonymous_3)
FNDA:0,(anonymous_4)
FNDA:0,(anonymous_5)
FNDA:0,(anonymous_6)
FNDA:0,(anonymous_7)
FNDA:0,(anonymous_8)
FNDA:0,(anonymous_9)
FNDA:0,(anonymous_10)
FNDA:0,(anonymous_11)
FNDA:0,(anonymous_12)
FNDA:0,(anonymous_13)
FNDA:0,(anonymous_14)
FNDA:0,(anonymous_15)
FNDA:0,(anonymous_16)
FNDA:0,(anonymous_17)
FNDA:0,(anonymous_18)
FNDA:0,(anonymous_19)
FNDA:0,(anonymous_20)
FNDA:0,(anonymous_21)
FNDA:0,(anonymous_22)
FNDA:0,(anonymous_23)
FNDA:0,(anonymous_24)
FNDA:0,(anonymous_25)
FNDA:0,(anonymous_26)
FNDA:0,(anonymous_27)
FNDA:0,(anonymous_28)
FNDA:0,(anonymous_29)
FNDA:0,(anonymous_30)
FNDA:0,(anonymous_31)
FNDA:0,(anonymous_32)
FNDA:0,(anonymous_33)
FNDA:0,(anonymous_34)
FNDA:0,(anonymous_35)
FNDA:0,(anonymous_36)
FNDA:0,(anonymous_37)
FNDA:0,(anonymous_38)
FNDA:0,(anonymous_39)
FNDA:0,(anonymous_40)
FNDA:0,(anonymous_41)
FNDA:0,(anonymous_42)
FNDA:0,(anonymous_43)
FNDA:0,(anonymous_44)
FNDA:0,(anonymous_45)
FNDA:0,(anonymous_46)
FNDA:0,(anonymous_47)
FNDA:0,(anonymous_48)
FNDA:0,(anonymous_49)
FNDA:0,(anonymous_50)
FNDA:0,(anonymous_51)
FNDA:0,(anonymous_52)
FNDA:0,(anonymous_53)
DA:14,0
DA:20,0
DA:21,0
DA:22,0
DA:23,0
DA:24,0
DA:25,0
DA:28,0
DA:29,0
DA:30,0
DA:32,0
DA:39,0
DA:40,0
DA:41,0
DA:48,0
DA:49,0
DA:50,0
DA:51,0
DA:52,0
DA:54,0
DA:55,0
DA:58,0
DA:59,0
DA:66,0
DA:70,0
DA:71,0
DA:74,0
DA:75,0
DA:78,0
DA:79,0
DA:87,0
DA:88,0
DA:90,0
DA:98,0
DA:99,0
DA:100,0
DA:102,0
DA:103,0
DA:106,0
DA:107,0
DA:108,0
DA:109,0
DA:110,0
DA:112,0
DA:113,0
DA:121,0
DA:122,0
DA:123,0
DA:125,0
DA:126,0
DA:129,0
DA:130,0
DA:131,0
DA:133,0
DA:140,0
DA:141,0
DA:142,0
DA:145,0
DA:146,0
DA:153,0
DA:154,0
DA:155,0
DA:166,0
DA:167,0
DA:168,0
DA:169,0
DA:170,0
DA:172,0
DA:197,0
DA:198,0
DA:200,0
DA:201,0
DA:202,0
DA:203,0
DA:211,0
DA:212,0
DA:219,0
DA:220,0
DA:223,0
DA:224,0
DA:226,0
DA:227,0
DA:228,0
DA:230,0
DA:232,0
DA:240,0
DA:241,0
DA:243,0
DA:244,0
DA:252,0
DA:253,0
DA:254,0
DA:255,0
DA:266,0
DA:267,0
DA:269,0
DA:270,0
DA:273,0
DA:274,0
DA:276,0
DA:287,0
DA:288,0
DA:290,0
DA:291,0
DA:298,0
DA:299,0
DA:300,0
DA:301,0
DA:302,0
DA:310,0
DA:311,0
DA:314,0
DA:315,0
DA:316,0
DA:317,0
DA:319,0
DA:327,0
DA:335,0
DA:337,0
DA:338,0
DA:347,0
DA:348,0
DA:349,0
DA:351,0
DA:367,0
DA:376,0
DA:382,0
DA:384,0
DA:394,0
DA:404,0
DA:405,0
DA:406,0
DA:407,0
DA:415,0
DA:416,0
DA:417,0
DA:418,0
DA:419,0
DA:427,0
DA:428,0
DA:430,0
DA:431,0
DA:432,0
DA:433,0
DA:435,0
DA:445,0
DA:446,0
DA:453,0
DA:455,0
DA:456,0
DA:457,0
DA:458,0
DA:460,0
DA:461,0
DA:463,0
DA:464,0
DA:465,0
DA:470,0
DA:471,0
DA:483,0
DA:484,0
DA:493,0
DA:494,0
DA:495,0
DA:502,0
DA:503,0
DA:504,0
DA:505,0
DA:508,0
DA:511,0
DA:512,0
DA:519,0
DA:529,0
DA:530,0
DA:531,0
DA:534,0
DA:535,0
DA:537,0
DA:538,0
DA:547,0
DA:550,0
DA:553,0
DA:556,0
DA:564,0
DA:569,0
DA:570,0
LF:186
LH:0
BRDA:13,0,0,0
BRDA:15,1,0,0
BRDA:15,1,1,0
BRDA:54,2,0,0
BRDA:54,2,1,0
BRDA:59,3,0,0
BRDA:59,3,1,0
BRDA:60,4,0,0
BRDA:60,4,1,0
BRDA:60,4,2,0
BRDA:60,4,3,0
BRDA:60,4,4,0
BRDA:70,5,0,0
BRDA:70,5,1,0
BRDA:74,6,0,0
BRDA:74,6,1,0
BRDA:78,7,0,0
BRDA:78,7,1,0
BRDA:87,8,0,0
BRDA:87,8,1,0
BRDA:102,9,0,0
BRDA:102,9,1,0
BRDA:112,10,0,0
BRDA:112,10,1,0
BRDA:112,11,0,0
BRDA:112,11,1,0
BRDA:125,12,0,0
BRDA:125,12,1,0
BRDA:141,13,0,0
BRDA:141,13,1,0
BRDA:145,14,0,0
BRDA:145,14,1,0
BRDA:168,15,0,0
BRDA:168,15,1,0
BRDA:169,16,0,0
BRDA:169,16,1,0
BRDA:170,17,0,0
BRDA:170,17,1,0
BRDA:173,18,0,0
BRDA:173,18,1,0
BRDA:187,19,0,0
BRDA:187,19,1,0
BRDA:201,20,0,0
BRDA:201,20,1,0
BRDA:219,21,0,0
BRDA:219,21,1,0
BRDA:240,22,0,0
BRDA:240,22,1,0
BRDA:240,23,0,0
BRDA:240,23,1,0
BRDA:254,24,0,0
BRDA:254,24,1,0
BRDA:269,25,0,0
BRDA:269,25,1,0
BRDA:273,26,0,0
BRDA:273,26,1,0
BRDA:310,27,0,0
BRDA:310,27,1,0
BRDA:330,28,0,0
BRDA:330,28,1,0
BRDA:337,29,0,0
BRDA:337,29,1,0
BRDA:348,30,0,0
BRDA:348,30,1,0
BRDA:349,31,0,0
BRDA:349,31,1,0
BRDA:375,32,0,0
BRDA:382,33,0,0
BRDA:382,33,1,0
BRDA:430,34,0,0
BRDA:430,34,1,0
BRDA:431,35,0,0
BRDA:431,35,1,0
BRDA:432,36,0,0
BRDA:432,36,1,0
BRDA:456,37,0,0
BRDA:456,37,1,0
BRDA:483,38,0,0
BRDA:483,38,1,0
BRDA:483,39,0,0
BRDA:483,39,1,0
BRDA:504,40,0,0
BRDA:504,40,1,0
BRDA:537,41,0,0
BRDA:537,41,1,0
BRDA:546,42,0,0
BRDA:550,43,0,0
BRDA:550,43,1,0
BRDA:559,44,0,0
BRDA:559,44,1,0
BRF:90
BRH:0
end_of_record
TN:
SF:frontend\dashboard\js\services\render-service.js
FN:10,(anonymous_0)
FN:24,(anonymous_1)
FN:66,(anonymous_2)
FN:103,(anonymous_3)
FN:131,(anonymous_4)
FN:189,(anonymous_5)
FN:209,(anonymous_6)
FN:235,(anonymous_7)
FN:261,(anonymous_8)
FN:269,(anonymous_9)
FN:278,(anonymous_10)
FN:291,(anonymous_11)
FN:304,(anonymous_12)
FN:317,(anonymous_13)
FN:338,(anonymous_14)
FN:363,(anonymous_15)
FNF:16
FNH:0
FNDA:0,(anonymous_0)
FNDA:0,(anonymous_1)
FNDA:0,(anonymous_2)
FNDA:0,(anonymous_3)
FNDA:0,(anonymous_4)
FNDA:0,(anonymous_5)
FNDA:0,(anonymous_6)
FNDA:0,(anonymous_7)
FNDA:0,(anonymous_8)
FNDA:0,(anonymous_9)
FNDA:0,(anonymous_10)
FNDA:0,(anonymous_11)
FNDA:0,(anonymous_12)
FNDA:0,(anonymous_13)
FNDA:0,(anonymous_14)
FNDA:0,(anonymous_15)
DA:11,0
DA:25,0
DA:26,0
DA:27,0
DA:30,0
DA:60,0
DA:67,0
DA:68,0
DA:69,0
DA:72,0
DA:97,0
DA:104,0
DA:105,0
DA:106,0
DA:109,0
DA:125,0
DA:132,0
DA:133,0
DA:134,0
DA:138,0
DA:139,0
DA:140,0
DA:144,0
DA:145,0
DA:150,0
DA:173,0
DA:174,0
DA:175,0
DA:176,0
DA:179,0
DA:180,0
DA:183,0
DA:190,0
DA:191,0
DA:192,0
DA:196,0
DA:197,0
DA:198,0
DA:202,0
DA:203,0
DA:210,0
DA:211,0
DA:212,0
DA:216,0
DA:217,0
DA:218,0
DA:222,0
DA:223,0
DA:224,0
DA:228,0
DA:229,0
DA:236,0
DA:237,0
DA:238,0
DA:242,0
DA:243,0
DA:244,0
DA:248,0
DA:249,0
DA:250,0
DA:254,0
DA:255,0
DA:262,0
DA:263,0
DA:264,0
DA:267,0
DA:269,0
DA:272,0
DA:279,0
DA:280,0
DA:281,0
DA:284,0
DA:285,0
DA:292,0
DA:293,0
DA:294,0
DA:297,0
DA:298,0
DA:305,0
DA:306,0
DA:307,0
DA:310,0
DA:311,0
DA:319,0
DA:320,0
DA:323,0
DA:326,0
DA:329,0
DA:332,0
DA:339,0
DA:346,0
DA:347,0
DA:349,0
DA:350,0
DA:352,0
DA:353,0
DA:355,0
DA:356,0
DA:364,0
DA:365,0
DA:366,0
DA:368,0
DA:369,0
DA:371,0
DA:372,0
DA:374,0
DA:375,0
LF:107
LH:0
BRDA:26,0,0,0
BRDA:26,0,1,0
BRDA:33,1,0,0
BRDA:33,1,1,0
BRDA:34,2,0,0
BRDA:34,2,1,0
BRDA:38,3,0,0
BRDA:38,3,1,0
BRDA:39,4,0,0
BRDA:39,4,1,0
BRDA:41,5,0,0
BRDA:41,5,1,0
BRDA:50,6,0,0
BRDA:50,6,1,0
BRDA:55,7,0,0
BRDA:55,7,1,0
BRDA:68,8,0,0
BRDA:68,8,1,0
BRDA:75,9,0,0
BRDA:75,9,1,0
BRDA:79,10,0,0
BRDA:79,10,1,0
BRDA:80,11,0,0
BRDA:80,11,1,0
BRDA:89,12,0,0
BRDA:89,12,1,0
BRDA:93,13,0,0
BRDA:93,13,1,0
BRDA:105,14,0,0
BRDA:105,14,1,0
BRDA:133,15,0,0
BRDA:133,15,1,0
BRDA:139,16,0,0
BRDA:139,16,1,0
BRDA:140,17,0,0
BRDA:140,17,1,0
BRDA:145,18,0,0
BRDA:145,18,1,0
BRDA:153,19,0,0
BRDA:153,19,1,0
BRDA:154,20,0,0
BRDA:154,20,1,0
BRDA:159,21,0,0
BRDA:159,21,1,0
BRDA:160,22,0,0
BRDA:160,22,1,0
BRDA:165,23,0,0
BRDA:165,23,1,0
BRDA:166,24,0,0
BRDA:166,24,1,0
BRDA:174,25,0,0
BRDA:174,25,1,0
BRDA:191,26,0,0
BRDA:191,26,1,0
BRDA:197,27,0,0
BRDA:197,27,1,0
BRDA:211,28,0,0
BRDA:211,28,1,0
BRDA:217,29,0,0
BRDA:217,29,1,0
BRDA:223,30,0,0
BRDA:223,30,1,0
BRDA:237,31,0,0
BRDA:237,31,1,0
BRDA:243,32,0,0
BRDA:243,32,1,0
BRDA:249,33,0,0
BRDA:249,33,1,0
BRDA:263,34,0,0
BRDA:263,34,1,0
BRDA:278,35,0,0
BRDA:280,36,0,0
BRDA:280,36,1,0
BRDA:293,37,0,0
BRDA:293,37,1,0
BRDA:306,38,0,0
BRDA:306,38,1,0
BRDA:346,39,0,0
BRDA:346,39,1,0
BRDA:349,40,0,0
BRDA:349,40,1,0
BRDA:352,41,0,0
BRDA:352,41,1,0
BRDA:355,42,0,0
BRDA:355,42,1,0
BRDA:368,43,0,0
BRDA:368,43,1,0
BRDA:368,44,0,0
BRDA:368,44,1,0
BRDA:371,45,0,0
BRDA:371,45,1,0
BRDA:371,46,0,0
BRDA:371,46,1,0
BRDA:374,47,0,0
BRDA:374,47,1,0
BRDA:374,48,0,0
BRDA:374,48,1,0
BRF:97
BRH:0
end_of_record
TN:
SF:frontend\dashboard\js\templates\dashboard-templates.js
FN:10,(anonymous_0)
FN:33,(anonymous_1)
FN:52,(anonymous_2)
FN:72,(anonymous_3)
FN:105,(anonymous_4)
FN:187,(anonymous_5)
FN:242,(anonymous_6)
FN:260,(anonymous_7)
FN:264,(anonymous_8)
FN:306,(anonymous_9)
FN:324,(anonymous_10)
FNF:11
FNH:0
FNDA:0,(anonymous_0)
FNDA:0,(anonymous_1)
FNDA:0,(anonymous_2)
FNDA:0,(anonymous_3)
FNDA:0,(anonymous_4)
FNDA:0,(anonymous_5)
FNDA:0,(anonymous_6)
FNDA:0,(anonymous_7)
FNDA:0,(anonymous_8)
FNDA:0,(anonymous_9)
FNDA:0,(anonymous_10)
DA:11,0
DA:13,0
DA:34,0
DA:36,0
DA:53,0
DA:55,0
DA:73,0
DA:106,0
DA:188,0
DA:243,0
DA:261,0
DA:264,0
DA:277,0
DA:307,0
DA:309,0
DA:325,0
DA:327,0
DA:343,0
LF:18
LH:0
BRDA:11,0,0,0
BRDA:19,1,0,0
BRDA:19,1,1,0
BRDA:24,2,0,0
BRDA:24,2,1,0
BRDA:34,3,0,0
BRDA:34,4,0,0
BRDA:37,5,0,0
BRDA:37,5,1,0
BRDA:53,6,0,0
BRDA:56,7,0,0
BRDA:56,7,1,0
BRDA:62,8,0,0
BRDA:62,8,1,0
BRDA:64,9,0,0
BRDA:64,9,1,0
BRDA:260,10,0,0
BRDA:307,11,0,0
BRDA:316,12,0,0
BRDA:316,12,1,0
BRDA:325,13,0,0
BRDA:334,14,0,0
BRDA:334,14,1,0
BRF:23
BRH:0
end_of_record
TN:
SF:frontend\invitation\sw.js
FN:14,(anonymous_0)
FN:18,(anonymous_1)
FN:22,(anonymous_2)
FN:30,(anonymous_3)
FN:32,(anonymous_4)
FN:34,(anonymous_5)
FN:47,(anonymous_6)
FN:62,(anonymous_7)
FN:71,(anonymous_8)
FN:81,(anonymous_9)
FN:90,(anonymous_10)
FN:96,(anonymous_11)
FNF:12
FNH:0
FNDA:0,(anonymous_0)
FNDA:0,(anonymous_1)
FNDA:0,(anonymous_2)
FNDA:0,(anonymous_3)
FNDA:0,(anonymous_4)
FNDA:0,(anonymous_5)
FNDA:0,(anonymous_6)
FNDA:0,(anonymous_7)
FNDA:0,(anonymous_8)
FNDA:0,(anonymous_9)
FNDA:0,(anonymous_10)
FNDA:0,(anonymous_11)
DA:1,0
DA:2,0
DA:14,0
DA:15,0
DA:19,0
DA:20,0
DA:23,0
DA:26,0
DA:30,0
DA:31,0
DA:33,0
DA:35,0
DA:36,0
DA:37,0
DA:43,0
DA:47,0
DA:49,0
DA:56,0
DA:60,0
DA:61,0
DA:63,0
DA:66,0
DA:70,0
DA:73,0
DA:74,0
DA:78,0
DA:80,0
DA:83,0
DA:84,0
DA:88,0
DA:90,0
DA:91,0
DA:94,0
DA:98,0
LF:34
LH:0
BRDA:35,0,0,0
BRDA:35,0,1,0
BRDA:49,1,0,0
BRDA:49,1,1,0
BRDA:50,2,0,0
BRDA:50,2,1,0
BRDA:50,2,2,0
BRDA:50,2,3,0
BRDA:50,2,4,0
BRDA:60,3,0,0
BRDA:60,3,1,0
BRDA:73,4,0,0
BRDA:73,4,1,0
BRDA:83,5,0,0
BRDA:83,5,1,0
BRDA:83,6,0,0
BRDA:83,6,1,0
BRDA:83,6,2,0
BRF:18
BRH:0
end_of_record
TN:
SF:frontend\invitation\js\app.js
FN:14,(anonymous_0)
FN:51,showErrorMessage
FN:62,createErrorContainer
FN:85,createErrorContent
FN:101,createReloadButton
FN:113,(anonymous_5)
FN:120,(anonymous_6)
FN:124,(anonymous_7)
FNF:8
FNH:0
FNDA:0,(anonymous_0)
FNDA:0,showErrorMessage
FNDA:0,createErrorContainer
FNDA:0,createErrorContent
FNDA:0,createReloadButton
FNDA:0,(anonymous_5)
FNDA:0,(anonymous_6)
FNDA:0,(anonymous_7)
DA:14,0
DA:15,0
DA:17,0
DA:20,0
DA:26,0
DA:29,0
DA:30,0
DA:31,0
DA:32,0
DA:34,0
DA:39,0
DA:44,0
DA:52,0
DA:53,0
DA:54,0
DA:55,0
DA:63,0
DA:64,0
DA:78,0
DA:86,0
DA:87,0
DA:92,0
DA:93,0
DA:94,0
DA:102,0
DA:103,0
DA:104,0
DA:113,0
DA:114,0
DA:120,0
DA:124,0
LF:31
LH:0
BRDA:29,0,0,0
BRDA:29,0,1,0
BRDA:39,1,0,0
BRDA:39,1,1,0
BRDA:39,2,0,0
BRDA:39,2,1,0
BRF:6
BRH:0
end_of_record
TN:
SF:frontend\invitation\js\config\app-config.js
FN:190,getConfig
FN:191,(anonymous_1)
FN:201,isFeatureEnabled
FN:209,getBreakpoints
FN:217,isDebugMode
FN:225,getApiConfig
FNF:6
FNH:0
FNDA:0,getConfig
FNDA:0,(anonymous_1)
FNDA:0,isFeatureEnabled
FNDA:0,getBreakpoints
FNDA:0,isDebugMode
FNDA:0,getApiConfig
DA:5,0
DA:191,0
DA:192,0
DA:202,0
DA:210,0
DA:218,0
DA:226,0
LF:7
LH:0
BRDA:190,0,0,0
BRDA:192,1,0,0
BRDA:192,1,1,0
BRDA:192,2,0,0
BRDA:192,2,1,0
BRF:5
BRH:0
end_of_record
TN:
SF:frontend\invitation\js\config\dependencies.js
FN:34,setupDependencies
FN:42,(anonymous_1)
FN:56,(anonymous_2)
FN:61,(anonymous_3)
FN:64,(anonymous_4)
FN:67,(anonymous_5)
FN:70,(anonymous_6)
FN:77,(anonymous_7)
FN:89,(anonymous_8)
FN:92,(anonymous_9)
FN:99,(anonymous_10)
FN:104,(anonymous_11)
FN:108,(anonymous_12)
FN:111,(anonymous_13)
FN:129,validateDependencies
FN:139,(anonymous_15)
FN:152,initializeServices
FN:170,cleanupServices
FN:179,(anonymous_18)
FNF:19
FNH:0
FNDA:0,setupDependencies
FNDA:0,(anonymous_1)
FNDA:0,(anonymous_2)
FNDA:0,(anonymous_3)
FNDA:0,(anonymous_4)
FNDA:0,(anonymous_5)
FNDA:0,(anonymous_6)
FNDA:0,(anonymous_7)
FNDA:0,(anonymous_8)
FNDA:0,(anonymous_9)
FNDA:0,(anonymous_10)
FNDA:0,(anonymous_11)
FNDA:0,(anonymous_12)
FNDA:0,(anonymous_13)
FNDA:0,validateDependencies
FNDA:0,(anonymous_15)
FNDA:0,initializeServices
FNDA:0,cleanupServices
FNDA:0,(anonymous_18)
DA:40,0
DA:43,0
DA:44,0
DA:54,0
DA:56,0
DA:61,0
DA:64,0
DA:67,0
DA:70,0
DA:77,0
DA:78,0
DA:79,0
DA:80,0
DA:84,0
DA:85,0
DA:89,0
DA:92,0
DA:99,0
DA:102,0
DA:104,0
DA:108,0
DA:111,0
DA:130,0
DA:139,0
DA:141,0
DA:142,0
DA:145,0
DA:153,0
DA:155,0
DA:156,0
DA:159,0
DA:160,0
DA:162,0
DA:172,0
DA:179,0
DA:180,0
DA:181,0
DA:182,0
DA:183,0
DA:191,0
LF:40
LH:0
BRDA:79,0,0,0
BRDA:79,0,1,0
BRDA:84,1,0,0
BRDA:84,1,1,0
BRDA:141,2,0,0
BRDA:141,2,1,0
BRDA:182,3,0,0
BRDA:182,3,1,0
BRDA:182,4,0,0
BRDA:182,4,1,0
BRF:10
BRH:0
end_of_record
TN:
SF:frontend\invitation\js\config\di-container.js
FN:6,(anonymous_0)
FN:16,(anonymous_1)
FN:26,(anonymous_2)
FN:40,(anonymous_3)
FN:58,(anonymous_4)
FN:64,(anonymous_5)
FN:70,(anonymous_6)
FN:77,(anonymous_7)
FN:84,(anonymous_8)
FN:91,(anonymous_9)
FN:96,(anonymous_10)
FN:104,(anonymous_11)
FN:109,(anonymous_12)
FN:123,(anonymous_13)
FN:132,(anonymous_14)
FN:156,(anonymous_15)
FN:165,(anonymous_16)
FN:173,(anonymous_17)
FN:180,(anonymous_18)
FNF:19
FNH:0
FNDA:0,(anonymous_0)
FNDA:0,(anonymous_1)
FNDA:0,(anonymous_2)
FNDA:0,(anonymous_3)
FNDA:0,(anonymous_4)
FNDA:0,(anonymous_5)
FNDA:0,(anonymous_6)
FNDA:0,(anonymous_7)
FNDA:0,(anonymous_8)
FNDA:0,(anonymous_9)
FNDA:0,(anonymous_10)
FNDA:0,(anonymous_11)
FNDA:0,(anonymous_12)
FNDA:0,(anonymous_13)
FNDA:0,(anonymous_14)
FNDA:0,(anonymous_15)
FNDA:0,(anonymous_16)
FNDA:0,(anonymous_17)
FNDA:0,(anonymous_18)
DA:7,0
DA:8,0
DA:9,0
DA:17,0
DA:18,0
DA:20,0
DA:27,0
DA:28,0
DA:32,0
DA:34,0
DA:41,0
DA:53,0
DA:54,0
DA:59,0
DA:60,0
DA:61,0
DA:65,0
DA:66,0
DA:67,0
DA:71,0
DA:72,0
DA:73,0
DA:74,0
DA:78,0
DA:79,0
DA:80,0
DA:81,0
DA:85,0
DA:86,0
DA:87,0
DA:88,0
DA:92,0
DA:93,0
DA:98,0
DA:99,0
DA:100,0
DA:101,0
DA:105,0
DA:106,0
DA:110,0
DA:111,0
DA:112,0
DA:113,0
DA:114,0
DA:124,0
DA:133,0
DA:134,0
DA:135,0
DA:140,0
DA:141,0
DA:142,0
DA:143,0
DA:145,0
DA:148,0
DA:157,0
DA:166,0
DA:174,0
DA:181,0
DA:182,0
LF:59
LH:0
BRDA:17,0,0,0
BRDA:17,0,1,0
BRDA:27,1,0,0
BRDA:27,1,1,0
BRDA:60,2,0,0
BRDA:60,2,1,0
BRDA:123,3,0,0
BRDA:134,4,0,0
BRDA:134,4,1,0
BRDA:140,5,0,0
BRDA:140,5,1,0
BRDA:141,6,0,0
BRDA:141,6,1,0
BRF:13
BRH:0
end_of_record
TN:
SF:frontend\invitation\js\core\facades\AppFacade.js
FN:14,(anonymous_0)
FN:22,(anonymous_1)
FN:71,(anonymous_2)
FNF:3
FNH:0
FNDA:0,(anonymous_0)
FNDA:0,(anonymous_1)
FNDA:0,(anonymous_2)
DA:15,0
DA:24,0
DA:25,0
DA:26,0
DA:30,0
DA:31,0
DA:32,0
DA:36,0
DA:37,0
DA:38,0
DA:41,0
DA:42,0
DA:43,0
DA:46,0
DA:47,0
DA:48,0
DA:51,0
DA:52,0
DA:53,0
DA:56,0
DA:72,0
DA:73,0
DA:74,0
DA:77,0
DA:78,0
DA:79,0
DA:80,0
DA:84,0
LF:28
LH:0
BRDA:25,0,0,0
BRDA:25,0,1,0
BRDA:31,1,0,0
BRDA:31,1,1,0
BRDA:31,2,0,0
BRDA:31,2,1,0
BRDA:37,3,0,0
BRDA:37,3,1,0
BRDA:37,4,0,0
BRDA:37,4,1,0
BRDA:42,5,0,0
BRDA:42,5,1,0
BRDA:42,6,0,0
BRDA:42,6,1,0
BRDA:47,7,0,0
BRDA:47,7,1,0
BRDA:47,8,0,0
BRDA:47,8,1,0
BRDA:52,9,0,0
BRDA:52,9,1,0
BRDA:52,10,0,0
BRDA:52,10,1,0
BRDA:73,11,0,0
BRDA:73,11,1,0
BRDA:77,12,0,0
BRDA:77,12,1,0
BRDA:79,13,0,0
BRDA:79,13,1,0
BRF:28
BRH:0
end_of_record
TN:
SF:frontend\invitation\js\core\facades\RSVPFacade.js
FN:18,(anonymous_0)
FN:27,(anonymous_1)
FN:37,(anonymous_2)
FNF:3
FNH:0
FNDA:0,(anonymous_0)
FNDA:0,(anonymous_1)
FNDA:0,(anonymous_2)
DA:19,0
DA:28,0
DA:38,0
LF:3
LH:0
BRF:0
BRH:0
end_of_record
TN:
SF:frontend\invitation\js\core\models\invitation.js
FN:7,(anonymous_0)
FN:77,(anonymous_1)
FN:90,(anonymous_2)
FN:111,(anonymous_3)
FN:119,(anonymous_4)
FN:127,(anonymous_5)
FN:135,(anonymous_6)
FN:143,(anonymous_7)
FN:157,(anonymous_8)
FN:174,(anonymous_9)
FN:182,(anonymous_10)
FN:190,(anonymous_11)
FN:199,(anonymous_12)
FN:207,(anonymous_13)
FN:227,(anonymous_14)
FN:228,(anonymous_15)
FN:245,(anonymous_16)
FN:261,(anonymous_17)
FN:284,(anonymous_18)
FN:293,(anonymous_19)
FN:311,(anonymous_20)
FNF:21
FNH:0
FNDA:0,(anonymous_0)
FNDA:0,(anonymous_1)
FNDA:0,(anonymous_2)
FNDA:0,(anonymous_3)
FNDA:0,(anonymous_4)
FNDA:0,(anonymous_5)
FNDA:0,(anonymous_6)
FNDA:0,(anonymous_7)
FNDA:0,(anonymous_8)
FNDA:0,(anonymous_9)
FNDA:0,(anonymous_10)
FNDA:0,(anonymous_11)
FNDA:0,(anonymous_12)
FNDA:0,(anonymous_13)
FNDA:0,(anonymous_14)
FNDA:0,(anonymous_15)
FNDA:0,(anonymous_16)
FNDA:0,(anonymous_17)
FNDA:0,(anonymous_18)
FNDA:0,(anonymous_19)
FNDA:0,(anonymous_20)
DA:8,0
DA:10,0
DA:15,0
DA:17,0
DA:18,0
DA:19,0
DA:24,0
DA:25,0
DA:26,0
DA:27,0
DA:31,0
DA:32,0
DA:34,0
DA:35,0
DA:37,0
DA:38,0
DA:40,0
DA:41,0
DA:45,0
DA:46,0
DA:48,0
DA:51,0
DA:52,0
DA:53,0
DA:54,0
DA:55,0
DA:56,0
DA:57,0
DA:59,0
DA:60,0
DA:63,0
DA:64,0
DA:67,0
DA:68,0
DA:69,0
DA:70,0
DA:78,0
DA:91,0
DA:92,0
DA:95,0
DA:96,0
DA:99,0
DA:100,0
DA:104,0
DA:112,0
DA:120,0
DA:128,0
DA:136,0
DA:144,0
DA:145,0
DA:147,0
DA:148,0
DA:150,0
DA:158,0
DA:160,0
DA:162,0
DA:164,0
DA:166,0
DA:175,0
DA:183,0
DA:191,0
DA:200,0
DA:208,0
DA:209,0
DA:212,0
DA:228,0
DA:229,0
DA:230,0
DA:231,0
DA:233,0
DA:238,0
DA:246,0
DA:247,0
DA:248,0
DA:249,0
DA:250,0
DA:251,0
DA:252,0
DA:253,0
DA:254,0
DA:262,0
DA:285,0
DA:294,0
DA:295,0
DA:298,0
DA:312,0
DA:314,0
DA:315,0
DA:318,0
DA:319,0
DA:320,0
DA:323,0
DA:324,0
DA:328,0
DA:329,0
DA:332,0
DA:333,0
DA:336,0
LF:98
LH:0
BRDA:7,0,0,0
BRDA:8,1,0,0
BRDA:8,1,1,0
BRDA:10,2,0,0
BRDA:10,2,1,0
BRDA:12,3,0,0
BRDA:12,3,1,0
BRDA:15,4,0,0
BRDA:15,4,1,0
BRDA:17,5,0,0
BRDA:17,5,1,0
BRDA:18,6,0,0
BRDA:18,6,1,0
BRDA:19,7,0,0
BRDA:19,7,1,0
BRDA:24,8,0,0
BRDA:24,8,1,0
BRDA:26,9,0,0
BRDA:26,9,1,0
BRDA:31,10,0,0
BRDA:31,10,1,0
BRDA:34,11,0,0
BRDA:34,11,1,0
BRDA:34,12,0,0
BRDA:34,12,1,0
BRDA:34,12,2,0
BRDA:37,13,0,0
BRDA:37,13,1,0
BRDA:40,14,0,0
BRDA:40,14,1,0
BRDA:40,15,0,0
BRDA:40,15,1,0
BRDA:45,16,0,0
BRDA:45,16,1,0
BRDA:48,17,0,0
BRDA:48,17,1,0
BRDA:51,18,0,0
BRDA:51,18,1,0
BRDA:52,19,0,0
BRDA:52,19,1,0
BRDA:52,20,0,0
BRDA:52,20,1,0
BRDA:55,21,0,0
BRDA:55,21,1,0
BRDA:55,22,0,0
BRDA:55,22,1,0
BRDA:63,23,0,0
BRDA:63,23,1,0
BRDA:64,24,0,0
BRDA:64,24,1,0
BRDA:67,25,0,0
BRDA:67,25,1,0
BRDA:68,26,0,0
BRDA:68,26,1,0
BRDA:69,27,0,0
BRDA:69,27,1,0
BRDA:69,27,2,0
BRDA:70,28,0,0
BRDA:70,28,1,0
BRDA:79,29,0,0
BRDA:79,29,1,0
BRDA:79,29,2,0
BRDA:79,29,3,0
BRDA:91,30,0,0
BRDA:91,30,1,0
BRDA:95,31,0,0
BRDA:95,31,1,0
BRDA:99,32,0,0
BRDA:99,32,1,0
BRDA:120,33,0,0
BRDA:120,33,1,0
BRDA:128,34,0,0
BRDA:128,34,1,0
BRDA:144,35,0,0
BRDA:144,35,1,0
BRDA:147,36,0,0
BRDA:147,36,1,0
BRDA:158,37,0,0
BRDA:158,37,1,0
BRDA:158,37,2,0
BRDA:158,37,3,0
BRDA:175,38,0,0
BRDA:175,38,1,0
BRDA:175,38,2,0
BRDA:183,39,0,0
BRDA:183,39,1,0
BRDA:200,40,0,0
BRDA:200,40,1,0
BRDA:208,41,0,0
BRDA:208,41,1,0
BRDA:229,42,0,0
BRDA:229,42,1,0
BRDA:230,43,0,0
BRDA:230,43,1,0
BRDA:230,44,0,0
BRDA:230,44,1,0
BRDA:230,44,2,0
BRDA:231,45,0,0
BRDA:231,45,1,0
BRDA:247,46,0,0
BRDA:247,46,1,0
BRDA:248,47,0,0
BRDA:248,47,1,0
BRDA:249,48,0,0
BRDA:249,48,1,0
BRDA:250,49,0,0
BRDA:250,49,1,0
BRDA:251,50,0,0
BRDA:251,50,1,0
BRDA:272,51,0,0
BRDA:272,51,1,0
BRDA:273,52,0,0
BRDA:273,52,1,0
BRDA:274,53,0,0
BRDA:274,53,1,0
BRDA:294,54,0,0
BRDA:294,54,1,0
BRDA:299,55,0,0
BRDA:299,55,1,0
BRDA:299,55,2,0
BRDA:299,55,3,0
BRDA:314,56,0,0
BRDA:314,56,1,0
BRDA:318,57,0,0
BRDA:318,57,1,0
BRDA:319,58,0,0
BRDA:319,58,1,0
BRDA:319,59,0,0
BRDA:319,59,1,0
BRDA:323,60,0,0
BRDA:323,60,1,0
BRDA:328,61,0,0
BRDA:328,61,1,0
BRDA:328,62,0,0
BRDA:328,62,1,0
BRDA:332,63,0,0
BRDA:332,63,1,0
BRDA:332,64,0,0
BRDA:332,64,1,0
BRF:139
BRH:0
end_of_record
TN:
SF:frontend\invitation\js\core\services\configuration-service.js
FN:7,(anonymous_0)
FN:16,(anonymous_1)
FN:33,(anonymous_2)
FN:44,(anonymous_3)
FN:75,(anonymous_4)
FN:115,(anonymous_5)
FN:146,(anonymous_6)
FN:179,(anonymous_7)
FN:186,(anonymous_8)
FN:206,(anonymous_9)
FN:217,(anonymous_10)
FN:236,(anonymous_11)
FN:271,(anonymous_12)
FN:290,(anonymous_13)
FN:339,(anonymous_14)
FN:361,(anonymous_15)
FN:409,(anonymous_16)
FN:431,(anonymous_17)
FN:458,(anonymous_18)
FN:477,(anonymous_19)
FN:484,(anonymous_20)
FN:493,(anonymous_21)
FN:506,(anonymous_22)
FN:516,(anonymous_23)
FN:528,(anonymous_24)
FN:559,(anonymous_25)
FN:566,(anonymous_26)
FN:574,(anonymous_27)
FNF:28
FNH:19
FNDA:13,(anonymous_0)
FNDA:4,(anonymous_1)
FNDA:11,(anonymous_2)
FNDA:3,(anonymous_3)
FNDA:3,(anonymous_4)
FNDA:3,(anonymous_5)
FNDA:3,(anonymous_6)
FNDA:3,(anonymous_7)
FNDA:0,(anonymous_8)
FNDA:3,(anonymous_9)
FNDA:3,(anonymous_10)
FNDA:3,(anonymous_11)
FNDA:3,(anonymous_12)
FNDA:0,(anonymous_13)
FNDA:3,(anonymous_14)
FNDA:0,(anonymous_15)
FNDA:3,(anonymous_16)
FNDA:3,(anonymous_17)
FNDA:3,(anonymous_18)
FNDA:0,(anonymous_19)
FNDA:0,(anonymous_20)
FNDA:3,(anonymous_21)
FNDA:0,(anonymous_22)
FNDA:44,(anonymous_23)
FNDA:7,(anonymous_24)
FNDA:0,(anonymous_25)
FNDA:0,(anonymous_26)
FNDA:0,(anonymous_27)
DA:8,13
DA:9,13
DA:10,13
DA:17,4
DA:18,1
DA:22,3
DA:25,3
DA:27,3
DA:34,11
DA:36,11
DA:37,6
DA:45,3
DA:61,3
DA:62,39
DA:63,39
DA:64,39
DA:76,3
DA:79,3
DA:84,3
DA:91,3
DA:94,3
DA:95,0
DA:98,3
DA:99,3
DA:100,3
DA:103,3
DA:106,3
DA:107,2
DA:108,2
DA:116,3
DA:119,3
DA:120,2
DA:121,2
DA:122,2
DA:123,2
DA:130,3
DA:131,2
DA:135,3
DA:136,0
DA:147,3
DA:149,3
DA:150,0
DA:151,0
DA:152,0
DA:155,0
DA:159,0
DA:160,0
DA:161,0
DA:165,3
DA:166,0
DA:167,0
DA:170,3
DA:171,0
DA:172,0
DA:180,3
DA:181,3
DA:183,3
DA:184,0
DA:186,0
DA:187,0
DA:188,0
DA:189,0
DA:196,0
DA:199,0
DA:207,3
DA:209,3
DA:210,3
DA:211,3
DA:218,3
DA:220,3
DA:221,3
DA:222,3
DA:226,3
DA:237,3
DA:238,3
DA:241,3
DA:242,3
DA:243,0
DA:245,0
DA:246,0
DA:247,0
DA:251,3
DA:252,3
DA:253,0
DA:257,3
DA:258,3
DA:260,3
DA:261,0
DA:262,0
DA:263,0
DA:272,3
DA:274,3
DA:275,3
DA:276,3
DA:277,0
DA:279,3
DA:282,0
DA:283,0
DA:286,0
[...]
BRDA:148,12,0,0
BRDA:148,12,1,0
BRDA:171,13,0,0
BRDA:171,13,1,2
BRDA:171,14,0,2
BRDA:171,14,1,0
BRDA:188,15,0,0
BRDA:188,16,0,1
BRDA:190,17,0,0
BRDA:190,17,1,1
BRDA:211,18,0,0
BRDA:211,18,1,1
BRDA:211,19,0,1
BRDA:211,19,1,0
BRDA:229,20,0,1
BRDA:229,20,1,1
BRDA:240,21,0,0
BRDA:242,22,0,1
BRDA:242,22,1,0
BRDA:252,23,0,0
BRDA:252,23,1,0
BRDA:256,24,0,0
BRDA:256,24,1,0
BRDA:264,25,0,0
BRDA:264,25,1,0
BRDA:269,26,0,0
BRDA:269,26,1,0
BRDA:310,27,0,2
BRDA:310,27,1,2
BRDA:317,28,0,2
BRDA:317,28,1,0
BRDA:317,29,0,2
BRDA:317,29,1,2
BRDA:334,30,0,4
BRDA:334,30,1,0
BRDA:350,31,0,4
BRDA:350,31,1,4
BRDA:353,32,0,4
BRDA:353,32,1,0
BRDA:402,33,0,3
BRDA:402,33,1,0
BRDA:429,34,0,0
BRDA:429,34,1,0
BRDA:442,35,0,1
BRDA:442,35,1,0
BRDA:455,36,0,0
BRDA:455,36,1,0
BRDA:457,37,0,0
BRDA:457,37,1,0
BRDA:470,38,0,2
BRDA:470,38,1,4
BRDA:481,39,0,6
BRDA:481,39,1,0
BRDA:495,40,0,0
BRDA:495,40,1,0
BRDA:513,41,0,8
BRDA:513,41,1,1
BRDA:513,42,0,9
BRDA:513,42,1,8
BRF:82
BRH:37
end_of_record
TN:
SF:frontend\invitation\js\presentation\controllers\rsvp-controller.js
FN:7,(anonymous_0)
FN:23,(anonymous_1)
FN:35,(anonymous_2)
FN:42,(anonymous_3)
FN:47,(anonymous_4)
FN:60,(anonymous_5)
FN:75,(anonymous_6)
FN:81,(anonymous_7)
FN:85,(anonymous_8)
FN:106,(anonymous_9)
FN:123,(anonymous_10)
FN:132,(anonymous_11)
FN:133,(anonymous_12)
FN:136,(anonymous_13)
FN:141,(anonymous_14)
FNF:15
FNH:13
FNDA:9,(anonymous_0)
FNDA:9,(anonymous_1)
FNDA:9,(anonymous_2)
FNDA:9,(anonymous_3)
FNDA:9,(anonymous_4)
FNDA:8,(anonymous_5)
FNDA:2,(anonymous_6)
FNDA:2,(anonymous_7)
FNDA:3,(anonymous_8)
FNDA:2,(anonymous_9)
FNDA:9,(anonymous_10)
FNDA:0,(anonymous_11)
FNDA:0,(anonymous_12)
FNDA:3,(anonymous_13)
FNDA:10,(anonymous_14)
DA:8,9
DA:9,9
DA:10,9
DA:11,9
DA:16,9
DA:17,9
DA:18,9
DA:19,9
DA:20,9
DA:24,9
DA:25,0
DA:28,9
DA:29,9
DA:30,9
DA:32,9
DA:36,9
DA:37,9
DA:38,9
DA:43,9
DA:44,9
DA:48,9
DA:49,9
DA:50,9
DA:51,9
DA:52,8
DA:53,8
DA:55,1
DA:61,8
DA:62,8
DA:63,8
DA:64,0
DA:65,0
DA:67,8
DA:68,0
DA:69,0
DA:72,8
DA:76,2
DA:77,2
DA:82,2
DA:86,3
DA:87,3
DA:88,1
DA:91,2
DA:92,2
DA:93,2
DA:94,0
DA:95,0
DA:99,2
DA:100,2
DA:102,2
DA:103,2
DA:106,2
DA:107,2
DA:108,2
DA:111,2
DA:112,2
DA:113,1
DA:114,1
DA:116,1
DA:118,2
DA:119,2
DA:124,9
DA:125,9
DA:133,0
DA:137,3
DA:138,3
DA:143,10
LF:67
LH:59
BRDA:7,0,0,0
BRDA:24,1,0,0
BRDA:24,1,1,9
BRDA:24,2,0,9
BRDA:24,2,1,9
BRDA:36,3,0,9
BRDA:36,3,1,0
BRDA:49,4,0,9
BRDA:49,4,1,0
BRDA:61,5,0,8
BRDA:61,5,1,8
BRDA:62,6,0,8
BRDA:62,6,1,0
BRDA:63,7,0,0
BRDA:63,7,1,8
BRDA:63,8,0,8
BRDA:63,8,1,8
BRDA:67,9,0,0
BRDA:67,9,1,8
BRDA:67,10,0,8
BRDA:67,10,1,8
BRDA:76,11,0,2
BRDA:76,11,1,0
BRDA:87,12,0,1
BRDA:87,12,1,2
BRDA:91,13,0,2
BRDA:91,13,1,0
BRDA:93,14,0,0
BRDA:93,14,1,2
BRDA:107,15,0,0
BRDA:107,15,1,2
BRDA:114,16,0,1
BRDA:114,16,1,0
BRDA:126,17,0,9
BRDA:126,17,1,9
BRDA:126,17,2,9
BRF:36
BRH:24
end_of_record
TN:
SF:frontend\invitation\js\presentation\controllers\scroll-animation-controller.js
FN:7,(anonymous_0)
FN:24,(anonymous_1)
FN:38,(anonymous_2)
FN:45,(anonymous_3)
FN:46,(anonymous_4)
FN:59,(anonymous_5)
FN:62,(anonymous_6)
FN:71,(anonymous_7)
FN:78,(anonymous_8)
FN:88,(anonymous_9)
FNF:10
FNH:0
FNDA:0,(anonymous_0)
FNDA:0,(anonymous_1)
FNDA:0,(anonymous_2)
FNDA:0,(anonymous_3)
FNDA:0,(anonymous_4)
FNDA:0,(anonymous_5)
FNDA:0,(anonymous_6)
FNDA:0,(anonymous_7)
FNDA:0,(anonymous_8)
FNDA:0,(anonymous_9)
DA:8,0
DA:9,0
DA:17,0
DA:18,0
DA:25,0
DA:26,0
DA:29,0
DA:30,0
DA:32,0
DA:39,0
DA:45,0
DA:46,0
DA:47,0
DA:48,0
DA:50,0
DA:60,0
DA:62,0
DA:63,0
DA:72,0
DA:79,0
DA:80,0
DA:81,0
DA:89,0
DA:90,0
DA:91,0
DA:93,0
LF:26
LH:0
BRDA:7,0,0,0
BRDA:25,1,0,0
BRDA:25,1,1,0
BRDA:47,2,0,0
BRDA:47,2,1,0
BRDA:79,3,0,0
BRDA:79,3,1,0
BRDA:89,4,0,0
BRDA:89,4,1,0
BRF:9
BRH:0
end_of_record
TN:
SF:frontend\invitation\js\presentation\controllers\theme-controller.js
FN:10,(anonymous_0)
FN:28,(anonymous_1)
FN:48,(anonymous_2)
FN:59,(anonymous_3)
FN:61,(anonymous_4)
FN:68,(anonymous_5)
FN:79,(anonymous_6)
FN:88,(anonymous_7)
FN:110,(anonymous_8)
FN:119,(anonymous_9)
FN:134,(anonymous_10)
FN:136,(anonymous_11)
FN:149,(anonymous_12)
FN:151,(anonymous_13)
FNF:14
FNH:0
FNDA:0,(anonymous_0)
FNDA:0,(anonymous_1)
FNDA:0,(anonymous_2)
FNDA:0,(anonymous_3)
FNDA:0,(anonymous_4)
FNDA:0,(anonymous_5)
FNDA:0,(anonymous_6)
FNDA:0,(anonymous_7)
FNDA:0,(anonymous_8)
FNDA:0,(anonymous_9)
FNDA:0,(anonymous_10)
FNDA:0,(anonymous_11)
FNDA:0,(anonymous_12)
FNDA:0,(anonymous_13)
DA:11,0
DA:12,0
DA:19,0
DA:20,0
DA:21,0
DA:22,0
DA:29,0
DA:30,0
DA:34,0
DA:37,0
DA:40,0
DA:42,0
DA:49,0
DA:51,0
DA:60,0
DA:61,0
DA:69,0
DA:70,0
DA:72,0
DA:73,0
DA:80,0
DA:81,0
DA:89,0
DA:90,0
DA:93,0
DA:94,0
DA:95,0
DA:98,0
DA:99,0
DA:103,0
DA:111,0
DA:120,0
DA:121,0
DA:123,0
DA:124,0
DA:126,0
DA:135,0
DA:136,0
DA:137,0
DA:138,0
DA:150,0
DA:151,0
DA:153,0
LF:43
LH:0
BRDA:10,0,0,0
BRDA:29,1,0,0
BRDA:29,1,1,0
BRDA:51,2,0,0
BRDA:51,2,1,0
BRDA:60,3,0,0
BRDA:60,3,1,0
BRDA:72,4,0,0
BRDA:72,4,1,0
BRDA:72,5,0,0
BRDA:72,5,1,0
BRDA:80,6,0,0
BRDA:80,6,1,0
BRDA:89,7,0,0
BRDA:89,7,1,0
BRDA:89,8,0,0
BRDA:89,8,1,0
BRDA:98,9,0,0
BRDA:98,9,1,0
BRDA:120,10,0,0
BRDA:120,10,1,0
BRDA:123,11,0,0
BRDA:123,11,1,0
BRDA:135,12,0,0
BRDA:135,12,1,0
BRDA:135,13,0,0
BRDA:135,13,1,0
BRDA:150,14,0,0
BRDA:150,14,1,0
BRF:29
BRH:0
end_of_record
TN:
SF:frontend\invitation\js\presentation\ui\rsvp-ui.js
FN:8,(anonymous_0)
FN:39,(anonymous_1)
FN:67,(anonymous_2)
FN:86,(anonymous_3)
FN:107,(anonymous_4)
FN:124,(anonymous_5)
FN:131,(anonymous_6)
FN:146,(anonymous_7)
FN:158,(anonymous_8)
FN:170,(anonymous_9)
FN:192,(anonymous_10)
FN:213,(anonymous_11)
FN:224,(anonymous_12)
FN:238,(anonymous_13)
FN:259,(anonymous_14)
FN:269,(anonymous_15)
FN:272,(anonymous_16)
FNF:17
FNH:9
FNDA:9,(anonymous_0)
FNDA:9,(anonymous_1)
FNDA:8,(anonymous_2)
FNDA:1,(anonymous_3)
FNDA:8,(anonymous_4)
FNDA:2,(anonymous_5)
FNDA:0,(anonymous_6)
FNDA:0,(anonymous_7)
FNDA:0,(anonymous_8)
FNDA:0,(anonymous_9)
FNDA:4,(anonymous_10)
FNDA:2,(anonymous_11)
FNDA:1,(anonymous_12)
FNDA:0,(anonymous_13)
FNDA:0,(anonymous_14)
FNDA:0,(anonymous_15)
FNDA:0,(anonymous_16)
DA:9,9
DA:10,9
DA:17,9
DA:18,9
DA:19,9
DA:20,9
DA:21,9
DA:22,9
DA:23,9
DA:24,9
DA:25,9
DA:26,9
DA:27,9
DA:28,9
DA:29,9
DA:30,9
DA:31,9
DA:33,9
DA:40,9
DA:41,9
DA:42,0
DA:45,9
DA:46,9
DA:47,9
DA:49,9
DA:50,9
DA:51,9
DA:52,9
DA:53,9
DA:55,9
DA:56,9
DA:57,9
DA:58,9
DA:59,9
DA:60,9
DA:68,8
DA:69,0
DA:72,0
DA:74,8
DA:75,0
DA:77,8
DA:78,0
DA:87,1
DA:88,1
DA:90,1
DA:91,0
DA:93,1
DA:94,0
DA:97,1
DA:98,0
DA:99,1
DA:100,0
DA:108,8
DA:109,8
DA:111,8
DA:112,0
DA:114,8
DA:115,0
DA:125,2
DA:126,0
DA:129,2
DA:130,1
DA:131,1
DA:132,0
DA:135,1
DA:136,1
DA:137,1
DA:139,1
DA:141,1
DA:142,0
DA:145,1
DA:146,1
DA:147,0
DA:148,0
DA:159,0
DA:160,0
DA:163,0
DA:164,0
DA:166,0
DA:167,0
DA:168,0
DA:170,0
DA:171,0
DA:172,0
DA:173,0
DA:184,0
DA:193,4
DA:194,0
DA:197,4
DA:198,4
DA:199,2
DA:200,2
DA:201,2
DA:203,2
DA:204,2
DA:214,2
DA:215,2
DA:225,1
DA:226,1
DA:227,0
DA:229,1
DA:239,0
DA:240,0
DA:243,0
DA:244,0
DA:246,0
DA:247,0
DA:249,0
DA:250,0
DA:252,0
DA:253,0
DA:256,0
DA:260,0
DA:261,0
DA:262,0
DA:263,0
DA:266,0
DA:270,0
DA:271,0
DA:273,0
DA:274,0
DA:277,0
DA:282,0
LF:123
LH:71
BRDA:8,0,0,0
BRDA:41,1,0,0
BRDA:41,1,1,9
BRDA:68,2,0,0
BRDA:68,2,1,8
BRDA:68,3,0,8
BRDA:68,3,1,0
BRDA:69,4,0,0
BRDA:69,4,1,0
BRDA:74,5,0,0
BRDA:74,5,1,8
BRDA:74,6,0,8
BRDA:74,6,1,0
BRDA:77,7,0,0
BRDA:77,7,1,8
BRDA:87,8,0,1
BRDA:87,8,1,0
BRDA:90,9,0,0
BRDA:90,9,1,1
BRDA:93,10,0,0
BRDA:93,10,1,1
BRDA:97,11,0,0
BRDA:97,11,1,1
BRDA:97,12,0,1
BRDA:97,12,1,1
BRDA:99,13,0,0
BRDA:99,13,1,1
BRDA:99,14,0,1
BRDA:99,14,1,0
BRDA:108,15,0,8
BRDA:108,15,1,0
BRDA:111,16,0,0
BRDA:111,16,1,8
BRDA:114,17,0,0
BRDA:114,17,1,8
BRDA:125,18,0,0
BRDA:125,18,1,2
BRDA:129,19,0,1
BRDA:129,19,1,1
BRDA:136,20,0,1
BRDA:136,20,1,0
BRDA:141,21,0,0
BRDA:141,21,1,1
BRDA:147,22,0,0
BRDA:147,22,1,0
BRDA:159,23,0,0
BRDA:159,23,1,0
BRDA:159,24,0,0
BRDA:159,24,1,0
BRDA:166,25,0,0
BRDA:166,25,1,0
BRDA:167,26,0,0
BRDA:167,26,1,0
BRDA:168,27,0,0
BRDA:168,27,1,0
BRDA:179,28,0,0
BRDA:179,28,1,0
BRDA:193,29,0,0
BRDA:193,29,1,4
BRDA:198,30,0,2
BRDA:198,30,1,2
BRDA:214,31,0,2
BRDA:214,31,1,0
BRDA:215,32,0,0
BRDA:215,32,1,2
BRDA:225,33,0,1
BRDA:225,33,1,0
BRDA:226,34,0,0
BRDA:226,34,1,1
BRDA:239,35,0,0
BRDA:239,35,1,0
BRDA:249,36,0,0
BRDA:249,36,1,0
BRDA:262,37,0,0
BRDA:262,37,1,0
BRDA:262,38,0,0
BRDA:262,38,1,0
BRDA:277,39,0,0
BRDA:277,39,1,0
BRDA:277,40,0,0
BRDA:277,40,1,0
BRF:81
BRH:29
end_of_record
TN:
SF:frontend\invitation\js\shared\base\component.js
FN:7,(anonymous_0)
FN:24,(anonymous_1)
FN:30,(anonymous_2)
FN:54,(anonymous_3)
FN:75,(anonymous_4)
FN:97,(anonymous_5)
FN:110,(anonymous_6)
FN:123,(anonymous_7)
FN:135,(anonymous_8)
FN:145,(anonymous_9)
FN:155,(anonymous_10)
FN:166,(anonymous_11)
FN:178,(anonymous_12)
FN:189,(anonymous_13)
FN:200,(anonymous_14)
FN:210,(anonymous_15)
FN:220,(anonymous_16)
FN:231,(anonymous_17)
FN:241,(anonymous_18)
FN:251,(anonymous_19)
FN:261,(anonymous_20)
FN:271,(anonymous_21)
FN:285,(anonymous_22)
FN:303,(anonymous_23)
FN:320,(anonymous_24)
FN:329,(anonymous_25)
FN:339,(anonymous_26)
FN:356,(anonymous_27)
FN:364,(anonymous_28)
FN:379,(anonymous_29)
FN:391,(anonymous_30)
FN:412,(anonymous_31)
FN:434,(anonymous_32)
FN:448,(anonymous_33)
FN:470,(anonymous_34)
FN:478,(anonymous_35)
FNF:36
FNH:1
FNDA:4,(anonymous_0)
FNDA:0,(anonymous_1)
FNDA:0,(anonymous_2)
FNDA:0,(anonymous_3)
FNDA:0,(anonymous_4)
FNDA:0,(anonymous_5)
FNDA:0,(anonymous_6)
FNDA:0,(anonymous_7)
FNDA:0,(anonymous_8)
FNDA:0,(anonymous_9)
FNDA:0,(anonymous_10)
FNDA:0,(anonymous_11)
FNDA:0,(anonymous_12)
FNDA:0,(anonymous_13)
FNDA:0,(anonymous_14)
FNDA:0,(anonymous_15)
FNDA:0,(anonymous_16)
FNDA:0,(anonymous_17)
FNDA:0,(anonymous_18)
FNDA:0,(anonymous_19)
FNDA:0,(anonymous_20)
FNDA:0,(anonymous_21)
FNDA:0,(anonymous_22)
FNDA:0,(anonymous_23)
FNDA:0,(anonymous_24)
FNDA:0,(anonymous_25)
FNDA:0,(anonymous_26)
FNDA:0,(anonymous_27)
FNDA:0,(anonymous_28)
FNDA:0,(anonymous_29)
FNDA:0,(anonymous_30)
FNDA:0,(anonymous_31)
FNDA:0,(anonymous_32)
FNDA:0,(anonymous_33)
FNDA:0,(anonymous_34)
FNDA:0,(anonymous_35)
DA:8,4
DA:9,4
DA:10,4
DA:13,4
DA:14,4
DA:15,4
DA:16,4
DA:25,0
DA:26,0
DA:29,0
DA:30,0
DA:31,0
DA:32,0
DA:39,0
DA:40,0
DA:45,0
DA:55,0
DA:56,0
DA:59,0
DA:60,0
DA:63,0
DA:64,0
DA:67,0
DA:76,0
DA:77,0
DA:80,0
DA:81,0
DA:83,0
DA:84,0
DA:88,0
DA:89,0
DA:98,0
DA:99,0
DA:101,0
DA:111,0
DA:112,0
DA:115,0
DA:124,0
DA:125,0
DA:128,0
DA:136,0
DA:137,0
DA:146,0
DA:147,0
DA:156,0
DA:157,0
DA:167,0
DA:168,0
DA:170,0
DA:179,0
DA:180,0
DA:190,0
DA:191,0
DA:193,0
DA:201,0
DA:202,0
DA:211,0
DA:212,0
DA:221,0
DA:222,0
DA:224,0
DA:232,0
DA:233,0
DA:242,0
DA:243,0
DA:245,0
DA:252,0
DA:253,0
DA:254,0
DA:262,0
DA:263,0
DA:264,0
DA:272,0
DA:273,0
DA:274,0
DA:276,0
DA:286,0
DA:287,0
DA:290,0
DA:304,0
DA:305,0
DA:308,0
DA:309,0
DA:311,0
DA:321,0
DA:322,0
DA:330,0
DA:331,0
DA:335,0
DA:338,0
DA:339,0
DA:340,0
DA:342,0
DA:346,0
DA:349,0
DA:357,0
DA:365,0
DA:380,0
DA:381,0
DA:382,0
DA:383,0
DA:392,0
DA:393,0
DA:394,0
DA:397,0
DA:398,0
DA:399,0
DA:400,0
DA:401,0
DA:403,0
DA:413,0
DA:414,0
DA:415,0
DA:418,0
DA:419,0
DA:420,0
DA:421,0
DA:422,0
DA:423,0
DA:426,0
DA:435,0
DA:436,0
DA:437,0
DA:440,0
DA:441,0
DA:449,0
DA:450,0
DA:452,0
DA:453,0
DA:454,0
DA:456,0
DA:457,0
DA:458,0
DA:462,0
DA:471,0
DA:479,0
LF:136
LH:7
BRDA:7,0,0,4
BRDA:24,1,0,0
BRDA:25,2,0,0
BRDA:25,2,1,0
BRDA:29,3,0,0
BRDA:29,3,1,0
BRDA:39,4,0,0
BRDA:39,4,1,0
BRDA:39,5,0,0
BRDA:39,5,1,0
BRDA:55,6,0,0
BRDA:55,6,1,0
BRDA:59,7,0,0
BRDA:59,7,1,0
BRDA:63,8,0,0
BRDA:63,8,1,0
BRDA:76,9,0,0
BRDA:76,9,1,0
BRDA:83,10,0,0
BRDA:83,10,1,0
BRDA:88,11,0,0
BRDA:88,11,1,0
BRDA:97,12,0,0
BRDA:98,13,0,0
BRDA:98,13,1,0
BRDA:111,14,0,0
BRDA:111,14,1,0
BRDA:124,15,0,0
BRDA:124,15,1,0
BRDA:136,16,0,0
BRDA:136,16,1,0
BRDA:136,17,0,0
BRDA:136,17,1,0
BRDA:146,18,0,0
BRDA:146,18,1,0
BRDA:146,19,0,0
BRDA:146,19,1,0
BRDA:156,20,0,0
BRDA:156,20,1,0
BRDA:156,21,0,0
BRDA:156,21,1,0
BRDA:167,22,0,0
BRDA:167,22,1,0
BRDA:167,23,0,0
BRDA:167,23,1,0
BRDA:179,24,0,0
BRDA:179,24,1,0
BRDA:179,25,0,0
BRDA:179,25,1,0
BRDA:190,26,0,0
BRDA:190,26,1,0
BRDA:190,27,0,0
BRDA:190,27,1,0
BRDA:201,28,0,0
BRDA:201,28,1,0
BRDA:201,29,0,0
BRDA:201,29,1,0
BRDA:211,30,0,0
BRDA:211,30,1,0
BRDA:221,31,0,0
BRDA:221,31,1,0
BRDA:232,32,0,0
BRDA:232,32,1,0
BRDA:242,33,0,0
BRDA:242,33,1,0
BRDA:252,34,0,0
BRDA:252,34,1,0
BRDA:262,35,0,0
BRDA:262,35,1,0
BRDA:272,36,0,0
BRDA:272,36,1,0
BRDA:273,37,0,0
BRDA:273,37,1,0
BRDA:273,38,0,0
BRDA:273,38,1,0
BRDA:286,39,0,0
BRDA:286,39,1,0
BRDA:291,40,0,0
BRDA:291,40,1,0
BRDA:291,40,2,0
BRDA:303,41,0,0
BRDA:304,42,0,0
BRDA:304,42,1,0
BRDA:304,43,0,0
BRDA:304,43,1,0
BRDA:308,44,0,0
BRDA:308,44,1,0
BRDA:321,45,0,0
BRDA:321,45,1,0
BRDA:321,46,0,0
BRDA:321,46,1,0
BRDA:330,47,0,0
BRDA:330,47,1,0
BRDA:338,48,0,0
BRDA:338,48,1,0
BRDA:370,49,0,0
BRDA:370,49,1,0
BRDA:393,50,0,0
BRDA:393,50,1,0
BRDA:397,51,0,0
BRDA:397,51,1,0
BRDA:399,52,0,0
BRDA:399,52,1,0
BRDA:401,53,0,0
BRDA:401,53,1,0
BRDA:414,54,0,0
BRDA:414,54,1,0
BRDA:418,55,0,0
BRDA:418,55,1,0
BRDA:420,56,0,0
BRDA:420,56,1,0
BRDA:422,57,0,0
BRDA:422,57,1,0
BRDA:435,58,0,0
BRDA:435,58,1,0
BRDA:436,59,0,0
BRDA:436,59,1,0
BRDA:456,60,0,0
BRDA:456,60,1,0
BRF:119
BRH:1
end_of_record
TN:
SF:frontend\invitation\js\shared\constants\events.js
FNF:0
FNH:0
DA:5,0
LF:1
LH:0
BRF:0
BRH:0
end_of_record
TN:
SF:frontend\invitation\js\shared\constants\selectors.js
FNF:0
FNH:0
DA:5,3
LF:1
LH:1
BRF:0
BRH:0
end_of_record
TN:
SF:frontend\invitation\js\shared\helpers\debounce.js
FN:14,debounce
FN:17,executedFunction
FN:18,(anonymous_2)
FN:42,throttle
FN:45,(anonymous_4)
FN:49,(anonymous_5)
FNF:6
FNH:6
FNDA:21,debounce
FNDA:5,executedFunction
FNDA:2,(anonymous_2)
FNDA:1,throttle
FNDA:4,(anonymous_4)
FNDA:1,(anonymous_5)
DA:17,21
DA:18,5
DA:19,2
DA:20,2
DA:21,1
DA:25,5
DA:27,5
DA:28,5
DA:30,5
DA:31,1
DA:45,1
DA:46,4
DA:47,2
DA:48,2
DA:49,2
LF:15
LH:15
BRDA:14,0,0,20
BRDA:20,1,0,1
BRDA:20,1,1,1
BRDA:25,2,0,5
BRDA:25,2,1,2
BRDA:30,3,0,1
BRDA:30,3,1,4
BRDA:46,4,0,2
BRDA:46,4,1,2
BRF:9
BRH:9
end_of_record
TN:
SF:frontend\invitation\js\shared\helpers\sanitizer.js
FN:10,sanitize
FN:25,(anonymous_1)
FNF:2
FNH:0
FNDA:0,sanitize
FNDA:0,(anonymous_1)
DA:11,0
DA:12,0
DA:15,0
DA:24,0
DA:25,0
LF:5
LH:0
BRDA:11,0,0,0
BRDA:11,0,1,0
BRF:2
BRH:0
end_of_record
TN:
SF:frontend\invitation\js\shared\utils\dom-utils.js
FN:11,(anonymous_0)
FN:25,(anonymous_1)
FN:39,(anonymous_2)
FN:52,(anonymous_3)
FN:66,(anonymous_4)
FN:80,(anonymous_5)
FN:94,(anonymous_6)
FN:109,(anonymous_7)
FN:125,(anonymous_8)
FN:137,(anonymous_9)
FN:150,(anonymous_10)
FN:164,(anonymous_11)
FN:183,(anonymous_12)
FN:198,(anonymous_13)
FN:210,(anonymous_14)
FN:230,(anonymous_15)
FN:250,(anonymous_16)
FN:262,(anonymous_17)
FN:276,(anonymous_18)
FN:292,(anonymous_19)
FN:293,(anonymous_20)
FN:309,(anonymous_21)
FN:324,(anonymous_22)
FNF:23
FNH:14
FNDA:5,(anonymous_0)
FNDA:2,(anonymous_1)
FNDA:0,(anonymous_2)
FNDA:1,(anonymous_3)
FNDA:1,(anonymous_4)
FNDA:1,(anonymous_5)
FNDA:1,(anonymous_6)
FNDA:2,(anonymous_7)
FNDA:2,(anonymous_8)
FNDA:1,(anonymous_9)
FNDA:1,(anonymous_10)
FNDA:2,(anonymous_11)
FNDA:1,(anonymous_12)
FNDA:2,(anonymous_13)
FNDA:1,(anonymous_14)
FNDA:0,(anonymous_15)
FNDA:0,(anonymous_16)
FNDA:0,(anonymous_17)
FNDA:0,(anonymous_18)
FNDA:0,(anonymous_19)
FNDA:0,(anonymous_20)
FNDA:0,(anonymous_21)
FNDA:0,(anonymous_22)
DA:12,5
DA:13,5
DA:16,5
DA:26,2
DA:27,2
DA:29,0
DA:40,0
DA:41,0
DA:43,0
DA:54,1
DA:56,1
DA:57,1
DA:68,1
DA:70,1
DA:71,1
DA:82,1
DA:84,1
DA:85,1
DA:96,1
DA:98,1
DA:99,1
DA:111,2
DA:113,2
DA:114,2
DA:116,0
DA:127,2
DA:129,2
DA:139,1
DA:141,1
DA:142,1
DA:152,1
DA:154,1
DA:155,1
DA:166,2
DA:168,2
DA:169,2
DA:170,1
DA:172,1
DA:185,1
DA:187,1
DA:188,1
DA:200,2
DA:202,2
DA:212,1
DA:214,1
DA:215,1
DA:231,0
DA:233,0
DA:234,0
DA:237,0
DA:238,0
DA:241,0
DA:242,0
DA:245,0
DA:246,0
DA:249,0
DA:250,0
DA:251,0
DA:255,0
DA:264,0
DA:266,0
DA:267,0
DA:278,0
DA:280,0
DA:281,0
DA:284,0
DA:285,0
DA:293,0
DA:294,0
DA:295,0
DA:297,0
DA:311,0
DA:313,0
DA:314,0
DA:326,0
DA:328,0
DA:329,0
LF:77
LH:41
BRDA:13,0,0,0
BRDA:13,0,1,5
BRDA:25,1,0,0
BRDA:39,2,0,0
BRDA:54,3,0,0
BRDA:54,3,1,1
BRDA:56,4,0,1
BRDA:56,4,1,0
BRDA:57,5,0,1
BRDA:57,5,1,0
BRDA:68,6,0,0
BRDA:68,6,1,1
BRDA:70,7,0,1
BRDA:70,7,1,0
BRDA:71,8,0,1
BRDA:71,8,1,0
BRDA:82,9,0,0
BRDA:82,9,1,1
BRDA:84,10,0,1
BRDA:84,10,1,0
BRDA:84,11,0,1
BRDA:84,11,1,1
BRDA:96,12,0,0
BRDA:96,12,1,1
BRDA:98,13,0,1
BRDA:98,13,1,0
BRDA:98,14,0,1
BRDA:98,14,1,1
BRDA:111,15,0,0
BRDA:111,15,1,2
BRDA:113,16,0,2
BRDA:113,16,1,0
BRDA:113,17,0,2
BRDA:113,17,1,2
BRDA:127,18,0,0
BRDA:127,18,1,2
BRDA:129,19,0,2
BRDA:129,19,1,0
BRDA:137,20,0,0
BRDA:139,21,0,0
BRDA:139,21,1,1
BRDA:141,22,0,1
BRDA:141,22,1,0
BRDA:152,23,0,0
BRDA:152,23,1,1
BRDA:154,24,0,1
BRDA:154,24,1,0
BRDA:164,25,0,0
BRDA:166,26,0,0
BRDA:166,26,1,2
BRDA:168,27,0,2
BRDA:168,27,1,0
BRDA:169,28,0,1
BRDA:169,28,1,1
BRDA:185,29,0,0
BRDA:185,29,1,1
BRDA:187,30,0,1
BRDA:187,30,1,0
BRDA:200,31,0,0
BRDA:200,31,1,2
BRDA:202,32,0,2
BRDA:202,32,1,0
BRDA:212,33,0,0
BRDA:212,33,1,1
BRDA:214,34,0,1
BRDA:214,34,1,0
BRDA:230,35,0,0
BRDA:233,36,0,0
BRDA:233,36,1,0
BRDA:237,37,0,0
BRDA:237,37,1,0
BRDA:241,38,0,0
BRDA:241,38,1,0
BRDA:245,39,0,0
BRDA:245,39,1,0
BRDA:249,40,0,0
BRDA:249,40,1,0
BRDA:264,41,0,0
BRDA:264,41,1,0
BRDA:266,42,0,0
BRDA:266,42,1,0
BRDA:266,43,0,0
BRDA:266,43,1,0
BRDA:278,44,0,0
BRDA:278,44,1,0
BRDA:280,45,0,0
BRDA:280,45,1,0
BRDA:285,46,0,0
BRDA:285,46,1,0
BRDA:285,46,2,0
BRDA:294,47,0,0
BRDA:294,47,1,0
BRDA:309,48,0,0
BRDA:311,49,0,0
BRDA:311,49,1,0
BRDA:313,50,0,0
BRDA:313,50,1,0
BRDA:313,51,0,0
BRDA:313,51,1,0
BRDA:326,52,0,0
BRDA:326,52,1,0
BRDA:328,53,0,0
BRDA:328,53,1,0
BRDA:328,54,0,0
BRDA:328,54,1,0
BRF:105
BRH:35
end_of_record
TN:
SF:frontend\invitation\js\shared\utils\error-handler.js
FN:6,(anonymous_0)
FN:12,(anonymous_1)
FN:13,(anonymous_2)
FN:14,(anonymous_3)
FN:19,(anonymous_4)
FN:28,(anonymous_5)
FN:63,(anonymous_6)
FNF:7
FNH:0
FNDA:0,(anonymous_0)
FNDA:0,(anonymous_1)
FNDA:0,(anonymous_2)
FNDA:0,(anonymous_3)
FNDA:0,(anonymous_4)
FNDA:0,(anonymous_5)
FNDA:0,(anonymous_6)
DA:7,0
DA:8,0
DA:9,0
DA:13,0
DA:14,0
DA:15,0
DA:20,0
DA:29,0
DA:30,0
DA:37,0
DA:38,0
DA:40,0
DA:43,0
DA:44,0
DA:45,0
DA:49,0
DA:54,0
DA:64,0
DA:65,0
DA:67,0
DA:68,0
DA:70,0
DA:71,0
DA:73,0
DA:77,0
LF:25
LH:0
BRDA:28,0,0,0
BRDA:37,1,0,0
BRDA:37,1,1,0
BRDA:43,2,0,0
BRDA:43,2,1,0
BRDA:44,3,0,0
BRDA:44,3,1,0
BRDA:64,4,0,0
BRDA:64,4,1,0
BRDA:67,5,0,0
BRDA:67,5,1,0
BRDA:70,6,0,0
BRDA:70,6,1,0
BRDA:70,7,0,0
BRDA:70,7,1,0
BRDA:70,7,2,0
BRF:16
BRH:0
end_of_record
TN:
SF:frontend\invitation\js\shared\utils\event-bus.js
FN:5,(anonymous_0)
FN:16,(anonymous_1)
FN:21,(anonymous_2)
FN:29,(anonymous_3)
FN:30,(anonymous_4)
FN:42,(anonymous_5)
FN:46,(anonymous_6)
FN:54,(anonymous_7)
FN:65,(anonymous_8)
FN:78,(anonymous_9)
FNF:10
FNH:0
FNDA:0,(anonymous_0)
FNDA:0,(anonymous_1)
FNDA:0,(anonymous_2)
FNDA:0,(anonymous_3)
FNDA:0,(anonymous_4)
FNDA:0,(anonymous_5)
FNDA:0,(anonymous_6)
FNDA:0,(anonymous_7)
FNDA:0,(anonymous_8)
FNDA:0,(anonymous_9)
DA:6,0
DA:7,0
DA:17,0
DA:18,0
DA:20,0
DA:21,0
DA:30,0
DA:31,0
DA:32,0
DA:34,0
DA:43,0
DA:44,0
DA:46,0
DA:55,0
DA:56,0
DA:60,0
DA:61,0
DA:62,0
DA:65,0
DA:66,0
DA:67,0
DA:79,0
DA:83,0
LF:23
LH:0
BRDA:17,0,0,0
BRDA:17,0,1,0
BRDA:43,1,0,0
BRDA:43,1,1,0
BRDA:55,2,0,0
BRDA:55,2,1,0
BRF:6
BRH:0
end_of_record
TN:
SF:frontend\invitation\js\shared\utils\event-logger.js
FN:2,(anonymous_0)
FN:6,(anonymous_1)
FN:7,(anonymous_2)
FN:15,(anonymous_3)
FN:19,(anonymous_4)
FNF:5
FNH:0
FNDA:0,(anonymous_0)
FNDA:0,(anonymous_1)
FNDA:0,(anonymous_2)
FNDA:0,(anonymous_3)
FNDA:0,(anonymous_4)
DA:3,0
DA:7,0
DA:8,0
DA:11,0
DA:16,0
DA:20,0
DA:24,0
LF:7
LH:0
BRDA:2,0,0,0
BRDA:8,1,0,0
BRDA:8,1,1,0
BRF:3
BRH:0
end_of_record
TN:
SF:frontend\public\config.js
FN:161,(anonymous_0)
FN:256,(anonymous_1)
FN:259,(anonymous_2)
FNF:3
FNH:0
FNDA:0,(anonymous_0)
FNDA:0,(anonymous_1)
FNDA:0,(anonymous_2)
DA:2,0
DA:162,0
DA:256,0
DA:260,0
DA:326,0
DA:327,0
DA:331,0
DA:332,0
LF:8
LH:0
BRDA:122,0,0,0
BRDA:122,0,1,0
BRDA:122,1,0,0
BRDA:122,1,1,0
BRDA:122,1,2,0
BRDA:235,2,0,0
BRDA:235,2,1,0
BRDA:235,2,2,0
BRDA:326,3,0,0
BRDA:326,3,1,0
BRDA:326,4,0,0
BRDA:326,4,1,0
BRDA:331,5,0,0
BRDA:331,5,1,0
BRF:14
BRH:0
end_of_record
